[2025-10-07T15:05:15.143+0000] {local_task_job_runner.py:120} INFO - ::group::Pre task execution logs
[2025-10-07T15:05:15.198+0000] {taskinstance.py:2076} INFO - Dependencies all met for dep_context=non-requeueable deps ti=<TaskInstance: restaurant_analytics.retrain_model scheduled__2025-10-07T14:00:00+00:00 [queued]>
[2025-10-07T15:05:15.217+0000] {taskinstance.py:2076} INFO - Dependencies all met for dep_context=requeueable deps ti=<TaskInstance: restaurant_analytics.retrain_model scheduled__2025-10-07T14:00:00+00:00 [queued]>
[2025-10-07T15:05:15.227+0000] {taskinstance.py:2306} INFO - Starting attempt 2 of 2
[2025-10-07T15:05:15.279+0000] {taskinstance.py:2330} INFO - Executing <Task(BashOperator): retrain_model> on 2025-10-07 14:00:00+00:00
[2025-10-07T15:05:15.299+0000] {standard_task_runner.py:64} INFO - Started process 8579 to run task
[2025-10-07T15:05:15.310+0000] {standard_task_runner.py:90} INFO - Running: ['***', 'tasks', 'run', 'restaurant_analytics', 'retrain_model', 'scheduled__2025-10-07T14:00:00+00:00', '--job-id', '60', '--raw', '--subdir', 'DAGS_FOLDER/restaurant_dag.py', '--cfg-path', '/tmp/tmp_ycjllcy']
[2025-10-07T15:05:15.320+0000] {standard_task_runner.py:91} INFO - Job 60: Subtask retrain_model
[2025-10-07T15:05:15.806+0000] {task_command.py:426} INFO - Running <TaskInstance: restaurant_analytics.retrain_model scheduled__2025-10-07T14:00:00+00:00 [running]> on host 50743b1a3092
[2025-10-07T15:05:16.851+0000] {taskinstance.py:2648} INFO - Exporting env vars: AIRFLOW_CTX_DAG_EMAIL='quantruong1918@gmail.com' AIRFLOW_CTX_DAG_OWNER='***' AIRFLOW_CTX_DAG_ID='restaurant_analytics' AIRFLOW_CTX_TASK_ID='retrain_model' AIRFLOW_CTX_EXECUTION_DATE='2025-10-07T14:00:00+00:00' AIRFLOW_CTX_TRY_NUMBER='2' AIRFLOW_CTX_DAG_RUN_ID='scheduled__2025-10-07T14:00:00+00:00'
[2025-10-07T15:05:16.867+0000] {taskinstance.py:430} INFO - ::endgroup::
[2025-10-07T15:05:16.876+0000] {subprocess.py:63} INFO - Tmp dir root location: /tmp
[2025-10-07T15:05:16.886+0000] {subprocess.py:75} INFO - Running command: ['/usr/bin/bash', '-c', 'spark-submit --master local[*] /opt/***/dags/train_lr.py']
[2025-10-07T15:05:16.978+0000] {subprocess.py:86} INFO - Output:
[2025-10-07T15:05:16.981+0000] {subprocess.py:93} INFO - /usr/bin/bash: line 1: spark-submit: command not found
[2025-10-07T15:05:16.983+0000] {subprocess.py:97} INFO - Command exited with return code 127
[2025-10-07T15:05:16.985+0000] {taskinstance.py:441} INFO - ::group::Post task execution logs
[2025-10-07T15:05:17.023+0000] {taskinstance.py:2905} ERROR - Task failed with exception
Traceback (most recent call last):
  File "/home/airflow/.local/lib/python3.9/site-packages/airflow/models/taskinstance.py", line 465, in _execute_task
    result = _execute_callable(context=context, **execute_callable_kwargs)
  File "/home/airflow/.local/lib/python3.9/site-packages/airflow/models/taskinstance.py", line 432, in _execute_callable
    return execute_callable(context=context, **execute_callable_kwargs)
  File "/home/airflow/.local/lib/python3.9/site-packages/airflow/models/baseoperator.py", line 401, in wrapper
    return func(self, *args, **kwargs)
  File "/home/airflow/.local/lib/python3.9/site-packages/airflow/operators/bash.py", line 243, in execute
    raise AirflowException(
airflow.exceptions.AirflowException: Bash command failed. The command returned a non-zero exit code 127.
[2025-10-07T15:05:17.035+0000] {taskinstance.py:1206} INFO - Marking task as FAILED. dag_id=restaurant_analytics, task_id=retrain_model, run_id=scheduled__2025-10-07T14:00:00+00:00, execution_date=20251007T140000, start_date=20251007T150515, end_date=20251007T150517
[2025-10-07T15:05:17.079+0000] {standard_task_runner.py:110} ERROR - Failed to execute job 60 for task retrain_model (Bash command failed. The command returned a non-zero exit code 127.; 8579)
[2025-10-07T15:05:17.149+0000] {local_task_job_runner.py:243} INFO - Task exited with return code 1
[2025-10-07T15:05:17.176+0000] {local_task_job_runner.py:222} INFO - ::endgroup::
