[2025-10-07T05:55:29.498+0000] {local_task_job_runner.py:120} INFO - ::group::Pre task execution logs
[2025-10-07T05:55:29.777+0000] {taskinstance.py:2076} INFO - Dependencies all met for dep_context=non-requeueable deps ti=<TaskInstance: restaurant_analytics.run_spark_stream manual__2025-10-07T05:50:09.709246+00:00 [queued]>
[2025-10-07T05:55:29.819+0000] {taskinstance.py:2076} INFO - Dependencies all met for dep_context=requeueable deps ti=<TaskInstance: restaurant_analytics.run_spark_stream manual__2025-10-07T05:50:09.709246+00:00 [queued]>
[2025-10-07T05:55:29.822+0000] {taskinstance.py:2306} INFO - Starting attempt 2 of 2
[2025-10-07T05:55:29.925+0000] {taskinstance.py:2330} INFO - Executing <Task(BashOperator): run_spark_stream> on 2025-10-07 05:50:09.709246+00:00
[2025-10-07T05:55:29.963+0000] {standard_task_runner.py:64} INFO - Started process 1848 to run task
[2025-10-07T05:55:29.987+0000] {standard_task_runner.py:90} INFO - Running: ['***', 'tasks', 'run', 'restaurant_analytics', 'run_spark_stream', 'manual__2025-10-07T05:50:09.709246+00:00', '--job-id', '16', '--raw', '--subdir', 'DAGS_FOLDER/restaurant_dag.py', '--cfg-path', '/tmp/tmpw_ousi3m']
[2025-10-07T05:55:30.003+0000] {standard_task_runner.py:91} INFO - Job 16: Subtask run_spark_stream
[2025-10-07T05:55:30.487+0000] {task_command.py:426} INFO - Running <TaskInstance: restaurant_analytics.run_spark_stream manual__2025-10-07T05:50:09.709246+00:00 [running]> on host 50743b1a3092
[2025-10-07T05:55:31.003+0000] {taskinstance.py:2648} INFO - Exporting env vars: AIRFLOW_CTX_DAG_EMAIL='quantruong1918@gmail.com' AIRFLOW_CTX_DAG_OWNER='***' AIRFLOW_CTX_DAG_ID='restaurant_analytics' AIRFLOW_CTX_TASK_ID='run_spark_stream' AIRFLOW_CTX_EXECUTION_DATE='2025-10-07T05:50:09.709246+00:00' AIRFLOW_CTX_TRY_NUMBER='2' AIRFLOW_CTX_DAG_RUN_ID='manual__2025-10-07T05:50:09.709246+00:00'
[2025-10-07T05:55:31.025+0000] {taskinstance.py:430} INFO - ::endgroup::
[2025-10-07T05:55:31.054+0000] {subprocess.py:63} INFO - Tmp dir root location: /tmp
[2025-10-07T05:55:31.059+0000] {subprocess.py:75} INFO - Running command: ['/usr/bin/bash', '-c', 'spark-submit --master local[*] /opt/***/dags/spark_streaming.py']
[2025-10-07T05:55:31.212+0000] {subprocess.py:86} INFO - Output:
[2025-10-07T05:55:31.222+0000] {subprocess.py:93} INFO - /usr/bin/bash: line 1: spark-submit: command not found
[2025-10-07T05:55:31.225+0000] {subprocess.py:97} INFO - Command exited with return code 127
[2025-10-07T05:55:31.228+0000] {taskinstance.py:441} INFO - ::group::Post task execution logs
[2025-10-07T05:55:31.294+0000] {taskinstance.py:2905} ERROR - Task failed with exception
Traceback (most recent call last):
  File "/home/airflow/.local/lib/python3.9/site-packages/airflow/models/taskinstance.py", line 465, in _execute_task
    result = _execute_callable(context=context, **execute_callable_kwargs)
  File "/home/airflow/.local/lib/python3.9/site-packages/airflow/models/taskinstance.py", line 432, in _execute_callable
    return execute_callable(context=context, **execute_callable_kwargs)
  File "/home/airflow/.local/lib/python3.9/site-packages/airflow/models/baseoperator.py", line 401, in wrapper
    return func(self, *args, **kwargs)
  File "/home/airflow/.local/lib/python3.9/site-packages/airflow/operators/bash.py", line 243, in execute
    raise AirflowException(
airflow.exceptions.AirflowException: Bash command failed. The command returned a non-zero exit code 127.
[2025-10-07T05:55:31.324+0000] {taskinstance.py:1206} INFO - Marking task as FAILED. dag_id=restaurant_analytics, task_id=run_spark_stream, run_id=manual__2025-10-07T05:50:09.709246+00:00, execution_date=20251007T055009, start_date=20251007T055529, end_date=20251007T055531
[2025-10-07T05:55:31.423+0000] {standard_task_runner.py:110} ERROR - Failed to execute job 16 for task run_spark_stream (Bash command failed. The command returned a non-zero exit code 127.; 1848)
[2025-10-07T05:55:31.528+0000] {local_task_job_runner.py:243} INFO - Task exited with return code 1
[2025-10-07T05:55:31.753+0000] {taskinstance.py:3503} INFO - 0 downstream tasks scheduled from follow-on schedule check
[2025-10-07T05:55:31.901+0000] {local_task_job_runner.py:222} INFO - ::endgroup::
