[2025-10-08T13:05:24.577+0000] {local_task_job_runner.py:120} INFO - ::group::Pre task execution logs
[2025-10-08T13:05:24.622+0000] {taskinstance.py:2076} INFO - Dependencies all met for dep_context=non-requeueable deps ti=<TaskInstance: restaurant_analytics.run_spark_stream scheduled__2025-10-08T12:00:00+00:00 [queued]>
[2025-10-08T13:05:24.642+0000] {taskinstance.py:2076} INFO - Dependencies all met for dep_context=requeueable deps ti=<TaskInstance: restaurant_analytics.run_spark_stream scheduled__2025-10-08T12:00:00+00:00 [queued]>
[2025-10-08T13:05:24.653+0000] {taskinstance.py:2306} INFO - Starting attempt 2 of 2
[2025-10-08T13:05:24.692+0000] {taskinstance.py:2330} INFO - Executing <Task(BashOperator): run_spark_stream> on 2025-10-08 12:00:00+00:00
[2025-10-08T13:05:24.710+0000] {warnings.py:112} WARNING - /home/***/.local/lib/python3.12/site-packages/***/task/task_runner/standard_task_runner.py:62: DeprecationWarning: This process (pid=5394) is multi-threaded, use of fork() may lead to deadlocks in the child.
  pid = os.fork()

[2025-10-08T13:05:24.716+0000] {standard_task_runner.py:64} INFO - Started process 5396 to run task
[2025-10-08T13:05:24.715+0000] {standard_task_runner.py:90} INFO - Running: ['***', 'tasks', 'run', 'restaurant_analytics', 'run_spark_stream', 'scheduled__2025-10-08T12:00:00+00:00', '--job-id', '192', '--raw', '--subdir', 'DAGS_FOLDER/restaurant_dag.py', '--cfg-path', '/tmp/tmp0ixd1sqt']
[2025-10-08T13:05:24.721+0000] {standard_task_runner.py:91} INFO - Job 192: Subtask run_spark_stream
[2025-10-08T13:05:24.893+0000] {task_command.py:426} INFO - Running <TaskInstance: restaurant_analytics.run_spark_stream scheduled__2025-10-08T12:00:00+00:00 [running]> on host 401042008de4
[2025-10-08T13:05:25.156+0000] {taskinstance.py:2648} INFO - Exporting env vars: AIRFLOW_CTX_DAG_EMAIL='quantruong1918@gmail.com' AIRFLOW_CTX_DAG_OWNER='***' AIRFLOW_CTX_DAG_ID='restaurant_analytics' AIRFLOW_CTX_TASK_ID='run_spark_stream' AIRFLOW_CTX_EXECUTION_DATE='2025-10-08T12:00:00+00:00' AIRFLOW_CTX_TRY_NUMBER='2' AIRFLOW_CTX_DAG_RUN_ID='scheduled__2025-10-08T12:00:00+00:00'
[2025-10-08T13:05:25.162+0000] {taskinstance.py:430} INFO - ::endgroup::
[2025-10-08T13:05:25.166+0000] {subprocess.py:63} INFO - Tmp dir root location: /tmp
[2025-10-08T13:05:25.171+0000] {subprocess.py:75} INFO - Running command: ['/usr/bin/bash', '-c', 'export PYSPARK_PYTHON=/usr/local/bin/python && export PYSPARK_DRIVER_PYTHON=/usr/local/bin/python && /opt/spark/bin/spark-submit --master local[*] --packages org.apache.spark:spark-sql-kafka-0-10_2.12:3.5.1 /opt/***/dags/spark_streaming.py']
[2025-10-08T13:05:25.204+0000] {subprocess.py:86} INFO - Output:
[2025-10-08T13:05:28.482+0000] {subprocess.py:93} INFO - :: loading settings :: url = jar:file:/opt/spark/jars/ivy-2.5.1.jar!/org/apache/ivy/core/settings/ivysettings.xml
[2025-10-08T13:05:28.672+0000] {subprocess.py:93} INFO - Ivy Default Cache set to: /home/***/.ivy2/cache
[2025-10-08T13:05:28.673+0000] {subprocess.py:93} INFO - The jars for the packages stored in: /home/***/.ivy2/jars
[2025-10-08T13:05:28.698+0000] {subprocess.py:93} INFO - org.apache.spark#spark-sql-kafka-0-10_2.12 added as a dependency
[2025-10-08T13:05:28.703+0000] {subprocess.py:93} INFO - :: resolving dependencies :: org.apache.spark#spark-submit-parent-9fb0fc38-675d-4039-8fa1-eb1568a69311;1.0
[2025-10-08T13:05:28.705+0000] {subprocess.py:93} INFO - 	confs: [default]
[2025-10-08T13:05:29.115+0000] {subprocess.py:93} INFO - 	found org.apache.spark#spark-sql-kafka-0-10_2.12;3.5.1 in central
[2025-10-08T13:05:29.258+0000] {subprocess.py:93} INFO - 	found org.apache.spark#spark-token-provider-kafka-0-10_2.12;3.5.1 in central
[2025-10-08T13:05:29.313+0000] {subprocess.py:93} INFO - 	found org.apache.kafka#kafka-clients;3.4.1 in central
[2025-10-08T13:05:29.371+0000] {subprocess.py:93} INFO - 	found org.lz4#lz4-java;1.8.0 in central
[2025-10-08T13:05:29.421+0000] {subprocess.py:93} INFO - 	found org.xerial.snappy#snappy-java;1.1.10.3 in central
[2025-10-08T13:05:29.472+0000] {subprocess.py:93} INFO - 	found org.slf4j#slf4j-api;2.0.7 in central
[2025-10-08T13:05:29.564+0000] {subprocess.py:93} INFO - 	found org.apache.hadoop#hadoop-client-runtime;3.3.4 in central
[2025-10-08T13:05:29.675+0000] {subprocess.py:93} INFO - 	found org.apache.hadoop#hadoop-client-api;3.3.4 in central
[2025-10-08T13:05:29.978+0000] {subprocess.py:93} INFO - 	found commons-logging#commons-logging;1.1.3 in central
[2025-10-08T13:05:30.030+0000] {subprocess.py:93} INFO - 	found com.google.code.findbugs#jsr305;3.0.0 in central
[2025-10-08T13:05:30.074+0000] {subprocess.py:93} INFO - 	found org.apache.commons#commons-pool2;2.11.1 in central
[2025-10-08T13:05:30.158+0000] {subprocess.py:93} INFO - :: resolution report :: resolve 1408ms :: artifacts dl 47ms
[2025-10-08T13:05:30.160+0000] {subprocess.py:93} INFO - 	:: modules in use:
[2025-10-08T13:05:30.165+0000] {subprocess.py:93} INFO - 	com.google.code.findbugs#jsr305;3.0.0 from central in [default]
[2025-10-08T13:05:30.166+0000] {subprocess.py:93} INFO - 	commons-logging#commons-logging;1.1.3 from central in [default]
[2025-10-08T13:05:30.167+0000] {subprocess.py:93} INFO - 	org.apache.commons#commons-pool2;2.11.1 from central in [default]
[2025-10-08T13:05:30.169+0000] {subprocess.py:93} INFO - 	org.apache.hadoop#hadoop-client-api;3.3.4 from central in [default]
[2025-10-08T13:05:30.170+0000] {subprocess.py:93} INFO - 	org.apache.hadoop#hadoop-client-runtime;3.3.4 from central in [default]
[2025-10-08T13:05:30.171+0000] {subprocess.py:93} INFO - 	org.apache.kafka#kafka-clients;3.4.1 from central in [default]
[2025-10-08T13:05:30.172+0000] {subprocess.py:93} INFO - 	org.apache.spark#spark-sql-kafka-0-10_2.12;3.5.1 from central in [default]
[2025-10-08T13:05:30.173+0000] {subprocess.py:93} INFO - 	org.apache.spark#spark-token-provider-kafka-0-10_2.12;3.5.1 from central in [default]
[2025-10-08T13:05:30.176+0000] {subprocess.py:93} INFO - 	org.lz4#lz4-java;1.8.0 from central in [default]
[2025-10-08T13:05:30.177+0000] {subprocess.py:93} INFO - 	org.slf4j#slf4j-api;2.0.7 from central in [default]
[2025-10-08T13:05:30.182+0000] {subprocess.py:93} INFO - 	org.xerial.snappy#snappy-java;1.1.10.3 from central in [default]
[2025-10-08T13:05:30.184+0000] {subprocess.py:93} INFO - 	---------------------------------------------------------------------
[2025-10-08T13:05:30.185+0000] {subprocess.py:93} INFO - 	|                  |            modules            ||   artifacts   |
[2025-10-08T13:05:30.186+0000] {subprocess.py:93} INFO - 	|       conf       | number| search|dwnlded|evicted|| number|dwnlded|
[2025-10-08T13:05:30.188+0000] {subprocess.py:93} INFO - 	---------------------------------------------------------------------
[2025-10-08T13:05:30.189+0000] {subprocess.py:93} INFO - 	|      default     |   11  |   0   |   0   |   0   ||   11  |   0   |
[2025-10-08T13:05:30.191+0000] {subprocess.py:93} INFO - 	---------------------------------------------------------------------
[2025-10-08T13:05:30.193+0000] {subprocess.py:93} INFO - :: retrieving :: org.apache.spark#spark-submit-parent-9fb0fc38-675d-4039-8fa1-eb1568a69311
[2025-10-08T13:05:30.195+0000] {subprocess.py:93} INFO - 	confs: [default]
[2025-10-08T13:05:30.220+0000] {subprocess.py:93} INFO - 	0 artifacts copied, 11 already retrieved (0kB/31ms)
[2025-10-08T13:05:30.864+0000] {subprocess.py:93} INFO - 25/10/08 13:05:30 WARN NativeCodeLoader: Unable to load native-hadoop library for your platform... using builtin-java classes where applicable
[2025-10-08T13:05:35.076+0000] {subprocess.py:93} INFO - 25/10/08 13:05:35 INFO SparkContext: Running Spark version 3.5.1
[2025-10-08T13:05:35.078+0000] {subprocess.py:93} INFO - 25/10/08 13:05:35 INFO SparkContext: OS info Linux, 6.6.87.1-microsoft-standard-WSL2, amd64
[2025-10-08T13:05:35.082+0000] {subprocess.py:93} INFO - 25/10/08 13:05:35 INFO SparkContext: Java version 17.0.16
[2025-10-08T13:05:35.141+0000] {subprocess.py:93} INFO - 25/10/08 13:05:35 INFO ResourceUtils: ==============================================================
[2025-10-08T13:05:35.143+0000] {subprocess.py:93} INFO - 25/10/08 13:05:35 INFO ResourceUtils: No custom resources configured for spark.driver.
[2025-10-08T13:05:35.144+0000] {subprocess.py:93} INFO - 25/10/08 13:05:35 INFO ResourceUtils: ==============================================================
[2025-10-08T13:05:35.146+0000] {subprocess.py:93} INFO - 25/10/08 13:05:35 INFO SparkContext: Submitted application: RestaurantStreaming
[2025-10-08T13:05:35.199+0000] {subprocess.py:93} INFO - 25/10/08 13:05:35 INFO ResourceProfile: Default ResourceProfile created, executor resources: Map(cores -> name: cores, amount: 1, script: , vendor: , memory -> name: memory, amount: 1024, script: , vendor: , offHeap -> name: offHeap, amount: 0, script: , vendor: ), task resources: Map(cpus -> name: cpus, amount: 1.0)
[2025-10-08T13:05:35.220+0000] {subprocess.py:93} INFO - 25/10/08 13:05:35 INFO ResourceProfile: Limiting resource is cpu
[2025-10-08T13:05:35.222+0000] {subprocess.py:93} INFO - 25/10/08 13:05:35 INFO ResourceProfileManager: Added ResourceProfile id: 0
[2025-10-08T13:05:35.348+0000] {subprocess.py:93} INFO - 25/10/08 13:05:35 INFO SecurityManager: Changing view acls to: ***
[2025-10-08T13:05:35.352+0000] {subprocess.py:93} INFO - 25/10/08 13:05:35 INFO SecurityManager: Changing modify acls to: ***
[2025-10-08T13:05:35.358+0000] {subprocess.py:93} INFO - 25/10/08 13:05:35 INFO SecurityManager: Changing view acls groups to:
[2025-10-08T13:05:35.359+0000] {subprocess.py:93} INFO - 25/10/08 13:05:35 INFO SecurityManager: Changing modify acls groups to:
[2025-10-08T13:05:35.360+0000] {subprocess.py:93} INFO - 25/10/08 13:05:35 INFO SecurityManager: SecurityManager: authentication disabled; ui acls disabled; users with view permissions: ***; groups with view permissions: EMPTY; users with modify permissions: ***; groups with modify permissions: EMPTY
[2025-10-08T13:05:35.889+0000] {subprocess.py:93} INFO - 25/10/08 13:05:35 INFO Utils: Successfully started service 'sparkDriver' on port 46487.
[2025-10-08T13:05:35.954+0000] {subprocess.py:93} INFO - 25/10/08 13:05:35 INFO SparkEnv: Registering MapOutputTracker
[2025-10-08T13:05:36.028+0000] {subprocess.py:93} INFO - 25/10/08 13:05:36 INFO SparkEnv: Registering BlockManagerMaster
[2025-10-08T13:05:36.072+0000] {subprocess.py:93} INFO - 25/10/08 13:05:36 INFO BlockManagerMasterEndpoint: Using org.apache.spark.storage.DefaultTopologyMapper for getting topology information
[2025-10-08T13:05:36.074+0000] {subprocess.py:93} INFO - 25/10/08 13:05:36 INFO BlockManagerMasterEndpoint: BlockManagerMasterEndpoint up
[2025-10-08T13:05:36.082+0000] {subprocess.py:93} INFO - 25/10/08 13:05:36 INFO SparkEnv: Registering BlockManagerMasterHeartbeat
[2025-10-08T13:05:36.114+0000] {subprocess.py:93} INFO - 25/10/08 13:05:36 INFO DiskBlockManager: Created local directory at /tmp/blockmgr-0b291a0e-8b05-4a95-8cdc-db22592b524b
[2025-10-08T13:05:36.138+0000] {subprocess.py:93} INFO - 25/10/08 13:05:36 INFO MemoryStore: MemoryStore started with capacity 434.4 MiB
[2025-10-08T13:05:36.163+0000] {subprocess.py:93} INFO - 25/10/08 13:05:36 INFO SparkEnv: Registering OutputCommitCoordinator
[2025-10-08T13:05:36.401+0000] {subprocess.py:93} INFO - 25/10/08 13:05:36 INFO JettyUtils: Start Jetty 0.0.0.0:4040 for SparkUI
[2025-10-08T13:05:36.514+0000] {subprocess.py:93} INFO - 25/10/08 13:05:36 INFO Utils: Successfully started service 'SparkUI' on port 4040.
[2025-10-08T13:05:36.607+0000] {subprocess.py:93} INFO - 25/10/08 13:05:36 INFO SparkContext: Added JAR file:///home/***/.ivy2/jars/org.apache.spark_spark-sql-kafka-0-10_2.12-3.5.1.jar at spark://401042008de4:46487/jars/org.apache.spark_spark-sql-kafka-0-10_2.12-3.5.1.jar with timestamp 1759928735061
[2025-10-08T13:05:36.608+0000] {subprocess.py:93} INFO - 25/10/08 13:05:36 INFO SparkContext: Added JAR file:///home/***/.ivy2/jars/org.apache.spark_spark-token-provider-kafka-0-10_2.12-3.5.1.jar at spark://401042008de4:46487/jars/org.apache.spark_spark-token-provider-kafka-0-10_2.12-3.5.1.jar with timestamp 1759928735061
[2025-10-08T13:05:36.609+0000] {subprocess.py:93} INFO - 25/10/08 13:05:36 INFO SparkContext: Added JAR file:///home/***/.ivy2/jars/org.apache.kafka_kafka-clients-3.4.1.jar at spark://401042008de4:46487/jars/org.apache.kafka_kafka-clients-3.4.1.jar with timestamp 1759928735061
[2025-10-08T13:05:36.613+0000] {subprocess.py:93} INFO - 25/10/08 13:05:36 INFO SparkContext: Added JAR file:///home/***/.ivy2/jars/com.google.code.findbugs_jsr305-3.0.0.jar at spark://401042008de4:46487/jars/com.google.code.findbugs_jsr305-3.0.0.jar with timestamp 1759928735061
[2025-10-08T13:05:36.615+0000] {subprocess.py:93} INFO - 25/10/08 13:05:36 INFO SparkContext: Added JAR file:///home/***/.ivy2/jars/org.apache.commons_commons-pool2-2.11.1.jar at spark://401042008de4:46487/jars/org.apache.commons_commons-pool2-2.11.1.jar with timestamp 1759928735061
[2025-10-08T13:05:36.616+0000] {subprocess.py:93} INFO - 25/10/08 13:05:36 INFO SparkContext: Added JAR file:///home/***/.ivy2/jars/org.apache.hadoop_hadoop-client-runtime-3.3.4.jar at spark://401042008de4:46487/jars/org.apache.hadoop_hadoop-client-runtime-3.3.4.jar with timestamp 1759928735061
[2025-10-08T13:05:36.617+0000] {subprocess.py:93} INFO - 25/10/08 13:05:36 INFO SparkContext: Added JAR file:///home/***/.ivy2/jars/org.lz4_lz4-java-1.8.0.jar at spark://401042008de4:46487/jars/org.lz4_lz4-java-1.8.0.jar with timestamp 1759928735061
[2025-10-08T13:05:36.618+0000] {subprocess.py:93} INFO - 25/10/08 13:05:36 INFO SparkContext: Added JAR file:///home/***/.ivy2/jars/org.xerial.snappy_snappy-java-1.1.10.3.jar at spark://401042008de4:46487/jars/org.xerial.snappy_snappy-java-1.1.10.3.jar with timestamp 1759928735061
[2025-10-08T13:05:36.619+0000] {subprocess.py:93} INFO - 25/10/08 13:05:36 INFO SparkContext: Added JAR file:///home/***/.ivy2/jars/org.slf4j_slf4j-api-2.0.7.jar at spark://401042008de4:46487/jars/org.slf4j_slf4j-api-2.0.7.jar with timestamp 1759928735061
[2025-10-08T13:05:36.620+0000] {subprocess.py:93} INFO - 25/10/08 13:05:36 INFO SparkContext: Added JAR file:///home/***/.ivy2/jars/org.apache.hadoop_hadoop-client-api-3.3.4.jar at spark://401042008de4:46487/jars/org.apache.hadoop_hadoop-client-api-3.3.4.jar with timestamp 1759928735061
[2025-10-08T13:05:36.621+0000] {subprocess.py:93} INFO - 25/10/08 13:05:36 INFO SparkContext: Added JAR file:///home/***/.ivy2/jars/commons-logging_commons-logging-1.1.3.jar at spark://401042008de4:46487/jars/commons-logging_commons-logging-1.1.3.jar with timestamp 1759928735061
[2025-10-08T13:05:36.622+0000] {subprocess.py:93} INFO - 25/10/08 13:05:36 INFO SparkContext: Added file file:///home/***/.ivy2/jars/org.apache.spark_spark-sql-kafka-0-10_2.12-3.5.1.jar at file:///home/***/.ivy2/jars/org.apache.spark_spark-sql-kafka-0-10_2.12-3.5.1.jar with timestamp 1759928735061
[2025-10-08T13:05:36.623+0000] {subprocess.py:93} INFO - 25/10/08 13:05:36 INFO Utils: Copying /home/***/.ivy2/jars/org.apache.spark_spark-sql-kafka-0-10_2.12-3.5.1.jar to /tmp/spark-1b853e31-7aad-4476-8d8d-65bcf5473217/userFiles-020cb865-ecb2-4373-855a-2ec52f146032/org.apache.spark_spark-sql-kafka-0-10_2.12-3.5.1.jar
[2025-10-08T13:05:36.640+0000] {subprocess.py:93} INFO - 25/10/08 13:05:36 INFO SparkContext: Added file file:///home/***/.ivy2/jars/org.apache.spark_spark-token-provider-kafka-0-10_2.12-3.5.1.jar at file:///home/***/.ivy2/jars/org.apache.spark_spark-token-provider-kafka-0-10_2.12-3.5.1.jar with timestamp 1759928735061
[2025-10-08T13:05:36.651+0000] {subprocess.py:93} INFO - 25/10/08 13:05:36 INFO Utils: Copying /home/***/.ivy2/jars/org.apache.spark_spark-token-provider-kafka-0-10_2.12-3.5.1.jar to /tmp/spark-1b853e31-7aad-4476-8d8d-65bcf5473217/userFiles-020cb865-ecb2-4373-855a-2ec52f146032/org.apache.spark_spark-token-provider-kafka-0-10_2.12-3.5.1.jar
[2025-10-08T13:05:36.657+0000] {subprocess.py:93} INFO - 25/10/08 13:05:36 INFO SparkContext: Added file file:///home/***/.ivy2/jars/org.apache.kafka_kafka-clients-3.4.1.jar at file:///home/***/.ivy2/jars/org.apache.kafka_kafka-clients-3.4.1.jar with timestamp 1759928735061
[2025-10-08T13:05:36.659+0000] {subprocess.py:93} INFO - 25/10/08 13:05:36 INFO Utils: Copying /home/***/.ivy2/jars/org.apache.kafka_kafka-clients-3.4.1.jar to /tmp/spark-1b853e31-7aad-4476-8d8d-65bcf5473217/userFiles-020cb865-ecb2-4373-855a-2ec52f146032/org.apache.kafka_kafka-clients-3.4.1.jar
[2025-10-08T13:05:36.673+0000] {subprocess.py:93} INFO - 25/10/08 13:05:36 INFO SparkContext: Added file file:///home/***/.ivy2/jars/com.google.code.findbugs_jsr305-3.0.0.jar at file:///home/***/.ivy2/jars/com.google.code.findbugs_jsr305-3.0.0.jar with timestamp 1759928735061
[2025-10-08T13:05:36.674+0000] {subprocess.py:93} INFO - 25/10/08 13:05:36 INFO Utils: Copying /home/***/.ivy2/jars/com.google.code.findbugs_jsr305-3.0.0.jar to /tmp/spark-1b853e31-7aad-4476-8d8d-65bcf5473217/userFiles-020cb865-ecb2-4373-855a-2ec52f146032/com.google.code.findbugs_jsr305-3.0.0.jar
[2025-10-08T13:05:36.679+0000] {subprocess.py:93} INFO - 25/10/08 13:05:36 INFO SparkContext: Added file file:///home/***/.ivy2/jars/org.apache.commons_commons-pool2-2.11.1.jar at file:///home/***/.ivy2/jars/org.apache.commons_commons-pool2-2.11.1.jar with timestamp 1759928735061
[2025-10-08T13:05:36.680+0000] {subprocess.py:93} INFO - 25/10/08 13:05:36 INFO Utils: Copying /home/***/.ivy2/jars/org.apache.commons_commons-pool2-2.11.1.jar to /tmp/spark-1b853e31-7aad-4476-8d8d-65bcf5473217/userFiles-020cb865-ecb2-4373-855a-2ec52f146032/org.apache.commons_commons-pool2-2.11.1.jar
[2025-10-08T13:05:36.689+0000] {subprocess.py:93} INFO - 25/10/08 13:05:36 INFO SparkContext: Added file file:///home/***/.ivy2/jars/org.apache.hadoop_hadoop-client-runtime-3.3.4.jar at file:///home/***/.ivy2/jars/org.apache.hadoop_hadoop-client-runtime-3.3.4.jar with timestamp 1759928735061
[2025-10-08T13:05:36.690+0000] {subprocess.py:93} INFO - 25/10/08 13:05:36 INFO Utils: Copying /home/***/.ivy2/jars/org.apache.hadoop_hadoop-client-runtime-3.3.4.jar to /tmp/spark-1b853e31-7aad-4476-8d8d-65bcf5473217/userFiles-020cb865-ecb2-4373-855a-2ec52f146032/org.apache.hadoop_hadoop-client-runtime-3.3.4.jar
[2025-10-08T13:05:36.752+0000] {subprocess.py:93} INFO - 25/10/08 13:05:36 INFO SparkContext: Added file file:///home/***/.ivy2/jars/org.lz4_lz4-java-1.8.0.jar at file:///home/***/.ivy2/jars/org.lz4_lz4-java-1.8.0.jar with timestamp 1759928735061
[2025-10-08T13:05:36.753+0000] {subprocess.py:93} INFO - 25/10/08 13:05:36 INFO Utils: Copying /home/***/.ivy2/jars/org.lz4_lz4-java-1.8.0.jar to /tmp/spark-1b853e31-7aad-4476-8d8d-65bcf5473217/userFiles-020cb865-ecb2-4373-855a-2ec52f146032/org.lz4_lz4-java-1.8.0.jar
[2025-10-08T13:05:36.767+0000] {subprocess.py:93} INFO - 25/10/08 13:05:36 INFO SparkContext: Added file file:///home/***/.ivy2/jars/org.xerial.snappy_snappy-java-1.1.10.3.jar at file:///home/***/.ivy2/jars/org.xerial.snappy_snappy-java-1.1.10.3.jar with timestamp 1759928735061
[2025-10-08T13:05:36.769+0000] {subprocess.py:93} INFO - 25/10/08 13:05:36 INFO Utils: Copying /home/***/.ivy2/jars/org.xerial.snappy_snappy-java-1.1.10.3.jar to /tmp/spark-1b853e31-7aad-4476-8d8d-65bcf5473217/userFiles-020cb865-ecb2-4373-855a-2ec52f146032/org.xerial.snappy_snappy-java-1.1.10.3.jar
[2025-10-08T13:05:36.782+0000] {subprocess.py:93} INFO - 25/10/08 13:05:36 INFO SparkContext: Added file file:///home/***/.ivy2/jars/org.slf4j_slf4j-api-2.0.7.jar at file:///home/***/.ivy2/jars/org.slf4j_slf4j-api-2.0.7.jar with timestamp 1759928735061
[2025-10-08T13:05:36.783+0000] {subprocess.py:93} INFO - 25/10/08 13:05:36 INFO Utils: Copying /home/***/.ivy2/jars/org.slf4j_slf4j-api-2.0.7.jar to /tmp/spark-1b853e31-7aad-4476-8d8d-65bcf5473217/userFiles-020cb865-ecb2-4373-855a-2ec52f146032/org.slf4j_slf4j-api-2.0.7.jar
[2025-10-08T13:05:36.791+0000] {subprocess.py:93} INFO - 25/10/08 13:05:36 INFO SparkContext: Added file file:///home/***/.ivy2/jars/org.apache.hadoop_hadoop-client-api-3.3.4.jar at file:///home/***/.ivy2/jars/org.apache.hadoop_hadoop-client-api-3.3.4.jar with timestamp 1759928735061
[2025-10-08T13:05:36.793+0000] {subprocess.py:93} INFO - 25/10/08 13:05:36 INFO Utils: Copying /home/***/.ivy2/jars/org.apache.hadoop_hadoop-client-api-3.3.4.jar to /tmp/spark-1b853e31-7aad-4476-8d8d-65bcf5473217/userFiles-020cb865-ecb2-4373-855a-2ec52f146032/org.apache.hadoop_hadoop-client-api-3.3.4.jar
[2025-10-08T13:05:36.860+0000] {subprocess.py:93} INFO - 25/10/08 13:05:36 INFO SparkContext: Added file file:///home/***/.ivy2/jars/commons-logging_commons-logging-1.1.3.jar at file:///home/***/.ivy2/jars/commons-logging_commons-logging-1.1.3.jar with timestamp 1759928735061
[2025-10-08T13:05:36.862+0000] {subprocess.py:93} INFO - 25/10/08 13:05:36 INFO Utils: Copying /home/***/.ivy2/jars/commons-logging_commons-logging-1.1.3.jar to /tmp/spark-1b853e31-7aad-4476-8d8d-65bcf5473217/userFiles-020cb865-ecb2-4373-855a-2ec52f146032/commons-logging_commons-logging-1.1.3.jar
[2025-10-08T13:05:37.025+0000] {subprocess.py:93} INFO - 25/10/08 13:05:37 INFO Executor: Starting executor ID driver on host 401042008de4
[2025-10-08T13:05:37.028+0000] {subprocess.py:93} INFO - 25/10/08 13:05:37 INFO Executor: OS info Linux, 6.6.87.1-microsoft-standard-WSL2, amd64
[2025-10-08T13:05:37.031+0000] {subprocess.py:93} INFO - 25/10/08 13:05:37 INFO Executor: Java version 17.0.16
[2025-10-08T13:05:37.046+0000] {subprocess.py:93} INFO - 25/10/08 13:05:37 INFO Executor: Starting executor with user classpath (userClassPathFirst = false): ''
[2025-10-08T13:05:37.048+0000] {subprocess.py:93} INFO - 25/10/08 13:05:37 INFO Executor: Created or updated repl class loader org.apache.spark.util.MutableURLClassLoader@5fce4f96 for default.
[2025-10-08T13:05:37.079+0000] {subprocess.py:93} INFO - 25/10/08 13:05:37 INFO Executor: Fetching file:///home/***/.ivy2/jars/org.apache.spark_spark-sql-kafka-0-10_2.12-3.5.1.jar with timestamp 1759928735061
[2025-10-08T13:05:37.135+0000] {subprocess.py:93} INFO - 25/10/08 13:05:37 INFO Utils: /home/***/.ivy2/jars/org.apache.spark_spark-sql-kafka-0-10_2.12-3.5.1.jar has been previously copied to /tmp/spark-1b853e31-7aad-4476-8d8d-65bcf5473217/userFiles-020cb865-ecb2-4373-855a-2ec52f146032/org.apache.spark_spark-sql-kafka-0-10_2.12-3.5.1.jar
[2025-10-08T13:05:37.144+0000] {subprocess.py:93} INFO - 25/10/08 13:05:37 INFO Executor: Fetching file:///home/***/.ivy2/jars/org.apache.hadoop_hadoop-client-runtime-3.3.4.jar with timestamp 1759928735061
[2025-10-08T13:05:37.203+0000] {subprocess.py:93} INFO - 25/10/08 13:05:37 INFO Utils: /home/***/.ivy2/jars/org.apache.hadoop_hadoop-client-runtime-3.3.4.jar has been previously copied to /tmp/spark-1b853e31-7aad-4476-8d8d-65bcf5473217/userFiles-020cb865-ecb2-4373-855a-2ec52f146032/org.apache.hadoop_hadoop-client-runtime-3.3.4.jar
[2025-10-08T13:05:37.211+0000] {subprocess.py:93} INFO - 25/10/08 13:05:37 INFO Executor: Fetching file:///home/***/.ivy2/jars/org.apache.hadoop_hadoop-client-api-3.3.4.jar with timestamp 1759928735061
[2025-10-08T13:05:37.242+0000] {subprocess.py:93} INFO - 25/10/08 13:05:37 INFO Utils: /home/***/.ivy2/jars/org.apache.hadoop_hadoop-client-api-3.3.4.jar has been previously copied to /tmp/spark-1b853e31-7aad-4476-8d8d-65bcf5473217/userFiles-020cb865-ecb2-4373-855a-2ec52f146032/org.apache.hadoop_hadoop-client-api-3.3.4.jar
[2025-10-08T13:05:37.250+0000] {subprocess.py:93} INFO - 25/10/08 13:05:37 INFO Executor: Fetching file:///home/***/.ivy2/jars/org.apache.spark_spark-token-provider-kafka-0-10_2.12-3.5.1.jar with timestamp 1759928735061
[2025-10-08T13:05:37.251+0000] {subprocess.py:93} INFO - 25/10/08 13:05:37 INFO Utils: /home/***/.ivy2/jars/org.apache.spark_spark-token-provider-kafka-0-10_2.12-3.5.1.jar has been previously copied to /tmp/spark-1b853e31-7aad-4476-8d8d-65bcf5473217/userFiles-020cb865-ecb2-4373-855a-2ec52f146032/org.apache.spark_spark-token-provider-kafka-0-10_2.12-3.5.1.jar
[2025-10-08T13:05:37.259+0000] {subprocess.py:93} INFO - 25/10/08 13:05:37 INFO Executor: Fetching file:///home/***/.ivy2/jars/com.google.code.findbugs_jsr305-3.0.0.jar with timestamp 1759928735061
[2025-10-08T13:05:37.260+0000] {subprocess.py:93} INFO - 25/10/08 13:05:37 INFO Utils: /home/***/.ivy2/jars/com.google.code.findbugs_jsr305-3.0.0.jar has been previously copied to /tmp/spark-1b853e31-7aad-4476-8d8d-65bcf5473217/userFiles-020cb865-ecb2-4373-855a-2ec52f146032/com.google.code.findbugs_jsr305-3.0.0.jar
[2025-10-08T13:05:37.274+0000] {subprocess.py:93} INFO - 25/10/08 13:05:37 INFO Executor: Fetching file:///home/***/.ivy2/jars/org.lz4_lz4-java-1.8.0.jar with timestamp 1759928735061
[2025-10-08T13:05:37.275+0000] {subprocess.py:93} INFO - 25/10/08 13:05:37 INFO Utils: /home/***/.ivy2/jars/org.lz4_lz4-java-1.8.0.jar has been previously copied to /tmp/spark-1b853e31-7aad-4476-8d8d-65bcf5473217/userFiles-020cb865-ecb2-4373-855a-2ec52f146032/org.lz4_lz4-java-1.8.0.jar
[2025-10-08T13:05:37.283+0000] {subprocess.py:93} INFO - 25/10/08 13:05:37 INFO Executor: Fetching file:///home/***/.ivy2/jars/org.slf4j_slf4j-api-2.0.7.jar with timestamp 1759928735061
[2025-10-08T13:05:37.284+0000] {subprocess.py:93} INFO - 25/10/08 13:05:37 INFO Utils: /home/***/.ivy2/jars/org.slf4j_slf4j-api-2.0.7.jar has been previously copied to /tmp/spark-1b853e31-7aad-4476-8d8d-65bcf5473217/userFiles-020cb865-ecb2-4373-855a-2ec52f146032/org.slf4j_slf4j-api-2.0.7.jar
[2025-10-08T13:05:37.292+0000] {subprocess.py:93} INFO - 25/10/08 13:05:37 INFO Executor: Fetching file:///home/***/.ivy2/jars/org.apache.commons_commons-pool2-2.11.1.jar with timestamp 1759928735061
[2025-10-08T13:05:37.293+0000] {subprocess.py:93} INFO - 25/10/08 13:05:37 INFO Utils: /home/***/.ivy2/jars/org.apache.commons_commons-pool2-2.11.1.jar has been previously copied to /tmp/spark-1b853e31-7aad-4476-8d8d-65bcf5473217/userFiles-020cb865-ecb2-4373-855a-2ec52f146032/org.apache.commons_commons-pool2-2.11.1.jar
[2025-10-08T13:05:37.302+0000] {subprocess.py:93} INFO - 25/10/08 13:05:37 INFO Executor: Fetching file:///home/***/.ivy2/jars/commons-logging_commons-logging-1.1.3.jar with timestamp 1759928735061
[2025-10-08T13:05:37.303+0000] {subprocess.py:93} INFO - 25/10/08 13:05:37 INFO Utils: /home/***/.ivy2/jars/commons-logging_commons-logging-1.1.3.jar has been previously copied to /tmp/spark-1b853e31-7aad-4476-8d8d-65bcf5473217/userFiles-020cb865-ecb2-4373-855a-2ec52f146032/commons-logging_commons-logging-1.1.3.jar
[2025-10-08T13:05:37.307+0000] {subprocess.py:93} INFO - 25/10/08 13:05:37 INFO Executor: Fetching file:///home/***/.ivy2/jars/org.xerial.snappy_snappy-java-1.1.10.3.jar with timestamp 1759928735061
[2025-10-08T13:05:37.311+0000] {subprocess.py:93} INFO - 25/10/08 13:05:37 INFO Utils: /home/***/.ivy2/jars/org.xerial.snappy_snappy-java-1.1.10.3.jar has been previously copied to /tmp/spark-1b853e31-7aad-4476-8d8d-65bcf5473217/userFiles-020cb865-ecb2-4373-855a-2ec52f146032/org.xerial.snappy_snappy-java-1.1.10.3.jar
[2025-10-08T13:05:37.321+0000] {subprocess.py:93} INFO - 25/10/08 13:05:37 INFO Executor: Fetching file:///home/***/.ivy2/jars/org.apache.kafka_kafka-clients-3.4.1.jar with timestamp 1759928735061
[2025-10-08T13:05:37.330+0000] {subprocess.py:93} INFO - 25/10/08 13:05:37 INFO Utils: /home/***/.ivy2/jars/org.apache.kafka_kafka-clients-3.4.1.jar has been previously copied to /tmp/spark-1b853e31-7aad-4476-8d8d-65bcf5473217/userFiles-020cb865-ecb2-4373-855a-2ec52f146032/org.apache.kafka_kafka-clients-3.4.1.jar
[2025-10-08T13:05:37.343+0000] {subprocess.py:93} INFO - 25/10/08 13:05:37 INFO Executor: Fetching spark://401042008de4:46487/jars/commons-logging_commons-logging-1.1.3.jar with timestamp 1759928735061
[2025-10-08T13:05:37.426+0000] {subprocess.py:93} INFO - 25/10/08 13:05:37 INFO TransportClientFactory: Successfully created connection to 401042008de4/172.21.0.11:46487 after 47 ms (0 ms spent in bootstraps)
[2025-10-08T13:05:37.436+0000] {subprocess.py:93} INFO - 25/10/08 13:05:37 INFO Utils: Fetching spark://401042008de4:46487/jars/commons-logging_commons-logging-1.1.3.jar to /tmp/spark-1b853e31-7aad-4476-8d8d-65bcf5473217/userFiles-020cb865-ecb2-4373-855a-2ec52f146032/fetchFileTemp5340820507732587214.tmp
[2025-10-08T13:05:37.479+0000] {subprocess.py:93} INFO - 25/10/08 13:05:37 INFO Utils: /tmp/spark-1b853e31-7aad-4476-8d8d-65bcf5473217/userFiles-020cb865-ecb2-4373-855a-2ec52f146032/fetchFileTemp5340820507732587214.tmp has been previously copied to /tmp/spark-1b853e31-7aad-4476-8d8d-65bcf5473217/userFiles-020cb865-ecb2-4373-855a-2ec52f146032/commons-logging_commons-logging-1.1.3.jar
[2025-10-08T13:05:37.492+0000] {subprocess.py:93} INFO - 25/10/08 13:05:37 INFO Executor: Adding file:/tmp/spark-1b853e31-7aad-4476-8d8d-65bcf5473217/userFiles-020cb865-ecb2-4373-855a-2ec52f146032/commons-logging_commons-logging-1.1.3.jar to class loader default
[2025-10-08T13:05:37.493+0000] {subprocess.py:93} INFO - 25/10/08 13:05:37 INFO Executor: Fetching spark://401042008de4:46487/jars/org.lz4_lz4-java-1.8.0.jar with timestamp 1759928735061
[2025-10-08T13:05:37.494+0000] {subprocess.py:93} INFO - 25/10/08 13:05:37 INFO Utils: Fetching spark://401042008de4:46487/jars/org.lz4_lz4-java-1.8.0.jar to /tmp/spark-1b853e31-7aad-4476-8d8d-65bcf5473217/userFiles-020cb865-ecb2-4373-855a-2ec52f146032/fetchFileTemp6133313694330321936.tmp
[2025-10-08T13:05:37.506+0000] {subprocess.py:93} INFO - 25/10/08 13:05:37 INFO Utils: /tmp/spark-1b853e31-7aad-4476-8d8d-65bcf5473217/userFiles-020cb865-ecb2-4373-855a-2ec52f146032/fetchFileTemp6133313694330321936.tmp has been previously copied to /tmp/spark-1b853e31-7aad-4476-8d8d-65bcf5473217/userFiles-020cb865-ecb2-4373-855a-2ec52f146032/org.lz4_lz4-java-1.8.0.jar
[2025-10-08T13:05:37.512+0000] {subprocess.py:93} INFO - 25/10/08 13:05:37 INFO Executor: Adding file:/tmp/spark-1b853e31-7aad-4476-8d8d-65bcf5473217/userFiles-020cb865-ecb2-4373-855a-2ec52f146032/org.lz4_lz4-java-1.8.0.jar to class loader default
[2025-10-08T13:05:37.513+0000] {subprocess.py:93} INFO - 25/10/08 13:05:37 INFO Executor: Fetching spark://401042008de4:46487/jars/org.apache.commons_commons-pool2-2.11.1.jar with timestamp 1759928735061
[2025-10-08T13:05:37.514+0000] {subprocess.py:93} INFO - 25/10/08 13:05:37 INFO Utils: Fetching spark://401042008de4:46487/jars/org.apache.commons_commons-pool2-2.11.1.jar to /tmp/spark-1b853e31-7aad-4476-8d8d-65bcf5473217/userFiles-020cb865-ecb2-4373-855a-2ec52f146032/fetchFileTemp7421169485490691604.tmp
[2025-10-08T13:05:37.518+0000] {subprocess.py:93} INFO - 25/10/08 13:05:37 INFO Utils: /tmp/spark-1b853e31-7aad-4476-8d8d-65bcf5473217/userFiles-020cb865-ecb2-4373-855a-2ec52f146032/fetchFileTemp7421169485490691604.tmp has been previously copied to /tmp/spark-1b853e31-7aad-4476-8d8d-65bcf5473217/userFiles-020cb865-ecb2-4373-855a-2ec52f146032/org.apache.commons_commons-pool2-2.11.1.jar
[2025-10-08T13:05:37.525+0000] {subprocess.py:93} INFO - 25/10/08 13:05:37 INFO Executor: Adding file:/tmp/spark-1b853e31-7aad-4476-8d8d-65bcf5473217/userFiles-020cb865-ecb2-4373-855a-2ec52f146032/org.apache.commons_commons-pool2-2.11.1.jar to class loader default
[2025-10-08T13:05:37.526+0000] {subprocess.py:93} INFO - 25/10/08 13:05:37 INFO Executor: Fetching spark://401042008de4:46487/jars/org.apache.kafka_kafka-clients-3.4.1.jar with timestamp 1759928735061
[2025-10-08T13:05:37.529+0000] {subprocess.py:93} INFO - 25/10/08 13:05:37 INFO Utils: Fetching spark://401042008de4:46487/jars/org.apache.kafka_kafka-clients-3.4.1.jar to /tmp/spark-1b853e31-7aad-4476-8d8d-65bcf5473217/userFiles-020cb865-ecb2-4373-855a-2ec52f146032/fetchFileTemp18273990118634871800.tmp
[2025-10-08T13:05:37.599+0000] {subprocess.py:93} INFO - 25/10/08 13:05:37 INFO Utils: /tmp/spark-1b853e31-7aad-4476-8d8d-65bcf5473217/userFiles-020cb865-ecb2-4373-855a-2ec52f146032/fetchFileTemp18273990118634871800.tmp has been previously copied to /tmp/spark-1b853e31-7aad-4476-8d8d-65bcf5473217/userFiles-020cb865-ecb2-4373-855a-2ec52f146032/org.apache.kafka_kafka-clients-3.4.1.jar
[2025-10-08T13:05:37.607+0000] {subprocess.py:93} INFO - 25/10/08 13:05:37 INFO Executor: Adding file:/tmp/spark-1b853e31-7aad-4476-8d8d-65bcf5473217/userFiles-020cb865-ecb2-4373-855a-2ec52f146032/org.apache.kafka_kafka-clients-3.4.1.jar to class loader default
[2025-10-08T13:05:37.608+0000] {subprocess.py:93} INFO - 25/10/08 13:05:37 INFO Executor: Fetching spark://401042008de4:46487/jars/org.apache.hadoop_hadoop-client-api-3.3.4.jar with timestamp 1759928735061
[2025-10-08T13:05:37.611+0000] {subprocess.py:93} INFO - 25/10/08 13:05:37 INFO Utils: Fetching spark://401042008de4:46487/jars/org.apache.hadoop_hadoop-client-api-3.3.4.jar to /tmp/spark-1b853e31-7aad-4476-8d8d-65bcf5473217/userFiles-020cb865-ecb2-4373-855a-2ec52f146032/fetchFileTemp5399198805741077718.tmp
[2025-10-08T13:05:37.827+0000] {subprocess.py:93} INFO - 25/10/08 13:05:37 INFO Utils: /tmp/spark-1b853e31-7aad-4476-8d8d-65bcf5473217/userFiles-020cb865-ecb2-4373-855a-2ec52f146032/fetchFileTemp5399198805741077718.tmp has been previously copied to /tmp/spark-1b853e31-7aad-4476-8d8d-65bcf5473217/userFiles-020cb865-ecb2-4373-855a-2ec52f146032/org.apache.hadoop_hadoop-client-api-3.3.4.jar
[2025-10-08T13:05:37.838+0000] {subprocess.py:93} INFO - 25/10/08 13:05:37 INFO Executor: Adding file:/tmp/spark-1b853e31-7aad-4476-8d8d-65bcf5473217/userFiles-020cb865-ecb2-4373-855a-2ec52f146032/org.apache.hadoop_hadoop-client-api-3.3.4.jar to class loader default
[2025-10-08T13:05:37.839+0000] {subprocess.py:93} INFO - 25/10/08 13:05:37 INFO Executor: Fetching spark://401042008de4:46487/jars/org.xerial.snappy_snappy-java-1.1.10.3.jar with timestamp 1759928735061
[2025-10-08T13:05:37.840+0000] {subprocess.py:93} INFO - 25/10/08 13:05:37 INFO Utils: Fetching spark://401042008de4:46487/jars/org.xerial.snappy_snappy-java-1.1.10.3.jar to /tmp/spark-1b853e31-7aad-4476-8d8d-65bcf5473217/userFiles-020cb865-ecb2-4373-855a-2ec52f146032/fetchFileTemp14348300166974375472.tmp
[2025-10-08T13:05:37.859+0000] {subprocess.py:93} INFO - 25/10/08 13:05:37 INFO Utils: /tmp/spark-1b853e31-7aad-4476-8d8d-65bcf5473217/userFiles-020cb865-ecb2-4373-855a-2ec52f146032/fetchFileTemp14348300166974375472.tmp has been previously copied to /tmp/spark-1b853e31-7aad-4476-8d8d-65bcf5473217/userFiles-020cb865-ecb2-4373-855a-2ec52f146032/org.xerial.snappy_snappy-java-1.1.10.3.jar
[2025-10-08T13:05:37.865+0000] {subprocess.py:93} INFO - 25/10/08 13:05:37 INFO Executor: Adding file:/tmp/spark-1b853e31-7aad-4476-8d8d-65bcf5473217/userFiles-020cb865-ecb2-4373-855a-2ec52f146032/org.xerial.snappy_snappy-java-1.1.10.3.jar to class loader default
[2025-10-08T13:05:37.867+0000] {subprocess.py:93} INFO - 25/10/08 13:05:37 INFO Executor: Fetching spark://401042008de4:46487/jars/org.apache.spark_spark-sql-kafka-0-10_2.12-3.5.1.jar with timestamp 1759928735061
[2025-10-08T13:05:37.868+0000] {subprocess.py:93} INFO - 25/10/08 13:05:37 INFO Utils: Fetching spark://401042008de4:46487/jars/org.apache.spark_spark-sql-kafka-0-10_2.12-3.5.1.jar to /tmp/spark-1b853e31-7aad-4476-8d8d-65bcf5473217/userFiles-020cb865-ecb2-4373-855a-2ec52f146032/fetchFileTemp5198578213095491783.tmp
[2025-10-08T13:05:37.871+0000] {subprocess.py:93} INFO - 25/10/08 13:05:37 INFO Utils: /tmp/spark-1b853e31-7aad-4476-8d8d-65bcf5473217/userFiles-020cb865-ecb2-4373-855a-2ec52f146032/fetchFileTemp5198578213095491783.tmp has been previously copied to /tmp/spark-1b853e31-7aad-4476-8d8d-65bcf5473217/userFiles-020cb865-ecb2-4373-855a-2ec52f146032/org.apache.spark_spark-sql-kafka-0-10_2.12-3.5.1.jar
[2025-10-08T13:05:37.877+0000] {subprocess.py:93} INFO - 25/10/08 13:05:37 INFO Executor: Adding file:/tmp/spark-1b853e31-7aad-4476-8d8d-65bcf5473217/userFiles-020cb865-ecb2-4373-855a-2ec52f146032/org.apache.spark_spark-sql-kafka-0-10_2.12-3.5.1.jar to class loader default
[2025-10-08T13:05:37.878+0000] {subprocess.py:93} INFO - 25/10/08 13:05:37 INFO Executor: Fetching spark://401042008de4:46487/jars/org.apache.hadoop_hadoop-client-runtime-3.3.4.jar with timestamp 1759928735061
[2025-10-08T13:05:37.879+0000] {subprocess.py:93} INFO - 25/10/08 13:05:37 INFO Utils: Fetching spark://401042008de4:46487/jars/org.apache.hadoop_hadoop-client-runtime-3.3.4.jar to /tmp/spark-1b853e31-7aad-4476-8d8d-65bcf5473217/userFiles-020cb865-ecb2-4373-855a-2ec52f146032/fetchFileTemp3687422510780315855.tmp
[2025-10-08T13:05:38.281+0000] {subprocess.py:93} INFO - 25/10/08 13:05:38 INFO Utils: /tmp/spark-1b853e31-7aad-4476-8d8d-65bcf5473217/userFiles-020cb865-ecb2-4373-855a-2ec52f146032/fetchFileTemp3687422510780315855.tmp has been previously copied to /tmp/spark-1b853e31-7aad-4476-8d8d-65bcf5473217/userFiles-020cb865-ecb2-4373-855a-2ec52f146032/org.apache.hadoop_hadoop-client-runtime-3.3.4.jar
[2025-10-08T13:05:38.295+0000] {subprocess.py:93} INFO - 25/10/08 13:05:38 INFO Executor: Adding file:/tmp/spark-1b853e31-7aad-4476-8d8d-65bcf5473217/userFiles-020cb865-ecb2-4373-855a-2ec52f146032/org.apache.hadoop_hadoop-client-runtime-3.3.4.jar to class loader default
[2025-10-08T13:05:38.296+0000] {subprocess.py:93} INFO - 25/10/08 13:05:38 INFO Executor: Fetching spark://401042008de4:46487/jars/org.apache.spark_spark-token-provider-kafka-0-10_2.12-3.5.1.jar with timestamp 1759928735061
[2025-10-08T13:05:38.298+0000] {subprocess.py:93} INFO - 25/10/08 13:05:38 INFO Utils: Fetching spark://401042008de4:46487/jars/org.apache.spark_spark-token-provider-kafka-0-10_2.12-3.5.1.jar to /tmp/spark-1b853e31-7aad-4476-8d8d-65bcf5473217/userFiles-020cb865-ecb2-4373-855a-2ec52f146032/fetchFileTemp10116125844668816775.tmp
[2025-10-08T13:05:38.299+0000] {subprocess.py:93} INFO - 25/10/08 13:05:38 INFO Utils: /tmp/spark-1b853e31-7aad-4476-8d8d-65bcf5473217/userFiles-020cb865-ecb2-4373-855a-2ec52f146032/fetchFileTemp10116125844668816775.tmp has been previously copied to /tmp/spark-1b853e31-7aad-4476-8d8d-65bcf5473217/userFiles-020cb865-ecb2-4373-855a-2ec52f146032/org.apache.spark_spark-token-provider-kafka-0-10_2.12-3.5.1.jar
[2025-10-08T13:05:38.305+0000] {subprocess.py:93} INFO - 25/10/08 13:05:38 INFO Executor: Adding file:/tmp/spark-1b853e31-7aad-4476-8d8d-65bcf5473217/userFiles-020cb865-ecb2-4373-855a-2ec52f146032/org.apache.spark_spark-token-provider-kafka-0-10_2.12-3.5.1.jar to class loader default
[2025-10-08T13:05:38.306+0000] {subprocess.py:93} INFO - 25/10/08 13:05:38 INFO Executor: Fetching spark://401042008de4:46487/jars/com.google.code.findbugs_jsr305-3.0.0.jar with timestamp 1759928735061
[2025-10-08T13:05:38.307+0000] {subprocess.py:93} INFO - 25/10/08 13:05:38 INFO Utils: Fetching spark://401042008de4:46487/jars/com.google.code.findbugs_jsr305-3.0.0.jar to /tmp/spark-1b853e31-7aad-4476-8d8d-65bcf5473217/userFiles-020cb865-ecb2-4373-855a-2ec52f146032/fetchFileTemp17262312372384084581.tmp
[2025-10-08T13:05:38.308+0000] {subprocess.py:93} INFO - 25/10/08 13:05:38 INFO Utils: /tmp/spark-1b853e31-7aad-4476-8d8d-65bcf5473217/userFiles-020cb865-ecb2-4373-855a-2ec52f146032/fetchFileTemp17262312372384084581.tmp has been previously copied to /tmp/spark-1b853e31-7aad-4476-8d8d-65bcf5473217/userFiles-020cb865-ecb2-4373-855a-2ec52f146032/com.google.code.findbugs_jsr305-3.0.0.jar
[2025-10-08T13:05:38.314+0000] {subprocess.py:93} INFO - 25/10/08 13:05:38 INFO Executor: Adding file:/tmp/spark-1b853e31-7aad-4476-8d8d-65bcf5473217/userFiles-020cb865-ecb2-4373-855a-2ec52f146032/com.google.code.findbugs_jsr305-3.0.0.jar to class loader default
[2025-10-08T13:05:38.315+0000] {subprocess.py:93} INFO - 25/10/08 13:05:38 INFO Executor: Fetching spark://401042008de4:46487/jars/org.slf4j_slf4j-api-2.0.7.jar with timestamp 1759928735061
[2025-10-08T13:05:38.316+0000] {subprocess.py:93} INFO - 25/10/08 13:05:38 INFO Utils: Fetching spark://401042008de4:46487/jars/org.slf4j_slf4j-api-2.0.7.jar to /tmp/spark-1b853e31-7aad-4476-8d8d-65bcf5473217/userFiles-020cb865-ecb2-4373-855a-2ec52f146032/fetchFileTemp276006518404725610.tmp
[2025-10-08T13:05:38.317+0000] {subprocess.py:93} INFO - 25/10/08 13:05:38 INFO Utils: /tmp/spark-1b853e31-7aad-4476-8d8d-65bcf5473217/userFiles-020cb865-ecb2-4373-855a-2ec52f146032/fetchFileTemp276006518404725610.tmp has been previously copied to /tmp/spark-1b853e31-7aad-4476-8d8d-65bcf5473217/userFiles-020cb865-ecb2-4373-855a-2ec52f146032/org.slf4j_slf4j-api-2.0.7.jar
[2025-10-08T13:05:38.323+0000] {subprocess.py:93} INFO - 25/10/08 13:05:38 INFO Executor: Adding file:/tmp/spark-1b853e31-7aad-4476-8d8d-65bcf5473217/userFiles-020cb865-ecb2-4373-855a-2ec52f146032/org.slf4j_slf4j-api-2.0.7.jar to class loader default
[2025-10-08T13:05:38.337+0000] {subprocess.py:93} INFO - 25/10/08 13:05:38 INFO Utils: Successfully started service 'org.apache.spark.network.netty.NettyBlockTransferService' on port 37755.
[2025-10-08T13:05:38.338+0000] {subprocess.py:93} INFO - 25/10/08 13:05:38 INFO NettyBlockTransferService: Server created on 401042008de4:37755
[2025-10-08T13:05:38.340+0000] {subprocess.py:93} INFO - 25/10/08 13:05:38 INFO BlockManager: Using org.apache.spark.storage.RandomBlockReplicationPolicy for block replication policy
[2025-10-08T13:05:38.350+0000] {subprocess.py:93} INFO - 25/10/08 13:05:38 INFO BlockManagerMaster: Registering BlockManager BlockManagerId(driver, 401042008de4, 37755, None)
[2025-10-08T13:05:38.355+0000] {subprocess.py:93} INFO - 25/10/08 13:05:38 INFO BlockManagerMasterEndpoint: Registering block manager 401042008de4:37755 with 434.4 MiB RAM, BlockManagerId(driver, 401042008de4, 37755, None)
[2025-10-08T13:05:38.358+0000] {subprocess.py:93} INFO - 25/10/08 13:05:38 INFO BlockManagerMaster: Registered BlockManager BlockManagerId(driver, 401042008de4, 37755, None)
[2025-10-08T13:05:38.360+0000] {subprocess.py:93} INFO - 25/10/08 13:05:38 INFO BlockManager: Initialized BlockManager: BlockManagerId(driver, 401042008de4, 37755, None)
[2025-10-08T13:05:39.064+0000] {subprocess.py:93} INFO - 25/10/08 13:05:39 INFO SharedState: Setting hive.metastore.warehouse.dir ('null') to the value of spark.sql.warehouse.dir.
[2025-10-08T13:05:39.069+0000] {subprocess.py:93} INFO - 25/10/08 13:05:39 INFO SharedState: Warehouse path is 'file:/tmp/***tmp60aj58nf/spark-warehouse'.
[2025-10-08T13:05:40.657+0000] {subprocess.py:93} INFO - Traceback (most recent call last):
[2025-10-08T13:05:40.659+0000] {subprocess.py:93} INFO -   File "/opt/***/dags/spark_streaming.py", line 34, in <module>
[2025-10-08T13:05:40.663+0000] {subprocess.py:93} INFO -     raw = spark.readStream.format("kafka").option(KAFKA_BOOTSTRAP) \
[2025-10-08T13:05:40.667+0000] {subprocess.py:93} INFO -           ^^^^^^^^^^^^^^^^^^^^^^^^^^^^^^^^^^^^^^^^^^^^^^^^^^^^^^^^
[2025-10-08T13:05:40.668+0000] {subprocess.py:93} INFO - TypeError: DataStreamReader.option() missing 1 required positional argument: 'value'
[2025-10-08T13:05:40.933+0000] {subprocess.py:93} INFO - 25/10/08 13:05:40 INFO SparkContext: Invoking stop() from shutdown hook
[2025-10-08T13:05:40.935+0000] {subprocess.py:93} INFO - 25/10/08 13:05:40 INFO SparkContext: SparkContext is stopping with exitCode 0.
[2025-10-08T13:05:40.971+0000] {subprocess.py:93} INFO - 25/10/08 13:05:40 INFO SparkUI: Stopped Spark web UI at http://401042008de4:4040
[2025-10-08T13:05:41.009+0000] {subprocess.py:93} INFO - 25/10/08 13:05:41 INFO MapOutputTrackerMasterEndpoint: MapOutputTrackerMasterEndpoint stopped!
[2025-10-08T13:05:41.060+0000] {subprocess.py:93} INFO - 25/10/08 13:05:41 INFO MemoryStore: MemoryStore cleared
[2025-10-08T13:05:41.063+0000] {subprocess.py:93} INFO - 25/10/08 13:05:41 INFO BlockManager: BlockManager stopped
[2025-10-08T13:05:41.088+0000] {subprocess.py:93} INFO - 25/10/08 13:05:41 INFO BlockManagerMaster: BlockManagerMaster stopped
[2025-10-08T13:05:41.096+0000] {subprocess.py:93} INFO - 25/10/08 13:05:41 INFO OutputCommitCoordinator$OutputCommitCoordinatorEndpoint: OutputCommitCoordinator stopped!
[2025-10-08T13:05:41.176+0000] {subprocess.py:93} INFO - 25/10/08 13:05:41 INFO SparkContext: Successfully stopped SparkContext
[2025-10-08T13:05:41.181+0000] {subprocess.py:93} INFO - 25/10/08 13:05:41 INFO ShutdownHookManager: Shutdown hook called
[2025-10-08T13:05:41.185+0000] {subprocess.py:93} INFO - 25/10/08 13:05:41 INFO ShutdownHookManager: Deleting directory /tmp/spark-995a6088-dfdf-43de-ab4e-e7e2ecc892b9
[2025-10-08T13:05:41.191+0000] {subprocess.py:93} INFO - 25/10/08 13:05:41 INFO ShutdownHookManager: Deleting directory /tmp/spark-1b853e31-7aad-4476-8d8d-65bcf5473217/pyspark-112f6fc4-26f3-4a09-8111-73a517776ca8
[2025-10-08T13:05:41.208+0000] {subprocess.py:93} INFO - 25/10/08 13:05:41 INFO ShutdownHookManager: Deleting directory /tmp/spark-1b853e31-7aad-4476-8d8d-65bcf5473217
[2025-10-08T13:05:41.331+0000] {subprocess.py:97} INFO - Command exited with return code 1
[2025-10-08T13:05:41.332+0000] {taskinstance.py:441} INFO - ::group::Post task execution logs
[2025-10-08T13:05:41.351+0000] {taskinstance.py:2905} ERROR - Task failed with exception
Traceback (most recent call last):
  File "/home/airflow/.local/lib/python3.12/site-packages/airflow/models/taskinstance.py", line 465, in _execute_task
    result = _execute_callable(context=context, **execute_callable_kwargs)
             ^^^^^^^^^^^^^^^^^^^^^^^^^^^^^^^^^^^^^^^^^^^^^^^^^^^^^^^^^^^^^
  File "/home/airflow/.local/lib/python3.12/site-packages/airflow/models/taskinstance.py", line 432, in _execute_callable
    return execute_callable(context=context, **execute_callable_kwargs)
           ^^^^^^^^^^^^^^^^^^^^^^^^^^^^^^^^^^^^^^^^^^^^^^^^^^^^^^^^^^^^
  File "/home/airflow/.local/lib/python3.12/site-packages/airflow/models/baseoperator.py", line 401, in wrapper
    return func(self, *args, **kwargs)
           ^^^^^^^^^^^^^^^^^^^^^^^^^^^
  File "/home/airflow/.local/lib/python3.12/site-packages/airflow/operators/bash.py", line 243, in execute
    raise AirflowException(
airflow.exceptions.AirflowException: Bash command failed. The command returned a non-zero exit code 1.
[2025-10-08T13:05:41.360+0000] {taskinstance.py:1206} INFO - Marking task as FAILED. dag_id=restaurant_analytics, task_id=run_spark_stream, run_id=scheduled__2025-10-08T12:00:00+00:00, execution_date=20251008T120000, start_date=20251008T130524, end_date=20251008T130541
[2025-10-08T13:05:41.382+0000] {standard_task_runner.py:110} ERROR - Failed to execute job 192 for task run_spark_stream (Bash command failed. The command returned a non-zero exit code 1.; 5396)
[2025-10-08T13:05:41.421+0000] {local_task_job_runner.py:243} INFO - Task exited with return code 1
[2025-10-08T13:05:41.455+0000] {taskinstance.py:3503} INFO - 0 downstream tasks scheduled from follow-on schedule check
[2025-10-08T13:05:41.470+0000] {local_task_job_runner.py:222} INFO - ::endgroup::
