[2025-10-10T06:00:08.200+0000] {local_task_job_runner.py:120} INFO - ::group::Pre task execution logs
[2025-10-10T06:00:08.244+0000] {taskinstance.py:2076} INFO - Dependencies all met for dep_context=non-requeueable deps ti=<TaskInstance: restaurant_analytics.check_spark_streaming scheduled__2025-10-10T05:00:00+00:00 [queued]>
[2025-10-10T06:00:08.257+0000] {taskinstance.py:2076} INFO - Dependencies all met for dep_context=requeueable deps ti=<TaskInstance: restaurant_analytics.check_spark_streaming scheduled__2025-10-10T05:00:00+00:00 [queued]>
[2025-10-10T06:00:08.258+0000] {taskinstance.py:2306} INFO - Starting attempt 1 of 2
[2025-10-10T06:00:08.281+0000] {taskinstance.py:2330} INFO - Executing <Task(PythonOperator): check_spark_streaming> on 2025-10-10 05:00:00+00:00
[2025-10-10T06:00:08.293+0000] {warnings.py:112} WARNING - /home/***/.local/lib/python3.12/site-packages/***/task/task_runner/standard_task_runner.py:62: DeprecationWarning: This process (pid=3014) is multi-threaded, use of fork() may lead to deadlocks in the child.
  pid = os.fork()

[2025-10-10T06:00:08.296+0000] {standard_task_runner.py:64} INFO - Started process 3016 to run task
[2025-10-10T06:00:08.296+0000] {standard_task_runner.py:90} INFO - Running: ['***', 'tasks', 'run', 'restaurant_analytics', 'check_spark_streaming', 'scheduled__2025-10-10T05:00:00+00:00', '--job-id', '319', '--raw', '--subdir', 'DAGS_FOLDER/restaurant_dag.py', '--cfg-path', '/tmp/tmpuwasfncv']
[2025-10-10T06:00:08.301+0000] {standard_task_runner.py:91} INFO - Job 319: Subtask check_spark_streaming
[2025-10-10T06:00:08.400+0000] {task_command.py:426} INFO - Running <TaskInstance: restaurant_analytics.check_spark_streaming scheduled__2025-10-10T05:00:00+00:00 [running]> on host dd5baa7fba45
[2025-10-10T06:00:08.586+0000] {taskinstance.py:2648} INFO - Exporting env vars: AIRFLOW_CTX_DAG_EMAIL='quantruong1918@gmail.com' AIRFLOW_CTX_DAG_OWNER='***' AIRFLOW_CTX_DAG_ID='restaurant_analytics' AIRFLOW_CTX_TASK_ID='check_spark_streaming' AIRFLOW_CTX_EXECUTION_DATE='2025-10-10T05:00:00+00:00' AIRFLOW_CTX_TRY_NUMBER='1' AIRFLOW_CTX_DAG_RUN_ID='scheduled__2025-10-10T05:00:00+00:00'
[2025-10-10T06:00:08.592+0000] {taskinstance.py:430} INFO - ::endgroup::
[2025-10-10T06:00:08.743+0000] {logging_mixin.py:188} INFO - ✅ Spark streaming service is running.
[2025-10-10T06:00:08.745+0000] {python.py:237} INFO - Done. Returned value was: None
[2025-10-10T06:00:08.746+0000] {taskinstance.py:441} INFO - ::group::Post task execution logs
[2025-10-10T06:00:08.766+0000] {taskinstance.py:1206} INFO - Marking task as SUCCESS. dag_id=restaurant_analytics, task_id=check_spark_streaming, run_id=scheduled__2025-10-10T05:00:00+00:00, execution_date=20251010T050000, start_date=20251010T060008, end_date=20251010T060008
[2025-10-10T06:00:08.833+0000] {local_task_job_runner.py:243} INFO - Task exited with return code 0
[2025-10-10T06:00:08.916+0000] {taskinstance.py:3503} INFO - 1 downstream tasks scheduled from follow-on schedule check
[2025-10-10T06:00:08.927+0000] {local_task_job_runner.py:222} INFO - ::endgroup::
