[2025-10-08T04:41:07.355+0000] {local_task_job_runner.py:120} INFO - ::group::Pre task execution logs
[2025-10-08T04:41:07.438+0000] {taskinstance.py:2076} INFO - Dependencies all met for dep_context=non-requeueable deps ti=<TaskInstance: restaurant_analytics.retrain_model manual__2025-10-08T04:35:34.590264+00:00 [queued]>
[2025-10-08T04:41:07.462+0000] {taskinstance.py:2076} INFO - Dependencies all met for dep_context=requeueable deps ti=<TaskInstance: restaurant_analytics.retrain_model manual__2025-10-08T04:35:34.590264+00:00 [queued]>
[2025-10-08T04:41:07.465+0000] {taskinstance.py:2306} INFO - Starting attempt 2 of 2
[2025-10-08T04:41:07.510+0000] {taskinstance.py:2330} INFO - Executing <Task(BashOperator): retrain_model> on 2025-10-08 04:35:34.590264+00:00
[2025-10-08T04:41:07.534+0000] {warnings.py:112} WARNING - /home/***/.local/lib/python3.12/site-packages/***/task/task_runner/standard_task_runner.py:62: DeprecationWarning: This process (pid=425) is multi-threaded, use of fork() may lead to deadlocks in the child.
  pid = os.fork()

[2025-10-08T04:41:07.543+0000] {standard_task_runner.py:64} INFO - Started process 429 to run task
[2025-10-08T04:41:07.544+0000] {standard_task_runner.py:90} INFO - Running: ['***', 'tasks', 'run', 'restaurant_analytics', 'retrain_model', 'manual__2025-10-08T04:35:34.590264+00:00', '--job-id', '132', '--raw', '--subdir', 'DAGS_FOLDER/restaurant_dag.py', '--cfg-path', '/tmp/tmpzlt4ehtc']
[2025-10-08T04:41:07.550+0000] {standard_task_runner.py:91} INFO - Job 132: Subtask retrain_model
[2025-10-08T04:41:07.707+0000] {task_command.py:426} INFO - Running <TaskInstance: restaurant_analytics.retrain_model manual__2025-10-08T04:35:34.590264+00:00 [running]> on host c34aac175a74
[2025-10-08T04:41:07.877+0000] {taskinstance.py:2648} INFO - Exporting env vars: AIRFLOW_CTX_DAG_EMAIL='quantruong1918@gmail.com' AIRFLOW_CTX_DAG_OWNER='***' AIRFLOW_CTX_DAG_ID='restaurant_analytics' AIRFLOW_CTX_TASK_ID='retrain_model' AIRFLOW_CTX_EXECUTION_DATE='2025-10-08T04:35:34.590264+00:00' AIRFLOW_CTX_TRY_NUMBER='2' AIRFLOW_CTX_DAG_RUN_ID='manual__2025-10-08T04:35:34.590264+00:00'
[2025-10-08T04:41:07.881+0000] {taskinstance.py:430} INFO - ::endgroup::
[2025-10-08T04:41:07.883+0000] {subprocess.py:63} INFO - Tmp dir root location: /tmp
[2025-10-08T04:41:07.885+0000] {subprocess.py:75} INFO - Running command: ['/usr/bin/bash', '-c', '/opt/spark/bin/spark-submit --master local[*] /opt/***/dags/train_lr.py']
[2025-10-08T04:41:07.913+0000] {subprocess.py:86} INFO - Output:
[2025-10-08T04:41:14.511+0000] {subprocess.py:93} INFO - Traceback (most recent call last):
[2025-10-08T04:41:14.513+0000] {subprocess.py:93} INFO -   File "/opt/***/dags/train_lr.py", line 2, in <module>
[2025-10-08T04:41:14.525+0000] {subprocess.py:93} INFO -     from pyspark.ml.feature import VectorAssembler
[2025-10-08T04:41:14.528+0000] {subprocess.py:93} INFO -   File "/opt/spark/python/lib/pyspark.zip/pyspark/ml/__init__.py", line 22, in <module>
[2025-10-08T04:41:14.529+0000] {subprocess.py:93} INFO -   File "/opt/spark/python/lib/pyspark.zip/pyspark/ml/base.py", line 40, in <module>
[2025-10-08T04:41:14.530+0000] {subprocess.py:93} INFO -   File "/opt/spark/python/lib/pyspark.zip/pyspark/ml/param/__init__.py", line 32, in <module>
[2025-10-08T04:41:14.532+0000] {subprocess.py:93} INFO - ModuleNotFoundError: No module named 'numpy'
[2025-10-08T04:41:14.622+0000] {subprocess.py:93} INFO - 25/10/08 04:41:14 INFO ShutdownHookManager: Shutdown hook called
[2025-10-08T04:41:14.629+0000] {subprocess.py:93} INFO - 25/10/08 04:41:14 INFO ShutdownHookManager: Deleting directory /tmp/spark-9fc8db10-ad87-499a-9fbb-76eed5a85ecd
[2025-10-08T04:41:14.694+0000] {subprocess.py:97} INFO - Command exited with return code 1
[2025-10-08T04:41:14.695+0000] {taskinstance.py:441} INFO - ::group::Post task execution logs
[2025-10-08T04:41:14.718+0000] {taskinstance.py:2905} ERROR - Task failed with exception
Traceback (most recent call last):
  File "/home/airflow/.local/lib/python3.12/site-packages/airflow/models/taskinstance.py", line 465, in _execute_task
    result = _execute_callable(context=context, **execute_callable_kwargs)
             ^^^^^^^^^^^^^^^^^^^^^^^^^^^^^^^^^^^^^^^^^^^^^^^^^^^^^^^^^^^^^
  File "/home/airflow/.local/lib/python3.12/site-packages/airflow/models/taskinstance.py", line 432, in _execute_callable
    return execute_callable(context=context, **execute_callable_kwargs)
           ^^^^^^^^^^^^^^^^^^^^^^^^^^^^^^^^^^^^^^^^^^^^^^^^^^^^^^^^^^^^
  File "/home/airflow/.local/lib/python3.12/site-packages/airflow/models/baseoperator.py", line 401, in wrapper
    return func(self, *args, **kwargs)
           ^^^^^^^^^^^^^^^^^^^^^^^^^^^
  File "/home/airflow/.local/lib/python3.12/site-packages/airflow/operators/bash.py", line 243, in execute
    raise AirflowException(
airflow.exceptions.AirflowException: Bash command failed. The command returned a non-zero exit code 1.
[2025-10-08T04:41:14.728+0000] {taskinstance.py:1206} INFO - Marking task as FAILED. dag_id=restaurant_analytics, task_id=retrain_model, run_id=manual__2025-10-08T04:35:34.590264+00:00, execution_date=20251008T043534, start_date=20251008T044107, end_date=20251008T044114
[2025-10-08T04:41:14.754+0000] {standard_task_runner.py:110} ERROR - Failed to execute job 132 for task retrain_model (Bash command failed. The command returned a non-zero exit code 1.; 429)
[2025-10-08T04:41:14.788+0000] {local_task_job_runner.py:243} INFO - Task exited with return code 1
[2025-10-08T04:41:14.820+0000] {taskinstance.py:3503} INFO - 0 downstream tasks scheduled from follow-on schedule check
[2025-10-08T04:41:14.833+0000] {local_task_job_runner.py:222} INFO - ::endgroup::
