[2025-10-08T09:21:02.840+0000] {local_task_job_runner.py:120} INFO - ::group::Pre task execution logs
[2025-10-08T09:21:02.893+0000] {taskinstance.py:2076} INFO - Dependencies all met for dep_context=non-requeueable deps ti=<TaskInstance: restaurant_analytics.run_spark_stream manual__2025-10-08T09:20:48.650752+00:00 [queued]>
[2025-10-08T09:21:02.907+0000] {taskinstance.py:2076} INFO - Dependencies all met for dep_context=requeueable deps ti=<TaskInstance: restaurant_analytics.run_spark_stream manual__2025-10-08T09:20:48.650752+00:00 [queued]>
[2025-10-08T09:21:02.908+0000] {taskinstance.py:2306} INFO - Starting attempt 1 of 2
[2025-10-08T09:21:02.939+0000] {taskinstance.py:2330} INFO - Executing <Task(BashOperator): run_spark_stream> on 2025-10-08 09:20:48.650752+00:00
[2025-10-08T09:21:02.963+0000] {warnings.py:112} WARNING - /home/***/.local/lib/python3.12/site-packages/***/task/task_runner/standard_task_runner.py:62: DeprecationWarning: This process (pid=103) is multi-threaded, use of fork() may lead to deadlocks in the child.
  pid = os.fork()

[2025-10-08T09:21:02.970+0000] {standard_task_runner.py:64} INFO - Started process 105 to run task
[2025-10-08T09:21:02.970+0000] {standard_task_runner.py:90} INFO - Running: ['***', 'tasks', 'run', 'restaurant_analytics', 'run_spark_stream', 'manual__2025-10-08T09:20:48.650752+00:00', '--job-id', '180', '--raw', '--subdir', 'DAGS_FOLDER/restaurant_dag.py', '--cfg-path', '/tmp/tmpl94gd0ez']
[2025-10-08T09:21:02.977+0000] {standard_task_runner.py:91} INFO - Job 180: Subtask run_spark_stream
[2025-10-08T09:21:03.197+0000] {task_command.py:426} INFO - Running <TaskInstance: restaurant_analytics.run_spark_stream manual__2025-10-08T09:20:48.650752+00:00 [running]> on host 401042008de4
[2025-10-08T09:21:03.500+0000] {taskinstance.py:2648} INFO - Exporting env vars: AIRFLOW_CTX_DAG_EMAIL='quantruong1918@gmail.com' AIRFLOW_CTX_DAG_OWNER='***' AIRFLOW_CTX_DAG_ID='restaurant_analytics' AIRFLOW_CTX_TASK_ID='run_spark_stream' AIRFLOW_CTX_EXECUTION_DATE='2025-10-08T09:20:48.650752+00:00' AIRFLOW_CTX_TRY_NUMBER='1' AIRFLOW_CTX_DAG_RUN_ID='manual__2025-10-08T09:20:48.650752+00:00'
[2025-10-08T09:21:03.507+0000] {taskinstance.py:430} INFO - ::endgroup::
[2025-10-08T09:21:03.511+0000] {subprocess.py:63} INFO - Tmp dir root location: /tmp
[2025-10-08T09:21:03.514+0000] {subprocess.py:75} INFO - Running command: ['/usr/bin/bash', '-c', 'export PYSPARK_PYTHON=/usr/local/bin/python && export PYSPARK_DRIVER_PYTHON=/usr/local/bin/python && /opt/spark/bin/spark-submit --master local[*] /opt/***/dags/spark_streaming.py']
[2025-10-08T09:21:03.553+0000] {subprocess.py:86} INFO - Output:
[2025-10-08T09:21:13.079+0000] {subprocess.py:93} INFO - 25/10/08 09:21:13 INFO SparkContext: Running Spark version 3.5.1
[2025-10-08T09:21:13.084+0000] {subprocess.py:93} INFO - 25/10/08 09:21:13 INFO SparkContext: OS info Linux, 6.6.87.1-microsoft-standard-WSL2, amd64
[2025-10-08T09:21:13.085+0000] {subprocess.py:93} INFO - 25/10/08 09:21:13 INFO SparkContext: Java version 17.0.16
[2025-10-08T09:21:13.230+0000] {subprocess.py:93} INFO - 25/10/08 09:21:13 WARN NativeCodeLoader: Unable to load native-hadoop library for your platform... using builtin-java classes where applicable
[2025-10-08T09:21:13.428+0000] {subprocess.py:93} INFO - 25/10/08 09:21:13 INFO ResourceUtils: ==============================================================
[2025-10-08T09:21:13.429+0000] {subprocess.py:93} INFO - 25/10/08 09:21:13 INFO ResourceUtils: No custom resources configured for spark.driver.
[2025-10-08T09:21:13.430+0000] {subprocess.py:93} INFO - 25/10/08 09:21:13 INFO ResourceUtils: ==============================================================
[2025-10-08T09:21:13.431+0000] {subprocess.py:93} INFO - 25/10/08 09:21:13 INFO SparkContext: Submitted application: RestaurantStreaming
[2025-10-08T09:21:13.469+0000] {subprocess.py:93} INFO - 25/10/08 09:21:13 INFO ResourceProfile: Default ResourceProfile created, executor resources: Map(cores -> name: cores, amount: 1, script: , vendor: , memory -> name: memory, amount: 1024, script: , vendor: , offHeap -> name: offHeap, amount: 0, script: , vendor: ), task resources: Map(cpus -> name: cpus, amount: 1.0)
[2025-10-08T09:21:13.482+0000] {subprocess.py:93} INFO - 25/10/08 09:21:13 INFO ResourceProfile: Limiting resource is cpu
[2025-10-08T09:21:13.483+0000] {subprocess.py:93} INFO - 25/10/08 09:21:13 INFO ResourceProfileManager: Added ResourceProfile id: 0
[2025-10-08T09:21:13.595+0000] {subprocess.py:93} INFO - 25/10/08 09:21:13 INFO SecurityManager: Changing view acls to: ***
[2025-10-08T09:21:13.596+0000] {subprocess.py:93} INFO - 25/10/08 09:21:13 INFO SecurityManager: Changing modify acls to: ***
[2025-10-08T09:21:13.597+0000] {subprocess.py:93} INFO - 25/10/08 09:21:13 INFO SecurityManager: Changing view acls groups to:
[2025-10-08T09:21:13.598+0000] {subprocess.py:93} INFO - 25/10/08 09:21:13 INFO SecurityManager: Changing modify acls groups to:
[2025-10-08T09:21:13.600+0000] {subprocess.py:93} INFO - 25/10/08 09:21:13 INFO SecurityManager: SecurityManager: authentication disabled; ui acls disabled; users with view permissions: ***; groups with view permissions: EMPTY; users with modify permissions: ***; groups with modify permissions: EMPTY
[2025-10-08T09:21:15.114+0000] {subprocess.py:93} INFO - 25/10/08 09:21:15 INFO Utils: Successfully started service 'sparkDriver' on port 46623.
[2025-10-08T09:21:15.274+0000] {subprocess.py:93} INFO - 25/10/08 09:21:15 INFO SparkEnv: Registering MapOutputTracker
[2025-10-08T09:21:15.404+0000] {subprocess.py:93} INFO - 25/10/08 09:21:15 INFO SparkEnv: Registering BlockManagerMaster
[2025-10-08T09:21:15.483+0000] {subprocess.py:93} INFO - 25/10/08 09:21:15 INFO BlockManagerMasterEndpoint: Using org.apache.spark.storage.DefaultTopologyMapper for getting topology information
[2025-10-08T09:21:15.485+0000] {subprocess.py:93} INFO - 25/10/08 09:21:15 INFO BlockManagerMasterEndpoint: BlockManagerMasterEndpoint up
[2025-10-08T09:21:15.497+0000] {subprocess.py:93} INFO - 25/10/08 09:21:15 INFO SparkEnv: Registering BlockManagerMasterHeartbeat
[2025-10-08T09:21:15.601+0000] {subprocess.py:93} INFO - 25/10/08 09:21:15 INFO DiskBlockManager: Created local directory at /tmp/blockmgr-b39b8288-cef3-42a6-96de-3fd22a5893a1
[2025-10-08T09:21:15.649+0000] {subprocess.py:93} INFO - 25/10/08 09:21:15 INFO MemoryStore: MemoryStore started with capacity 434.4 MiB
[2025-10-08T09:21:15.709+0000] {subprocess.py:93} INFO - 25/10/08 09:21:15 INFO SparkEnv: Registering OutputCommitCoordinator
[2025-10-08T09:21:16.206+0000] {subprocess.py:93} INFO - 25/10/08 09:21:16 INFO JettyUtils: Start Jetty 0.0.0.0:4040 for SparkUI
[2025-10-08T09:21:16.616+0000] {subprocess.py:93} INFO - 25/10/08 09:21:16 INFO Utils: Successfully started service 'SparkUI' on port 4040.
[2025-10-08T09:21:17.064+0000] {subprocess.py:93} INFO - 25/10/08 09:21:17 INFO Executor: Starting executor ID driver on host 401042008de4
[2025-10-08T09:21:17.067+0000] {subprocess.py:93} INFO - 25/10/08 09:21:17 INFO Executor: OS info Linux, 6.6.87.1-microsoft-standard-WSL2, amd64
[2025-10-08T09:21:17.069+0000] {subprocess.py:93} INFO - 25/10/08 09:21:17 INFO Executor: Java version 17.0.16
[2025-10-08T09:21:17.097+0000] {subprocess.py:93} INFO - 25/10/08 09:21:17 INFO Executor: Starting executor with user classpath (userClassPathFirst = false): ''
[2025-10-08T09:21:17.100+0000] {subprocess.py:93} INFO - 25/10/08 09:21:17 INFO Executor: Created or updated repl class loader org.apache.spark.util.MutableURLClassLoader@182c8286 for default.
[2025-10-08T09:21:17.168+0000] {subprocess.py:93} INFO - 25/10/08 09:21:17 INFO Utils: Successfully started service 'org.apache.spark.network.netty.NettyBlockTransferService' on port 33757.
[2025-10-08T09:21:17.170+0000] {subprocess.py:93} INFO - 25/10/08 09:21:17 INFO NettyBlockTransferService: Server created on 401042008de4:33757
[2025-10-08T09:21:17.174+0000] {subprocess.py:93} INFO - 25/10/08 09:21:17 INFO BlockManager: Using org.apache.spark.storage.RandomBlockReplicationPolicy for block replication policy
[2025-10-08T09:21:17.198+0000] {subprocess.py:93} INFO - 25/10/08 09:21:17 INFO BlockManagerMaster: Registering BlockManager BlockManagerId(driver, 401042008de4, 33757, None)
[2025-10-08T09:21:17.217+0000] {subprocess.py:93} INFO - 25/10/08 09:21:17 INFO BlockManagerMasterEndpoint: Registering block manager 401042008de4:33757 with 434.4 MiB RAM, BlockManagerId(driver, 401042008de4, 33757, None)
[2025-10-08T09:21:17.219+0000] {subprocess.py:93} INFO - 25/10/08 09:21:17 INFO BlockManagerMaster: Registered BlockManager BlockManagerId(driver, 401042008de4, 33757, None)
[2025-10-08T09:21:17.222+0000] {subprocess.py:93} INFO - 25/10/08 09:21:17 INFO BlockManager: Initialized BlockManager: BlockManagerId(driver, 401042008de4, 33757, None)
[2025-10-08T09:21:18.324+0000] {subprocess.py:93} INFO - 25/10/08 09:21:18 INFO SharedState: Setting hive.metastore.warehouse.dir ('null') to the value of spark.sql.warehouse.dir.
[2025-10-08T09:21:18.337+0000] {subprocess.py:93} INFO - 25/10/08 09:21:18 INFO SharedState: Warehouse path is 'file:/tmp/***tmpni9d8lqv/spark-warehouse'.
[2025-10-08T09:21:21.458+0000] {subprocess.py:93} INFO - Traceback (most recent call last):
[2025-10-08T09:21:21.459+0000] {subprocess.py:93} INFO -   File "/opt/***/dags/spark_streaming.py", line 37, in <module>
[2025-10-08T09:21:21.464+0000] {subprocess.py:93} INFO -     .load()
[2025-10-08T09:21:21.465+0000] {subprocess.py:93} INFO -      ^^^^^^
[2025-10-08T09:21:21.466+0000] {subprocess.py:93} INFO -   File "/opt/spark/python/lib/pyspark.zip/pyspark/sql/streaming/readwriter.py", line 304, in load
[2025-10-08T09:21:21.468+0000] {subprocess.py:93} INFO -   File "/opt/spark/python/lib/py4j-0.10.9.7-src.zip/py4j/java_gateway.py", line 1322, in __call__
[2025-10-08T09:21:21.474+0000] {subprocess.py:93} INFO -   File "/opt/spark/python/lib/pyspark.zip/pyspark/errors/exceptions/captured.py", line 185, in deco
[2025-10-08T09:21:21.490+0000] {subprocess.py:93} INFO - pyspark.errors.exceptions.captured.AnalysisException: Failed to find data source: kafka. Please deploy the application as per the deployment section of Structured Streaming + Kafka Integration Guide.
[2025-10-08T09:21:21.817+0000] {subprocess.py:93} INFO - 25/10/08 09:21:21 INFO SparkContext: Invoking stop() from shutdown hook
[2025-10-08T09:21:21.823+0000] {subprocess.py:93} INFO - 25/10/08 09:21:21 INFO SparkContext: SparkContext is stopping with exitCode 0.
[2025-10-08T09:21:21.854+0000] {subprocess.py:93} INFO - 25/10/08 09:21:21 INFO SparkUI: Stopped Spark web UI at http://401042008de4:4040
[2025-10-08T09:21:21.892+0000] {subprocess.py:93} INFO - 25/10/08 09:21:21 INFO MapOutputTrackerMasterEndpoint: MapOutputTrackerMasterEndpoint stopped!
[2025-10-08T09:21:21.969+0000] {subprocess.py:93} INFO - 25/10/08 09:21:21 INFO MemoryStore: MemoryStore cleared
[2025-10-08T09:21:21.973+0000] {subprocess.py:93} INFO - 25/10/08 09:21:21 INFO BlockManager: BlockManager stopped
[2025-10-08T09:21:21.999+0000] {subprocess.py:93} INFO - 25/10/08 09:21:21 INFO BlockManagerMaster: BlockManagerMaster stopped
[2025-10-08T09:21:22.015+0000] {subprocess.py:93} INFO - 25/10/08 09:21:22 INFO OutputCommitCoordinator$OutputCommitCoordinatorEndpoint: OutputCommitCoordinator stopped!
[2025-10-08T09:21:22.057+0000] {subprocess.py:93} INFO - 25/10/08 09:21:22 INFO SparkContext: Successfully stopped SparkContext
[2025-10-08T09:21:22.060+0000] {subprocess.py:93} INFO - 25/10/08 09:21:22 INFO ShutdownHookManager: Shutdown hook called
[2025-10-08T09:21:22.061+0000] {subprocess.py:93} INFO - 25/10/08 09:21:22 INFO ShutdownHookManager: Deleting directory /tmp/spark-4a9388b5-4ee3-4ea9-b8ef-0e2ab66d061a
[2025-10-08T09:21:22.067+0000] {subprocess.py:93} INFO - 25/10/08 09:21:22 INFO ShutdownHookManager: Deleting directory /tmp/spark-bcef7567-faa1-4c9d-a97e-f6a9d2e48c3f
[2025-10-08T09:21:22.074+0000] {subprocess.py:93} INFO - 25/10/08 09:21:22 INFO ShutdownHookManager: Deleting directory /tmp/spark-bcef7567-faa1-4c9d-a97e-f6a9d2e48c3f/pyspark-c344dd94-89c8-4ec0-abfa-e01e003f7d54
[2025-10-08T09:21:22.305+0000] {subprocess.py:97} INFO - Command exited with return code 1
[2025-10-08T09:21:22.308+0000] {taskinstance.py:441} INFO - ::group::Post task execution logs
[2025-10-08T09:21:22.341+0000] {taskinstance.py:2905} ERROR - Task failed with exception
Traceback (most recent call last):
  File "/home/airflow/.local/lib/python3.12/site-packages/airflow/models/taskinstance.py", line 465, in _execute_task
    result = _execute_callable(context=context, **execute_callable_kwargs)
             ^^^^^^^^^^^^^^^^^^^^^^^^^^^^^^^^^^^^^^^^^^^^^^^^^^^^^^^^^^^^^
  File "/home/airflow/.local/lib/python3.12/site-packages/airflow/models/taskinstance.py", line 432, in _execute_callable
    return execute_callable(context=context, **execute_callable_kwargs)
           ^^^^^^^^^^^^^^^^^^^^^^^^^^^^^^^^^^^^^^^^^^^^^^^^^^^^^^^^^^^^
  File "/home/airflow/.local/lib/python3.12/site-packages/airflow/models/baseoperator.py", line 401, in wrapper
    return func(self, *args, **kwargs)
           ^^^^^^^^^^^^^^^^^^^^^^^^^^^
  File "/home/airflow/.local/lib/python3.12/site-packages/airflow/operators/bash.py", line 243, in execute
    raise AirflowException(
airflow.exceptions.AirflowException: Bash command failed. The command returned a non-zero exit code 1.
[2025-10-08T09:21:22.365+0000] {taskinstance.py:1206} INFO - Marking task as UP_FOR_RETRY. dag_id=restaurant_analytics, task_id=run_spark_stream, run_id=manual__2025-10-08T09:20:48.650752+00:00, execution_date=20251008T092048, start_date=20251008T092102, end_date=20251008T092122
[2025-10-08T09:21:22.437+0000] {warnings.py:112} WARNING - /home/***/.local/lib/python3.12/site-packages/***/utils/email.py:154: RemovedInAirflow3Warning: Fetching SMTP credentials from configuration variables will be deprecated in a future release. Please set credentials using a connection instead.
  send_mime_email(e_from=mail_from, e_to=recipients, mime_msg=msg, conn_id=conn_id, dryrun=dryrun)

[2025-10-08T09:21:22.439+0000] {configuration.py:1053} WARNING - section/key [smtp/smtp_user] not found in config
[2025-10-08T09:21:22.440+0000] {email.py:271} INFO - Email alerting: attempt 1
[2025-10-08T09:21:22.467+0000] {configuration.py:1053} WARNING - section/key [smtp/smtp_user] not found in config
[2025-10-08T09:21:22.468+0000] {email.py:271} INFO - Email alerting: attempt 1
[2025-10-08T09:21:22.471+0000] {taskinstance.py:879} ERROR - Failed to send email to: ['quantruong1918@gmail.com']
Traceback (most recent call last):
  File "/home/airflow/.local/lib/python3.12/site-packages/airflow/models/taskinstance.py", line 2479, in _run_raw_task
    self._execute_task_with_callbacks(context, test_mode, session=session)
  File "/home/airflow/.local/lib/python3.12/site-packages/airflow/models/taskinstance.py", line 2676, in _execute_task_with_callbacks
    result = self._execute_task(context, task_orig)
             ^^^^^^^^^^^^^^^^^^^^^^^^^^^^^^^^^^^^^^
  File "/home/airflow/.local/lib/python3.12/site-packages/airflow/models/taskinstance.py", line 2701, in _execute_task
    return _execute_task(self, context, task_orig)
           ^^^^^^^^^^^^^^^^^^^^^^^^^^^^^^^^^^^^^^^
  File "/home/airflow/.local/lib/python3.12/site-packages/airflow/models/taskinstance.py", line 465, in _execute_task
    result = _execute_callable(context=context, **execute_callable_kwargs)
             ^^^^^^^^^^^^^^^^^^^^^^^^^^^^^^^^^^^^^^^^^^^^^^^^^^^^^^^^^^^^^
  File "/home/airflow/.local/lib/python3.12/site-packages/airflow/models/taskinstance.py", line 432, in _execute_callable
    return execute_callable(context=context, **execute_callable_kwargs)
           ^^^^^^^^^^^^^^^^^^^^^^^^^^^^^^^^^^^^^^^^^^^^^^^^^^^^^^^^^^^^
  File "/home/airflow/.local/lib/python3.12/site-packages/airflow/models/baseoperator.py", line 401, in wrapper
    return func(self, *args, **kwargs)
           ^^^^^^^^^^^^^^^^^^^^^^^^^^^
  File "/home/airflow/.local/lib/python3.12/site-packages/airflow/operators/bash.py", line 243, in execute
    raise AirflowException(
airflow.exceptions.AirflowException: Bash command failed. The command returned a non-zero exit code 1.

During handling of the above exception, another exception occurred:

Traceback (most recent call last):
  File "/home/airflow/.local/lib/python3.12/site-packages/airflow/models/taskinstance.py", line 1063, in _email_alert
    send_email(task.email, subject, html_content)
  File "/home/airflow/.local/lib/python3.12/site-packages/airflow/utils/email.py", line 80, in send_email
    return backend(
           ^^^^^^^^
  File "/home/airflow/.local/lib/python3.12/site-packages/airflow/utils/email.py", line 154, in send_email_smtp
    send_mime_email(e_from=mail_from, e_to=recipients, mime_msg=msg, conn_id=conn_id, dryrun=dryrun)
  File "/home/airflow/.local/lib/python3.12/site-packages/airflow/utils/email.py", line 273, in send_mime_email
    smtp_conn = _get_smtp_connection(smtp_host, smtp_port, smtp_timeout, smtp_ssl)
                ^^^^^^^^^^^^^^^^^^^^^^^^^^^^^^^^^^^^^^^^^^^^^^^^^^^^^^^^^^^^^^^^^^
  File "/home/airflow/.local/lib/python3.12/site-packages/airflow/utils/email.py", line 317, in _get_smtp_connection
    return smtplib.SMTP(host=host, port=port, timeout=timeout)
           ^^^^^^^^^^^^^^^^^^^^^^^^^^^^^^^^^^^^^^^^^^^^^^^^^^^
  File "/usr/local/lib/python3.12/smtplib.py", line 255, in __init__
    (code, msg) = self.connect(host, port)
                  ^^^^^^^^^^^^^^^^^^^^^^^^
  File "/usr/local/lib/python3.12/smtplib.py", line 341, in connect
    self.sock = self._get_socket(host, port, self.timeout)
                ^^^^^^^^^^^^^^^^^^^^^^^^^^^^^^^^^^^^^^^^^^
  File "/usr/local/lib/python3.12/smtplib.py", line 312, in _get_socket
    return socket.create_connection((host, port), timeout,
           ^^^^^^^^^^^^^^^^^^^^^^^^^^^^^^^^^^^^^^^^^^^^^^^
  File "/usr/local/lib/python3.12/socket.py", line 853, in create_connection
    raise exceptions[0]
  File "/usr/local/lib/python3.12/socket.py", line 838, in create_connection
    sock.connect(sa)
ConnectionRefusedError: [Errno 111] Connection refused

During handling of the above exception, another exception occurred:

Traceback (most recent call last):
  File "/home/airflow/.local/lib/python3.12/site-packages/airflow/models/taskinstance.py", line 877, in _handle_failure
    task_instance.email_alert(error, failure_context["task"])
  File "/home/airflow/.local/lib/python3.12/site-packages/airflow/models/taskinstance.py", line 3163, in email_alert
    _email_alert(task_instance=self, exception=exception, task=task)
  File "/home/airflow/.local/lib/python3.12/site-packages/airflow/models/taskinstance.py", line 1065, in _email_alert
    send_email(task.email, subject, html_content_err)
  File "/home/airflow/.local/lib/python3.12/site-packages/airflow/utils/email.py", line 80, in send_email
    return backend(
           ^^^^^^^^
  File "/home/airflow/.local/lib/python3.12/site-packages/airflow/utils/email.py", line 154, in send_email_smtp
    send_mime_email(e_from=mail_from, e_to=recipients, mime_msg=msg, conn_id=conn_id, dryrun=dryrun)
  File "/home/airflow/.local/lib/python3.12/site-packages/airflow/utils/email.py", line 273, in send_mime_email
    smtp_conn = _get_smtp_connection(smtp_host, smtp_port, smtp_timeout, smtp_ssl)
                ^^^^^^^^^^^^^^^^^^^^^^^^^^^^^^^^^^^^^^^^^^^^^^^^^^^^^^^^^^^^^^^^^^
  File "/home/airflow/.local/lib/python3.12/site-packages/airflow/utils/email.py", line 317, in _get_smtp_connection
    return smtplib.SMTP(host=host, port=port, timeout=timeout)
           ^^^^^^^^^^^^^^^^^^^^^^^^^^^^^^^^^^^^^^^^^^^^^^^^^^^
  File "/usr/local/lib/python3.12/smtplib.py", line 255, in __init__
    (code, msg) = self.connect(host, port)
                  ^^^^^^^^^^^^^^^^^^^^^^^^
  File "/usr/local/lib/python3.12/smtplib.py", line 341, in connect
    self.sock = self._get_socket(host, port, self.timeout)
                ^^^^^^^^^^^^^^^^^^^^^^^^^^^^^^^^^^^^^^^^^^
  File "/usr/local/lib/python3.12/smtplib.py", line 312, in _get_socket
    return socket.create_connection((host, port), timeout,
           ^^^^^^^^^^^^^^^^^^^^^^^^^^^^^^^^^^^^^^^^^^^^^^^
  File "/usr/local/lib/python3.12/socket.py", line 853, in create_connection
    raise exceptions[0]
  File "/usr/local/lib/python3.12/socket.py", line 838, in create_connection
    sock.connect(sa)
ConnectionRefusedError: [Errno 111] Connection refused
[2025-10-08T09:21:22.519+0000] {standard_task_runner.py:110} ERROR - Failed to execute job 180 for task run_spark_stream (Bash command failed. The command returned a non-zero exit code 1.; 105)
[2025-10-08T09:21:22.594+0000] {local_task_job_runner.py:243} INFO - Task exited with return code 1
[2025-10-08T09:21:22.706+0000] {taskinstance.py:3503} INFO - 0 downstream tasks scheduled from follow-on schedule check
[2025-10-08T09:21:22.756+0000] {local_task_job_runner.py:222} INFO - ::endgroup::
