[2025-10-09T15:49:36.136+0000] {local_task_job_runner.py:120} INFO - ::group::Pre task execution logs
[2025-10-09T15:49:36.363+0000] {taskinstance.py:2076} INFO - Dependencies all met for dep_context=non-requeueable deps ti=<TaskInstance: restaurant_analytics.retrain_model manual__2025-10-09T15:43:30.208014+00:00 [queued]>
[2025-10-09T15:49:36.465+0000] {taskinstance.py:2076} INFO - Dependencies all met for dep_context=requeueable deps ti=<TaskInstance: restaurant_analytics.retrain_model manual__2025-10-09T15:43:30.208014+00:00 [queued]>
[2025-10-09T15:49:36.503+0000] {taskinstance.py:2306} INFO - Starting attempt 2 of 2
[2025-10-09T15:49:36.574+0000] {taskinstance.py:2330} INFO - Executing <Task(BashOperator): retrain_model> on 2025-10-09 15:43:30.208014+00:00
[2025-10-09T15:49:36.602+0000] {warnings.py:112} WARNING - /home/***/.local/lib/python3.12/site-packages/***/task/task_runner/standard_task_runner.py:62: DeprecationWarning: This process (pid=3748) is multi-threaded, use of fork() may lead to deadlocks in the child.
  pid = os.fork()

[2025-10-09T15:49:36.606+0000] {standard_task_runner.py:64} INFO - Started process 3750 to run task
[2025-10-09T15:49:36.615+0000] {standard_task_runner.py:90} INFO - Running: ['***', 'tasks', 'run', 'restaurant_analytics', 'retrain_model', 'manual__2025-10-09T15:43:30.208014+00:00', '--job-id', '272', '--raw', '--subdir', 'DAGS_FOLDER/restaurant_dag.py', '--cfg-path', '/tmp/tmpk17vaeoc']
[2025-10-09T15:49:36.622+0000] {standard_task_runner.py:91} INFO - Job 272: Subtask retrain_model
[2025-10-09T15:49:36.922+0000] {task_command.py:426} INFO - Running <TaskInstance: restaurant_analytics.retrain_model manual__2025-10-09T15:43:30.208014+00:00 [running]> on host dd5baa7fba45
[2025-10-09T15:49:37.188+0000] {taskinstance.py:2648} INFO - Exporting env vars: AIRFLOW_CTX_DAG_EMAIL='quantruong1918@gmail.com' AIRFLOW_CTX_DAG_OWNER='***' AIRFLOW_CTX_DAG_ID='restaurant_analytics' AIRFLOW_CTX_TASK_ID='retrain_model' AIRFLOW_CTX_EXECUTION_DATE='2025-10-09T15:43:30.208014+00:00' AIRFLOW_CTX_TRY_NUMBER='2' AIRFLOW_CTX_DAG_RUN_ID='manual__2025-10-09T15:43:30.208014+00:00'
[2025-10-09T15:49:37.193+0000] {taskinstance.py:430} INFO - ::endgroup::
[2025-10-09T15:49:37.196+0000] {subprocess.py:63} INFO - Tmp dir root location: /tmp
[2025-10-09T15:49:37.198+0000] {subprocess.py:75} INFO - Running command: ['/usr/bin/bash', '-c', 'export PYSPARK_PYTHON=/usr/local/bin/python && export PYSPARK_DRIVER_PYTHON=/usr/local/bin/python && /opt/spark/bin/spark-submit --master local[*] /opt/***/dags/train_lr.py']
[2025-10-09T15:49:37.230+0000] {subprocess.py:86} INFO - Output:
[2025-10-09T15:49:46.496+0000] {subprocess.py:93} INFO - 25/10/09 15:49:46 INFO SparkContext: Running Spark version 3.5.1
[2025-10-09T15:49:46.501+0000] {subprocess.py:93} INFO - 25/10/09 15:49:46 INFO SparkContext: OS info Linux, 6.6.87.1-microsoft-standard-WSL2, amd64
[2025-10-09T15:49:46.503+0000] {subprocess.py:93} INFO - 25/10/09 15:49:46 INFO SparkContext: Java version 17.0.16
[2025-10-09T15:49:46.664+0000] {subprocess.py:93} INFO - 25/10/09 15:49:46 WARN NativeCodeLoader: Unable to load native-hadoop library for your platform... using builtin-java classes where applicable
[2025-10-09T15:49:46.886+0000] {subprocess.py:93} INFO - 25/10/09 15:49:46 INFO ResourceUtils: ==============================================================
[2025-10-09T15:49:46.888+0000] {subprocess.py:93} INFO - 25/10/09 15:49:46 INFO ResourceUtils: No custom resources configured for spark.driver.
[2025-10-09T15:49:46.889+0000] {subprocess.py:93} INFO - 25/10/09 15:49:46 INFO ResourceUtils: ==============================================================
[2025-10-09T15:49:46.890+0000] {subprocess.py:93} INFO - 25/10/09 15:49:46 INFO SparkContext: Submitted application: TrainLR
[2025-10-09T15:49:46.938+0000] {subprocess.py:93} INFO - 25/10/09 15:49:46 INFO ResourceProfile: Default ResourceProfile created, executor resources: Map(cores -> name: cores, amount: 1, script: , vendor: , memory -> name: memory, amount: 1024, script: , vendor: , offHeap -> name: offHeap, amount: 0, script: , vendor: ), task resources: Map(cpus -> name: cpus, amount: 1.0)
[2025-10-09T15:49:46.958+0000] {subprocess.py:93} INFO - 25/10/09 15:49:46 INFO ResourceProfile: Limiting resource is cpu
[2025-10-09T15:49:46.960+0000] {subprocess.py:93} INFO - 25/10/09 15:49:46 INFO ResourceProfileManager: Added ResourceProfile id: 0
[2025-10-09T15:49:47.080+0000] {subprocess.py:93} INFO - 25/10/09 15:49:47 INFO SecurityManager: Changing view acls to: ***
[2025-10-09T15:49:47.082+0000] {subprocess.py:93} INFO - 25/10/09 15:49:47 INFO SecurityManager: Changing modify acls to: ***
[2025-10-09T15:49:47.083+0000] {subprocess.py:93} INFO - 25/10/09 15:49:47 INFO SecurityManager: Changing view acls groups to:
[2025-10-09T15:49:47.084+0000] {subprocess.py:93} INFO - 25/10/09 15:49:47 INFO SecurityManager: Changing modify acls groups to:
[2025-10-09T15:49:47.085+0000] {subprocess.py:93} INFO - 25/10/09 15:49:47 INFO SecurityManager: SecurityManager: authentication disabled; ui acls disabled; users with view permissions: ***; groups with view permissions: EMPTY; users with modify permissions: ***; groups with modify permissions: EMPTY
[2025-10-09T15:49:47.993+0000] {subprocess.py:93} INFO - 25/10/09 15:49:47 INFO Utils: Successfully started service 'sparkDriver' on port 46329.
[2025-10-09T15:49:48.063+0000] {subprocess.py:93} INFO - 25/10/09 15:49:48 INFO SparkEnv: Registering MapOutputTracker
[2025-10-09T15:49:48.144+0000] {subprocess.py:93} INFO - 25/10/09 15:49:48 INFO SparkEnv: Registering BlockManagerMaster
[2025-10-09T15:49:48.194+0000] {subprocess.py:93} INFO - 25/10/09 15:49:48 INFO BlockManagerMasterEndpoint: Using org.apache.spark.storage.DefaultTopologyMapper for getting topology information
[2025-10-09T15:49:48.196+0000] {subprocess.py:93} INFO - 25/10/09 15:49:48 INFO BlockManagerMasterEndpoint: BlockManagerMasterEndpoint up
[2025-10-09T15:49:48.206+0000] {subprocess.py:93} INFO - 25/10/09 15:49:48 INFO SparkEnv: Registering BlockManagerMasterHeartbeat
[2025-10-09T15:49:48.264+0000] {subprocess.py:93} INFO - 25/10/09 15:49:48 INFO DiskBlockManager: Created local directory at /tmp/blockmgr-b32f5bd8-baa5-4e5b-b109-72e32bdbf8d8
[2025-10-09T15:49:48.306+0000] {subprocess.py:93} INFO - 25/10/09 15:49:48 INFO MemoryStore: MemoryStore started with capacity 434.4 MiB
[2025-10-09T15:49:48.354+0000] {subprocess.py:93} INFO - 25/10/09 15:49:48 INFO SparkEnv: Registering OutputCommitCoordinator
[2025-10-09T15:49:48.658+0000] {subprocess.py:93} INFO - 25/10/09 15:49:48 INFO JettyUtils: Start Jetty 0.0.0.0:4040 for SparkUI
[2025-10-09T15:49:48.849+0000] {subprocess.py:93} INFO - 25/10/09 15:49:48 INFO Utils: Successfully started service 'SparkUI' on port 4040.
[2025-10-09T15:49:49.143+0000] {subprocess.py:93} INFO - 25/10/09 15:49:49 INFO Executor: Starting executor ID driver on host dd5baa7fba45
[2025-10-09T15:49:49.144+0000] {subprocess.py:93} INFO - 25/10/09 15:49:49 INFO Executor: OS info Linux, 6.6.87.1-microsoft-standard-WSL2, amd64
[2025-10-09T15:49:49.146+0000] {subprocess.py:93} INFO - 25/10/09 15:49:49 INFO Executor: Java version 17.0.16
[2025-10-09T15:49:49.166+0000] {subprocess.py:93} INFO - 25/10/09 15:49:49 INFO Executor: Starting executor with user classpath (userClassPathFirst = false): ''
[2025-10-09T15:49:49.169+0000] {subprocess.py:93} INFO - 25/10/09 15:49:49 INFO Executor: Created or updated repl class loader org.apache.spark.util.MutableURLClassLoader@2acab408 for default.
[2025-10-09T15:49:49.281+0000] {subprocess.py:93} INFO - 25/10/09 15:49:49 INFO Utils: Successfully started service 'org.apache.spark.network.netty.NettyBlockTransferService' on port 46041.
[2025-10-09T15:49:49.284+0000] {subprocess.py:93} INFO - 25/10/09 15:49:49 INFO NettyBlockTransferService: Server created on dd5baa7fba45:46041
[2025-10-09T15:49:49.291+0000] {subprocess.py:93} INFO - 25/10/09 15:49:49 INFO BlockManager: Using org.apache.spark.storage.RandomBlockReplicationPolicy for block replication policy
[2025-10-09T15:49:49.322+0000] {subprocess.py:93} INFO - 25/10/09 15:49:49 INFO BlockManagerMaster: Registering BlockManager BlockManagerId(driver, dd5baa7fba45, 46041, None)
[2025-10-09T15:49:49.336+0000] {subprocess.py:93} INFO - 25/10/09 15:49:49 INFO BlockManagerMasterEndpoint: Registering block manager dd5baa7fba45:46041 with 434.4 MiB RAM, BlockManagerId(driver, dd5baa7fba45, 46041, None)
[2025-10-09T15:49:49.345+0000] {subprocess.py:93} INFO - 25/10/09 15:49:49 INFO BlockManagerMaster: Registered BlockManager BlockManagerId(driver, dd5baa7fba45, 46041, None)
[2025-10-09T15:49:49.349+0000] {subprocess.py:93} INFO - 25/10/09 15:49:49 INFO BlockManager: Initialized BlockManager: BlockManagerId(driver, dd5baa7fba45, 46041, None)
[2025-10-09T15:49:50.926+0000] {subprocess.py:93} INFO - 25/10/09 15:49:50 INFO SharedState: Setting hive.metastore.warehouse.dir ('null') to the value of spark.sql.warehouse.dir.
[2025-10-09T15:49:50.944+0000] {subprocess.py:93} INFO - 25/10/09 15:49:50 INFO SharedState: Warehouse path is 'file:/tmp/***tmpsgnq17dj/spark-warehouse'.
[2025-10-09T15:49:53.860+0000] {subprocess.py:93} INFO - Traceback (most recent call last):
[2025-10-09T15:49:53.861+0000] {subprocess.py:93} INFO -   File "/opt/***/dags/train_lr.py", line 7, in <module>
[2025-10-09T15:49:53.864+0000] {subprocess.py:93} INFO -     df = spark.read.csv('historical_orders.csv', header=True, inferSchema=True)
[2025-10-09T15:49:53.865+0000] {subprocess.py:93} INFO -          ^^^^^^^^^^^^^^^^^^^^^^^^^^^^^^^^^^^^^^^^^^^^^^^^^^^^^^^^^^^^^^^^^^^^^^
[2025-10-09T15:49:53.866+0000] {subprocess.py:93} INFO -   File "/opt/spark/python/lib/pyspark.zip/pyspark/sql/readwriter.py", line 740, in csv
[2025-10-09T15:49:53.867+0000] {subprocess.py:93} INFO -   File "/opt/spark/python/lib/py4j-0.10.9.7-src.zip/py4j/java_gateway.py", line 1322, in __call__
[2025-10-09T15:49:53.868+0000] {subprocess.py:93} INFO -   File "/opt/spark/python/lib/pyspark.zip/pyspark/errors/exceptions/captured.py", line 185, in deco
[2025-10-09T15:49:53.879+0000] {subprocess.py:93} INFO - pyspark.errors.exceptions.captured.AnalysisException: [PATH_NOT_FOUND] Path does not exist: file:/tmp/***tmpsgnq17dj/historical_orders.csv.
[2025-10-09T15:49:54.066+0000] {subprocess.py:93} INFO - 25/10/09 15:49:54 INFO SparkContext: Invoking stop() from shutdown hook
[2025-10-09T15:49:54.067+0000] {subprocess.py:93} INFO - 25/10/09 15:49:54 INFO SparkContext: SparkContext is stopping with exitCode 0.
[2025-10-09T15:49:54.082+0000] {subprocess.py:93} INFO - 25/10/09 15:49:54 INFO SparkUI: Stopped Spark web UI at http://dd5baa7fba45:4040
[2025-10-09T15:49:54.099+0000] {subprocess.py:93} INFO - 25/10/09 15:49:54 INFO MapOutputTrackerMasterEndpoint: MapOutputTrackerMasterEndpoint stopped!
[2025-10-09T15:49:54.118+0000] {subprocess.py:93} INFO - 25/10/09 15:49:54 INFO MemoryStore: MemoryStore cleared
[2025-10-09T15:49:54.119+0000] {subprocess.py:93} INFO - 25/10/09 15:49:54 INFO BlockManager: BlockManager stopped
[2025-10-09T15:49:54.129+0000] {subprocess.py:93} INFO - 25/10/09 15:49:54 INFO BlockManagerMaster: BlockManagerMaster stopped
[2025-10-09T15:49:54.133+0000] {subprocess.py:93} INFO - 25/10/09 15:49:54 INFO OutputCommitCoordinator$OutputCommitCoordinatorEndpoint: OutputCommitCoordinator stopped!
[2025-10-09T15:49:54.149+0000] {subprocess.py:93} INFO - 25/10/09 15:49:54 INFO SparkContext: Successfully stopped SparkContext
[2025-10-09T15:49:54.150+0000] {subprocess.py:93} INFO - 25/10/09 15:49:54 INFO ShutdownHookManager: Shutdown hook called
[2025-10-09T15:49:54.151+0000] {subprocess.py:93} INFO - 25/10/09 15:49:54 INFO ShutdownHookManager: Deleting directory /tmp/spark-677cdeee-12cc-4a2a-9dd2-fe890b6708ba/pyspark-7c9a2f71-74e6-4083-8c70-3fc0cb5aef24
[2025-10-09T15:49:54.156+0000] {subprocess.py:93} INFO - 25/10/09 15:49:54 INFO ShutdownHookManager: Deleting directory /tmp/spark-aab26897-eb87-4f9c-ae77-4456939b0baf
[2025-10-09T15:49:54.162+0000] {subprocess.py:93} INFO - 25/10/09 15:49:54 INFO ShutdownHookManager: Deleting directory /tmp/spark-677cdeee-12cc-4a2a-9dd2-fe890b6708ba
[2025-10-09T15:49:54.239+0000] {subprocess.py:97} INFO - Command exited with return code 1
[2025-10-09T15:49:54.241+0000] {taskinstance.py:441} INFO - ::group::Post task execution logs
[2025-10-09T15:49:54.258+0000] {taskinstance.py:2905} ERROR - Task failed with exception
Traceback (most recent call last):
  File "/home/airflow/.local/lib/python3.12/site-packages/airflow/models/taskinstance.py", line 465, in _execute_task
    result = _execute_callable(context=context, **execute_callable_kwargs)
             ^^^^^^^^^^^^^^^^^^^^^^^^^^^^^^^^^^^^^^^^^^^^^^^^^^^^^^^^^^^^^
  File "/home/airflow/.local/lib/python3.12/site-packages/airflow/models/taskinstance.py", line 432, in _execute_callable
    return execute_callable(context=context, **execute_callable_kwargs)
           ^^^^^^^^^^^^^^^^^^^^^^^^^^^^^^^^^^^^^^^^^^^^^^^^^^^^^^^^^^^^
  File "/home/airflow/.local/lib/python3.12/site-packages/airflow/models/baseoperator.py", line 401, in wrapper
    return func(self, *args, **kwargs)
           ^^^^^^^^^^^^^^^^^^^^^^^^^^^
  File "/home/airflow/.local/lib/python3.12/site-packages/airflow/operators/bash.py", line 243, in execute
    raise AirflowException(
airflow.exceptions.AirflowException: Bash command failed. The command returned a non-zero exit code 1.
[2025-10-09T15:49:54.265+0000] {taskinstance.py:1206} INFO - Marking task as FAILED. dag_id=restaurant_analytics, task_id=retrain_model, run_id=manual__2025-10-09T15:43:30.208014+00:00, execution_date=20251009T154330, start_date=20251009T154936, end_date=20251009T154954
[2025-10-09T15:49:54.289+0000] {standard_task_runner.py:110} ERROR - Failed to execute job 272 for task retrain_model (Bash command failed. The command returned a non-zero exit code 1.; 3750)
[2025-10-09T15:49:54.315+0000] {local_task_job_runner.py:243} INFO - Task exited with return code 1
[2025-10-09T15:49:54.364+0000] {taskinstance.py:3503} INFO - 0 downstream tasks scheduled from follow-on schedule check
[2025-10-09T15:49:54.372+0000] {local_task_job_runner.py:222} INFO - ::endgroup::
