[2025-10-10T05:05:29.687+0000] {local_task_job_runner.py:120} INFO - ::group::Pre task execution logs
[2025-10-10T05:05:29.724+0000] {taskinstance.py:2076} INFO - Dependencies all met for dep_context=non-requeueable deps ti=<TaskInstance: restaurant_analytics.retrain_model scheduled__2025-10-10T04:00:00+00:00 [queued]>
[2025-10-10T05:05:29.736+0000] {taskinstance.py:2076} INFO - Dependencies all met for dep_context=requeueable deps ti=<TaskInstance: restaurant_analytics.retrain_model scheduled__2025-10-10T04:00:00+00:00 [queued]>
[2025-10-10T05:05:29.746+0000] {taskinstance.py:2306} INFO - Starting attempt 2 of 2
[2025-10-10T05:05:29.767+0000] {taskinstance.py:2330} INFO - Executing <Task(BashOperator): retrain_model> on 2025-10-10 04:00:00+00:00
[2025-10-10T05:05:29.781+0000] {warnings.py:112} WARNING - /home/***/.local/lib/python3.12/site-packages/***/task/task_runner/standard_task_runner.py:62: DeprecationWarning: This process (pid=2202) is multi-threaded, use of fork() may lead to deadlocks in the child.
  pid = os.fork()

[2025-10-10T05:05:29.784+0000] {standard_task_runner.py:64} INFO - Started process 2204 to run task
[2025-10-10T05:05:29.785+0000] {standard_task_runner.py:90} INFO - Running: ['***', 'tasks', 'run', 'restaurant_analytics', 'retrain_model', 'scheduled__2025-10-10T04:00:00+00:00', '--job-id', '318', '--raw', '--subdir', 'DAGS_FOLDER/restaurant_dag.py', '--cfg-path', '/tmp/tmprq2j_gd4']
[2025-10-10T05:05:29.790+0000] {standard_task_runner.py:91} INFO - Job 318: Subtask retrain_model
[2025-10-10T05:05:29.891+0000] {task_command.py:426} INFO - Running <TaskInstance: restaurant_analytics.retrain_model scheduled__2025-10-10T04:00:00+00:00 [running]> on host dd5baa7fba45
[2025-10-10T05:05:30.073+0000] {taskinstance.py:2648} INFO - Exporting env vars: AIRFLOW_CTX_DAG_EMAIL='quantruong1918@gmail.com' AIRFLOW_CTX_DAG_OWNER='***' AIRFLOW_CTX_DAG_ID='restaurant_analytics' AIRFLOW_CTX_TASK_ID='retrain_model' AIRFLOW_CTX_EXECUTION_DATE='2025-10-10T04:00:00+00:00' AIRFLOW_CTX_TRY_NUMBER='2' AIRFLOW_CTX_DAG_RUN_ID='scheduled__2025-10-10T04:00:00+00:00'
[2025-10-10T05:05:30.077+0000] {taskinstance.py:430} INFO - ::endgroup::
[2025-10-10T05:05:30.078+0000] {subprocess.py:63} INFO - Tmp dir root location: /tmp
[2025-10-10T05:05:30.081+0000] {subprocess.py:75} INFO - Running command: ['/usr/bin/bash', '-c', 'export PYSPARK_PYTHON=/usr/local/bin/python && export PYSPARK_DRIVER_PYTHON=/usr/local/bin/python && /opt/spark/bin/spark-submit --master local[*] /opt/***/dags/train_lr.py']
[2025-10-10T05:05:30.103+0000] {subprocess.py:86} INFO - Output:
[2025-10-10T05:05:36.755+0000] {subprocess.py:93} INFO - 25/10/10 05:05:36 INFO SparkContext: Running Spark version 3.5.1
[2025-10-10T05:05:36.760+0000] {subprocess.py:93} INFO - 25/10/10 05:05:36 INFO SparkContext: OS info Linux, 6.6.87.1-microsoft-standard-WSL2, amd64
[2025-10-10T05:05:36.761+0000] {subprocess.py:93} INFO - 25/10/10 05:05:36 INFO SparkContext: Java version 17.0.16
[2025-10-10T05:05:36.838+0000] {subprocess.py:93} INFO - 25/10/10 05:05:36 WARN NativeCodeLoader: Unable to load native-hadoop library for your platform... using builtin-java classes where applicable
[2025-10-10T05:05:36.967+0000] {subprocess.py:93} INFO - 25/10/10 05:05:36 INFO ResourceUtils: ==============================================================
[2025-10-10T05:05:36.968+0000] {subprocess.py:93} INFO - 25/10/10 05:05:36 INFO ResourceUtils: No custom resources configured for spark.driver.
[2025-10-10T05:05:36.969+0000] {subprocess.py:93} INFO - 25/10/10 05:05:36 INFO ResourceUtils: ==============================================================
[2025-10-10T05:05:36.970+0000] {subprocess.py:93} INFO - 25/10/10 05:05:36 INFO SparkContext: Submitted application: TrainLR
[2025-10-10T05:05:36.994+0000] {subprocess.py:93} INFO - 25/10/10 05:05:36 INFO ResourceProfile: Default ResourceProfile created, executor resources: Map(cores -> name: cores, amount: 1, script: , vendor: , memory -> name: memory, amount: 1024, script: , vendor: , offHeap -> name: offHeap, amount: 0, script: , vendor: ), task resources: Map(cpus -> name: cpus, amount: 1.0)
[2025-10-10T05:05:37.005+0000] {subprocess.py:93} INFO - 25/10/10 05:05:37 INFO ResourceProfile: Limiting resource is cpu
[2025-10-10T05:05:37.006+0000] {subprocess.py:93} INFO - 25/10/10 05:05:37 INFO ResourceProfileManager: Added ResourceProfile id: 0
[2025-10-10T05:05:37.091+0000] {subprocess.py:93} INFO - 25/10/10 05:05:37 INFO SecurityManager: Changing view acls to: ***
[2025-10-10T05:05:37.093+0000] {subprocess.py:93} INFO - 25/10/10 05:05:37 INFO SecurityManager: Changing modify acls to: ***
[2025-10-10T05:05:37.095+0000] {subprocess.py:93} INFO - 25/10/10 05:05:37 INFO SecurityManager: Changing view acls groups to:
[2025-10-10T05:05:37.096+0000] {subprocess.py:93} INFO - 25/10/10 05:05:37 INFO SecurityManager: Changing modify acls groups to:
[2025-10-10T05:05:37.097+0000] {subprocess.py:93} INFO - 25/10/10 05:05:37 INFO SecurityManager: SecurityManager: authentication disabled; ui acls disabled; users with view permissions: ***; groups with view permissions: EMPTY; users with modify permissions: ***; groups with modify permissions: EMPTY
[2025-10-10T05:05:37.574+0000] {subprocess.py:93} INFO - 25/10/10 05:05:37 INFO Utils: Successfully started service 'sparkDriver' on port 43339.
[2025-10-10T05:05:37.708+0000] {subprocess.py:93} INFO - 25/10/10 05:05:37 INFO SparkEnv: Registering MapOutputTracker
[2025-10-10T05:05:37.810+0000] {subprocess.py:93} INFO - 25/10/10 05:05:37 INFO SparkEnv: Registering BlockManagerMaster
[2025-10-10T05:05:37.873+0000] {subprocess.py:93} INFO - 25/10/10 05:05:37 INFO BlockManagerMasterEndpoint: Using org.apache.spark.storage.DefaultTopologyMapper for getting topology information
[2025-10-10T05:05:37.874+0000] {subprocess.py:93} INFO - 25/10/10 05:05:37 INFO BlockManagerMasterEndpoint: BlockManagerMasterEndpoint up
[2025-10-10T05:05:37.883+0000] {subprocess.py:93} INFO - 25/10/10 05:05:37 INFO SparkEnv: Registering BlockManagerMasterHeartbeat
[2025-10-10T05:05:37.950+0000] {subprocess.py:93} INFO - 25/10/10 05:05:37 INFO DiskBlockManager: Created local directory at /tmp/blockmgr-d3080857-afed-4a62-ae32-6a721b042221
[2025-10-10T05:05:37.990+0000] {subprocess.py:93} INFO - 25/10/10 05:05:37 INFO MemoryStore: MemoryStore started with capacity 434.4 MiB
[2025-10-10T05:05:38.034+0000] {subprocess.py:93} INFO - 25/10/10 05:05:38 INFO SparkEnv: Registering OutputCommitCoordinator
[2025-10-10T05:05:38.313+0000] {subprocess.py:93} INFO - 25/10/10 05:05:38 INFO JettyUtils: Start Jetty 0.0.0.0:4040 for SparkUI
[2025-10-10T05:05:38.461+0000] {subprocess.py:93} INFO - 25/10/10 05:05:38 INFO Utils: Successfully started service 'SparkUI' on port 4040.
[2025-10-10T05:05:38.693+0000] {subprocess.py:93} INFO - 25/10/10 05:05:38 INFO Executor: Starting executor ID driver on host dd5baa7fba45
[2025-10-10T05:05:38.694+0000] {subprocess.py:93} INFO - 25/10/10 05:05:38 INFO Executor: OS info Linux, 6.6.87.1-microsoft-standard-WSL2, amd64
[2025-10-10T05:05:38.696+0000] {subprocess.py:93} INFO - 25/10/10 05:05:38 INFO Executor: Java version 17.0.16
[2025-10-10T05:05:38.708+0000] {subprocess.py:93} INFO - 25/10/10 05:05:38 INFO Executor: Starting executor with user classpath (userClassPathFirst = false): ''
[2025-10-10T05:05:38.710+0000] {subprocess.py:93} INFO - 25/10/10 05:05:38 INFO Executor: Created or updated repl class loader org.apache.spark.util.MutableURLClassLoader@5ad5c639 for default.
[2025-10-10T05:05:38.768+0000] {subprocess.py:93} INFO - 25/10/10 05:05:38 INFO Utils: Successfully started service 'org.apache.spark.network.netty.NettyBlockTransferService' on port 36711.
[2025-10-10T05:05:38.770+0000] {subprocess.py:93} INFO - 25/10/10 05:05:38 INFO NettyBlockTransferService: Server created on dd5baa7fba45:36711
[2025-10-10T05:05:38.773+0000] {subprocess.py:93} INFO - 25/10/10 05:05:38 INFO BlockManager: Using org.apache.spark.storage.RandomBlockReplicationPolicy for block replication policy
[2025-10-10T05:05:38.786+0000] {subprocess.py:93} INFO - 25/10/10 05:05:38 INFO BlockManagerMaster: Registering BlockManager BlockManagerId(driver, dd5baa7fba45, 36711, None)
[2025-10-10T05:05:38.793+0000] {subprocess.py:93} INFO - 25/10/10 05:05:38 INFO BlockManagerMasterEndpoint: Registering block manager dd5baa7fba45:36711 with 434.4 MiB RAM, BlockManagerId(driver, dd5baa7fba45, 36711, None)
[2025-10-10T05:05:38.796+0000] {subprocess.py:93} INFO - 25/10/10 05:05:38 INFO BlockManagerMaster: Registered BlockManager BlockManagerId(driver, dd5baa7fba45, 36711, None)
[2025-10-10T05:05:38.799+0000] {subprocess.py:93} INFO - 25/10/10 05:05:38 INFO BlockManager: Initialized BlockManager: BlockManagerId(driver, dd5baa7fba45, 36711, None)
[2025-10-10T05:05:39.486+0000] {subprocess.py:93} INFO - 25/10/10 05:05:39 INFO SharedState: Setting hive.metastore.warehouse.dir ('null') to the value of spark.sql.warehouse.dir.
[2025-10-10T05:05:39.497+0000] {subprocess.py:93} INFO - 25/10/10 05:05:39 INFO SharedState: Warehouse path is 'file:/tmp/***tmpqpvc06g3/spark-warehouse'.
[2025-10-10T05:05:41.567+0000] {subprocess.py:93} INFO - Traceback (most recent call last):
[2025-10-10T05:05:41.570+0000] {subprocess.py:93} INFO -   File "/opt/***/dags/train_lr.py", line 7, in <module>
[2025-10-10T05:05:41.576+0000] {subprocess.py:93} INFO -     df = spark.read.csv('historical_orders.csv', header=True, inferSchema=True)
[2025-10-10T05:05:41.581+0000] {subprocess.py:93} INFO -          ^^^^^^^^^^^^^^^^^^^^^^^^^^^^^^^^^^^^^^^^^^^^^^^^^^^^^^^^^^^^^^^^^^^^^^
[2025-10-10T05:05:41.582+0000] {subprocess.py:93} INFO -   File "/opt/spark/python/lib/pyspark.zip/pyspark/sql/readwriter.py", line 740, in csv
[2025-10-10T05:05:41.583+0000] {subprocess.py:93} INFO -   File "/opt/spark/python/lib/py4j-0.10.9.7-src.zip/py4j/java_gateway.py", line 1322, in __call__
[2025-10-10T05:05:41.585+0000] {subprocess.py:93} INFO -   File "/opt/spark/python/lib/pyspark.zip/pyspark/errors/exceptions/captured.py", line 185, in deco
[2025-10-10T05:05:41.600+0000] {subprocess.py:93} INFO - pyspark.errors.exceptions.captured.AnalysisException: [PATH_NOT_FOUND] Path does not exist: file:/tmp/***tmpqpvc06g3/historical_orders.csv.
[2025-10-10T05:05:41.810+0000] {subprocess.py:93} INFO - 25/10/10 05:05:41 INFO SparkContext: Invoking stop() from shutdown hook
[2025-10-10T05:05:41.811+0000] {subprocess.py:93} INFO - 25/10/10 05:05:41 INFO SparkContext: SparkContext is stopping with exitCode 0.
[2025-10-10T05:05:41.831+0000] {subprocess.py:93} INFO - 25/10/10 05:05:41 INFO SparkUI: Stopped Spark web UI at http://dd5baa7fba45:4040
[2025-10-10T05:05:41.858+0000] {subprocess.py:93} INFO - 25/10/10 05:05:41 INFO MapOutputTrackerMasterEndpoint: MapOutputTrackerMasterEndpoint stopped!
[2025-10-10T05:05:41.891+0000] {subprocess.py:93} INFO - 25/10/10 05:05:41 INFO MemoryStore: MemoryStore cleared
[2025-10-10T05:05:41.892+0000] {subprocess.py:93} INFO - 25/10/10 05:05:41 INFO BlockManager: BlockManager stopped
[2025-10-10T05:05:41.905+0000] {subprocess.py:93} INFO - 25/10/10 05:05:41 INFO BlockManagerMaster: BlockManagerMaster stopped
[2025-10-10T05:05:41.915+0000] {subprocess.py:93} INFO - 25/10/10 05:05:41 INFO OutputCommitCoordinator$OutputCommitCoordinatorEndpoint: OutputCommitCoordinator stopped!
[2025-10-10T05:05:41.945+0000] {subprocess.py:93} INFO - 25/10/10 05:05:41 INFO SparkContext: Successfully stopped SparkContext
[2025-10-10T05:05:41.946+0000] {subprocess.py:93} INFO - 25/10/10 05:05:41 INFO ShutdownHookManager: Shutdown hook called
[2025-10-10T05:05:41.948+0000] {subprocess.py:93} INFO - 25/10/10 05:05:41 INFO ShutdownHookManager: Deleting directory /tmp/spark-a177bb1b-5fc7-4c14-b26f-1931e2145316/pyspark-7c983418-281c-45cc-a122-7854a84ef9ff
[2025-10-10T05:05:41.955+0000] {subprocess.py:93} INFO - 25/10/10 05:05:41 INFO ShutdownHookManager: Deleting directory /tmp/spark-d4f61751-a1c2-4d27-9b95-fc2856203215
[2025-10-10T05:05:41.963+0000] {subprocess.py:93} INFO - 25/10/10 05:05:41 INFO ShutdownHookManager: Deleting directory /tmp/spark-a177bb1b-5fc7-4c14-b26f-1931e2145316
[2025-10-10T05:05:42.060+0000] {subprocess.py:97} INFO - Command exited with return code 1
[2025-10-10T05:05:42.062+0000] {taskinstance.py:441} INFO - ::group::Post task execution logs
[2025-10-10T05:05:42.090+0000] {taskinstance.py:2905} ERROR - Task failed with exception
Traceback (most recent call last):
  File "/home/airflow/.local/lib/python3.12/site-packages/airflow/models/taskinstance.py", line 465, in _execute_task
    result = _execute_callable(context=context, **execute_callable_kwargs)
             ^^^^^^^^^^^^^^^^^^^^^^^^^^^^^^^^^^^^^^^^^^^^^^^^^^^^^^^^^^^^^
  File "/home/airflow/.local/lib/python3.12/site-packages/airflow/models/taskinstance.py", line 432, in _execute_callable
    return execute_callable(context=context, **execute_callable_kwargs)
           ^^^^^^^^^^^^^^^^^^^^^^^^^^^^^^^^^^^^^^^^^^^^^^^^^^^^^^^^^^^^
  File "/home/airflow/.local/lib/python3.12/site-packages/airflow/models/baseoperator.py", line 401, in wrapper
    return func(self, *args, **kwargs)
           ^^^^^^^^^^^^^^^^^^^^^^^^^^^
  File "/home/airflow/.local/lib/python3.12/site-packages/airflow/operators/bash.py", line 243, in execute
    raise AirflowException(
airflow.exceptions.AirflowException: Bash command failed. The command returned a non-zero exit code 1.
[2025-10-10T05:05:42.103+0000] {taskinstance.py:1206} INFO - Marking task as FAILED. dag_id=restaurant_analytics, task_id=retrain_model, run_id=scheduled__2025-10-10T04:00:00+00:00, execution_date=20251010T040000, start_date=20251010T050529, end_date=20251010T050542
[2025-10-10T05:05:42.166+0000] {standard_task_runner.py:110} ERROR - Failed to execute job 318 for task retrain_model (Bash command failed. The command returned a non-zero exit code 1.; 2204)
[2025-10-10T05:05:42.205+0000] {local_task_job_runner.py:243} INFO - Task exited with return code 1
[2025-10-10T05:05:42.260+0000] {taskinstance.py:3503} INFO - 0 downstream tasks scheduled from follow-on schedule check
[2025-10-10T05:05:42.283+0000] {local_task_job_runner.py:222} INFO - ::endgroup::
