[2025-10-09T15:43:39.978+0000] {local_task_job_runner.py:120} INFO - ::group::Pre task execution logs
[2025-10-09T15:43:40.146+0000] {taskinstance.py:2076} INFO - Dependencies all met for dep_context=non-requeueable deps ti=<TaskInstance: restaurant_analytics.check_spark_streaming manual__2025-10-09T15:43:30.208014+00:00 [queued]>
[2025-10-09T15:43:40.187+0000] {taskinstance.py:2076} INFO - Dependencies all met for dep_context=requeueable deps ti=<TaskInstance: restaurant_analytics.check_spark_streaming manual__2025-10-09T15:43:30.208014+00:00 [queued]>
[2025-10-09T15:43:40.188+0000] {taskinstance.py:2306} INFO - Starting attempt 1 of 2
[2025-10-09T15:43:40.275+0000] {taskinstance.py:2330} INFO - Executing <Task(PythonOperator): check_spark_streaming> on 2025-10-09 15:43:30.208014+00:00
[2025-10-09T15:43:40.321+0000] {warnings.py:112} WARNING - /home/***/.local/lib/python3.12/site-packages/***/task/task_runner/standard_task_runner.py:62: DeprecationWarning: This process (pid=3514) is multi-threaded, use of fork() may lead to deadlocks in the child.
  pid = os.fork()

[2025-10-09T15:43:40.326+0000] {standard_task_runner.py:64} INFO - Started process 3516 to run task
[2025-10-09T15:43:40.332+0000] {standard_task_runner.py:90} INFO - Running: ['***', 'tasks', 'run', 'restaurant_analytics', 'check_spark_streaming', 'manual__2025-10-09T15:43:30.208014+00:00', '--job-id', '270', '--raw', '--subdir', 'DAGS_FOLDER/restaurant_dag.py', '--cfg-path', '/tmp/tmp6sprrabz']
[2025-10-09T15:43:40.349+0000] {standard_task_runner.py:91} INFO - Job 270: Subtask check_spark_streaming
[2025-10-09T15:43:40.833+0000] {task_command.py:426} INFO - Running <TaskInstance: restaurant_analytics.check_spark_streaming manual__2025-10-09T15:43:30.208014+00:00 [running]> on host dd5baa7fba45
[2025-10-09T15:43:41.927+0000] {taskinstance.py:2648} INFO - Exporting env vars: AIRFLOW_CTX_DAG_EMAIL='quantruong1918@gmail.com' AIRFLOW_CTX_DAG_OWNER='***' AIRFLOW_CTX_DAG_ID='restaurant_analytics' AIRFLOW_CTX_TASK_ID='check_spark_streaming' AIRFLOW_CTX_EXECUTION_DATE='2025-10-09T15:43:30.208014+00:00' AIRFLOW_CTX_TRY_NUMBER='1' AIRFLOW_CTX_DAG_RUN_ID='manual__2025-10-09T15:43:30.208014+00:00'
[2025-10-09T15:43:41.936+0000] {taskinstance.py:430} INFO - ::endgroup::
[2025-10-09T15:43:44.465+0000] {logging_mixin.py:188} INFO - ✅ Spark streaming service is running.
[2025-10-09T15:43:44.476+0000] {python.py:237} INFO - Done. Returned value was: None
[2025-10-09T15:43:44.479+0000] {taskinstance.py:441} INFO - ::group::Post task execution logs
[2025-10-09T15:43:44.522+0000] {taskinstance.py:1206} INFO - Marking task as SUCCESS. dag_id=restaurant_analytics, task_id=check_spark_streaming, run_id=manual__2025-10-09T15:43:30.208014+00:00, execution_date=20251009T154330, start_date=20251009T154340, end_date=20251009T154344
[2025-10-09T15:43:44.666+0000] {local_task_job_runner.py:243} INFO - Task exited with return code 0
[2025-10-09T15:43:44.771+0000] {taskinstance.py:3503} INFO - 1 downstream tasks scheduled from follow-on schedule check
[2025-10-09T15:43:44.789+0000] {local_task_job_runner.py:222} INFO - ::endgroup::
