[2025-10-08T14:05:27.730+0000] {local_task_job_runner.py:120} INFO - ::group::Pre task execution logs
[2025-10-08T14:05:27.777+0000] {taskinstance.py:2076} INFO - Dependencies all met for dep_context=non-requeueable deps ti=<TaskInstance: restaurant_analytics.run_spark_stream scheduled__2025-10-08T13:00:00+00:00 [queued]>
[2025-10-08T14:05:27.789+0000] {taskinstance.py:2076} INFO - Dependencies all met for dep_context=requeueable deps ti=<TaskInstance: restaurant_analytics.run_spark_stream scheduled__2025-10-08T13:00:00+00:00 [queued]>
[2025-10-08T14:05:27.790+0000] {taskinstance.py:2306} INFO - Starting attempt 2 of 2
[2025-10-08T14:05:27.812+0000] {taskinstance.py:2330} INFO - Executing <Task(BashOperator): run_spark_stream> on 2025-10-08 13:00:00+00:00
[2025-10-08T14:05:27.822+0000] {warnings.py:112} WARNING - /home/***/.local/lib/python3.12/site-packages/***/task/task_runner/standard_task_runner.py:62: DeprecationWarning: This process (pid=7127) is multi-threaded, use of fork() may lead to deadlocks in the child.
  pid = os.fork()

[2025-10-08T14:05:27.825+0000] {standard_task_runner.py:64} INFO - Started process 7129 to run task
[2025-10-08T14:05:27.825+0000] {standard_task_runner.py:90} INFO - Running: ['***', 'tasks', 'run', 'restaurant_analytics', 'run_spark_stream', 'scheduled__2025-10-08T13:00:00+00:00', '--job-id', '194', '--raw', '--subdir', 'DAGS_FOLDER/restaurant_dag.py', '--cfg-path', '/tmp/tmpcb3dyiwq']
[2025-10-08T14:05:27.829+0000] {standard_task_runner.py:91} INFO - Job 194: Subtask run_spark_stream
[2025-10-08T14:05:27.931+0000] {task_command.py:426} INFO - Running <TaskInstance: restaurant_analytics.run_spark_stream scheduled__2025-10-08T13:00:00+00:00 [running]> on host 401042008de4
[2025-10-08T14:05:28.068+0000] {taskinstance.py:2648} INFO - Exporting env vars: AIRFLOW_CTX_DAG_EMAIL='quantruong1918@gmail.com' AIRFLOW_CTX_DAG_OWNER='***' AIRFLOW_CTX_DAG_ID='restaurant_analytics' AIRFLOW_CTX_TASK_ID='run_spark_stream' AIRFLOW_CTX_EXECUTION_DATE='2025-10-08T13:00:00+00:00' AIRFLOW_CTX_TRY_NUMBER='2' AIRFLOW_CTX_DAG_RUN_ID='scheduled__2025-10-08T13:00:00+00:00'
[2025-10-08T14:05:28.071+0000] {taskinstance.py:430} INFO - ::endgroup::
[2025-10-08T14:05:28.072+0000] {subprocess.py:63} INFO - Tmp dir root location: /tmp
[2025-10-08T14:05:28.074+0000] {subprocess.py:75} INFO - Running command: ['/usr/bin/bash', '-c', 'export PYSPARK_PYTHON=/usr/local/bin/python && export PYSPARK_DRIVER_PYTHON=/usr/local/bin/python && /opt/spark/bin/spark-submit --master local[*] --packages org.apache.spark:spark-sql-kafka-0-10_2.12:3.5.1 /opt/***/dags/spark_streaming.py']
[2025-10-08T14:05:28.090+0000] {subprocess.py:86} INFO - Output:
[2025-10-08T14:05:30.672+0000] {subprocess.py:93} INFO - :: loading settings :: url = jar:file:/opt/spark/jars/ivy-2.5.1.jar!/org/apache/ivy/core/settings/ivysettings.xml
[2025-10-08T14:05:30.838+0000] {subprocess.py:93} INFO - Ivy Default Cache set to: /home/***/.ivy2/cache
[2025-10-08T14:05:30.840+0000] {subprocess.py:93} INFO - The jars for the packages stored in: /home/***/.ivy2/jars
[2025-10-08T14:05:30.855+0000] {subprocess.py:93} INFO - org.apache.spark#spark-sql-kafka-0-10_2.12 added as a dependency
[2025-10-08T14:05:30.858+0000] {subprocess.py:93} INFO - :: resolving dependencies :: org.apache.spark#spark-submit-parent-1e50c39c-0696-45c2-975f-808556f19504;1.0
[2025-10-08T14:05:30.861+0000] {subprocess.py:93} INFO - 	confs: [default]
[2025-10-08T14:05:31.273+0000] {subprocess.py:93} INFO - 	found org.apache.spark#spark-sql-kafka-0-10_2.12;3.5.1 in central
[2025-10-08T14:05:31.568+0000] {subprocess.py:93} INFO - 	found org.apache.spark#spark-token-provider-kafka-0-10_2.12;3.5.1 in central
[2025-10-08T14:05:31.675+0000] {subprocess.py:93} INFO - 	found org.apache.kafka#kafka-clients;3.4.1 in central
[2025-10-08T14:05:31.788+0000] {subprocess.py:93} INFO - 	found org.lz4#lz4-java;1.8.0 in central
[2025-10-08T14:05:31.876+0000] {subprocess.py:93} INFO - 	found org.xerial.snappy#snappy-java;1.1.10.3 in central
[2025-10-08T14:05:31.964+0000] {subprocess.py:93} INFO - 	found org.slf4j#slf4j-api;2.0.7 in central
[2025-10-08T14:05:32.109+0000] {subprocess.py:93} INFO - 	found org.apache.hadoop#hadoop-client-runtime;3.3.4 in central
[2025-10-08T14:05:32.247+0000] {subprocess.py:93} INFO - 	found org.apache.hadoop#hadoop-client-api;3.3.4 in central
[2025-10-08T14:05:32.320+0000] {subprocess.py:93} INFO - 	found commons-logging#commons-logging;1.1.3 in central
[2025-10-08T14:05:32.360+0000] {subprocess.py:93} INFO - 	found com.google.code.findbugs#jsr305;3.0.0 in central
[2025-10-08T14:05:32.391+0000] {subprocess.py:93} INFO - 	found org.apache.commons#commons-pool2;2.11.1 in central
[2025-10-08T14:05:32.442+0000] {subprocess.py:93} INFO - :: resolution report :: resolve 1560ms :: artifacts dl 27ms
[2025-10-08T14:05:32.443+0000] {subprocess.py:93} INFO - 	:: modules in use:
[2025-10-08T14:05:32.445+0000] {subprocess.py:93} INFO - 	com.google.code.findbugs#jsr305;3.0.0 from central in [default]
[2025-10-08T14:05:32.445+0000] {subprocess.py:93} INFO - 	commons-logging#commons-logging;1.1.3 from central in [default]
[2025-10-08T14:05:32.446+0000] {subprocess.py:93} INFO - 	org.apache.commons#commons-pool2;2.11.1 from central in [default]
[2025-10-08T14:05:32.447+0000] {subprocess.py:93} INFO - 	org.apache.hadoop#hadoop-client-api;3.3.4 from central in [default]
[2025-10-08T14:05:32.448+0000] {subprocess.py:93} INFO - 	org.apache.hadoop#hadoop-client-runtime;3.3.4 from central in [default]
[2025-10-08T14:05:32.449+0000] {subprocess.py:93} INFO - 	org.apache.kafka#kafka-clients;3.4.1 from central in [default]
[2025-10-08T14:05:32.450+0000] {subprocess.py:93} INFO - 	org.apache.spark#spark-sql-kafka-0-10_2.12;3.5.1 from central in [default]
[2025-10-08T14:05:32.451+0000] {subprocess.py:93} INFO - 	org.apache.spark#spark-token-provider-kafka-0-10_2.12;3.5.1 from central in [default]
[2025-10-08T14:05:32.451+0000] {subprocess.py:93} INFO - 	org.lz4#lz4-java;1.8.0 from central in [default]
[2025-10-08T14:05:32.452+0000] {subprocess.py:93} INFO - 	org.slf4j#slf4j-api;2.0.7 from central in [default]
[2025-10-08T14:05:32.453+0000] {subprocess.py:93} INFO - 	org.xerial.snappy#snappy-java;1.1.10.3 from central in [default]
[2025-10-08T14:05:32.454+0000] {subprocess.py:93} INFO - 	---------------------------------------------------------------------
[2025-10-08T14:05:32.455+0000] {subprocess.py:93} INFO - 	|                  |            modules            ||   artifacts   |
[2025-10-08T14:05:32.456+0000] {subprocess.py:93} INFO - 	|       conf       | number| search|dwnlded|evicted|| number|dwnlded|
[2025-10-08T14:05:32.458+0000] {subprocess.py:93} INFO - 	---------------------------------------------------------------------
[2025-10-08T14:05:32.459+0000] {subprocess.py:93} INFO - 	|      default     |   11  |   0   |   0   |   0   ||   11  |   0   |
[2025-10-08T14:05:32.460+0000] {subprocess.py:93} INFO - 	---------------------------------------------------------------------
[2025-10-08T14:05:32.461+0000] {subprocess.py:93} INFO - :: retrieving :: org.apache.spark#spark-submit-parent-1e50c39c-0696-45c2-975f-808556f19504
[2025-10-08T14:05:32.461+0000] {subprocess.py:93} INFO - 	confs: [default]
[2025-10-08T14:05:32.478+0000] {subprocess.py:93} INFO - 	0 artifacts copied, 11 already retrieved (0kB/19ms)
[2025-10-08T14:05:32.945+0000] {subprocess.py:93} INFO - 25/10/08 14:05:32 WARN NativeCodeLoader: Unable to load native-hadoop library for your platform... using builtin-java classes where applicable
[2025-10-08T14:05:37.583+0000] {subprocess.py:93} INFO - 25/10/08 14:05:37 INFO SparkContext: Running Spark version 3.5.1
[2025-10-08T14:05:37.584+0000] {subprocess.py:93} INFO - 25/10/08 14:05:37 INFO SparkContext: OS info Linux, 6.6.87.1-microsoft-standard-WSL2, amd64
[2025-10-08T14:05:37.585+0000] {subprocess.py:93} INFO - 25/10/08 14:05:37 INFO SparkContext: Java version 17.0.16
[2025-10-08T14:05:37.615+0000] {subprocess.py:93} INFO - 25/10/08 14:05:37 INFO ResourceUtils: ==============================================================
[2025-10-08T14:05:37.616+0000] {subprocess.py:93} INFO - 25/10/08 14:05:37 INFO ResourceUtils: No custom resources configured for spark.driver.
[2025-10-08T14:05:37.617+0000] {subprocess.py:93} INFO - 25/10/08 14:05:37 INFO ResourceUtils: ==============================================================
[2025-10-08T14:05:37.618+0000] {subprocess.py:93} INFO - 25/10/08 14:05:37 INFO SparkContext: Submitted application: RestaurantStreaming
[2025-10-08T14:05:37.650+0000] {subprocess.py:93} INFO - 25/10/08 14:05:37 INFO ResourceProfile: Default ResourceProfile created, executor resources: Map(cores -> name: cores, amount: 1, script: , vendor: , memory -> name: memory, amount: 1024, script: , vendor: , offHeap -> name: offHeap, amount: 0, script: , vendor: ), task resources: Map(cpus -> name: cpus, amount: 1.0)
[2025-10-08T14:05:37.670+0000] {subprocess.py:93} INFO - 25/10/08 14:05:37 INFO ResourceProfile: Limiting resource is cpu
[2025-10-08T14:05:37.673+0000] {subprocess.py:93} INFO - 25/10/08 14:05:37 INFO ResourceProfileManager: Added ResourceProfile id: 0
[2025-10-08T14:05:37.776+0000] {subprocess.py:93} INFO - 25/10/08 14:05:37 INFO SecurityManager: Changing view acls to: ***
[2025-10-08T14:05:37.777+0000] {subprocess.py:93} INFO - 25/10/08 14:05:37 INFO SecurityManager: Changing modify acls to: ***
[2025-10-08T14:05:37.778+0000] {subprocess.py:93} INFO - 25/10/08 14:05:37 INFO SecurityManager: Changing view acls groups to:
[2025-10-08T14:05:37.779+0000] {subprocess.py:93} INFO - 25/10/08 14:05:37 INFO SecurityManager: Changing modify acls groups to:
[2025-10-08T14:05:37.780+0000] {subprocess.py:93} INFO - 25/10/08 14:05:37 INFO SecurityManager: SecurityManager: authentication disabled; ui acls disabled; users with view permissions: ***; groups with view permissions: EMPTY; users with modify permissions: ***; groups with modify permissions: EMPTY
[2025-10-08T14:05:38.129+0000] {subprocess.py:93} INFO - 25/10/08 14:05:38 INFO Utils: Successfully started service 'sparkDriver' on port 44725.
[2025-10-08T14:05:38.175+0000] {subprocess.py:93} INFO - 25/10/08 14:05:38 INFO SparkEnv: Registering MapOutputTracker
[2025-10-08T14:05:38.230+0000] {subprocess.py:93} INFO - 25/10/08 14:05:38 INFO SparkEnv: Registering BlockManagerMaster
[2025-10-08T14:05:38.259+0000] {subprocess.py:93} INFO - 25/10/08 14:05:38 INFO BlockManagerMasterEndpoint: Using org.apache.spark.storage.DefaultTopologyMapper for getting topology information
[2025-10-08T14:05:38.260+0000] {subprocess.py:93} INFO - 25/10/08 14:05:38 INFO BlockManagerMasterEndpoint: BlockManagerMasterEndpoint up
[2025-10-08T14:05:38.268+0000] {subprocess.py:93} INFO - 25/10/08 14:05:38 INFO SparkEnv: Registering BlockManagerMasterHeartbeat
[2025-10-08T14:05:38.297+0000] {subprocess.py:93} INFO - 25/10/08 14:05:38 INFO DiskBlockManager: Created local directory at /tmp/blockmgr-7cbc3bde-5a4e-43ab-82de-f68795e85398
[2025-10-08T14:05:38.317+0000] {subprocess.py:93} INFO - 25/10/08 14:05:38 INFO MemoryStore: MemoryStore started with capacity 434.4 MiB
[2025-10-08T14:05:38.347+0000] {subprocess.py:93} INFO - 25/10/08 14:05:38 INFO SparkEnv: Registering OutputCommitCoordinator
[2025-10-08T14:05:38.586+0000] {subprocess.py:93} INFO - 25/10/08 14:05:38 INFO JettyUtils: Start Jetty 0.0.0.0:4040 for SparkUI
[2025-10-08T14:05:38.704+0000] {subprocess.py:93} INFO - 25/10/08 14:05:38 INFO Utils: Successfully started service 'SparkUI' on port 4040.
[2025-10-08T14:05:38.806+0000] {subprocess.py:93} INFO - 25/10/08 14:05:38 INFO SparkContext: Added JAR file:///home/***/.ivy2/jars/org.apache.spark_spark-sql-kafka-0-10_2.12-3.5.1.jar at spark://401042008de4:44725/jars/org.apache.spark_spark-sql-kafka-0-10_2.12-3.5.1.jar with timestamp 1759932337574
[2025-10-08T14:05:38.807+0000] {subprocess.py:93} INFO - 25/10/08 14:05:38 INFO SparkContext: Added JAR file:///home/***/.ivy2/jars/org.apache.spark_spark-token-provider-kafka-0-10_2.12-3.5.1.jar at spark://401042008de4:44725/jars/org.apache.spark_spark-token-provider-kafka-0-10_2.12-3.5.1.jar with timestamp 1759932337574
[2025-10-08T14:05:38.814+0000] {subprocess.py:93} INFO - 25/10/08 14:05:38 INFO SparkContext: Added JAR file:///home/***/.ivy2/jars/org.apache.kafka_kafka-clients-3.4.1.jar at spark://401042008de4:44725/jars/org.apache.kafka_kafka-clients-3.4.1.jar with timestamp 1759932337574
[2025-10-08T14:05:38.818+0000] {subprocess.py:93} INFO - 25/10/08 14:05:38 INFO SparkContext: Added JAR file:///home/***/.ivy2/jars/com.google.code.findbugs_jsr305-3.0.0.jar at spark://401042008de4:44725/jars/com.google.code.findbugs_jsr305-3.0.0.jar with timestamp 1759932337574
[2025-10-08T14:05:38.820+0000] {subprocess.py:93} INFO - 25/10/08 14:05:38 INFO SparkContext: Added JAR file:///home/***/.ivy2/jars/org.apache.commons_commons-pool2-2.11.1.jar at spark://401042008de4:44725/jars/org.apache.commons_commons-pool2-2.11.1.jar with timestamp 1759932337574
[2025-10-08T14:05:38.827+0000] {subprocess.py:93} INFO - 25/10/08 14:05:38 INFO SparkContext: Added JAR file:///home/***/.ivy2/jars/org.apache.hadoop_hadoop-client-runtime-3.3.4.jar at spark://401042008de4:44725/jars/org.apache.hadoop_hadoop-client-runtime-3.3.4.jar with timestamp 1759932337574
[2025-10-08T14:05:38.829+0000] {subprocess.py:93} INFO - 25/10/08 14:05:38 INFO SparkContext: Added JAR file:///home/***/.ivy2/jars/org.lz4_lz4-java-1.8.0.jar at spark://401042008de4:44725/jars/org.lz4_lz4-java-1.8.0.jar with timestamp 1759932337574
[2025-10-08T14:05:38.838+0000] {subprocess.py:93} INFO - 25/10/08 14:05:38 INFO SparkContext: Added JAR file:///home/***/.ivy2/jars/org.xerial.snappy_snappy-java-1.1.10.3.jar at spark://401042008de4:44725/jars/org.xerial.snappy_snappy-java-1.1.10.3.jar with timestamp 1759932337574
[2025-10-08T14:05:38.840+0000] {subprocess.py:93} INFO - 25/10/08 14:05:38 INFO SparkContext: Added JAR file:///home/***/.ivy2/jars/org.slf4j_slf4j-api-2.0.7.jar at spark://401042008de4:44725/jars/org.slf4j_slf4j-api-2.0.7.jar with timestamp 1759932337574
[2025-10-08T14:05:38.846+0000] {subprocess.py:93} INFO - 25/10/08 14:05:38 INFO SparkContext: Added JAR file:///home/***/.ivy2/jars/org.apache.hadoop_hadoop-client-api-3.3.4.jar at spark://401042008de4:44725/jars/org.apache.hadoop_hadoop-client-api-3.3.4.jar with timestamp 1759932337574
[2025-10-08T14:05:38.848+0000] {subprocess.py:93} INFO - 25/10/08 14:05:38 INFO SparkContext: Added JAR file:///home/***/.ivy2/jars/commons-logging_commons-logging-1.1.3.jar at spark://401042008de4:44725/jars/commons-logging_commons-logging-1.1.3.jar with timestamp 1759932337574
[2025-10-08T14:05:38.850+0000] {subprocess.py:93} INFO - 25/10/08 14:05:38 INFO SparkContext: Added file file:///home/***/.ivy2/jars/org.apache.spark_spark-sql-kafka-0-10_2.12-3.5.1.jar at file:///home/***/.ivy2/jars/org.apache.spark_spark-sql-kafka-0-10_2.12-3.5.1.jar with timestamp 1759932337574
[2025-10-08T14:05:38.858+0000] {subprocess.py:93} INFO - 25/10/08 14:05:38 INFO Utils: Copying /home/***/.ivy2/jars/org.apache.spark_spark-sql-kafka-0-10_2.12-3.5.1.jar to /tmp/spark-d4139db0-c3c4-4210-b40c-961299bae886/userFiles-44ca5ae3-523d-46ee-a7bf-e47f2ce9a303/org.apache.spark_spark-sql-kafka-0-10_2.12-3.5.1.jar
[2025-10-08T14:05:38.867+0000] {subprocess.py:93} INFO - 25/10/08 14:05:38 INFO SparkContext: Added file file:///home/***/.ivy2/jars/org.apache.spark_spark-token-provider-kafka-0-10_2.12-3.5.1.jar at file:///home/***/.ivy2/jars/org.apache.spark_spark-token-provider-kafka-0-10_2.12-3.5.1.jar with timestamp 1759932337574
[2025-10-08T14:05:38.868+0000] {subprocess.py:93} INFO - 25/10/08 14:05:38 INFO Utils: Copying /home/***/.ivy2/jars/org.apache.spark_spark-token-provider-kafka-0-10_2.12-3.5.1.jar to /tmp/spark-d4139db0-c3c4-4210-b40c-961299bae886/userFiles-44ca5ae3-523d-46ee-a7bf-e47f2ce9a303/org.apache.spark_spark-token-provider-kafka-0-10_2.12-3.5.1.jar
[2025-10-08T14:05:38.874+0000] {subprocess.py:93} INFO - 25/10/08 14:05:38 INFO SparkContext: Added file file:///home/***/.ivy2/jars/org.apache.kafka_kafka-clients-3.4.1.jar at file:///home/***/.ivy2/jars/org.apache.kafka_kafka-clients-3.4.1.jar with timestamp 1759932337574
[2025-10-08T14:05:38.875+0000] {subprocess.py:93} INFO - 25/10/08 14:05:38 INFO Utils: Copying /home/***/.ivy2/jars/org.apache.kafka_kafka-clients-3.4.1.jar to /tmp/spark-d4139db0-c3c4-4210-b40c-961299bae886/userFiles-44ca5ae3-523d-46ee-a7bf-e47f2ce9a303/org.apache.kafka_kafka-clients-3.4.1.jar
[2025-10-08T14:05:38.900+0000] {subprocess.py:93} INFO - 25/10/08 14:05:38 INFO SparkContext: Added file file:///home/***/.ivy2/jars/com.google.code.findbugs_jsr305-3.0.0.jar at file:///home/***/.ivy2/jars/com.google.code.findbugs_jsr305-3.0.0.jar with timestamp 1759932337574
[2025-10-08T14:05:38.901+0000] {subprocess.py:93} INFO - 25/10/08 14:05:38 INFO Utils: Copying /home/***/.ivy2/jars/com.google.code.findbugs_jsr305-3.0.0.jar to /tmp/spark-d4139db0-c3c4-4210-b40c-961299bae886/userFiles-44ca5ae3-523d-46ee-a7bf-e47f2ce9a303/com.google.code.findbugs_jsr305-3.0.0.jar
[2025-10-08T14:05:38.908+0000] {subprocess.py:93} INFO - 25/10/08 14:05:38 INFO SparkContext: Added file file:///home/***/.ivy2/jars/org.apache.commons_commons-pool2-2.11.1.jar at file:///home/***/.ivy2/jars/org.apache.commons_commons-pool2-2.11.1.jar with timestamp 1759932337574
[2025-10-08T14:05:38.909+0000] {subprocess.py:93} INFO - 25/10/08 14:05:38 INFO Utils: Copying /home/***/.ivy2/jars/org.apache.commons_commons-pool2-2.11.1.jar to /tmp/spark-d4139db0-c3c4-4210-b40c-961299bae886/userFiles-44ca5ae3-523d-46ee-a7bf-e47f2ce9a303/org.apache.commons_commons-pool2-2.11.1.jar
[2025-10-08T14:05:38.916+0000] {subprocess.py:93} INFO - 25/10/08 14:05:38 INFO SparkContext: Added file file:///home/***/.ivy2/jars/org.apache.hadoop_hadoop-client-runtime-3.3.4.jar at file:///home/***/.ivy2/jars/org.apache.hadoop_hadoop-client-runtime-3.3.4.jar with timestamp 1759932337574
[2025-10-08T14:05:38.922+0000] {subprocess.py:93} INFO - 25/10/08 14:05:38 INFO Utils: Copying /home/***/.ivy2/jars/org.apache.hadoop_hadoop-client-runtime-3.3.4.jar to /tmp/spark-d4139db0-c3c4-4210-b40c-961299bae886/userFiles-44ca5ae3-523d-46ee-a7bf-e47f2ce9a303/org.apache.hadoop_hadoop-client-runtime-3.3.4.jar
[2025-10-08T14:05:38.985+0000] {subprocess.py:93} INFO - 25/10/08 14:05:38 INFO SparkContext: Added file file:///home/***/.ivy2/jars/org.lz4_lz4-java-1.8.0.jar at file:///home/***/.ivy2/jars/org.lz4_lz4-java-1.8.0.jar with timestamp 1759932337574
[2025-10-08T14:05:38.986+0000] {subprocess.py:93} INFO - 25/10/08 14:05:38 INFO Utils: Copying /home/***/.ivy2/jars/org.lz4_lz4-java-1.8.0.jar to /tmp/spark-d4139db0-c3c4-4210-b40c-961299bae886/userFiles-44ca5ae3-523d-46ee-a7bf-e47f2ce9a303/org.lz4_lz4-java-1.8.0.jar
[2025-10-08T14:05:38.996+0000] {subprocess.py:93} INFO - 25/10/08 14:05:38 INFO SparkContext: Added file file:///home/***/.ivy2/jars/org.xerial.snappy_snappy-java-1.1.10.3.jar at file:///home/***/.ivy2/jars/org.xerial.snappy_snappy-java-1.1.10.3.jar with timestamp 1759932337574
[2025-10-08T14:05:38.997+0000] {subprocess.py:93} INFO - 25/10/08 14:05:38 INFO Utils: Copying /home/***/.ivy2/jars/org.xerial.snappy_snappy-java-1.1.10.3.jar to /tmp/spark-d4139db0-c3c4-4210-b40c-961299bae886/userFiles-44ca5ae3-523d-46ee-a7bf-e47f2ce9a303/org.xerial.snappy_snappy-java-1.1.10.3.jar
[2025-10-08T14:05:39.008+0000] {subprocess.py:93} INFO - 25/10/08 14:05:39 INFO SparkContext: Added file file:///home/***/.ivy2/jars/org.slf4j_slf4j-api-2.0.7.jar at file:///home/***/.ivy2/jars/org.slf4j_slf4j-api-2.0.7.jar with timestamp 1759932337574
[2025-10-08T14:05:39.009+0000] {subprocess.py:93} INFO - 25/10/08 14:05:39 INFO Utils: Copying /home/***/.ivy2/jars/org.slf4j_slf4j-api-2.0.7.jar to /tmp/spark-d4139db0-c3c4-4210-b40c-961299bae886/userFiles-44ca5ae3-523d-46ee-a7bf-e47f2ce9a303/org.slf4j_slf4j-api-2.0.7.jar
[2025-10-08T14:05:39.015+0000] {subprocess.py:93} INFO - 25/10/08 14:05:39 INFO SparkContext: Added file file:///home/***/.ivy2/jars/org.apache.hadoop_hadoop-client-api-3.3.4.jar at file:///home/***/.ivy2/jars/org.apache.hadoop_hadoop-client-api-3.3.4.jar with timestamp 1759932337574
[2025-10-08T14:05:39.016+0000] {subprocess.py:93} INFO - 25/10/08 14:05:39 INFO Utils: Copying /home/***/.ivy2/jars/org.apache.hadoop_hadoop-client-api-3.3.4.jar to /tmp/spark-d4139db0-c3c4-4210-b40c-961299bae886/userFiles-44ca5ae3-523d-46ee-a7bf-e47f2ce9a303/org.apache.hadoop_hadoop-client-api-3.3.4.jar
[2025-10-08T14:05:39.098+0000] {subprocess.py:93} INFO - 25/10/08 14:05:39 INFO SparkContext: Added file file:///home/***/.ivy2/jars/commons-logging_commons-logging-1.1.3.jar at file:///home/***/.ivy2/jars/commons-logging_commons-logging-1.1.3.jar with timestamp 1759932337574
[2025-10-08T14:05:39.099+0000] {subprocess.py:93} INFO - 25/10/08 14:05:39 INFO Utils: Copying /home/***/.ivy2/jars/commons-logging_commons-logging-1.1.3.jar to /tmp/spark-d4139db0-c3c4-4210-b40c-961299bae886/userFiles-44ca5ae3-523d-46ee-a7bf-e47f2ce9a303/commons-logging_commons-logging-1.1.3.jar
[2025-10-08T14:05:39.191+0000] {subprocess.py:93} INFO - 25/10/08 14:05:39 INFO Executor: Starting executor ID driver on host 401042008de4
[2025-10-08T14:05:39.192+0000] {subprocess.py:93} INFO - 25/10/08 14:05:39 INFO Executor: OS info Linux, 6.6.87.1-microsoft-standard-WSL2, amd64
[2025-10-08T14:05:39.193+0000] {subprocess.py:93} INFO - 25/10/08 14:05:39 INFO Executor: Java version 17.0.16
[2025-10-08T14:05:39.204+0000] {subprocess.py:93} INFO - 25/10/08 14:05:39 INFO Executor: Starting executor with user classpath (userClassPathFirst = false): ''
[2025-10-08T14:05:39.205+0000] {subprocess.py:93} INFO - 25/10/08 14:05:39 INFO Executor: Created or updated repl class loader org.apache.spark.util.MutableURLClassLoader@d0f9f54 for default.
[2025-10-08T14:05:39.221+0000] {subprocess.py:93} INFO - 25/10/08 14:05:39 INFO Executor: Fetching file:///home/***/.ivy2/jars/org.apache.spark_spark-sql-kafka-0-10_2.12-3.5.1.jar with timestamp 1759932337574
[2025-10-08T14:05:39.252+0000] {subprocess.py:93} INFO - 25/10/08 14:05:39 INFO Utils: /home/***/.ivy2/jars/org.apache.spark_spark-sql-kafka-0-10_2.12-3.5.1.jar has been previously copied to /tmp/spark-d4139db0-c3c4-4210-b40c-961299bae886/userFiles-44ca5ae3-523d-46ee-a7bf-e47f2ce9a303/org.apache.spark_spark-sql-kafka-0-10_2.12-3.5.1.jar
[2025-10-08T14:05:39.258+0000] {subprocess.py:93} INFO - 25/10/08 14:05:39 INFO Executor: Fetching file:///home/***/.ivy2/jars/org.apache.hadoop_hadoop-client-runtime-3.3.4.jar with timestamp 1759932337574
[2025-10-08T14:05:39.293+0000] {subprocess.py:93} INFO - 25/10/08 14:05:39 INFO Utils: /home/***/.ivy2/jars/org.apache.hadoop_hadoop-client-runtime-3.3.4.jar has been previously copied to /tmp/spark-d4139db0-c3c4-4210-b40c-961299bae886/userFiles-44ca5ae3-523d-46ee-a7bf-e47f2ce9a303/org.apache.hadoop_hadoop-client-runtime-3.3.4.jar
[2025-10-08T14:05:39.299+0000] {subprocess.py:93} INFO - 25/10/08 14:05:39 INFO Executor: Fetching file:///home/***/.ivy2/jars/org.apache.hadoop_hadoop-client-api-3.3.4.jar with timestamp 1759932337574
[2025-10-08T14:05:39.323+0000] {subprocess.py:93} INFO - 25/10/08 14:05:39 INFO Utils: /home/***/.ivy2/jars/org.apache.hadoop_hadoop-client-api-3.3.4.jar has been previously copied to /tmp/spark-d4139db0-c3c4-4210-b40c-961299bae886/userFiles-44ca5ae3-523d-46ee-a7bf-e47f2ce9a303/org.apache.hadoop_hadoop-client-api-3.3.4.jar
[2025-10-08T14:05:39.330+0000] {subprocess.py:93} INFO - 25/10/08 14:05:39 INFO Executor: Fetching file:///home/***/.ivy2/jars/org.apache.spark_spark-token-provider-kafka-0-10_2.12-3.5.1.jar with timestamp 1759932337574
[2025-10-08T14:05:39.331+0000] {subprocess.py:93} INFO - 25/10/08 14:05:39 INFO Utils: /home/***/.ivy2/jars/org.apache.spark_spark-token-provider-kafka-0-10_2.12-3.5.1.jar has been previously copied to /tmp/spark-d4139db0-c3c4-4210-b40c-961299bae886/userFiles-44ca5ae3-523d-46ee-a7bf-e47f2ce9a303/org.apache.spark_spark-token-provider-kafka-0-10_2.12-3.5.1.jar
[2025-10-08T14:05:39.338+0000] {subprocess.py:93} INFO - 25/10/08 14:05:39 INFO Executor: Fetching file:///home/***/.ivy2/jars/com.google.code.findbugs_jsr305-3.0.0.jar with timestamp 1759932337574
[2025-10-08T14:05:39.340+0000] {subprocess.py:93} INFO - 25/10/08 14:05:39 INFO Utils: /home/***/.ivy2/jars/com.google.code.findbugs_jsr305-3.0.0.jar has been previously copied to /tmp/spark-d4139db0-c3c4-4210-b40c-961299bae886/userFiles-44ca5ae3-523d-46ee-a7bf-e47f2ce9a303/com.google.code.findbugs_jsr305-3.0.0.jar
[2025-10-08T14:05:39.346+0000] {subprocess.py:93} INFO - 25/10/08 14:05:39 INFO Executor: Fetching file:///home/***/.ivy2/jars/org.lz4_lz4-java-1.8.0.jar with timestamp 1759932337574
[2025-10-08T14:05:39.348+0000] {subprocess.py:93} INFO - 25/10/08 14:05:39 INFO Utils: /home/***/.ivy2/jars/org.lz4_lz4-java-1.8.0.jar has been previously copied to /tmp/spark-d4139db0-c3c4-4210-b40c-961299bae886/userFiles-44ca5ae3-523d-46ee-a7bf-e47f2ce9a303/org.lz4_lz4-java-1.8.0.jar
[2025-10-08T14:05:39.356+0000] {subprocess.py:93} INFO - 25/10/08 14:05:39 INFO Executor: Fetching file:///home/***/.ivy2/jars/org.slf4j_slf4j-api-2.0.7.jar with timestamp 1759932337574
[2025-10-08T14:05:39.357+0000] {subprocess.py:93} INFO - 25/10/08 14:05:39 INFO Utils: /home/***/.ivy2/jars/org.slf4j_slf4j-api-2.0.7.jar has been previously copied to /tmp/spark-d4139db0-c3c4-4210-b40c-961299bae886/userFiles-44ca5ae3-523d-46ee-a7bf-e47f2ce9a303/org.slf4j_slf4j-api-2.0.7.jar
[2025-10-08T14:05:39.363+0000] {subprocess.py:93} INFO - 25/10/08 14:05:39 INFO Executor: Fetching file:///home/***/.ivy2/jars/org.apache.commons_commons-pool2-2.11.1.jar with timestamp 1759932337574
[2025-10-08T14:05:39.364+0000] {subprocess.py:93} INFO - 25/10/08 14:05:39 INFO Utils: /home/***/.ivy2/jars/org.apache.commons_commons-pool2-2.11.1.jar has been previously copied to /tmp/spark-d4139db0-c3c4-4210-b40c-961299bae886/userFiles-44ca5ae3-523d-46ee-a7bf-e47f2ce9a303/org.apache.commons_commons-pool2-2.11.1.jar
[2025-10-08T14:05:39.370+0000] {subprocess.py:93} INFO - 25/10/08 14:05:39 INFO Executor: Fetching file:///home/***/.ivy2/jars/commons-logging_commons-logging-1.1.3.jar with timestamp 1759932337574
[2025-10-08T14:05:39.374+0000] {subprocess.py:93} INFO - 25/10/08 14:05:39 INFO Utils: /home/***/.ivy2/jars/commons-logging_commons-logging-1.1.3.jar has been previously copied to /tmp/spark-d4139db0-c3c4-4210-b40c-961299bae886/userFiles-44ca5ae3-523d-46ee-a7bf-e47f2ce9a303/commons-logging_commons-logging-1.1.3.jar
[2025-10-08T14:05:39.378+0000] {subprocess.py:93} INFO - 25/10/08 14:05:39 INFO Executor: Fetching file:///home/***/.ivy2/jars/org.xerial.snappy_snappy-java-1.1.10.3.jar with timestamp 1759932337574
[2025-10-08T14:05:39.381+0000] {subprocess.py:93} INFO - 25/10/08 14:05:39 INFO Utils: /home/***/.ivy2/jars/org.xerial.snappy_snappy-java-1.1.10.3.jar has been previously copied to /tmp/spark-d4139db0-c3c4-4210-b40c-961299bae886/userFiles-44ca5ae3-523d-46ee-a7bf-e47f2ce9a303/org.xerial.snappy_snappy-java-1.1.10.3.jar
[2025-10-08T14:05:39.387+0000] {subprocess.py:93} INFO - 25/10/08 14:05:39 INFO Executor: Fetching file:///home/***/.ivy2/jars/org.apache.kafka_kafka-clients-3.4.1.jar with timestamp 1759932337574
[2025-10-08T14:05:39.394+0000] {subprocess.py:93} INFO - 25/10/08 14:05:39 INFO Utils: /home/***/.ivy2/jars/org.apache.kafka_kafka-clients-3.4.1.jar has been previously copied to /tmp/spark-d4139db0-c3c4-4210-b40c-961299bae886/userFiles-44ca5ae3-523d-46ee-a7bf-e47f2ce9a303/org.apache.kafka_kafka-clients-3.4.1.jar
[2025-10-08T14:05:39.408+0000] {subprocess.py:93} INFO - 25/10/08 14:05:39 INFO Executor: Fetching spark://401042008de4:44725/jars/org.lz4_lz4-java-1.8.0.jar with timestamp 1759932337574
[2025-10-08T14:05:39.477+0000] {subprocess.py:93} INFO - 25/10/08 14:05:39 INFO TransportClientFactory: Successfully created connection to 401042008de4/172.21.0.11:44725 after 51 ms (0 ms spent in bootstraps)
[2025-10-08T14:05:39.492+0000] {subprocess.py:93} INFO - 25/10/08 14:05:39 INFO Utils: Fetching spark://401042008de4:44725/jars/org.lz4_lz4-java-1.8.0.jar to /tmp/spark-d4139db0-c3c4-4210-b40c-961299bae886/userFiles-44ca5ae3-523d-46ee-a7bf-e47f2ce9a303/fetchFileTemp15214988812218278077.tmp
[2025-10-08T14:05:39.549+0000] {subprocess.py:93} INFO - 25/10/08 14:05:39 INFO Utils: /tmp/spark-d4139db0-c3c4-4210-b40c-961299bae886/userFiles-44ca5ae3-523d-46ee-a7bf-e47f2ce9a303/fetchFileTemp15214988812218278077.tmp has been previously copied to /tmp/spark-d4139db0-c3c4-4210-b40c-961299bae886/userFiles-44ca5ae3-523d-46ee-a7bf-e47f2ce9a303/org.lz4_lz4-java-1.8.0.jar
[2025-10-08T14:05:39.556+0000] {subprocess.py:93} INFO - 25/10/08 14:05:39 INFO Executor: Adding file:/tmp/spark-d4139db0-c3c4-4210-b40c-961299bae886/userFiles-44ca5ae3-523d-46ee-a7bf-e47f2ce9a303/org.lz4_lz4-java-1.8.0.jar to class loader default
[2025-10-08T14:05:39.559+0000] {subprocess.py:93} INFO - 25/10/08 14:05:39 INFO Executor: Fetching spark://401042008de4:44725/jars/org.apache.spark_spark-token-provider-kafka-0-10_2.12-3.5.1.jar with timestamp 1759932337574
[2025-10-08T14:05:39.560+0000] {subprocess.py:93} INFO - 25/10/08 14:05:39 INFO Utils: Fetching spark://401042008de4:44725/jars/org.apache.spark_spark-token-provider-kafka-0-10_2.12-3.5.1.jar to /tmp/spark-d4139db0-c3c4-4210-b40c-961299bae886/userFiles-44ca5ae3-523d-46ee-a7bf-e47f2ce9a303/fetchFileTemp14292193331154280598.tmp
[2025-10-08T14:05:39.562+0000] {subprocess.py:93} INFO - 25/10/08 14:05:39 INFO Utils: /tmp/spark-d4139db0-c3c4-4210-b40c-961299bae886/userFiles-44ca5ae3-523d-46ee-a7bf-e47f2ce9a303/fetchFileTemp14292193331154280598.tmp has been previously copied to /tmp/spark-d4139db0-c3c4-4210-b40c-961299bae886/userFiles-44ca5ae3-523d-46ee-a7bf-e47f2ce9a303/org.apache.spark_spark-token-provider-kafka-0-10_2.12-3.5.1.jar
[2025-10-08T14:05:39.569+0000] {subprocess.py:93} INFO - 25/10/08 14:05:39 INFO Executor: Adding file:/tmp/spark-d4139db0-c3c4-4210-b40c-961299bae886/userFiles-44ca5ae3-523d-46ee-a7bf-e47f2ce9a303/org.apache.spark_spark-token-provider-kafka-0-10_2.12-3.5.1.jar to class loader default
[2025-10-08T14:05:39.571+0000] {subprocess.py:93} INFO - 25/10/08 14:05:39 INFO Executor: Fetching spark://401042008de4:44725/jars/com.google.code.findbugs_jsr305-3.0.0.jar with timestamp 1759932337574
[2025-10-08T14:05:39.571+0000] {subprocess.py:93} INFO - 25/10/08 14:05:39 INFO Utils: Fetching spark://401042008de4:44725/jars/com.google.code.findbugs_jsr305-3.0.0.jar to /tmp/spark-d4139db0-c3c4-4210-b40c-961299bae886/userFiles-44ca5ae3-523d-46ee-a7bf-e47f2ce9a303/fetchFileTemp12880178035666292669.tmp
[2025-10-08T14:05:39.587+0000] {subprocess.py:93} INFO - 25/10/08 14:05:39 INFO Utils: /tmp/spark-d4139db0-c3c4-4210-b40c-961299bae886/userFiles-44ca5ae3-523d-46ee-a7bf-e47f2ce9a303/fetchFileTemp12880178035666292669.tmp has been previously copied to /tmp/spark-d4139db0-c3c4-4210-b40c-961299bae886/userFiles-44ca5ae3-523d-46ee-a7bf-e47f2ce9a303/com.google.code.findbugs_jsr305-3.0.0.jar
[2025-10-08T14:05:39.594+0000] {subprocess.py:93} INFO - 25/10/08 14:05:39 INFO Executor: Adding file:/tmp/spark-d4139db0-c3c4-4210-b40c-961299bae886/userFiles-44ca5ae3-523d-46ee-a7bf-e47f2ce9a303/com.google.code.findbugs_jsr305-3.0.0.jar to class loader default
[2025-10-08T14:05:39.595+0000] {subprocess.py:93} INFO - 25/10/08 14:05:39 INFO Executor: Fetching spark://401042008de4:44725/jars/org.apache.commons_commons-pool2-2.11.1.jar with timestamp 1759932337574
[2025-10-08T14:05:39.596+0000] {subprocess.py:93} INFO - 25/10/08 14:05:39 INFO Utils: Fetching spark://401042008de4:44725/jars/org.apache.commons_commons-pool2-2.11.1.jar to /tmp/spark-d4139db0-c3c4-4210-b40c-961299bae886/userFiles-44ca5ae3-523d-46ee-a7bf-e47f2ce9a303/fetchFileTemp14996693196658871737.tmp
[2025-10-08T14:05:39.600+0000] {subprocess.py:93} INFO - 25/10/08 14:05:39 INFO Utils: /tmp/spark-d4139db0-c3c4-4210-b40c-961299bae886/userFiles-44ca5ae3-523d-46ee-a7bf-e47f2ce9a303/fetchFileTemp14996693196658871737.tmp has been previously copied to /tmp/spark-d4139db0-c3c4-4210-b40c-961299bae886/userFiles-44ca5ae3-523d-46ee-a7bf-e47f2ce9a303/org.apache.commons_commons-pool2-2.11.1.jar
[2025-10-08T14:05:39.606+0000] {subprocess.py:93} INFO - 25/10/08 14:05:39 INFO Executor: Adding file:/tmp/spark-d4139db0-c3c4-4210-b40c-961299bae886/userFiles-44ca5ae3-523d-46ee-a7bf-e47f2ce9a303/org.apache.commons_commons-pool2-2.11.1.jar to class loader default
[2025-10-08T14:05:39.607+0000] {subprocess.py:93} INFO - 25/10/08 14:05:39 INFO Executor: Fetching spark://401042008de4:44725/jars/org.xerial.snappy_snappy-java-1.1.10.3.jar with timestamp 1759932337574
[2025-10-08T14:05:39.608+0000] {subprocess.py:93} INFO - 25/10/08 14:05:39 INFO Utils: Fetching spark://401042008de4:44725/jars/org.xerial.snappy_snappy-java-1.1.10.3.jar to /tmp/spark-d4139db0-c3c4-4210-b40c-961299bae886/userFiles-44ca5ae3-523d-46ee-a7bf-e47f2ce9a303/fetchFileTemp18434336674414005766.tmp
[2025-10-08T14:05:39.632+0000] {subprocess.py:93} INFO - 25/10/08 14:05:39 INFO Utils: /tmp/spark-d4139db0-c3c4-4210-b40c-961299bae886/userFiles-44ca5ae3-523d-46ee-a7bf-e47f2ce9a303/fetchFileTemp18434336674414005766.tmp has been previously copied to /tmp/spark-d4139db0-c3c4-4210-b40c-961299bae886/userFiles-44ca5ae3-523d-46ee-a7bf-e47f2ce9a303/org.xerial.snappy_snappy-java-1.1.10.3.jar
[2025-10-08T14:05:39.637+0000] {subprocess.py:93} INFO - 25/10/08 14:05:39 INFO Executor: Adding file:/tmp/spark-d4139db0-c3c4-4210-b40c-961299bae886/userFiles-44ca5ae3-523d-46ee-a7bf-e47f2ce9a303/org.xerial.snappy_snappy-java-1.1.10.3.jar to class loader default
[2025-10-08T14:05:39.639+0000] {subprocess.py:93} INFO - 25/10/08 14:05:39 INFO Executor: Fetching spark://401042008de4:44725/jars/org.apache.spark_spark-sql-kafka-0-10_2.12-3.5.1.jar with timestamp 1759932337574
[2025-10-08T14:05:39.640+0000] {subprocess.py:93} INFO - 25/10/08 14:05:39 INFO Utils: Fetching spark://401042008de4:44725/jars/org.apache.spark_spark-sql-kafka-0-10_2.12-3.5.1.jar to /tmp/spark-d4139db0-c3c4-4210-b40c-961299bae886/userFiles-44ca5ae3-523d-46ee-a7bf-e47f2ce9a303/fetchFileTemp18320957736723494513.tmp
[2025-10-08T14:05:39.647+0000] {subprocess.py:93} INFO - 25/10/08 14:05:39 INFO Utils: /tmp/spark-d4139db0-c3c4-4210-b40c-961299bae886/userFiles-44ca5ae3-523d-46ee-a7bf-e47f2ce9a303/fetchFileTemp18320957736723494513.tmp has been previously copied to /tmp/spark-d4139db0-c3c4-4210-b40c-961299bae886/userFiles-44ca5ae3-523d-46ee-a7bf-e47f2ce9a303/org.apache.spark_spark-sql-kafka-0-10_2.12-3.5.1.jar
[2025-10-08T14:05:39.653+0000] {subprocess.py:93} INFO - 25/10/08 14:05:39 INFO Executor: Adding file:/tmp/spark-d4139db0-c3c4-4210-b40c-961299bae886/userFiles-44ca5ae3-523d-46ee-a7bf-e47f2ce9a303/org.apache.spark_spark-sql-kafka-0-10_2.12-3.5.1.jar to class loader default
[2025-10-08T14:05:39.655+0000] {subprocess.py:93} INFO - 25/10/08 14:05:39 INFO Executor: Fetching spark://401042008de4:44725/jars/org.slf4j_slf4j-api-2.0.7.jar with timestamp 1759932337574
[2025-10-08T14:05:39.656+0000] {subprocess.py:93} INFO - 25/10/08 14:05:39 INFO Utils: Fetching spark://401042008de4:44725/jars/org.slf4j_slf4j-api-2.0.7.jar to /tmp/spark-d4139db0-c3c4-4210-b40c-961299bae886/userFiles-44ca5ae3-523d-46ee-a7bf-e47f2ce9a303/fetchFileTemp8479229435418127202.tmp
[2025-10-08T14:05:39.657+0000] {subprocess.py:93} INFO - 25/10/08 14:05:39 INFO Utils: /tmp/spark-d4139db0-c3c4-4210-b40c-961299bae886/userFiles-44ca5ae3-523d-46ee-a7bf-e47f2ce9a303/fetchFileTemp8479229435418127202.tmp has been previously copied to /tmp/spark-d4139db0-c3c4-4210-b40c-961299bae886/userFiles-44ca5ae3-523d-46ee-a7bf-e47f2ce9a303/org.slf4j_slf4j-api-2.0.7.jar
[2025-10-08T14:05:39.664+0000] {subprocess.py:93} INFO - 25/10/08 14:05:39 INFO Executor: Adding file:/tmp/spark-d4139db0-c3c4-4210-b40c-961299bae886/userFiles-44ca5ae3-523d-46ee-a7bf-e47f2ce9a303/org.slf4j_slf4j-api-2.0.7.jar to class loader default
[2025-10-08T14:05:39.665+0000] {subprocess.py:93} INFO - 25/10/08 14:05:39 INFO Executor: Fetching spark://401042008de4:44725/jars/commons-logging_commons-logging-1.1.3.jar with timestamp 1759932337574
[2025-10-08T14:05:39.666+0000] {subprocess.py:93} INFO - 25/10/08 14:05:39 INFO Utils: Fetching spark://401042008de4:44725/jars/commons-logging_commons-logging-1.1.3.jar to /tmp/spark-d4139db0-c3c4-4210-b40c-961299bae886/userFiles-44ca5ae3-523d-46ee-a7bf-e47f2ce9a303/fetchFileTemp13004430207145138330.tmp
[2025-10-08T14:05:39.669+0000] {subprocess.py:93} INFO - 25/10/08 14:05:39 INFO Utils: /tmp/spark-d4139db0-c3c4-4210-b40c-961299bae886/userFiles-44ca5ae3-523d-46ee-a7bf-e47f2ce9a303/fetchFileTemp13004430207145138330.tmp has been previously copied to /tmp/spark-d4139db0-c3c4-4210-b40c-961299bae886/userFiles-44ca5ae3-523d-46ee-a7bf-e47f2ce9a303/commons-logging_commons-logging-1.1.3.jar
[2025-10-08T14:05:39.676+0000] {subprocess.py:93} INFO - 25/10/08 14:05:39 INFO Executor: Adding file:/tmp/spark-d4139db0-c3c4-4210-b40c-961299bae886/userFiles-44ca5ae3-523d-46ee-a7bf-e47f2ce9a303/commons-logging_commons-logging-1.1.3.jar to class loader default
[2025-10-08T14:05:39.677+0000] {subprocess.py:93} INFO - 25/10/08 14:05:39 INFO Executor: Fetching spark://401042008de4:44725/jars/org.apache.hadoop_hadoop-client-runtime-3.3.4.jar with timestamp 1759932337574
[2025-10-08T14:05:39.678+0000] {subprocess.py:93} INFO - 25/10/08 14:05:39 INFO Utils: Fetching spark://401042008de4:44725/jars/org.apache.hadoop_hadoop-client-runtime-3.3.4.jar to /tmp/spark-d4139db0-c3c4-4210-b40c-961299bae886/userFiles-44ca5ae3-523d-46ee-a7bf-e47f2ce9a303/fetchFileTemp8908943666780052469.tmp
[2025-10-08T14:05:39.914+0000] {subprocess.py:93} INFO - 25/10/08 14:05:39 INFO Utils: /tmp/spark-d4139db0-c3c4-4210-b40c-961299bae886/userFiles-44ca5ae3-523d-46ee-a7bf-e47f2ce9a303/fetchFileTemp8908943666780052469.tmp has been previously copied to /tmp/spark-d4139db0-c3c4-4210-b40c-961299bae886/userFiles-44ca5ae3-523d-46ee-a7bf-e47f2ce9a303/org.apache.hadoop_hadoop-client-runtime-3.3.4.jar
[2025-10-08T14:05:39.932+0000] {subprocess.py:93} INFO - 25/10/08 14:05:39 INFO Executor: Adding file:/tmp/spark-d4139db0-c3c4-4210-b40c-961299bae886/userFiles-44ca5ae3-523d-46ee-a7bf-e47f2ce9a303/org.apache.hadoop_hadoop-client-runtime-3.3.4.jar to class loader default
[2025-10-08T14:05:39.933+0000] {subprocess.py:93} INFO - 25/10/08 14:05:39 INFO Executor: Fetching spark://401042008de4:44725/jars/org.apache.kafka_kafka-clients-3.4.1.jar with timestamp 1759932337574
[2025-10-08T14:05:39.935+0000] {subprocess.py:93} INFO - 25/10/08 14:05:39 INFO Utils: Fetching spark://401042008de4:44725/jars/org.apache.kafka_kafka-clients-3.4.1.jar to /tmp/spark-d4139db0-c3c4-4210-b40c-961299bae886/userFiles-44ca5ae3-523d-46ee-a7bf-e47f2ce9a303/fetchFileTemp3870410947860771104.tmp
[2025-10-08T14:05:39.973+0000] {subprocess.py:93} INFO - 25/10/08 14:05:39 INFO Utils: /tmp/spark-d4139db0-c3c4-4210-b40c-961299bae886/userFiles-44ca5ae3-523d-46ee-a7bf-e47f2ce9a303/fetchFileTemp3870410947860771104.tmp has been previously copied to /tmp/spark-d4139db0-c3c4-4210-b40c-961299bae886/userFiles-44ca5ae3-523d-46ee-a7bf-e47f2ce9a303/org.apache.kafka_kafka-clients-3.4.1.jar
[2025-10-08T14:05:39.981+0000] {subprocess.py:93} INFO - 25/10/08 14:05:39 INFO Executor: Adding file:/tmp/spark-d4139db0-c3c4-4210-b40c-961299bae886/userFiles-44ca5ae3-523d-46ee-a7bf-e47f2ce9a303/org.apache.kafka_kafka-clients-3.4.1.jar to class loader default
[2025-10-08T14:05:39.982+0000] {subprocess.py:93} INFO - 25/10/08 14:05:39 INFO Executor: Fetching spark://401042008de4:44725/jars/org.apache.hadoop_hadoop-client-api-3.3.4.jar with timestamp 1759932337574
[2025-10-08T14:05:39.983+0000] {subprocess.py:93} INFO - 25/10/08 14:05:39 INFO Utils: Fetching spark://401042008de4:44725/jars/org.apache.hadoop_hadoop-client-api-3.3.4.jar to /tmp/spark-d4139db0-c3c4-4210-b40c-961299bae886/userFiles-44ca5ae3-523d-46ee-a7bf-e47f2ce9a303/fetchFileTemp8891155669039056700.tmp
[2025-10-08T14:05:40.107+0000] {subprocess.py:93} INFO - 25/10/08 14:05:40 INFO Utils: /tmp/spark-d4139db0-c3c4-4210-b40c-961299bae886/userFiles-44ca5ae3-523d-46ee-a7bf-e47f2ce9a303/fetchFileTemp8891155669039056700.tmp has been previously copied to /tmp/spark-d4139db0-c3c4-4210-b40c-961299bae886/userFiles-44ca5ae3-523d-46ee-a7bf-e47f2ce9a303/org.apache.hadoop_hadoop-client-api-3.3.4.jar
[2025-10-08T14:05:40.117+0000] {subprocess.py:93} INFO - 25/10/08 14:05:40 INFO Executor: Adding file:/tmp/spark-d4139db0-c3c4-4210-b40c-961299bae886/userFiles-44ca5ae3-523d-46ee-a7bf-e47f2ce9a303/org.apache.hadoop_hadoop-client-api-3.3.4.jar to class loader default
[2025-10-08T14:05:40.131+0000] {subprocess.py:93} INFO - 25/10/08 14:05:40 INFO Utils: Successfully started service 'org.apache.spark.network.netty.NettyBlockTransferService' on port 45349.
[2025-10-08T14:05:40.132+0000] {subprocess.py:93} INFO - 25/10/08 14:05:40 INFO NettyBlockTransferService: Server created on 401042008de4:45349
[2025-10-08T14:05:40.134+0000] {subprocess.py:93} INFO - 25/10/08 14:05:40 INFO BlockManager: Using org.apache.spark.storage.RandomBlockReplicationPolicy for block replication policy
[2025-10-08T14:05:40.145+0000] {subprocess.py:93} INFO - 25/10/08 14:05:40 INFO BlockManagerMaster: Registering BlockManager BlockManagerId(driver, 401042008de4, 45349, None)
[2025-10-08T14:05:40.150+0000] {subprocess.py:93} INFO - 25/10/08 14:05:40 INFO BlockManagerMasterEndpoint: Registering block manager 401042008de4:45349 with 434.4 MiB RAM, BlockManagerId(driver, 401042008de4, 45349, None)
[2025-10-08T14:05:40.153+0000] {subprocess.py:93} INFO - 25/10/08 14:05:40 INFO BlockManagerMaster: Registered BlockManager BlockManagerId(driver, 401042008de4, 45349, None)
[2025-10-08T14:05:40.155+0000] {subprocess.py:93} INFO - 25/10/08 14:05:40 INFO BlockManager: Initialized BlockManager: BlockManagerId(driver, 401042008de4, 45349, None)
[2025-10-08T14:05:40.858+0000] {subprocess.py:93} INFO - 25/10/08 14:05:40 INFO SharedState: Setting hive.metastore.warehouse.dir ('null') to the value of spark.sql.warehouse.dir.
[2025-10-08T14:05:40.866+0000] {subprocess.py:93} INFO - 25/10/08 14:05:40 INFO SharedState: Warehouse path is 'file:/tmp/***tmp27uem6ga/spark-warehouse'.
[2025-10-08T14:05:42.275+0000] {subprocess.py:93} INFO - Traceback (most recent call last):
[2025-10-08T14:05:42.276+0000] {subprocess.py:93} INFO -   File "/opt/***/dags/spark_streaming.py", line 34, in <module>
[2025-10-08T14:05:42.281+0000] {subprocess.py:93} INFO -     raw = spark.readStream.format("kafka").option(KAFKA_BOOTSTRAP) \
[2025-10-08T14:05:42.284+0000] {subprocess.py:93} INFO -           ^^^^^^^^^^^^^^^^^^^^^^^^^^^^^^^^^^^^^^^^^^^^^^^^^^^^^^^^
[2025-10-08T14:05:42.285+0000] {subprocess.py:93} INFO - TypeError: DataStreamReader.option() missing 1 required positional argument: 'value'
[2025-10-08T14:05:42.470+0000] {subprocess.py:93} INFO - 25/10/08 14:05:42 INFO SparkContext: Invoking stop() from shutdown hook
[2025-10-08T14:05:42.471+0000] {subprocess.py:93} INFO - 25/10/08 14:05:42 INFO SparkContext: SparkContext is stopping with exitCode 0.
[2025-10-08T14:05:42.487+0000] {subprocess.py:93} INFO - 25/10/08 14:05:42 INFO SparkUI: Stopped Spark web UI at http://401042008de4:4040
[2025-10-08T14:05:42.506+0000] {subprocess.py:93} INFO - 25/10/08 14:05:42 INFO MapOutputTrackerMasterEndpoint: MapOutputTrackerMasterEndpoint stopped!
[2025-10-08T14:05:42.532+0000] {subprocess.py:93} INFO - 25/10/08 14:05:42 INFO MemoryStore: MemoryStore cleared
[2025-10-08T14:05:42.534+0000] {subprocess.py:93} INFO - 25/10/08 14:05:42 INFO BlockManager: BlockManager stopped
[2025-10-08T14:05:42.545+0000] {subprocess.py:93} INFO - 25/10/08 14:05:42 INFO BlockManagerMaster: BlockManagerMaster stopped
[2025-10-08T14:05:42.550+0000] {subprocess.py:93} INFO - 25/10/08 14:05:42 INFO OutputCommitCoordinator$OutputCommitCoordinatorEndpoint: OutputCommitCoordinator stopped!
[2025-10-08T14:05:42.586+0000] {subprocess.py:93} INFO - 25/10/08 14:05:42 INFO SparkContext: Successfully stopped SparkContext
[2025-10-08T14:05:42.587+0000] {subprocess.py:93} INFO - 25/10/08 14:05:42 INFO ShutdownHookManager: Shutdown hook called
[2025-10-08T14:05:42.587+0000] {subprocess.py:93} INFO - 25/10/08 14:05:42 INFO ShutdownHookManager: Deleting directory /tmp/spark-c3f9b4fc-5133-4539-bacb-d9fa97efbdf0
[2025-10-08T14:05:42.593+0000] {subprocess.py:93} INFO - 25/10/08 14:05:42 INFO ShutdownHookManager: Deleting directory /tmp/spark-d4139db0-c3c4-4210-b40c-961299bae886/pyspark-cd413c62-d3b0-4ac9-8dd7-ace0bbbf73db
[2025-10-08T14:05:42.598+0000] {subprocess.py:93} INFO - 25/10/08 14:05:42 INFO ShutdownHookManager: Deleting directory /tmp/spark-d4139db0-c3c4-4210-b40c-961299bae886
[2025-10-08T14:05:42.666+0000] {subprocess.py:97} INFO - Command exited with return code 1
[2025-10-08T14:05:42.667+0000] {taskinstance.py:441} INFO - ::group::Post task execution logs
[2025-10-08T14:05:42.684+0000] {taskinstance.py:2905} ERROR - Task failed with exception
Traceback (most recent call last):
  File "/home/airflow/.local/lib/python3.12/site-packages/airflow/models/taskinstance.py", line 465, in _execute_task
    result = _execute_callable(context=context, **execute_callable_kwargs)
             ^^^^^^^^^^^^^^^^^^^^^^^^^^^^^^^^^^^^^^^^^^^^^^^^^^^^^^^^^^^^^
  File "/home/airflow/.local/lib/python3.12/site-packages/airflow/models/taskinstance.py", line 432, in _execute_callable
    return execute_callable(context=context, **execute_callable_kwargs)
           ^^^^^^^^^^^^^^^^^^^^^^^^^^^^^^^^^^^^^^^^^^^^^^^^^^^^^^^^^^^^
  File "/home/airflow/.local/lib/python3.12/site-packages/airflow/models/baseoperator.py", line 401, in wrapper
    return func(self, *args, **kwargs)
           ^^^^^^^^^^^^^^^^^^^^^^^^^^^
  File "/home/airflow/.local/lib/python3.12/site-packages/airflow/operators/bash.py", line 243, in execute
    raise AirflowException(
airflow.exceptions.AirflowException: Bash command failed. The command returned a non-zero exit code 1.
[2025-10-08T14:05:42.693+0000] {taskinstance.py:1206} INFO - Marking task as FAILED. dag_id=restaurant_analytics, task_id=run_spark_stream, run_id=scheduled__2025-10-08T13:00:00+00:00, execution_date=20251008T130000, start_date=20251008T140527, end_date=20251008T140542
[2025-10-08T14:05:42.722+0000] {standard_task_runner.py:110} ERROR - Failed to execute job 194 for task run_spark_stream (Bash command failed. The command returned a non-zero exit code 1.; 7129)
[2025-10-08T14:05:42.762+0000] {local_task_job_runner.py:243} INFO - Task exited with return code 1
[2025-10-08T14:05:42.797+0000] {taskinstance.py:3503} INFO - 0 downstream tasks scheduled from follow-on schedule check
[2025-10-08T14:05:42.803+0000] {local_task_job_runner.py:222} INFO - ::endgroup::
