[2025-10-08T14:00:07.221+0000] {local_task_job_runner.py:120} INFO - ::group::Pre task execution logs
[2025-10-08T14:00:07.297+0000] {taskinstance.py:2076} INFO - Dependencies all met for dep_context=non-requeueable deps ti=<TaskInstance: restaurant_analytics.run_spark_stream scheduled__2025-10-08T13:00:00+00:00 [queued]>
[2025-10-08T14:00:07.316+0000] {taskinstance.py:2076} INFO - Dependencies all met for dep_context=requeueable deps ti=<TaskInstance: restaurant_analytics.run_spark_stream scheduled__2025-10-08T13:00:00+00:00 [queued]>
[2025-10-08T14:00:07.318+0000] {taskinstance.py:2306} INFO - Starting attempt 1 of 2
[2025-10-08T14:00:07.349+0000] {taskinstance.py:2330} INFO - Executing <Task(BashOperator): run_spark_stream> on 2025-10-08 13:00:00+00:00
[2025-10-08T14:00:07.362+0000] {warnings.py:112} WARNING - /home/***/.local/lib/python3.12/site-packages/***/task/task_runner/standard_task_runner.py:62: DeprecationWarning: This process (pid=6829) is multi-threaded, use of fork() may lead to deadlocks in the child.
  pid = os.fork()

[2025-10-08T14:00:07.365+0000] {standard_task_runner.py:64} INFO - Started process 6831 to run task
[2025-10-08T14:00:07.365+0000] {standard_task_runner.py:90} INFO - Running: ['***', 'tasks', 'run', 'restaurant_analytics', 'run_spark_stream', 'scheduled__2025-10-08T13:00:00+00:00', '--job-id', '193', '--raw', '--subdir', 'DAGS_FOLDER/restaurant_dag.py', '--cfg-path', '/tmp/tmpp3ess1oe']
[2025-10-08T14:00:07.370+0000] {standard_task_runner.py:91} INFO - Job 193: Subtask run_spark_stream
[2025-10-08T14:00:07.524+0000] {task_command.py:426} INFO - Running <TaskInstance: restaurant_analytics.run_spark_stream scheduled__2025-10-08T13:00:00+00:00 [running]> on host 401042008de4
[2025-10-08T14:00:07.754+0000] {taskinstance.py:2648} INFO - Exporting env vars: AIRFLOW_CTX_DAG_EMAIL='quantruong1918@gmail.com' AIRFLOW_CTX_DAG_OWNER='***' AIRFLOW_CTX_DAG_ID='restaurant_analytics' AIRFLOW_CTX_TASK_ID='run_spark_stream' AIRFLOW_CTX_EXECUTION_DATE='2025-10-08T13:00:00+00:00' AIRFLOW_CTX_TRY_NUMBER='1' AIRFLOW_CTX_DAG_RUN_ID='scheduled__2025-10-08T13:00:00+00:00'
[2025-10-08T14:00:07.760+0000] {taskinstance.py:430} INFO - ::endgroup::
[2025-10-08T14:00:07.763+0000] {subprocess.py:63} INFO - Tmp dir root location: /tmp
[2025-10-08T14:00:07.765+0000] {subprocess.py:75} INFO - Running command: ['/usr/bin/bash', '-c', 'export PYSPARK_PYTHON=/usr/local/bin/python && export PYSPARK_DRIVER_PYTHON=/usr/local/bin/python && /opt/spark/bin/spark-submit --master local[*] --packages org.apache.spark:spark-sql-kafka-0-10_2.12:3.5.1 /opt/***/dags/spark_streaming.py']
[2025-10-08T14:00:07.793+0000] {subprocess.py:86} INFO - Output:
[2025-10-08T14:00:10.340+0000] {subprocess.py:93} INFO - :: loading settings :: url = jar:file:/opt/spark/jars/ivy-2.5.1.jar!/org/apache/ivy/core/settings/ivysettings.xml
[2025-10-08T14:00:10.464+0000] {subprocess.py:93} INFO - Ivy Default Cache set to: /home/***/.ivy2/cache
[2025-10-08T14:00:10.465+0000] {subprocess.py:93} INFO - The jars for the packages stored in: /home/***/.ivy2/jars
[2025-10-08T14:00:10.472+0000] {subprocess.py:93} INFO - org.apache.spark#spark-sql-kafka-0-10_2.12 added as a dependency
[2025-10-08T14:00:10.474+0000] {subprocess.py:93} INFO - :: resolving dependencies :: org.apache.spark#spark-submit-parent-06e97eff-f5d0-4773-9cff-7945210cf8d3;1.0
[2025-10-08T14:00:10.475+0000] {subprocess.py:93} INFO - 	confs: [default]
[2025-10-08T14:00:10.795+0000] {subprocess.py:93} INFO - 	found org.apache.spark#spark-sql-kafka-0-10_2.12;3.5.1 in central
[2025-10-08T14:00:10.931+0000] {subprocess.py:93} INFO - 	found org.apache.spark#spark-token-provider-kafka-0-10_2.12;3.5.1 in central
[2025-10-08T14:00:10.981+0000] {subprocess.py:93} INFO - 	found org.apache.kafka#kafka-clients;3.4.1 in central
[2025-10-08T14:00:11.029+0000] {subprocess.py:93} INFO - 	found org.lz4#lz4-java;1.8.0 in central
[2025-10-08T14:00:11.073+0000] {subprocess.py:93} INFO - 	found org.xerial.snappy#snappy-java;1.1.10.3 in central
[2025-10-08T14:00:11.113+0000] {subprocess.py:93} INFO - 	found org.slf4j#slf4j-api;2.0.7 in central
[2025-10-08T14:00:11.272+0000] {subprocess.py:93} INFO - 	found org.apache.hadoop#hadoop-client-runtime;3.3.4 in central
[2025-10-08T14:00:11.419+0000] {subprocess.py:93} INFO - 	found org.apache.hadoop#hadoop-client-api;3.3.4 in central
[2025-10-08T14:00:11.490+0000] {subprocess.py:93} INFO - 	found commons-logging#commons-logging;1.1.3 in central
[2025-10-08T14:00:11.543+0000] {subprocess.py:93} INFO - 	found com.google.code.findbugs#jsr305;3.0.0 in central
[2025-10-08T14:00:11.585+0000] {subprocess.py:93} INFO - 	found org.apache.commons#commons-pool2;2.11.1 in central
[2025-10-08T14:00:11.739+0000] {subprocess.py:93} INFO - :: resolution report :: resolve 1158ms :: artifacts dl 107ms
[2025-10-08T14:00:11.756+0000] {subprocess.py:93} INFO - 	:: modules in use:
[2025-10-08T14:00:11.764+0000] {subprocess.py:93} INFO - 	com.google.code.findbugs#jsr305;3.0.0 from central in [default]
[2025-10-08T14:00:11.783+0000] {subprocess.py:93} INFO - 	commons-logging#commons-logging;1.1.3 from central in [default]
[2025-10-08T14:00:11.799+0000] {subprocess.py:93} INFO - 	org.apache.commons#commons-pool2;2.11.1 from central in [default]
[2025-10-08T14:00:11.800+0000] {subprocess.py:93} INFO - 	org.apache.hadoop#hadoop-client-api;3.3.4 from central in [default]
[2025-10-08T14:00:11.817+0000] {subprocess.py:93} INFO - 	org.apache.hadoop#hadoop-client-runtime;3.3.4 from central in [default]
[2025-10-08T14:00:11.821+0000] {subprocess.py:93} INFO - 	org.apache.kafka#kafka-clients;3.4.1 from central in [default]
[2025-10-08T14:00:11.836+0000] {subprocess.py:93} INFO - 	org.apache.spark#spark-sql-kafka-0-10_2.12;3.5.1 from central in [default]
[2025-10-08T14:00:11.840+0000] {subprocess.py:93} INFO - 	org.apache.spark#spark-token-provider-kafka-0-10_2.12;3.5.1 from central in [default]
[2025-10-08T14:00:11.841+0000] {subprocess.py:93} INFO - 	org.lz4#lz4-java;1.8.0 from central in [default]
[2025-10-08T14:00:11.857+0000] {subprocess.py:93} INFO - 	org.slf4j#slf4j-api;2.0.7 from central in [default]
[2025-10-08T14:00:11.859+0000] {subprocess.py:93} INFO - 	org.xerial.snappy#snappy-java;1.1.10.3 from central in [default]
[2025-10-08T14:00:11.860+0000] {subprocess.py:93} INFO - 	---------------------------------------------------------------------
[2025-10-08T14:00:11.861+0000] {subprocess.py:93} INFO - 	|                  |            modules            ||   artifacts   |
[2025-10-08T14:00:11.877+0000] {subprocess.py:93} INFO - 	|       conf       | number| search|dwnlded|evicted|| number|dwnlded|
[2025-10-08T14:00:11.882+0000] {subprocess.py:93} INFO - 	---------------------------------------------------------------------
[2025-10-08T14:00:11.886+0000] {subprocess.py:93} INFO - 	|      default     |   11  |   0   |   0   |   0   ||   11  |   0   |
[2025-10-08T14:00:11.888+0000] {subprocess.py:93} INFO - 	---------------------------------------------------------------------
[2025-10-08T14:00:11.900+0000] {subprocess.py:93} INFO - :: retrieving :: org.apache.spark#spark-submit-parent-06e97eff-f5d0-4773-9cff-7945210cf8d3
[2025-10-08T14:00:11.905+0000] {subprocess.py:93} INFO - 	confs: [default]
[2025-10-08T14:00:11.907+0000] {subprocess.py:93} INFO - 	0 artifacts copied, 11 already retrieved (0kB/68ms)
[2025-10-08T14:00:12.818+0000] {subprocess.py:93} INFO - 25/10/08 14:00:12 WARN NativeCodeLoader: Unable to load native-hadoop library for your platform... using builtin-java classes where applicable
[2025-10-08T14:00:18.296+0000] {subprocess.py:93} INFO - 25/10/08 14:00:18 INFO SparkContext: Running Spark version 3.5.1
[2025-10-08T14:00:18.297+0000] {subprocess.py:93} INFO - 25/10/08 14:00:18 INFO SparkContext: OS info Linux, 6.6.87.1-microsoft-standard-WSL2, amd64
[2025-10-08T14:00:18.298+0000] {subprocess.py:93} INFO - 25/10/08 14:00:18 INFO SparkContext: Java version 17.0.16
[2025-10-08T14:00:18.332+0000] {subprocess.py:93} INFO - 25/10/08 14:00:18 INFO ResourceUtils: ==============================================================
[2025-10-08T14:00:18.333+0000] {subprocess.py:93} INFO - 25/10/08 14:00:18 INFO ResourceUtils: No custom resources configured for spark.driver.
[2025-10-08T14:00:18.338+0000] {subprocess.py:93} INFO - 25/10/08 14:00:18 INFO ResourceUtils: ==============================================================
[2025-10-08T14:00:18.339+0000] {subprocess.py:93} INFO - 25/10/08 14:00:18 INFO SparkContext: Submitted application: RestaurantStreaming
[2025-10-08T14:00:18.369+0000] {subprocess.py:93} INFO - 25/10/08 14:00:18 INFO ResourceProfile: Default ResourceProfile created, executor resources: Map(cores -> name: cores, amount: 1, script: , vendor: , memory -> name: memory, amount: 1024, script: , vendor: , offHeap -> name: offHeap, amount: 0, script: , vendor: ), task resources: Map(cpus -> name: cpus, amount: 1.0)
[2025-10-08T14:00:18.389+0000] {subprocess.py:93} INFO - 25/10/08 14:00:18 INFO ResourceProfile: Limiting resource is cpu
[2025-10-08T14:00:18.392+0000] {subprocess.py:93} INFO - 25/10/08 14:00:18 INFO ResourceProfileManager: Added ResourceProfile id: 0
[2025-10-08T14:00:18.696+0000] {subprocess.py:93} INFO - 25/10/08 14:00:18 INFO SecurityManager: Changing view acls to: ***
[2025-10-08T14:00:18.735+0000] {subprocess.py:93} INFO - 25/10/08 14:00:18 INFO SecurityManager: Changing modify acls to: ***
[2025-10-08T14:00:18.767+0000] {subprocess.py:93} INFO - 25/10/08 14:00:18 INFO SecurityManager: Changing view acls groups to:
[2025-10-08T14:00:18.786+0000] {subprocess.py:93} INFO - 25/10/08 14:00:18 INFO SecurityManager: Changing modify acls groups to:
[2025-10-08T14:00:18.818+0000] {subprocess.py:93} INFO - 25/10/08 14:00:18 INFO SecurityManager: SecurityManager: authentication disabled; ui acls disabled; users with view permissions: ***; groups with view permissions: EMPTY; users with modify permissions: ***; groups with modify permissions: EMPTY
[2025-10-08T14:00:19.230+0000] {subprocess.py:93} INFO - 25/10/08 14:00:19 INFO Utils: Successfully started service 'sparkDriver' on port 36993.
[2025-10-08T14:00:19.269+0000] {subprocess.py:93} INFO - 25/10/08 14:00:19 INFO SparkEnv: Registering MapOutputTracker
[2025-10-08T14:00:19.332+0000] {subprocess.py:93} INFO - 25/10/08 14:00:19 INFO SparkEnv: Registering BlockManagerMaster
[2025-10-08T14:00:19.361+0000] {subprocess.py:93} INFO - 25/10/08 14:00:19 INFO BlockManagerMasterEndpoint: Using org.apache.spark.storage.DefaultTopologyMapper for getting topology information
[2025-10-08T14:00:19.362+0000] {subprocess.py:93} INFO - 25/10/08 14:00:19 INFO BlockManagerMasterEndpoint: BlockManagerMasterEndpoint up
[2025-10-08T14:00:19.369+0000] {subprocess.py:93} INFO - 25/10/08 14:00:19 INFO SparkEnv: Registering BlockManagerMasterHeartbeat
[2025-10-08T14:00:19.399+0000] {subprocess.py:93} INFO - 25/10/08 14:00:19 INFO DiskBlockManager: Created local directory at /tmp/blockmgr-28325037-f2e6-451a-9b77-a4d2feb56ac0
[2025-10-08T14:00:19.426+0000] {subprocess.py:93} INFO - 25/10/08 14:00:19 INFO MemoryStore: MemoryStore started with capacity 434.4 MiB
[2025-10-08T14:00:19.451+0000] {subprocess.py:93} INFO - 25/10/08 14:00:19 INFO SparkEnv: Registering OutputCommitCoordinator
[2025-10-08T14:00:19.664+0000] {subprocess.py:93} INFO - 25/10/08 14:00:19 INFO JettyUtils: Start Jetty 0.0.0.0:4040 for SparkUI
[2025-10-08T14:00:19.747+0000] {subprocess.py:93} INFO - 25/10/08 14:00:19 INFO Utils: Successfully started service 'SparkUI' on port 4040.
[2025-10-08T14:00:19.802+0000] {subprocess.py:93} INFO - 25/10/08 14:00:19 INFO SparkContext: Added JAR file:///home/***/.ivy2/jars/org.apache.spark_spark-sql-kafka-0-10_2.12-3.5.1.jar at spark://401042008de4:36993/jars/org.apache.spark_spark-sql-kafka-0-10_2.12-3.5.1.jar with timestamp 1759932018287
[2025-10-08T14:00:19.803+0000] {subprocess.py:93} INFO - 25/10/08 14:00:19 INFO SparkContext: Added JAR file:///home/***/.ivy2/jars/org.apache.spark_spark-token-provider-kafka-0-10_2.12-3.5.1.jar at spark://401042008de4:36993/jars/org.apache.spark_spark-token-provider-kafka-0-10_2.12-3.5.1.jar with timestamp 1759932018287
[2025-10-08T14:00:19.805+0000] {subprocess.py:93} INFO - 25/10/08 14:00:19 INFO SparkContext: Added JAR file:///home/***/.ivy2/jars/org.apache.kafka_kafka-clients-3.4.1.jar at spark://401042008de4:36993/jars/org.apache.kafka_kafka-clients-3.4.1.jar with timestamp 1759932018287
[2025-10-08T14:00:19.806+0000] {subprocess.py:93} INFO - 25/10/08 14:00:19 INFO SparkContext: Added JAR file:///home/***/.ivy2/jars/com.google.code.findbugs_jsr305-3.0.0.jar at spark://401042008de4:36993/jars/com.google.code.findbugs_jsr305-3.0.0.jar with timestamp 1759932018287
[2025-10-08T14:00:19.807+0000] {subprocess.py:93} INFO - 25/10/08 14:00:19 INFO SparkContext: Added JAR file:///home/***/.ivy2/jars/org.apache.commons_commons-pool2-2.11.1.jar at spark://401042008de4:36993/jars/org.apache.commons_commons-pool2-2.11.1.jar with timestamp 1759932018287
[2025-10-08T14:00:19.808+0000] {subprocess.py:93} INFO - 25/10/08 14:00:19 INFO SparkContext: Added JAR file:///home/***/.ivy2/jars/org.apache.hadoop_hadoop-client-runtime-3.3.4.jar at spark://401042008de4:36993/jars/org.apache.hadoop_hadoop-client-runtime-3.3.4.jar with timestamp 1759932018287
[2025-10-08T14:00:19.809+0000] {subprocess.py:93} INFO - 25/10/08 14:00:19 INFO SparkContext: Added JAR file:///home/***/.ivy2/jars/org.lz4_lz4-java-1.8.0.jar at spark://401042008de4:36993/jars/org.lz4_lz4-java-1.8.0.jar with timestamp 1759932018287
[2025-10-08T14:00:19.810+0000] {subprocess.py:93} INFO - 25/10/08 14:00:19 INFO SparkContext: Added JAR file:///home/***/.ivy2/jars/org.xerial.snappy_snappy-java-1.1.10.3.jar at spark://401042008de4:36993/jars/org.xerial.snappy_snappy-java-1.1.10.3.jar with timestamp 1759932018287
[2025-10-08T14:00:19.811+0000] {subprocess.py:93} INFO - 25/10/08 14:00:19 INFO SparkContext: Added JAR file:///home/***/.ivy2/jars/org.slf4j_slf4j-api-2.0.7.jar at spark://401042008de4:36993/jars/org.slf4j_slf4j-api-2.0.7.jar with timestamp 1759932018287
[2025-10-08T14:00:19.812+0000] {subprocess.py:93} INFO - 25/10/08 14:00:19 INFO SparkContext: Added JAR file:///home/***/.ivy2/jars/org.apache.hadoop_hadoop-client-api-3.3.4.jar at spark://401042008de4:36993/jars/org.apache.hadoop_hadoop-client-api-3.3.4.jar with timestamp 1759932018287
[2025-10-08T14:00:19.813+0000] {subprocess.py:93} INFO - 25/10/08 14:00:19 INFO SparkContext: Added JAR file:///home/***/.ivy2/jars/commons-logging_commons-logging-1.1.3.jar at spark://401042008de4:36993/jars/commons-logging_commons-logging-1.1.3.jar with timestamp 1759932018287
[2025-10-08T14:00:19.814+0000] {subprocess.py:93} INFO - 25/10/08 14:00:19 INFO SparkContext: Added file file:///home/***/.ivy2/jars/org.apache.spark_spark-sql-kafka-0-10_2.12-3.5.1.jar at file:///home/***/.ivy2/jars/org.apache.spark_spark-sql-kafka-0-10_2.12-3.5.1.jar with timestamp 1759932018287
[2025-10-08T14:00:19.815+0000] {subprocess.py:93} INFO - 25/10/08 14:00:19 INFO Utils: Copying /home/***/.ivy2/jars/org.apache.spark_spark-sql-kafka-0-10_2.12-3.5.1.jar to /tmp/spark-eb809fb6-367d-4f8f-8f7b-0dd9b50f86cb/userFiles-413866e7-f53e-4791-93d4-0f543fb398d0/org.apache.spark_spark-sql-kafka-0-10_2.12-3.5.1.jar
[2025-10-08T14:00:19.841+0000] {subprocess.py:93} INFO - 25/10/08 14:00:19 INFO SparkContext: Added file file:///home/***/.ivy2/jars/org.apache.spark_spark-token-provider-kafka-0-10_2.12-3.5.1.jar at file:///home/***/.ivy2/jars/org.apache.spark_spark-token-provider-kafka-0-10_2.12-3.5.1.jar with timestamp 1759932018287
[2025-10-08T14:00:19.843+0000] {subprocess.py:93} INFO - 25/10/08 14:00:19 INFO Utils: Copying /home/***/.ivy2/jars/org.apache.spark_spark-token-provider-kafka-0-10_2.12-3.5.1.jar to /tmp/spark-eb809fb6-367d-4f8f-8f7b-0dd9b50f86cb/userFiles-413866e7-f53e-4791-93d4-0f543fb398d0/org.apache.spark_spark-token-provider-kafka-0-10_2.12-3.5.1.jar
[2025-10-08T14:00:19.862+0000] {subprocess.py:93} INFO - 25/10/08 14:00:19 INFO SparkContext: Added file file:///home/***/.ivy2/jars/org.apache.kafka_kafka-clients-3.4.1.jar at file:///home/***/.ivy2/jars/org.apache.kafka_kafka-clients-3.4.1.jar with timestamp 1759932018287
[2025-10-08T14:00:19.863+0000] {subprocess.py:93} INFO - 25/10/08 14:00:19 INFO Utils: Copying /home/***/.ivy2/jars/org.apache.kafka_kafka-clients-3.4.1.jar to /tmp/spark-eb809fb6-367d-4f8f-8f7b-0dd9b50f86cb/userFiles-413866e7-f53e-4791-93d4-0f543fb398d0/org.apache.kafka_kafka-clients-3.4.1.jar
[2025-10-08T14:00:19.976+0000] {subprocess.py:93} INFO - 25/10/08 14:00:19 INFO SparkContext: Added file file:///home/***/.ivy2/jars/com.google.code.findbugs_jsr305-3.0.0.jar at file:///home/***/.ivy2/jars/com.google.code.findbugs_jsr305-3.0.0.jar with timestamp 1759932018287
[2025-10-08T14:00:19.978+0000] {subprocess.py:93} INFO - 25/10/08 14:00:19 INFO Utils: Copying /home/***/.ivy2/jars/com.google.code.findbugs_jsr305-3.0.0.jar to /tmp/spark-eb809fb6-367d-4f8f-8f7b-0dd9b50f86cb/userFiles-413866e7-f53e-4791-93d4-0f543fb398d0/com.google.code.findbugs_jsr305-3.0.0.jar
[2025-10-08T14:00:19.985+0000] {subprocess.py:93} INFO - 25/10/08 14:00:19 INFO SparkContext: Added file file:///home/***/.ivy2/jars/org.apache.commons_commons-pool2-2.11.1.jar at file:///home/***/.ivy2/jars/org.apache.commons_commons-pool2-2.11.1.jar with timestamp 1759932018287
[2025-10-08T14:00:19.988+0000] {subprocess.py:93} INFO - 25/10/08 14:00:19 INFO Utils: Copying /home/***/.ivy2/jars/org.apache.commons_commons-pool2-2.11.1.jar to /tmp/spark-eb809fb6-367d-4f8f-8f7b-0dd9b50f86cb/userFiles-413866e7-f53e-4791-93d4-0f543fb398d0/org.apache.commons_commons-pool2-2.11.1.jar
[2025-10-08T14:00:19.995+0000] {subprocess.py:93} INFO - 25/10/08 14:00:19 INFO SparkContext: Added file file:///home/***/.ivy2/jars/org.apache.hadoop_hadoop-client-runtime-3.3.4.jar at file:///home/***/.ivy2/jars/org.apache.hadoop_hadoop-client-runtime-3.3.4.jar with timestamp 1759932018287
[2025-10-08T14:00:19.996+0000] {subprocess.py:93} INFO - 25/10/08 14:00:19 INFO Utils: Copying /home/***/.ivy2/jars/org.apache.hadoop_hadoop-client-runtime-3.3.4.jar to /tmp/spark-eb809fb6-367d-4f8f-8f7b-0dd9b50f86cb/userFiles-413866e7-f53e-4791-93d4-0f543fb398d0/org.apache.hadoop_hadoop-client-runtime-3.3.4.jar
[2025-10-08T14:00:20.570+0000] {subprocess.py:93} INFO - 25/10/08 14:00:20 INFO SparkContext: Added file file:///home/***/.ivy2/jars/org.lz4_lz4-java-1.8.0.jar at file:///home/***/.ivy2/jars/org.lz4_lz4-java-1.8.0.jar with timestamp 1759932018287
[2025-10-08T14:00:20.572+0000] {subprocess.py:93} INFO - 25/10/08 14:00:20 INFO Utils: Copying /home/***/.ivy2/jars/org.lz4_lz4-java-1.8.0.jar to /tmp/spark-eb809fb6-367d-4f8f-8f7b-0dd9b50f86cb/userFiles-413866e7-f53e-4791-93d4-0f543fb398d0/org.lz4_lz4-java-1.8.0.jar
[2025-10-08T14:00:20.600+0000] {subprocess.py:93} INFO - 25/10/08 14:00:20 INFO SparkContext: Added file file:///home/***/.ivy2/jars/org.xerial.snappy_snappy-java-1.1.10.3.jar at file:///home/***/.ivy2/jars/org.xerial.snappy_snappy-java-1.1.10.3.jar with timestamp 1759932018287
[2025-10-08T14:00:20.601+0000] {subprocess.py:93} INFO - 25/10/08 14:00:20 INFO Utils: Copying /home/***/.ivy2/jars/org.xerial.snappy_snappy-java-1.1.10.3.jar to /tmp/spark-eb809fb6-367d-4f8f-8f7b-0dd9b50f86cb/userFiles-413866e7-f53e-4791-93d4-0f543fb398d0/org.xerial.snappy_snappy-java-1.1.10.3.jar
[2025-10-08T14:00:20.656+0000] {subprocess.py:93} INFO - 25/10/08 14:00:20 INFO SparkContext: Added file file:///home/***/.ivy2/jars/org.slf4j_slf4j-api-2.0.7.jar at file:///home/***/.ivy2/jars/org.slf4j_slf4j-api-2.0.7.jar with timestamp 1759932018287
[2025-10-08T14:00:20.657+0000] {subprocess.py:93} INFO - 25/10/08 14:00:20 INFO Utils: Copying /home/***/.ivy2/jars/org.slf4j_slf4j-api-2.0.7.jar to /tmp/spark-eb809fb6-367d-4f8f-8f7b-0dd9b50f86cb/userFiles-413866e7-f53e-4791-93d4-0f543fb398d0/org.slf4j_slf4j-api-2.0.7.jar
[2025-10-08T14:00:20.668+0000] {subprocess.py:93} INFO - 25/10/08 14:00:20 INFO SparkContext: Added file file:///home/***/.ivy2/jars/org.apache.hadoop_hadoop-client-api-3.3.4.jar at file:///home/***/.ivy2/jars/org.apache.hadoop_hadoop-client-api-3.3.4.jar with timestamp 1759932018287
[2025-10-08T14:00:20.669+0000] {subprocess.py:93} INFO - 25/10/08 14:00:20 INFO Utils: Copying /home/***/.ivy2/jars/org.apache.hadoop_hadoop-client-api-3.3.4.jar to /tmp/spark-eb809fb6-367d-4f8f-8f7b-0dd9b50f86cb/userFiles-413866e7-f53e-4791-93d4-0f543fb398d0/org.apache.hadoop_hadoop-client-api-3.3.4.jar
[2025-10-08T14:00:20.969+0000] {subprocess.py:93} INFO - 25/10/08 14:00:20 INFO SparkContext: Added file file:///home/***/.ivy2/jars/commons-logging_commons-logging-1.1.3.jar at file:///home/***/.ivy2/jars/commons-logging_commons-logging-1.1.3.jar with timestamp 1759932018287
[2025-10-08T14:00:20.971+0000] {subprocess.py:93} INFO - 25/10/08 14:00:20 INFO Utils: Copying /home/***/.ivy2/jars/commons-logging_commons-logging-1.1.3.jar to /tmp/spark-eb809fb6-367d-4f8f-8f7b-0dd9b50f86cb/userFiles-413866e7-f53e-4791-93d4-0f543fb398d0/commons-logging_commons-logging-1.1.3.jar
[2025-10-08T14:00:21.115+0000] {subprocess.py:93} INFO - 25/10/08 14:00:21 INFO Executor: Starting executor ID driver on host 401042008de4
[2025-10-08T14:00:21.116+0000] {subprocess.py:93} INFO - 25/10/08 14:00:21 INFO Executor: OS info Linux, 6.6.87.1-microsoft-standard-WSL2, amd64
[2025-10-08T14:00:21.121+0000] {subprocess.py:93} INFO - 25/10/08 14:00:21 INFO Executor: Java version 17.0.16
[2025-10-08T14:00:21.128+0000] {subprocess.py:93} INFO - 25/10/08 14:00:21 INFO Executor: Starting executor with user classpath (userClassPathFirst = false): ''
[2025-10-08T14:00:21.129+0000] {subprocess.py:93} INFO - 25/10/08 14:00:21 INFO Executor: Created or updated repl class loader org.apache.spark.util.MutableURLClassLoader@d0f9f54 for default.
[2025-10-08T14:00:21.151+0000] {subprocess.py:93} INFO - 25/10/08 14:00:21 INFO Executor: Fetching file:///home/***/.ivy2/jars/org.apache.spark_spark-sql-kafka-0-10_2.12-3.5.1.jar with timestamp 1759932018287
[2025-10-08T14:00:21.189+0000] {subprocess.py:93} INFO - 25/10/08 14:00:21 INFO Utils: /home/***/.ivy2/jars/org.apache.spark_spark-sql-kafka-0-10_2.12-3.5.1.jar has been previously copied to /tmp/spark-eb809fb6-367d-4f8f-8f7b-0dd9b50f86cb/userFiles-413866e7-f53e-4791-93d4-0f543fb398d0/org.apache.spark_spark-sql-kafka-0-10_2.12-3.5.1.jar
[2025-10-08T14:00:21.195+0000] {subprocess.py:93} INFO - 25/10/08 14:00:21 INFO Executor: Fetching file:///home/***/.ivy2/jars/org.apache.hadoop_hadoop-client-runtime-3.3.4.jar with timestamp 1759932018287
[2025-10-08T14:00:21.227+0000] {subprocess.py:93} INFO - 25/10/08 14:00:21 INFO Utils: /home/***/.ivy2/jars/org.apache.hadoop_hadoop-client-runtime-3.3.4.jar has been previously copied to /tmp/spark-eb809fb6-367d-4f8f-8f7b-0dd9b50f86cb/userFiles-413866e7-f53e-4791-93d4-0f543fb398d0/org.apache.hadoop_hadoop-client-runtime-3.3.4.jar
[2025-10-08T14:00:21.234+0000] {subprocess.py:93} INFO - 25/10/08 14:00:21 INFO Executor: Fetching file:///home/***/.ivy2/jars/org.apache.hadoop_hadoop-client-api-3.3.4.jar with timestamp 1759932018287
[2025-10-08T14:00:21.254+0000] {subprocess.py:93} INFO - 25/10/08 14:00:21 INFO Utils: /home/***/.ivy2/jars/org.apache.hadoop_hadoop-client-api-3.3.4.jar has been previously copied to /tmp/spark-eb809fb6-367d-4f8f-8f7b-0dd9b50f86cb/userFiles-413866e7-f53e-4791-93d4-0f543fb398d0/org.apache.hadoop_hadoop-client-api-3.3.4.jar
[2025-10-08T14:00:21.259+0000] {subprocess.py:93} INFO - 25/10/08 14:00:21 INFO Executor: Fetching file:///home/***/.ivy2/jars/org.apache.spark_spark-token-provider-kafka-0-10_2.12-3.5.1.jar with timestamp 1759932018287
[2025-10-08T14:00:21.260+0000] {subprocess.py:93} INFO - 25/10/08 14:00:21 INFO Utils: /home/***/.ivy2/jars/org.apache.spark_spark-token-provider-kafka-0-10_2.12-3.5.1.jar has been previously copied to /tmp/spark-eb809fb6-367d-4f8f-8f7b-0dd9b50f86cb/userFiles-413866e7-f53e-4791-93d4-0f543fb398d0/org.apache.spark_spark-token-provider-kafka-0-10_2.12-3.5.1.jar
[2025-10-08T14:00:21.265+0000] {subprocess.py:93} INFO - 25/10/08 14:00:21 INFO Executor: Fetching file:///home/***/.ivy2/jars/com.google.code.findbugs_jsr305-3.0.0.jar with timestamp 1759932018287
[2025-10-08T14:00:21.266+0000] {subprocess.py:93} INFO - 25/10/08 14:00:21 INFO Utils: /home/***/.ivy2/jars/com.google.code.findbugs_jsr305-3.0.0.jar has been previously copied to /tmp/spark-eb809fb6-367d-4f8f-8f7b-0dd9b50f86cb/userFiles-413866e7-f53e-4791-93d4-0f543fb398d0/com.google.code.findbugs_jsr305-3.0.0.jar
[2025-10-08T14:00:21.271+0000] {subprocess.py:93} INFO - 25/10/08 14:00:21 INFO Executor: Fetching file:///home/***/.ivy2/jars/org.lz4_lz4-java-1.8.0.jar with timestamp 1759932018287
[2025-10-08T14:00:21.273+0000] {subprocess.py:93} INFO - 25/10/08 14:00:21 INFO Utils: /home/***/.ivy2/jars/org.lz4_lz4-java-1.8.0.jar has been previously copied to /tmp/spark-eb809fb6-367d-4f8f-8f7b-0dd9b50f86cb/userFiles-413866e7-f53e-4791-93d4-0f543fb398d0/org.lz4_lz4-java-1.8.0.jar
[2025-10-08T14:00:21.279+0000] {subprocess.py:93} INFO - 25/10/08 14:00:21 INFO Executor: Fetching file:///home/***/.ivy2/jars/org.slf4j_slf4j-api-2.0.7.jar with timestamp 1759932018287
[2025-10-08T14:00:21.280+0000] {subprocess.py:93} INFO - 25/10/08 14:00:21 INFO Utils: /home/***/.ivy2/jars/org.slf4j_slf4j-api-2.0.7.jar has been previously copied to /tmp/spark-eb809fb6-367d-4f8f-8f7b-0dd9b50f86cb/userFiles-413866e7-f53e-4791-93d4-0f543fb398d0/org.slf4j_slf4j-api-2.0.7.jar
[2025-10-08T14:00:21.285+0000] {subprocess.py:93} INFO - 25/10/08 14:00:21 INFO Executor: Fetching file:///home/***/.ivy2/jars/org.apache.commons_commons-pool2-2.11.1.jar with timestamp 1759932018287
[2025-10-08T14:00:21.286+0000] {subprocess.py:93} INFO - 25/10/08 14:00:21 INFO Utils: /home/***/.ivy2/jars/org.apache.commons_commons-pool2-2.11.1.jar has been previously copied to /tmp/spark-eb809fb6-367d-4f8f-8f7b-0dd9b50f86cb/userFiles-413866e7-f53e-4791-93d4-0f543fb398d0/org.apache.commons_commons-pool2-2.11.1.jar
[2025-10-08T14:00:21.292+0000] {subprocess.py:93} INFO - 25/10/08 14:00:21 INFO Executor: Fetching file:///home/***/.ivy2/jars/commons-logging_commons-logging-1.1.3.jar with timestamp 1759932018287
[2025-10-08T14:00:21.293+0000] {subprocess.py:93} INFO - 25/10/08 14:00:21 INFO Utils: /home/***/.ivy2/jars/commons-logging_commons-logging-1.1.3.jar has been previously copied to /tmp/spark-eb809fb6-367d-4f8f-8f7b-0dd9b50f86cb/userFiles-413866e7-f53e-4791-93d4-0f543fb398d0/commons-logging_commons-logging-1.1.3.jar
[2025-10-08T14:00:21.298+0000] {subprocess.py:93} INFO - 25/10/08 14:00:21 INFO Executor: Fetching file:///home/***/.ivy2/jars/org.xerial.snappy_snappy-java-1.1.10.3.jar with timestamp 1759932018287
[2025-10-08T14:00:21.300+0000] {subprocess.py:93} INFO - 25/10/08 14:00:21 INFO Utils: /home/***/.ivy2/jars/org.xerial.snappy_snappy-java-1.1.10.3.jar has been previously copied to /tmp/spark-eb809fb6-367d-4f8f-8f7b-0dd9b50f86cb/userFiles-413866e7-f53e-4791-93d4-0f543fb398d0/org.xerial.snappy_snappy-java-1.1.10.3.jar
[2025-10-08T14:00:21.305+0000] {subprocess.py:93} INFO - 25/10/08 14:00:21 INFO Executor: Fetching file:///home/***/.ivy2/jars/org.apache.kafka_kafka-clients-3.4.1.jar with timestamp 1759932018287
[2025-10-08T14:00:21.311+0000] {subprocess.py:93} INFO - 25/10/08 14:00:21 INFO Utils: /home/***/.ivy2/jars/org.apache.kafka_kafka-clients-3.4.1.jar has been previously copied to /tmp/spark-eb809fb6-367d-4f8f-8f7b-0dd9b50f86cb/userFiles-413866e7-f53e-4791-93d4-0f543fb398d0/org.apache.kafka_kafka-clients-3.4.1.jar
[2025-10-08T14:00:21.320+0000] {subprocess.py:93} INFO - 25/10/08 14:00:21 INFO Executor: Fetching spark://401042008de4:36993/jars/org.apache.commons_commons-pool2-2.11.1.jar with timestamp 1759932018287
[2025-10-08T14:00:21.378+0000] {subprocess.py:93} INFO - 25/10/08 14:00:21 INFO TransportClientFactory: Successfully created connection to 401042008de4/172.21.0.11:36993 after 40 ms (0 ms spent in bootstraps)
[2025-10-08T14:00:21.388+0000] {subprocess.py:93} INFO - 25/10/08 14:00:21 INFO Utils: Fetching spark://401042008de4:36993/jars/org.apache.commons_commons-pool2-2.11.1.jar to /tmp/spark-eb809fb6-367d-4f8f-8f7b-0dd9b50f86cb/userFiles-413866e7-f53e-4791-93d4-0f543fb398d0/fetchFileTemp9897101320077696256.tmp
[2025-10-08T14:00:21.420+0000] {subprocess.py:93} INFO - 25/10/08 14:00:21 INFO Utils: /tmp/spark-eb809fb6-367d-4f8f-8f7b-0dd9b50f86cb/userFiles-413866e7-f53e-4791-93d4-0f543fb398d0/fetchFileTemp9897101320077696256.tmp has been previously copied to /tmp/spark-eb809fb6-367d-4f8f-8f7b-0dd9b50f86cb/userFiles-413866e7-f53e-4791-93d4-0f543fb398d0/org.apache.commons_commons-pool2-2.11.1.jar
[2025-10-08T14:00:21.435+0000] {subprocess.py:93} INFO - 25/10/08 14:00:21 INFO Executor: Adding file:/tmp/spark-eb809fb6-367d-4f8f-8f7b-0dd9b50f86cb/userFiles-413866e7-f53e-4791-93d4-0f543fb398d0/org.apache.commons_commons-pool2-2.11.1.jar to class loader default
[2025-10-08T14:00:21.437+0000] {subprocess.py:93} INFO - 25/10/08 14:00:21 INFO Executor: Fetching spark://401042008de4:36993/jars/org.apache.spark_spark-sql-kafka-0-10_2.12-3.5.1.jar with timestamp 1759932018287
[2025-10-08T14:00:21.438+0000] {subprocess.py:93} INFO - 25/10/08 14:00:21 INFO Utils: Fetching spark://401042008de4:36993/jars/org.apache.spark_spark-sql-kafka-0-10_2.12-3.5.1.jar to /tmp/spark-eb809fb6-367d-4f8f-8f7b-0dd9b50f86cb/userFiles-413866e7-f53e-4791-93d4-0f543fb398d0/fetchFileTemp16568886668606778799.tmp
[2025-10-08T14:00:21.445+0000] {subprocess.py:93} INFO - 25/10/08 14:00:21 INFO Utils: /tmp/spark-eb809fb6-367d-4f8f-8f7b-0dd9b50f86cb/userFiles-413866e7-f53e-4791-93d4-0f543fb398d0/fetchFileTemp16568886668606778799.tmp has been previously copied to /tmp/spark-eb809fb6-367d-4f8f-8f7b-0dd9b50f86cb/userFiles-413866e7-f53e-4791-93d4-0f543fb398d0/org.apache.spark_spark-sql-kafka-0-10_2.12-3.5.1.jar
[2025-10-08T14:00:21.451+0000] {subprocess.py:93} INFO - 25/10/08 14:00:21 INFO Executor: Adding file:/tmp/spark-eb809fb6-367d-4f8f-8f7b-0dd9b50f86cb/userFiles-413866e7-f53e-4791-93d4-0f543fb398d0/org.apache.spark_spark-sql-kafka-0-10_2.12-3.5.1.jar to class loader default
[2025-10-08T14:00:21.452+0000] {subprocess.py:93} INFO - 25/10/08 14:00:21 INFO Executor: Fetching spark://401042008de4:36993/jars/org.apache.spark_spark-token-provider-kafka-0-10_2.12-3.5.1.jar with timestamp 1759932018287
[2025-10-08T14:00:21.453+0000] {subprocess.py:93} INFO - 25/10/08 14:00:21 INFO Utils: Fetching spark://401042008de4:36993/jars/org.apache.spark_spark-token-provider-kafka-0-10_2.12-3.5.1.jar to /tmp/spark-eb809fb6-367d-4f8f-8f7b-0dd9b50f86cb/userFiles-413866e7-f53e-4791-93d4-0f543fb398d0/fetchFileTemp3915701670582647810.tmp
[2025-10-08T14:00:21.456+0000] {subprocess.py:93} INFO - 25/10/08 14:00:21 INFO Utils: /tmp/spark-eb809fb6-367d-4f8f-8f7b-0dd9b50f86cb/userFiles-413866e7-f53e-4791-93d4-0f543fb398d0/fetchFileTemp3915701670582647810.tmp has been previously copied to /tmp/spark-eb809fb6-367d-4f8f-8f7b-0dd9b50f86cb/userFiles-413866e7-f53e-4791-93d4-0f543fb398d0/org.apache.spark_spark-token-provider-kafka-0-10_2.12-3.5.1.jar
[2025-10-08T14:00:21.470+0000] {subprocess.py:93} INFO - 25/10/08 14:00:21 INFO Executor: Adding file:/tmp/spark-eb809fb6-367d-4f8f-8f7b-0dd9b50f86cb/userFiles-413866e7-f53e-4791-93d4-0f543fb398d0/org.apache.spark_spark-token-provider-kafka-0-10_2.12-3.5.1.jar to class loader default
[2025-10-08T14:00:21.471+0000] {subprocess.py:93} INFO - 25/10/08 14:00:21 INFO Executor: Fetching spark://401042008de4:36993/jars/org.apache.hadoop_hadoop-client-runtime-3.3.4.jar with timestamp 1759932018287
[2025-10-08T14:00:21.474+0000] {subprocess.py:93} INFO - 25/10/08 14:00:21 INFO Utils: Fetching spark://401042008de4:36993/jars/org.apache.hadoop_hadoop-client-runtime-3.3.4.jar to /tmp/spark-eb809fb6-367d-4f8f-8f7b-0dd9b50f86cb/userFiles-413866e7-f53e-4791-93d4-0f543fb398d0/fetchFileTemp12009635804012590594.tmp
[2025-10-08T14:00:21.913+0000] {subprocess.py:93} INFO - 25/10/08 14:00:21 INFO Utils: /tmp/spark-eb809fb6-367d-4f8f-8f7b-0dd9b50f86cb/userFiles-413866e7-f53e-4791-93d4-0f543fb398d0/fetchFileTemp12009635804012590594.tmp has been previously copied to /tmp/spark-eb809fb6-367d-4f8f-8f7b-0dd9b50f86cb/userFiles-413866e7-f53e-4791-93d4-0f543fb398d0/org.apache.hadoop_hadoop-client-runtime-3.3.4.jar
[2025-10-08T14:00:21.927+0000] {subprocess.py:93} INFO - 25/10/08 14:00:21 INFO Executor: Adding file:/tmp/spark-eb809fb6-367d-4f8f-8f7b-0dd9b50f86cb/userFiles-413866e7-f53e-4791-93d4-0f543fb398d0/org.apache.hadoop_hadoop-client-runtime-3.3.4.jar to class loader default
[2025-10-08T14:00:21.930+0000] {subprocess.py:93} INFO - 25/10/08 14:00:21 INFO Executor: Fetching spark://401042008de4:36993/jars/org.slf4j_slf4j-api-2.0.7.jar with timestamp 1759932018287
[2025-10-08T14:00:21.931+0000] {subprocess.py:93} INFO - 25/10/08 14:00:21 INFO Utils: Fetching spark://401042008de4:36993/jars/org.slf4j_slf4j-api-2.0.7.jar to /tmp/spark-eb809fb6-367d-4f8f-8f7b-0dd9b50f86cb/userFiles-413866e7-f53e-4791-93d4-0f543fb398d0/fetchFileTemp9422824351701535546.tmp
[2025-10-08T14:00:21.932+0000] {subprocess.py:93} INFO - 25/10/08 14:00:21 INFO Utils: /tmp/spark-eb809fb6-367d-4f8f-8f7b-0dd9b50f86cb/userFiles-413866e7-f53e-4791-93d4-0f543fb398d0/fetchFileTemp9422824351701535546.tmp has been previously copied to /tmp/spark-eb809fb6-367d-4f8f-8f7b-0dd9b50f86cb/userFiles-413866e7-f53e-4791-93d4-0f543fb398d0/org.slf4j_slf4j-api-2.0.7.jar
[2025-10-08T14:00:21.938+0000] {subprocess.py:93} INFO - 25/10/08 14:00:21 INFO Executor: Adding file:/tmp/spark-eb809fb6-367d-4f8f-8f7b-0dd9b50f86cb/userFiles-413866e7-f53e-4791-93d4-0f543fb398d0/org.slf4j_slf4j-api-2.0.7.jar to class loader default
[2025-10-08T14:00:21.939+0000] {subprocess.py:93} INFO - 25/10/08 14:00:21 INFO Executor: Fetching spark://401042008de4:36993/jars/com.google.code.findbugs_jsr305-3.0.0.jar with timestamp 1759932018287
[2025-10-08T14:00:21.940+0000] {subprocess.py:93} INFO - 25/10/08 14:00:21 INFO Utils: Fetching spark://401042008de4:36993/jars/com.google.code.findbugs_jsr305-3.0.0.jar to /tmp/spark-eb809fb6-367d-4f8f-8f7b-0dd9b50f86cb/userFiles-413866e7-f53e-4791-93d4-0f543fb398d0/fetchFileTemp12775123230353290748.tmp
[2025-10-08T14:00:21.942+0000] {subprocess.py:93} INFO - 25/10/08 14:00:21 INFO Utils: /tmp/spark-eb809fb6-367d-4f8f-8f7b-0dd9b50f86cb/userFiles-413866e7-f53e-4791-93d4-0f543fb398d0/fetchFileTemp12775123230353290748.tmp has been previously copied to /tmp/spark-eb809fb6-367d-4f8f-8f7b-0dd9b50f86cb/userFiles-413866e7-f53e-4791-93d4-0f543fb398d0/com.google.code.findbugs_jsr305-3.0.0.jar
[2025-10-08T14:00:21.948+0000] {subprocess.py:93} INFO - 25/10/08 14:00:21 INFO Executor: Adding file:/tmp/spark-eb809fb6-367d-4f8f-8f7b-0dd9b50f86cb/userFiles-413866e7-f53e-4791-93d4-0f543fb398d0/com.google.code.findbugs_jsr305-3.0.0.jar to class loader default
[2025-10-08T14:00:21.950+0000] {subprocess.py:93} INFO - 25/10/08 14:00:21 INFO Executor: Fetching spark://401042008de4:36993/jars/org.lz4_lz4-java-1.8.0.jar with timestamp 1759932018287
[2025-10-08T14:00:21.951+0000] {subprocess.py:93} INFO - 25/10/08 14:00:21 INFO Utils: Fetching spark://401042008de4:36993/jars/org.lz4_lz4-java-1.8.0.jar to /tmp/spark-eb809fb6-367d-4f8f-8f7b-0dd9b50f86cb/userFiles-413866e7-f53e-4791-93d4-0f543fb398d0/fetchFileTemp5041530764610397275.tmp
[2025-10-08T14:00:21.956+0000] {subprocess.py:93} INFO - 25/10/08 14:00:21 INFO Utils: /tmp/spark-eb809fb6-367d-4f8f-8f7b-0dd9b50f86cb/userFiles-413866e7-f53e-4791-93d4-0f543fb398d0/fetchFileTemp5041530764610397275.tmp has been previously copied to /tmp/spark-eb809fb6-367d-4f8f-8f7b-0dd9b50f86cb/userFiles-413866e7-f53e-4791-93d4-0f543fb398d0/org.lz4_lz4-java-1.8.0.jar
[2025-10-08T14:00:21.965+0000] {subprocess.py:93} INFO - 25/10/08 14:00:21 INFO Executor: Adding file:/tmp/spark-eb809fb6-367d-4f8f-8f7b-0dd9b50f86cb/userFiles-413866e7-f53e-4791-93d4-0f543fb398d0/org.lz4_lz4-java-1.8.0.jar to class loader default
[2025-10-08T14:00:21.966+0000] {subprocess.py:93} INFO - 25/10/08 14:00:21 INFO Executor: Fetching spark://401042008de4:36993/jars/commons-logging_commons-logging-1.1.3.jar with timestamp 1759932018287
[2025-10-08T14:00:21.967+0000] {subprocess.py:93} INFO - 25/10/08 14:00:21 INFO Utils: Fetching spark://401042008de4:36993/jars/commons-logging_commons-logging-1.1.3.jar to /tmp/spark-eb809fb6-367d-4f8f-8f7b-0dd9b50f86cb/userFiles-413866e7-f53e-4791-93d4-0f543fb398d0/fetchFileTemp2332245060133533656.tmp
[2025-10-08T14:00:21.970+0000] {subprocess.py:93} INFO - 25/10/08 14:00:21 INFO Utils: /tmp/spark-eb809fb6-367d-4f8f-8f7b-0dd9b50f86cb/userFiles-413866e7-f53e-4791-93d4-0f543fb398d0/fetchFileTemp2332245060133533656.tmp has been previously copied to /tmp/spark-eb809fb6-367d-4f8f-8f7b-0dd9b50f86cb/userFiles-413866e7-f53e-4791-93d4-0f543fb398d0/commons-logging_commons-logging-1.1.3.jar
[2025-10-08T14:00:21.976+0000] {subprocess.py:93} INFO - 25/10/08 14:00:21 INFO Executor: Adding file:/tmp/spark-eb809fb6-367d-4f8f-8f7b-0dd9b50f86cb/userFiles-413866e7-f53e-4791-93d4-0f543fb398d0/commons-logging_commons-logging-1.1.3.jar to class loader default
[2025-10-08T14:00:21.977+0000] {subprocess.py:93} INFO - 25/10/08 14:00:21 INFO Executor: Fetching spark://401042008de4:36993/jars/org.xerial.snappy_snappy-java-1.1.10.3.jar with timestamp 1759932018287
[2025-10-08T14:00:21.978+0000] {subprocess.py:93} INFO - 25/10/08 14:00:21 INFO Utils: Fetching spark://401042008de4:36993/jars/org.xerial.snappy_snappy-java-1.1.10.3.jar to /tmp/spark-eb809fb6-367d-4f8f-8f7b-0dd9b50f86cb/userFiles-413866e7-f53e-4791-93d4-0f543fb398d0/fetchFileTemp5545759407756721941.tmp
[2025-10-08T14:00:21.999+0000] {subprocess.py:93} INFO - 25/10/08 14:00:21 INFO Utils: /tmp/spark-eb809fb6-367d-4f8f-8f7b-0dd9b50f86cb/userFiles-413866e7-f53e-4791-93d4-0f543fb398d0/fetchFileTemp5545759407756721941.tmp has been previously copied to /tmp/spark-eb809fb6-367d-4f8f-8f7b-0dd9b50f86cb/userFiles-413866e7-f53e-4791-93d4-0f543fb398d0/org.xerial.snappy_snappy-java-1.1.10.3.jar
[2025-10-08T14:00:22.006+0000] {subprocess.py:93} INFO - 25/10/08 14:00:22 INFO Executor: Adding file:/tmp/spark-eb809fb6-367d-4f8f-8f7b-0dd9b50f86cb/userFiles-413866e7-f53e-4791-93d4-0f543fb398d0/org.xerial.snappy_snappy-java-1.1.10.3.jar to class loader default
[2025-10-08T14:00:22.007+0000] {subprocess.py:93} INFO - 25/10/08 14:00:22 INFO Executor: Fetching spark://401042008de4:36993/jars/org.apache.kafka_kafka-clients-3.4.1.jar with timestamp 1759932018287
[2025-10-08T14:00:22.008+0000] {subprocess.py:93} INFO - 25/10/08 14:00:22 INFO Utils: Fetching spark://401042008de4:36993/jars/org.apache.kafka_kafka-clients-3.4.1.jar to /tmp/spark-eb809fb6-367d-4f8f-8f7b-0dd9b50f86cb/userFiles-413866e7-f53e-4791-93d4-0f543fb398d0/fetchFileTemp14015519068892632155.tmp
[2025-10-08T14:00:22.066+0000] {subprocess.py:93} INFO - 25/10/08 14:00:22 INFO Utils: /tmp/spark-eb809fb6-367d-4f8f-8f7b-0dd9b50f86cb/userFiles-413866e7-f53e-4791-93d4-0f543fb398d0/fetchFileTemp14015519068892632155.tmp has been previously copied to /tmp/spark-eb809fb6-367d-4f8f-8f7b-0dd9b50f86cb/userFiles-413866e7-f53e-4791-93d4-0f543fb398d0/org.apache.kafka_kafka-clients-3.4.1.jar
[2025-10-08T14:00:22.084+0000] {subprocess.py:93} INFO - 25/10/08 14:00:22 INFO Executor: Adding file:/tmp/spark-eb809fb6-367d-4f8f-8f7b-0dd9b50f86cb/userFiles-413866e7-f53e-4791-93d4-0f543fb398d0/org.apache.kafka_kafka-clients-3.4.1.jar to class loader default
[2025-10-08T14:00:22.085+0000] {subprocess.py:93} INFO - 25/10/08 14:00:22 INFO Executor: Fetching spark://401042008de4:36993/jars/org.apache.hadoop_hadoop-client-api-3.3.4.jar with timestamp 1759932018287
[2025-10-08T14:00:22.086+0000] {subprocess.py:93} INFO - 25/10/08 14:00:22 INFO Utils: Fetching spark://401042008de4:36993/jars/org.apache.hadoop_hadoop-client-api-3.3.4.jar to /tmp/spark-eb809fb6-367d-4f8f-8f7b-0dd9b50f86cb/userFiles-413866e7-f53e-4791-93d4-0f543fb398d0/fetchFileTemp13556852743548212195.tmp
[2025-10-08T14:00:22.252+0000] {subprocess.py:93} INFO - 25/10/08 14:00:22 INFO Utils: /tmp/spark-eb809fb6-367d-4f8f-8f7b-0dd9b50f86cb/userFiles-413866e7-f53e-4791-93d4-0f543fb398d0/fetchFileTemp13556852743548212195.tmp has been previously copied to /tmp/spark-eb809fb6-367d-4f8f-8f7b-0dd9b50f86cb/userFiles-413866e7-f53e-4791-93d4-0f543fb398d0/org.apache.hadoop_hadoop-client-api-3.3.4.jar
[2025-10-08T14:00:22.262+0000] {subprocess.py:93} INFO - 25/10/08 14:00:22 INFO Executor: Adding file:/tmp/spark-eb809fb6-367d-4f8f-8f7b-0dd9b50f86cb/userFiles-413866e7-f53e-4791-93d4-0f543fb398d0/org.apache.hadoop_hadoop-client-api-3.3.4.jar to class loader default
[2025-10-08T14:00:22.274+0000] {subprocess.py:93} INFO - 25/10/08 14:00:22 INFO Utils: Successfully started service 'org.apache.spark.network.netty.NettyBlockTransferService' on port 43637.
[2025-10-08T14:00:22.275+0000] {subprocess.py:93} INFO - 25/10/08 14:00:22 INFO NettyBlockTransferService: Server created on 401042008de4:43637
[2025-10-08T14:00:22.277+0000] {subprocess.py:93} INFO - 25/10/08 14:00:22 INFO BlockManager: Using org.apache.spark.storage.RandomBlockReplicationPolicy for block replication policy
[2025-10-08T14:00:22.286+0000] {subprocess.py:93} INFO - 25/10/08 14:00:22 INFO BlockManagerMaster: Registering BlockManager BlockManagerId(driver, 401042008de4, 43637, None)
[2025-10-08T14:00:22.291+0000] {subprocess.py:93} INFO - 25/10/08 14:00:22 INFO BlockManagerMasterEndpoint: Registering block manager 401042008de4:43637 with 434.4 MiB RAM, BlockManagerId(driver, 401042008de4, 43637, None)
[2025-10-08T14:00:22.293+0000] {subprocess.py:93} INFO - 25/10/08 14:00:22 INFO BlockManagerMaster: Registered BlockManager BlockManagerId(driver, 401042008de4, 43637, None)
[2025-10-08T14:00:22.295+0000] {subprocess.py:93} INFO - 25/10/08 14:00:22 INFO BlockManager: Initialized BlockManager: BlockManagerId(driver, 401042008de4, 43637, None)
[2025-10-08T14:00:22.865+0000] {subprocess.py:93} INFO - 25/10/08 14:00:22 INFO SharedState: Setting hive.metastore.warehouse.dir ('null') to the value of spark.sql.warehouse.dir.
[2025-10-08T14:00:22.869+0000] {subprocess.py:93} INFO - 25/10/08 14:00:22 INFO SharedState: Warehouse path is 'file:/tmp/***tmpwn3lyk56/spark-warehouse'.
[2025-10-08T14:00:24.483+0000] {subprocess.py:93} INFO - Traceback (most recent call last):
[2025-10-08T14:00:24.484+0000] {subprocess.py:93} INFO -   File "/opt/***/dags/spark_streaming.py", line 34, in <module>
[2025-10-08T14:00:24.487+0000] {subprocess.py:93} INFO -     raw = spark.readStream.format("kafka").option(KAFKA_BOOTSTRAP) \
[2025-10-08T14:00:24.488+0000] {subprocess.py:93} INFO -           ^^^^^^^^^^^^^^^^^^^^^^^^^^^^^^^^^^^^^^^^^^^^^^^^^^^^^^^^
[2025-10-08T14:00:24.489+0000] {subprocess.py:93} INFO - TypeError: DataStreamReader.option() missing 1 required positional argument: 'value'
[2025-10-08T14:00:24.661+0000] {subprocess.py:93} INFO - 25/10/08 14:00:24 INFO SparkContext: Invoking stop() from shutdown hook
[2025-10-08T14:00:24.663+0000] {subprocess.py:93} INFO - 25/10/08 14:00:24 INFO SparkContext: SparkContext is stopping with exitCode 0.
[2025-10-08T14:00:24.678+0000] {subprocess.py:93} INFO - 25/10/08 14:00:24 INFO SparkUI: Stopped Spark web UI at http://401042008de4:4040
[2025-10-08T14:00:24.695+0000] {subprocess.py:93} INFO - 25/10/08 14:00:24 INFO MapOutputTrackerMasterEndpoint: MapOutputTrackerMasterEndpoint stopped!
[2025-10-08T14:00:24.714+0000] {subprocess.py:93} INFO - 25/10/08 14:00:24 INFO MemoryStore: MemoryStore cleared
[2025-10-08T14:00:24.715+0000] {subprocess.py:93} INFO - 25/10/08 14:00:24 INFO BlockManager: BlockManager stopped
[2025-10-08T14:00:24.722+0000] {subprocess.py:93} INFO - 25/10/08 14:00:24 INFO BlockManagerMaster: BlockManagerMaster stopped
[2025-10-08T14:00:24.727+0000] {subprocess.py:93} INFO - 25/10/08 14:00:24 INFO OutputCommitCoordinator$OutputCommitCoordinatorEndpoint: OutputCommitCoordinator stopped!
[2025-10-08T14:00:24.756+0000] {subprocess.py:93} INFO - 25/10/08 14:00:24 INFO SparkContext: Successfully stopped SparkContext
[2025-10-08T14:00:24.757+0000] {subprocess.py:93} INFO - 25/10/08 14:00:24 INFO ShutdownHookManager: Shutdown hook called
[2025-10-08T14:00:24.758+0000] {subprocess.py:93} INFO - 25/10/08 14:00:24 INFO ShutdownHookManager: Deleting directory /tmp/spark-eb809fb6-367d-4f8f-8f7b-0dd9b50f86cb/pyspark-b7c12e84-db16-4bcf-a570-5812e035017b
[2025-10-08T14:00:24.762+0000] {subprocess.py:93} INFO - 25/10/08 14:00:24 INFO ShutdownHookManager: Deleting directory /tmp/spark-f1ff2c76-7955-4eed-a080-b3b4fe1d6141
[2025-10-08T14:00:24.768+0000] {subprocess.py:93} INFO - 25/10/08 14:00:24 INFO ShutdownHookManager: Deleting directory /tmp/spark-eb809fb6-367d-4f8f-8f7b-0dd9b50f86cb
[2025-10-08T14:00:24.833+0000] {subprocess.py:97} INFO - Command exited with return code 1
[2025-10-08T14:00:24.835+0000] {taskinstance.py:441} INFO - ::group::Post task execution logs
[2025-10-08T14:00:24.852+0000] {taskinstance.py:2905} ERROR - Task failed with exception
Traceback (most recent call last):
  File "/home/airflow/.local/lib/python3.12/site-packages/airflow/models/taskinstance.py", line 465, in _execute_task
    result = _execute_callable(context=context, **execute_callable_kwargs)
             ^^^^^^^^^^^^^^^^^^^^^^^^^^^^^^^^^^^^^^^^^^^^^^^^^^^^^^^^^^^^^
  File "/home/airflow/.local/lib/python3.12/site-packages/airflow/models/taskinstance.py", line 432, in _execute_callable
    return execute_callable(context=context, **execute_callable_kwargs)
           ^^^^^^^^^^^^^^^^^^^^^^^^^^^^^^^^^^^^^^^^^^^^^^^^^^^^^^^^^^^^
  File "/home/airflow/.local/lib/python3.12/site-packages/airflow/models/baseoperator.py", line 401, in wrapper
    return func(self, *args, **kwargs)
           ^^^^^^^^^^^^^^^^^^^^^^^^^^^
  File "/home/airflow/.local/lib/python3.12/site-packages/airflow/operators/bash.py", line 243, in execute
    raise AirflowException(
airflow.exceptions.AirflowException: Bash command failed. The command returned a non-zero exit code 1.
[2025-10-08T14:00:24.860+0000] {taskinstance.py:1206} INFO - Marking task as UP_FOR_RETRY. dag_id=restaurant_analytics, task_id=run_spark_stream, run_id=scheduled__2025-10-08T13:00:00+00:00, execution_date=20251008T130000, start_date=20251008T140007, end_date=20251008T140024
[2025-10-08T14:00:24.883+0000] {warnings.py:112} WARNING - /home/***/.local/lib/python3.12/site-packages/***/utils/email.py:154: RemovedInAirflow3Warning: Fetching SMTP credentials from configuration variables will be deprecated in a future release. Please set credentials using a connection instead.
  send_mime_email(e_from=mail_from, e_to=recipients, mime_msg=msg, conn_id=conn_id, dryrun=dryrun)

[2025-10-08T14:00:24.884+0000] {configuration.py:1053} WARNING - section/key [smtp/smtp_user] not found in config
[2025-10-08T14:00:24.885+0000] {email.py:271} INFO - Email alerting: attempt 1
[2025-10-08T14:00:24.897+0000] {configuration.py:1053} WARNING - section/key [smtp/smtp_user] not found in config
[2025-10-08T14:00:24.898+0000] {email.py:271} INFO - Email alerting: attempt 1
[2025-10-08T14:00:24.900+0000] {taskinstance.py:879} ERROR - Failed to send email to: ['quantruong1918@gmail.com']
Traceback (most recent call last):
  File "/home/airflow/.local/lib/python3.12/site-packages/airflow/models/taskinstance.py", line 2479, in _run_raw_task
    self._execute_task_with_callbacks(context, test_mode, session=session)
  File "/home/airflow/.local/lib/python3.12/site-packages/airflow/models/taskinstance.py", line 2676, in _execute_task_with_callbacks
    result = self._execute_task(context, task_orig)
             ^^^^^^^^^^^^^^^^^^^^^^^^^^^^^^^^^^^^^^
  File "/home/airflow/.local/lib/python3.12/site-packages/airflow/models/taskinstance.py", line 2701, in _execute_task
    return _execute_task(self, context, task_orig)
           ^^^^^^^^^^^^^^^^^^^^^^^^^^^^^^^^^^^^^^^
  File "/home/airflow/.local/lib/python3.12/site-packages/airflow/models/taskinstance.py", line 465, in _execute_task
    result = _execute_callable(context=context, **execute_callable_kwargs)
             ^^^^^^^^^^^^^^^^^^^^^^^^^^^^^^^^^^^^^^^^^^^^^^^^^^^^^^^^^^^^^
  File "/home/airflow/.local/lib/python3.12/site-packages/airflow/models/taskinstance.py", line 432, in _execute_callable
    return execute_callable(context=context, **execute_callable_kwargs)
           ^^^^^^^^^^^^^^^^^^^^^^^^^^^^^^^^^^^^^^^^^^^^^^^^^^^^^^^^^^^^
  File "/home/airflow/.local/lib/python3.12/site-packages/airflow/models/baseoperator.py", line 401, in wrapper
    return func(self, *args, **kwargs)
           ^^^^^^^^^^^^^^^^^^^^^^^^^^^
  File "/home/airflow/.local/lib/python3.12/site-packages/airflow/operators/bash.py", line 243, in execute
    raise AirflowException(
airflow.exceptions.AirflowException: Bash command failed. The command returned a non-zero exit code 1.

During handling of the above exception, another exception occurred:

Traceback (most recent call last):
  File "/home/airflow/.local/lib/python3.12/site-packages/airflow/models/taskinstance.py", line 1063, in _email_alert
    send_email(task.email, subject, html_content)
  File "/home/airflow/.local/lib/python3.12/site-packages/airflow/utils/email.py", line 80, in send_email
    return backend(
           ^^^^^^^^
  File "/home/airflow/.local/lib/python3.12/site-packages/airflow/utils/email.py", line 154, in send_email_smtp
    send_mime_email(e_from=mail_from, e_to=recipients, mime_msg=msg, conn_id=conn_id, dryrun=dryrun)
  File "/home/airflow/.local/lib/python3.12/site-packages/airflow/utils/email.py", line 273, in send_mime_email
    smtp_conn = _get_smtp_connection(smtp_host, smtp_port, smtp_timeout, smtp_ssl)
                ^^^^^^^^^^^^^^^^^^^^^^^^^^^^^^^^^^^^^^^^^^^^^^^^^^^^^^^^^^^^^^^^^^
  File "/home/airflow/.local/lib/python3.12/site-packages/airflow/utils/email.py", line 317, in _get_smtp_connection
    return smtplib.SMTP(host=host, port=port, timeout=timeout)
           ^^^^^^^^^^^^^^^^^^^^^^^^^^^^^^^^^^^^^^^^^^^^^^^^^^^
  File "/usr/local/lib/python3.12/smtplib.py", line 255, in __init__
    (code, msg) = self.connect(host, port)
                  ^^^^^^^^^^^^^^^^^^^^^^^^
  File "/usr/local/lib/python3.12/smtplib.py", line 341, in connect
    self.sock = self._get_socket(host, port, self.timeout)
                ^^^^^^^^^^^^^^^^^^^^^^^^^^^^^^^^^^^^^^^^^^
  File "/usr/local/lib/python3.12/smtplib.py", line 312, in _get_socket
    return socket.create_connection((host, port), timeout,
           ^^^^^^^^^^^^^^^^^^^^^^^^^^^^^^^^^^^^^^^^^^^^^^^
  File "/usr/local/lib/python3.12/socket.py", line 853, in create_connection
    raise exceptions[0]
  File "/usr/local/lib/python3.12/socket.py", line 838, in create_connection
    sock.connect(sa)
ConnectionRefusedError: [Errno 111] Connection refused

During handling of the above exception, another exception occurred:

Traceback (most recent call last):
  File "/home/airflow/.local/lib/python3.12/site-packages/airflow/models/taskinstance.py", line 877, in _handle_failure
    task_instance.email_alert(error, failure_context["task"])
  File "/home/airflow/.local/lib/python3.12/site-packages/airflow/models/taskinstance.py", line 3163, in email_alert
    _email_alert(task_instance=self, exception=exception, task=task)
  File "/home/airflow/.local/lib/python3.12/site-packages/airflow/models/taskinstance.py", line 1065, in _email_alert
    send_email(task.email, subject, html_content_err)
  File "/home/airflow/.local/lib/python3.12/site-packages/airflow/utils/email.py", line 80, in send_email
    return backend(
           ^^^^^^^^
  File "/home/airflow/.local/lib/python3.12/site-packages/airflow/utils/email.py", line 154, in send_email_smtp
    send_mime_email(e_from=mail_from, e_to=recipients, mime_msg=msg, conn_id=conn_id, dryrun=dryrun)
  File "/home/airflow/.local/lib/python3.12/site-packages/airflow/utils/email.py", line 273, in send_mime_email
    smtp_conn = _get_smtp_connection(smtp_host, smtp_port, smtp_timeout, smtp_ssl)
                ^^^^^^^^^^^^^^^^^^^^^^^^^^^^^^^^^^^^^^^^^^^^^^^^^^^^^^^^^^^^^^^^^^
  File "/home/airflow/.local/lib/python3.12/site-packages/airflow/utils/email.py", line 317, in _get_smtp_connection
    return smtplib.SMTP(host=host, port=port, timeout=timeout)
           ^^^^^^^^^^^^^^^^^^^^^^^^^^^^^^^^^^^^^^^^^^^^^^^^^^^
  File "/usr/local/lib/python3.12/smtplib.py", line 255, in __init__
    (code, msg) = self.connect(host, port)
                  ^^^^^^^^^^^^^^^^^^^^^^^^
  File "/usr/local/lib/python3.12/smtplib.py", line 341, in connect
    self.sock = self._get_socket(host, port, self.timeout)
                ^^^^^^^^^^^^^^^^^^^^^^^^^^^^^^^^^^^^^^^^^^
  File "/usr/local/lib/python3.12/smtplib.py", line 312, in _get_socket
    return socket.create_connection((host, port), timeout,
           ^^^^^^^^^^^^^^^^^^^^^^^^^^^^^^^^^^^^^^^^^^^^^^^
  File "/usr/local/lib/python3.12/socket.py", line 853, in create_connection
    raise exceptions[0]
  File "/usr/local/lib/python3.12/socket.py", line 838, in create_connection
    sock.connect(sa)
ConnectionRefusedError: [Errno 111] Connection refused
[2025-10-08T14:00:24.925+0000] {standard_task_runner.py:110} ERROR - Failed to execute job 193 for task run_spark_stream (Bash command failed. The command returned a non-zero exit code 1.; 6831)
[2025-10-08T14:00:24.962+0000] {local_task_job_runner.py:243} INFO - Task exited with return code 1
[2025-10-08T14:00:24.994+0000] {taskinstance.py:3503} INFO - 0 downstream tasks scheduled from follow-on schedule check
[2025-10-08T14:00:24.997+0000] {local_task_job_runner.py:222} INFO - ::endgroup::
