[2025-10-10T04:05:34.094+0000] {local_task_job_runner.py:120} INFO - ::group::Pre task execution logs
[2025-10-10T04:05:34.134+0000] {taskinstance.py:2076} INFO - Dependencies all met for dep_context=non-requeueable deps ti=<TaskInstance: restaurant_analytics.retrain_model scheduled__2025-10-10T03:00:00+00:00 [queued]>
[2025-10-10T04:05:34.146+0000] {taskinstance.py:2076} INFO - Dependencies all met for dep_context=requeueable deps ti=<TaskInstance: restaurant_analytics.retrain_model scheduled__2025-10-10T03:00:00+00:00 [queued]>
[2025-10-10T04:05:34.156+0000] {taskinstance.py:2306} INFO - Starting attempt 2 of 2
[2025-10-10T04:05:34.178+0000] {taskinstance.py:2330} INFO - Executing <Task(BashOperator): retrain_model> on 2025-10-10 03:00:00+00:00
[2025-10-10T04:05:34.192+0000] {warnings.py:112} WARNING - /home/***/.local/lib/python3.12/site-packages/***/task/task_runner/standard_task_runner.py:62: DeprecationWarning: This process (pid=1154) is multi-threaded, use of fork() may lead to deadlocks in the child.
  pid = os.fork()

[2025-10-10T04:05:34.195+0000] {standard_task_runner.py:64} INFO - Started process 1156 to run task
[2025-10-10T04:05:34.194+0000] {standard_task_runner.py:90} INFO - Running: ['***', 'tasks', 'run', 'restaurant_analytics', 'retrain_model', 'scheduled__2025-10-10T03:00:00+00:00', '--job-id', '315', '--raw', '--subdir', 'DAGS_FOLDER/restaurant_dag.py', '--cfg-path', '/tmp/tmpf6wgqwfo']
[2025-10-10T04:05:34.199+0000] {standard_task_runner.py:91} INFO - Job 315: Subtask retrain_model
[2025-10-10T04:05:34.325+0000] {task_command.py:426} INFO - Running <TaskInstance: restaurant_analytics.retrain_model scheduled__2025-10-10T03:00:00+00:00 [running]> on host dd5baa7fba45
[2025-10-10T04:05:34.477+0000] {taskinstance.py:2648} INFO - Exporting env vars: AIRFLOW_CTX_DAG_EMAIL='quantruong1918@gmail.com' AIRFLOW_CTX_DAG_OWNER='***' AIRFLOW_CTX_DAG_ID='restaurant_analytics' AIRFLOW_CTX_TASK_ID='retrain_model' AIRFLOW_CTX_EXECUTION_DATE='2025-10-10T03:00:00+00:00' AIRFLOW_CTX_TRY_NUMBER='2' AIRFLOW_CTX_DAG_RUN_ID='scheduled__2025-10-10T03:00:00+00:00'
[2025-10-10T04:05:34.481+0000] {taskinstance.py:430} INFO - ::endgroup::
[2025-10-10T04:05:34.484+0000] {subprocess.py:63} INFO - Tmp dir root location: /tmp
[2025-10-10T04:05:34.486+0000] {subprocess.py:75} INFO - Running command: ['/usr/bin/bash', '-c', 'export PYSPARK_PYTHON=/usr/local/bin/python && export PYSPARK_DRIVER_PYTHON=/usr/local/bin/python && /opt/spark/bin/spark-submit --master local[*] /opt/***/dags/train_lr.py']
[2025-10-10T04:05:34.507+0000] {subprocess.py:86} INFO - Output:
[2025-10-10T04:05:41.844+0000] {subprocess.py:93} INFO - 25/10/10 04:05:41 INFO SparkContext: Running Spark version 3.5.1
[2025-10-10T04:05:41.848+0000] {subprocess.py:93} INFO - 25/10/10 04:05:41 INFO SparkContext: OS info Linux, 6.6.87.1-microsoft-standard-WSL2, amd64
[2025-10-10T04:05:41.852+0000] {subprocess.py:93} INFO - 25/10/10 04:05:41 INFO SparkContext: Java version 17.0.16
[2025-10-10T04:05:41.924+0000] {subprocess.py:93} INFO - 25/10/10 04:05:41 WARN NativeCodeLoader: Unable to load native-hadoop library for your platform... using builtin-java classes where applicable
[2025-10-10T04:05:42.090+0000] {subprocess.py:93} INFO - 25/10/10 04:05:42 INFO ResourceUtils: ==============================================================
[2025-10-10T04:05:42.091+0000] {subprocess.py:93} INFO - 25/10/10 04:05:42 INFO ResourceUtils: No custom resources configured for spark.driver.
[2025-10-10T04:05:42.092+0000] {subprocess.py:93} INFO - 25/10/10 04:05:42 INFO ResourceUtils: ==============================================================
[2025-10-10T04:05:42.093+0000] {subprocess.py:93} INFO - 25/10/10 04:05:42 INFO SparkContext: Submitted application: TrainLR
[2025-10-10T04:05:42.123+0000] {subprocess.py:93} INFO - 25/10/10 04:05:42 INFO ResourceProfile: Default ResourceProfile created, executor resources: Map(cores -> name: cores, amount: 1, script: , vendor: , memory -> name: memory, amount: 1024, script: , vendor: , offHeap -> name: offHeap, amount: 0, script: , vendor: ), task resources: Map(cpus -> name: cpus, amount: 1.0)
[2025-10-10T04:05:42.140+0000] {subprocess.py:93} INFO - 25/10/10 04:05:42 INFO ResourceProfile: Limiting resource is cpu
[2025-10-10T04:05:42.143+0000] {subprocess.py:93} INFO - 25/10/10 04:05:42 INFO ResourceProfileManager: Added ResourceProfile id: 0
[2025-10-10T04:05:42.219+0000] {subprocess.py:93} INFO - 25/10/10 04:05:42 INFO SecurityManager: Changing view acls to: ***
[2025-10-10T04:05:42.220+0000] {subprocess.py:93} INFO - 25/10/10 04:05:42 INFO SecurityManager: Changing modify acls to: ***
[2025-10-10T04:05:42.220+0000] {subprocess.py:93} INFO - 25/10/10 04:05:42 INFO SecurityManager: Changing view acls groups to:
[2025-10-10T04:05:42.221+0000] {subprocess.py:93} INFO - 25/10/10 04:05:42 INFO SecurityManager: Changing modify acls groups to:
[2025-10-10T04:05:42.222+0000] {subprocess.py:93} INFO - 25/10/10 04:05:42 INFO SecurityManager: SecurityManager: authentication disabled; ui acls disabled; users with view permissions: ***; groups with view permissions: EMPTY; users with modify permissions: ***; groups with modify permissions: EMPTY
[2025-10-10T04:05:42.582+0000] {subprocess.py:93} INFO - 25/10/10 04:05:42 INFO Utils: Successfully started service 'sparkDriver' on port 38597.
[2025-10-10T04:05:42.619+0000] {subprocess.py:93} INFO - 25/10/10 04:05:42 INFO SparkEnv: Registering MapOutputTracker
[2025-10-10T04:05:42.664+0000] {subprocess.py:93} INFO - 25/10/10 04:05:42 INFO SparkEnv: Registering BlockManagerMaster
[2025-10-10T04:05:42.694+0000] {subprocess.py:93} INFO - 25/10/10 04:05:42 INFO BlockManagerMasterEndpoint: Using org.apache.spark.storage.DefaultTopologyMapper for getting topology information
[2025-10-10T04:05:42.696+0000] {subprocess.py:93} INFO - 25/10/10 04:05:42 INFO BlockManagerMasterEndpoint: BlockManagerMasterEndpoint up
[2025-10-10T04:05:42.701+0000] {subprocess.py:93} INFO - 25/10/10 04:05:42 INFO SparkEnv: Registering BlockManagerMasterHeartbeat
[2025-10-10T04:05:42.728+0000] {subprocess.py:93} INFO - 25/10/10 04:05:42 INFO DiskBlockManager: Created local directory at /tmp/blockmgr-f9667bc4-8a00-4e0d-9d4c-47ded78e8510
[2025-10-10T04:05:42.747+0000] {subprocess.py:93} INFO - 25/10/10 04:05:42 INFO MemoryStore: MemoryStore started with capacity 434.4 MiB
[2025-10-10T04:05:42.768+0000] {subprocess.py:93} INFO - 25/10/10 04:05:42 INFO SparkEnv: Registering OutputCommitCoordinator
[2025-10-10T04:05:42.960+0000] {subprocess.py:93} INFO - 25/10/10 04:05:42 INFO JettyUtils: Start Jetty 0.0.0.0:4040 for SparkUI
[2025-10-10T04:05:43.068+0000] {subprocess.py:93} INFO - 25/10/10 04:05:43 INFO Utils: Successfully started service 'SparkUI' on port 4040.
[2025-10-10T04:05:43.290+0000] {subprocess.py:93} INFO - 25/10/10 04:05:43 INFO Executor: Starting executor ID driver on host dd5baa7fba45
[2025-10-10T04:05:43.292+0000] {subprocess.py:93} INFO - 25/10/10 04:05:43 INFO Executor: OS info Linux, 6.6.87.1-microsoft-standard-WSL2, amd64
[2025-10-10T04:05:43.293+0000] {subprocess.py:93} INFO - 25/10/10 04:05:43 INFO Executor: Java version 17.0.16
[2025-10-10T04:05:43.308+0000] {subprocess.py:93} INFO - 25/10/10 04:05:43 INFO Executor: Starting executor with user classpath (userClassPathFirst = false): ''
[2025-10-10T04:05:43.309+0000] {subprocess.py:93} INFO - 25/10/10 04:05:43 INFO Executor: Created or updated repl class loader org.apache.spark.util.MutableURLClassLoader@6d722f85 for default.
[2025-10-10T04:05:43.363+0000] {subprocess.py:93} INFO - 25/10/10 04:05:43 INFO Utils: Successfully started service 'org.apache.spark.network.netty.NettyBlockTransferService' on port 38469.
[2025-10-10T04:05:43.364+0000] {subprocess.py:93} INFO - 25/10/10 04:05:43 INFO NettyBlockTransferService: Server created on dd5baa7fba45:38469
[2025-10-10T04:05:43.368+0000] {subprocess.py:93} INFO - 25/10/10 04:05:43 INFO BlockManager: Using org.apache.spark.storage.RandomBlockReplicationPolicy for block replication policy
[2025-10-10T04:05:43.388+0000] {subprocess.py:93} INFO - 25/10/10 04:05:43 INFO BlockManagerMaster: Registering BlockManager BlockManagerId(driver, dd5baa7fba45, 38469, None)
[2025-10-10T04:05:43.399+0000] {subprocess.py:93} INFO - 25/10/10 04:05:43 INFO BlockManagerMasterEndpoint: Registering block manager dd5baa7fba45:38469 with 434.4 MiB RAM, BlockManagerId(driver, dd5baa7fba45, 38469, None)
[2025-10-10T04:05:43.405+0000] {subprocess.py:93} INFO - 25/10/10 04:05:43 INFO BlockManagerMaster: Registered BlockManager BlockManagerId(driver, dd5baa7fba45, 38469, None)
[2025-10-10T04:05:43.410+0000] {subprocess.py:93} INFO - 25/10/10 04:05:43 INFO BlockManager: Initialized BlockManager: BlockManagerId(driver, dd5baa7fba45, 38469, None)
[2025-10-10T04:05:44.524+0000] {subprocess.py:93} INFO - 25/10/10 04:05:44 INFO SharedState: Setting hive.metastore.warehouse.dir ('null') to the value of spark.sql.warehouse.dir.
[2025-10-10T04:05:44.540+0000] {subprocess.py:93} INFO - 25/10/10 04:05:44 INFO SharedState: Warehouse path is 'file:/tmp/***tmp4ddybum3/spark-warehouse'.
[2025-10-10T04:05:48.461+0000] {subprocess.py:93} INFO - Traceback (most recent call last):
[2025-10-10T04:05:48.462+0000] {subprocess.py:93} INFO -   File "/opt/***/dags/train_lr.py", line 7, in <module>
[2025-10-10T04:05:48.465+0000] {subprocess.py:93} INFO -     df = spark.read.csv('historical_orders.csv', header=True, inferSchema=True)
[2025-10-10T04:05:48.466+0000] {subprocess.py:93} INFO -          ^^^^^^^^^^^^^^^^^^^^^^^^^^^^^^^^^^^^^^^^^^^^^^^^^^^^^^^^^^^^^^^^^^^^^^
[2025-10-10T04:05:48.467+0000] {subprocess.py:93} INFO -   File "/opt/spark/python/lib/pyspark.zip/pyspark/sql/readwriter.py", line 740, in csv
[2025-10-10T04:05:48.468+0000] {subprocess.py:93} INFO -   File "/opt/spark/python/lib/py4j-0.10.9.7-src.zip/py4j/java_gateway.py", line 1322, in __call__
[2025-10-10T04:05:48.469+0000] {subprocess.py:93} INFO -   File "/opt/spark/python/lib/pyspark.zip/pyspark/errors/exceptions/captured.py", line 185, in deco
[2025-10-10T04:05:48.487+0000] {subprocess.py:93} INFO - pyspark.errors.exceptions.captured.AnalysisException: [PATH_NOT_FOUND] Path does not exist: file:/tmp/***tmp4ddybum3/historical_orders.csv.
[2025-10-10T04:05:48.723+0000] {subprocess.py:93} INFO - 25/10/10 04:05:48 INFO SparkContext: Invoking stop() from shutdown hook
[2025-10-10T04:05:48.724+0000] {subprocess.py:93} INFO - 25/10/10 04:05:48 INFO SparkContext: SparkContext is stopping with exitCode 0.
[2025-10-10T04:05:48.744+0000] {subprocess.py:93} INFO - 25/10/10 04:05:48 INFO SparkUI: Stopped Spark web UI at http://dd5baa7fba45:4040
[2025-10-10T04:05:48.765+0000] {subprocess.py:93} INFO - 25/10/10 04:05:48 INFO MapOutputTrackerMasterEndpoint: MapOutputTrackerMasterEndpoint stopped!
[2025-10-10T04:05:48.787+0000] {subprocess.py:93} INFO - 25/10/10 04:05:48 INFO MemoryStore: MemoryStore cleared
[2025-10-10T04:05:48.788+0000] {subprocess.py:93} INFO - 25/10/10 04:05:48 INFO BlockManager: BlockManager stopped
[2025-10-10T04:05:48.798+0000] {subprocess.py:93} INFO - 25/10/10 04:05:48 INFO BlockManagerMaster: BlockManagerMaster stopped
[2025-10-10T04:05:48.802+0000] {subprocess.py:93} INFO - 25/10/10 04:05:48 INFO OutputCommitCoordinator$OutputCommitCoordinatorEndpoint: OutputCommitCoordinator stopped!
[2025-10-10T04:05:48.817+0000] {subprocess.py:93} INFO - 25/10/10 04:05:48 INFO SparkContext: Successfully stopped SparkContext
[2025-10-10T04:05:48.819+0000] {subprocess.py:93} INFO - 25/10/10 04:05:48 INFO ShutdownHookManager: Shutdown hook called
[2025-10-10T04:05:48.819+0000] {subprocess.py:93} INFO - 25/10/10 04:05:48 INFO ShutdownHookManager: Deleting directory /tmp/spark-3812c378-744e-4d53-b547-0a1386673b9b
[2025-10-10T04:05:48.826+0000] {subprocess.py:93} INFO - 25/10/10 04:05:48 INFO ShutdownHookManager: Deleting directory /tmp/spark-74190d3f-c790-4280-8aa7-47d2dfae8a85/pyspark-afb5baac-48aa-415a-841f-26acd2e416a4
[2025-10-10T04:05:48.831+0000] {subprocess.py:93} INFO - 25/10/10 04:05:48 INFO ShutdownHookManager: Deleting directory /tmp/spark-74190d3f-c790-4280-8aa7-47d2dfae8a85
[2025-10-10T04:05:48.911+0000] {subprocess.py:97} INFO - Command exited with return code 1
[2025-10-10T04:05:48.912+0000] {taskinstance.py:441} INFO - ::group::Post task execution logs
[2025-10-10T04:05:48.929+0000] {taskinstance.py:2905} ERROR - Task failed with exception
Traceback (most recent call last):
  File "/home/airflow/.local/lib/python3.12/site-packages/airflow/models/taskinstance.py", line 465, in _execute_task
    result = _execute_callable(context=context, **execute_callable_kwargs)
             ^^^^^^^^^^^^^^^^^^^^^^^^^^^^^^^^^^^^^^^^^^^^^^^^^^^^^^^^^^^^^
  File "/home/airflow/.local/lib/python3.12/site-packages/airflow/models/taskinstance.py", line 432, in _execute_callable
    return execute_callable(context=context, **execute_callable_kwargs)
           ^^^^^^^^^^^^^^^^^^^^^^^^^^^^^^^^^^^^^^^^^^^^^^^^^^^^^^^^^^^^
  File "/home/airflow/.local/lib/python3.12/site-packages/airflow/models/baseoperator.py", line 401, in wrapper
    return func(self, *args, **kwargs)
           ^^^^^^^^^^^^^^^^^^^^^^^^^^^
  File "/home/airflow/.local/lib/python3.12/site-packages/airflow/operators/bash.py", line 243, in execute
    raise AirflowException(
airflow.exceptions.AirflowException: Bash command failed. The command returned a non-zero exit code 1.
[2025-10-10T04:05:48.937+0000] {taskinstance.py:1206} INFO - Marking task as FAILED. dag_id=restaurant_analytics, task_id=retrain_model, run_id=scheduled__2025-10-10T03:00:00+00:00, execution_date=20251010T030000, start_date=20251010T040534, end_date=20251010T040548
[2025-10-10T04:05:48.962+0000] {standard_task_runner.py:110} ERROR - Failed to execute job 315 for task retrain_model (Bash command failed. The command returned a non-zero exit code 1.; 1156)
[2025-10-10T04:05:48.995+0000] {local_task_job_runner.py:243} INFO - Task exited with return code 1
[2025-10-10T04:05:49.027+0000] {taskinstance.py:3503} INFO - 0 downstream tasks scheduled from follow-on schedule check
[2025-10-10T04:05:49.033+0000] {local_task_job_runner.py:222} INFO - ::endgroup::
