[2025-10-10T05:00:04.310+0000] {local_task_job_runner.py:120} INFO - ::group::Pre task execution logs
[2025-10-10T05:00:04.346+0000] {taskinstance.py:2076} INFO - Dependencies all met for dep_context=non-requeueable deps ti=<TaskInstance: restaurant_analytics.check_spark_streaming scheduled__2025-10-10T04:00:00+00:00 [queued]>
[2025-10-10T05:00:04.356+0000] {taskinstance.py:2076} INFO - Dependencies all met for dep_context=requeueable deps ti=<TaskInstance: restaurant_analytics.check_spark_streaming scheduled__2025-10-10T04:00:00+00:00 [queued]>
[2025-10-10T05:00:04.366+0000] {taskinstance.py:2306} INFO - Starting attempt 1 of 2
[2025-10-10T05:00:04.384+0000] {taskinstance.py:2330} INFO - Executing <Task(PythonOperator): check_spark_streaming> on 2025-10-10 04:00:00+00:00
[2025-10-10T05:00:04.394+0000] {warnings.py:112} WARNING - /home/***/.local/lib/python3.12/site-packages/***/task/task_runner/standard_task_runner.py:62: DeprecationWarning: This process (pid=1973) is multi-threaded, use of fork() may lead to deadlocks in the child.
  pid = os.fork()

[2025-10-10T05:00:04.396+0000] {standard_task_runner.py:64} INFO - Started process 1975 to run task
[2025-10-10T05:00:04.396+0000] {standard_task_runner.py:90} INFO - Running: ['***', 'tasks', 'run', 'restaurant_analytics', 'check_spark_streaming', 'scheduled__2025-10-10T04:00:00+00:00', '--job-id', '316', '--raw', '--subdir', 'DAGS_FOLDER/restaurant_dag.py', '--cfg-path', '/tmp/tmprvo_4wd7']
[2025-10-10T05:00:04.401+0000] {standard_task_runner.py:91} INFO - Job 316: Subtask check_spark_streaming
[2025-10-10T05:00:04.482+0000] {task_command.py:426} INFO - Running <TaskInstance: restaurant_analytics.check_spark_streaming scheduled__2025-10-10T04:00:00+00:00 [running]> on host dd5baa7fba45
[2025-10-10T05:00:04.621+0000] {taskinstance.py:2648} INFO - Exporting env vars: AIRFLOW_CTX_DAG_EMAIL='quantruong1918@gmail.com' AIRFLOW_CTX_DAG_OWNER='***' AIRFLOW_CTX_DAG_ID='restaurant_analytics' AIRFLOW_CTX_TASK_ID='check_spark_streaming' AIRFLOW_CTX_EXECUTION_DATE='2025-10-10T04:00:00+00:00' AIRFLOW_CTX_TRY_NUMBER='1' AIRFLOW_CTX_DAG_RUN_ID='scheduled__2025-10-10T04:00:00+00:00'
[2025-10-10T05:00:04.625+0000] {taskinstance.py:430} INFO - ::endgroup::
[2025-10-10T05:00:04.798+0000] {logging_mixin.py:188} INFO - ✅ Spark streaming service is running.
[2025-10-10T05:00:04.810+0000] {python.py:237} INFO - Done. Returned value was: None
[2025-10-10T05:00:04.839+0000] {taskinstance.py:441} INFO - ::group::Post task execution logs
[2025-10-10T05:00:04.875+0000] {taskinstance.py:1206} INFO - Marking task as SUCCESS. dag_id=restaurant_analytics, task_id=check_spark_streaming, run_id=scheduled__2025-10-10T04:00:00+00:00, execution_date=20251010T040000, start_date=20251010T050004, end_date=20251010T050004
[2025-10-10T05:00:05.025+0000] {local_task_job_runner.py:243} INFO - Task exited with return code 0
[2025-10-10T05:00:05.141+0000] {taskinstance.py:3503} INFO - 1 downstream tasks scheduled from follow-on schedule check
[2025-10-10T05:00:05.170+0000] {local_task_job_runner.py:222} INFO - ::endgroup::
