[2025-10-08T08:05:23.129+0000] {local_task_job_runner.py:120} INFO - ::group::Pre task execution logs
[2025-10-08T08:05:23.219+0000] {taskinstance.py:2076} INFO - Dependencies all met for dep_context=non-requeueable deps ti=<TaskInstance: restaurant_analytics.run_spark_stream scheduled__2025-10-08T07:00:00+00:00 [queued]>
[2025-10-08T08:05:23.239+0000] {taskinstance.py:2076} INFO - Dependencies all met for dep_context=requeueable deps ti=<TaskInstance: restaurant_analytics.run_spark_stream scheduled__2025-10-08T07:00:00+00:00 [queued]>
[2025-10-08T08:05:23.251+0000] {taskinstance.py:2306} INFO - Starting attempt 2 of 2
[2025-10-08T08:05:23.316+0000] {taskinstance.py:2330} INFO - Executing <Task(BashOperator): run_spark_stream> on 2025-10-08 07:00:00+00:00
[2025-10-08T08:05:23.339+0000] {warnings.py:112} WARNING - /home/***/.local/lib/python3.12/site-packages/***/task/task_runner/standard_task_runner.py:62: DeprecationWarning: This process (pid=522) is multi-threaded, use of fork() may lead to deadlocks in the child.
  pid = os.fork()

[2025-10-08T08:05:23.344+0000] {standard_task_runner.py:64} INFO - Started process 526 to run task
[2025-10-08T08:05:23.346+0000] {standard_task_runner.py:90} INFO - Running: ['***', 'tasks', 'run', 'restaurant_analytics', 'run_spark_stream', 'scheduled__2025-10-08T07:00:00+00:00', '--job-id', '164', '--raw', '--subdir', 'DAGS_FOLDER/restaurant_dag.py', '--cfg-path', '/tmp/tmp88kzf5wi']
[2025-10-08T08:05:23.355+0000] {standard_task_runner.py:91} INFO - Job 164: Subtask run_spark_stream
[2025-10-08T08:05:23.593+0000] {task_command.py:426} INFO - Running <TaskInstance: restaurant_analytics.run_spark_stream scheduled__2025-10-08T07:00:00+00:00 [running]> on host 26440191eecc
[2025-10-08T08:05:23.944+0000] {taskinstance.py:2648} INFO - Exporting env vars: AIRFLOW_CTX_DAG_EMAIL='quantruong1918@gmail.com' AIRFLOW_CTX_DAG_OWNER='***' AIRFLOW_CTX_DAG_ID='restaurant_analytics' AIRFLOW_CTX_TASK_ID='run_spark_stream' AIRFLOW_CTX_EXECUTION_DATE='2025-10-08T07:00:00+00:00' AIRFLOW_CTX_TRY_NUMBER='2' AIRFLOW_CTX_DAG_RUN_ID='scheduled__2025-10-08T07:00:00+00:00'
[2025-10-08T08:05:23.952+0000] {taskinstance.py:430} INFO - ::endgroup::
[2025-10-08T08:05:23.956+0000] {subprocess.py:63} INFO - Tmp dir root location: /tmp
[2025-10-08T08:05:23.959+0000] {subprocess.py:75} INFO - Running command: ['/usr/bin/bash', '-c', '/opt/spark/bin/spark-submit --master local[*] /opt/***/dags/spark_streaming.py']
[2025-10-08T08:05:24.008+0000] {subprocess.py:86} INFO - Output:
[2025-10-08T08:05:31.175+0000] {subprocess.py:93} INFO - Traceback (most recent call last):
[2025-10-08T08:05:31.177+0000] {subprocess.py:93} INFO -   File "/opt/***/dags/spark_streaming.py", line 5, in <module>
[2025-10-08T08:05:31.190+0000] {subprocess.py:93} INFO -     from pyspark.ml import PipelineModel
[2025-10-08T08:05:31.196+0000] {subprocess.py:93} INFO -   File "/opt/spark/python/lib/pyspark.zip/pyspark/ml/__init__.py", line 22, in <module>
[2025-10-08T08:05:31.203+0000] {subprocess.py:93} INFO -   File "/opt/spark/python/lib/pyspark.zip/pyspark/ml/base.py", line 40, in <module>
[2025-10-08T08:05:31.249+0000] {subprocess.py:93} INFO -   File "/opt/spark/python/lib/pyspark.zip/pyspark/ml/param/__init__.py", line 32, in <module>
[2025-10-08T08:05:31.261+0000] {subprocess.py:93} INFO - ModuleNotFoundError: No module named 'numpy'
[2025-10-08T08:05:31.507+0000] {subprocess.py:93} INFO - 25/10/08 08:05:31 INFO ShutdownHookManager: Shutdown hook called
[2025-10-08T08:05:31.533+0000] {subprocess.py:93} INFO - 25/10/08 08:05:31 INFO ShutdownHookManager: Deleting directory /tmp/spark-a9fe81db-2ce8-43b8-a367-47ac27f2a9e9
[2025-10-08T08:05:31.659+0000] {subprocess.py:97} INFO - Command exited with return code 1
[2025-10-08T08:05:31.663+0000] {taskinstance.py:441} INFO - ::group::Post task execution logs
[2025-10-08T08:05:31.760+0000] {taskinstance.py:2905} ERROR - Task failed with exception
Traceback (most recent call last):
  File "/home/airflow/.local/lib/python3.12/site-packages/airflow/models/taskinstance.py", line 465, in _execute_task
    result = _execute_callable(context=context, **execute_callable_kwargs)
             ^^^^^^^^^^^^^^^^^^^^^^^^^^^^^^^^^^^^^^^^^^^^^^^^^^^^^^^^^^^^^
  File "/home/airflow/.local/lib/python3.12/site-packages/airflow/models/taskinstance.py", line 432, in _execute_callable
    return execute_callable(context=context, **execute_callable_kwargs)
           ^^^^^^^^^^^^^^^^^^^^^^^^^^^^^^^^^^^^^^^^^^^^^^^^^^^^^^^^^^^^
  File "/home/airflow/.local/lib/python3.12/site-packages/airflow/models/baseoperator.py", line 401, in wrapper
    return func(self, *args, **kwargs)
           ^^^^^^^^^^^^^^^^^^^^^^^^^^^
  File "/home/airflow/.local/lib/python3.12/site-packages/airflow/operators/bash.py", line 243, in execute
    raise AirflowException(
airflow.exceptions.AirflowException: Bash command failed. The command returned a non-zero exit code 1.
[2025-10-08T08:05:31.824+0000] {taskinstance.py:1206} INFO - Marking task as FAILED. dag_id=restaurant_analytics, task_id=run_spark_stream, run_id=scheduled__2025-10-08T07:00:00+00:00, execution_date=20251008T070000, start_date=20251008T080523, end_date=20251008T080531
[2025-10-08T08:05:32.031+0000] {standard_task_runner.py:110} ERROR - Failed to execute job 164 for task run_spark_stream (Bash command failed. The command returned a non-zero exit code 1.; 526)
[2025-10-08T08:05:32.112+0000] {local_task_job_runner.py:243} INFO - Task exited with return code 1
[2025-10-08T08:05:32.281+0000] {taskinstance.py:3503} INFO - 0 downstream tasks scheduled from follow-on schedule check
[2025-10-08T08:05:32.334+0000] {local_task_job_runner.py:222} INFO - ::endgroup::
