[2025-10-08T12:00:06.996+0000] {local_task_job_runner.py:120} INFO - ::group::Pre task execution logs
[2025-10-08T12:00:07.058+0000] {taskinstance.py:2076} INFO - Dependencies all met for dep_context=non-requeueable deps ti=<TaskInstance: restaurant_analytics.run_spark_stream scheduled__2025-10-08T11:00:00+00:00 [queued]>
[2025-10-08T12:00:07.075+0000] {taskinstance.py:2076} INFO - Dependencies all met for dep_context=requeueable deps ti=<TaskInstance: restaurant_analytics.run_spark_stream scheduled__2025-10-08T11:00:00+00:00 [queued]>
[2025-10-08T12:00:07.076+0000] {taskinstance.py:2306} INFO - Starting attempt 1 of 2
[2025-10-08T12:00:07.109+0000] {taskinstance.py:2330} INFO - Executing <Task(BashOperator): run_spark_stream> on 2025-10-08 11:00:00+00:00
[2025-10-08T12:00:07.135+0000] {warnings.py:112} WARNING - /home/***/.local/lib/python3.12/site-packages/***/task/task_runner/standard_task_runner.py:62: DeprecationWarning: This process (pid=3904) is multi-threaded, use of fork() may lead to deadlocks in the child.
  pid = os.fork()

[2025-10-08T12:00:07.139+0000] {standard_task_runner.py:64} INFO - Started process 3906 to run task
[2025-10-08T12:00:07.140+0000] {standard_task_runner.py:90} INFO - Running: ['***', 'tasks', 'run', 'restaurant_analytics', 'run_spark_stream', 'scheduled__2025-10-08T11:00:00+00:00', '--job-id', '189', '--raw', '--subdir', 'DAGS_FOLDER/restaurant_dag.py', '--cfg-path', '/tmp/tmpgihwkoz8']
[2025-10-08T12:00:07.146+0000] {standard_task_runner.py:91} INFO - Job 189: Subtask run_spark_stream
[2025-10-08T12:00:07.298+0000] {task_command.py:426} INFO - Running <TaskInstance: restaurant_analytics.run_spark_stream scheduled__2025-10-08T11:00:00+00:00 [running]> on host 401042008de4
[2025-10-08T12:00:07.559+0000] {taskinstance.py:2648} INFO - Exporting env vars: AIRFLOW_CTX_DAG_EMAIL='quantruong1918@gmail.com' AIRFLOW_CTX_DAG_OWNER='***' AIRFLOW_CTX_DAG_ID='restaurant_analytics' AIRFLOW_CTX_TASK_ID='run_spark_stream' AIRFLOW_CTX_EXECUTION_DATE='2025-10-08T11:00:00+00:00' AIRFLOW_CTX_TRY_NUMBER='1' AIRFLOW_CTX_DAG_RUN_ID='scheduled__2025-10-08T11:00:00+00:00'
[2025-10-08T12:00:07.565+0000] {taskinstance.py:430} INFO - ::endgroup::
[2025-10-08T12:00:07.569+0000] {subprocess.py:63} INFO - Tmp dir root location: /tmp
[2025-10-08T12:00:07.573+0000] {subprocess.py:75} INFO - Running command: ['/usr/bin/bash', '-c', 'export PYSPARK_PYTHON=/usr/local/bin/python && export PYSPARK_DRIVER_PYTHON=/usr/local/bin/python && /opt/spark/bin/spark-submit --master local[*] --packages org.apache.spark:spark-sql-kafka-0-10_2.12:3.5.1 /opt/***/dags/spark_streaming.py']
[2025-10-08T12:00:07.612+0000] {subprocess.py:86} INFO - Output:
[2025-10-08T12:00:19.154+0000] {subprocess.py:93} INFO - :: loading settings :: url = jar:file:/opt/spark/jars/ivy-2.5.1.jar!/org/apache/ivy/core/settings/ivysettings.xml
[2025-10-08T12:00:19.920+0000] {subprocess.py:93} INFO - Ivy Default Cache set to: /home/***/.ivy2/cache
[2025-10-08T12:00:19.925+0000] {subprocess.py:93} INFO - The jars for the packages stored in: /home/***/.ivy2/jars
[2025-10-08T12:00:19.950+0000] {subprocess.py:93} INFO - org.apache.spark#spark-sql-kafka-0-10_2.12 added as a dependency
[2025-10-08T12:00:19.956+0000] {subprocess.py:93} INFO - :: resolving dependencies :: org.apache.spark#spark-submit-parent-34bfd2fb-ef41-4b2d-a1ab-ae2b0fb9e408;1.0
[2025-10-08T12:00:19.957+0000] {subprocess.py:93} INFO - 	confs: [default]
[2025-10-08T12:00:21.751+0000] {subprocess.py:93} INFO - 	found org.apache.spark#spark-sql-kafka-0-10_2.12;3.5.1 in central
[2025-10-08T12:00:22.679+0000] {subprocess.py:93} INFO - 	found org.apache.spark#spark-token-provider-kafka-0-10_2.12;3.5.1 in central
[2025-10-08T12:00:23.072+0000] {subprocess.py:93} INFO - 	found org.apache.kafka#kafka-clients;3.4.1 in central
[2025-10-08T12:00:23.722+0000] {subprocess.py:93} INFO - 	found org.lz4#lz4-java;1.8.0 in central
[2025-10-08T12:00:24.138+0000] {subprocess.py:93} INFO - 	found org.xerial.snappy#snappy-java;1.1.10.3 in central
[2025-10-08T12:00:24.341+0000] {subprocess.py:93} INFO - 	found org.slf4j#slf4j-api;2.0.7 in central
[2025-10-08T12:00:24.691+0000] {subprocess.py:93} INFO - 	found org.apache.hadoop#hadoop-client-runtime;3.3.4 in central
[2025-10-08T12:00:25.139+0000] {subprocess.py:93} INFO - 	found org.apache.hadoop#hadoop-client-api;3.3.4 in central
[2025-10-08T12:00:25.813+0000] {subprocess.py:93} INFO - 	found commons-logging#commons-logging;1.1.3 in central
[2025-10-08T12:00:26.298+0000] {subprocess.py:93} INFO - 	found com.google.code.findbugs#jsr305;3.0.0 in central
[2025-10-08T12:00:26.492+0000] {subprocess.py:93} INFO - 	found org.apache.commons#commons-pool2;2.11.1 in central
[2025-10-08T12:00:26.813+0000] {subprocess.py:93} INFO - :: resolution report :: resolve 6661ms :: artifacts dl 194ms
[2025-10-08T12:00:26.829+0000] {subprocess.py:93} INFO - 	:: modules in use:
[2025-10-08T12:00:26.846+0000] {subprocess.py:93} INFO - 	com.google.code.findbugs#jsr305;3.0.0 from central in [default]
[2025-10-08T12:00:26.861+0000] {subprocess.py:93} INFO - 	commons-logging#commons-logging;1.1.3 from central in [default]
[2025-10-08T12:00:26.862+0000] {subprocess.py:93} INFO - 	org.apache.commons#commons-pool2;2.11.1 from central in [default]
[2025-10-08T12:00:26.863+0000] {subprocess.py:93} INFO - 	org.apache.hadoop#hadoop-client-api;3.3.4 from central in [default]
[2025-10-08T12:00:26.866+0000] {subprocess.py:93} INFO - 	org.apache.hadoop#hadoop-client-runtime;3.3.4 from central in [default]
[2025-10-08T12:00:26.876+0000] {subprocess.py:93} INFO - 	org.apache.kafka#kafka-clients;3.4.1 from central in [default]
[2025-10-08T12:00:26.877+0000] {subprocess.py:93} INFO - 	org.apache.spark#spark-sql-kafka-0-10_2.12;3.5.1 from central in [default]
[2025-10-08T12:00:26.879+0000] {subprocess.py:93} INFO - 	org.apache.spark#spark-token-provider-kafka-0-10_2.12;3.5.1 from central in [default]
[2025-10-08T12:00:26.908+0000] {subprocess.py:93} INFO - 	org.lz4#lz4-java;1.8.0 from central in [default]
[2025-10-08T12:00:26.923+0000] {subprocess.py:93} INFO - 	org.slf4j#slf4j-api;2.0.7 from central in [default]
[2025-10-08T12:00:26.924+0000] {subprocess.py:93} INFO - 	org.xerial.snappy#snappy-java;1.1.10.3 from central in [default]
[2025-10-08T12:00:26.942+0000] {subprocess.py:93} INFO - 	---------------------------------------------------------------------
[2025-10-08T12:00:26.955+0000] {subprocess.py:93} INFO - 	|                  |            modules            ||   artifacts   |
[2025-10-08T12:00:26.956+0000] {subprocess.py:93} INFO - 	|       conf       | number| search|dwnlded|evicted|| number|dwnlded|
[2025-10-08T12:00:26.972+0000] {subprocess.py:93} INFO - 	---------------------------------------------------------------------
[2025-10-08T12:00:26.973+0000] {subprocess.py:93} INFO - 	|      default     |   11  |   0   |   0   |   0   ||   11  |   0   |
[2025-10-08T12:00:26.974+0000] {subprocess.py:93} INFO - 	---------------------------------------------------------------------
[2025-10-08T12:00:26.975+0000] {subprocess.py:93} INFO - :: retrieving :: org.apache.spark#spark-submit-parent-34bfd2fb-ef41-4b2d-a1ab-ae2b0fb9e408
[2025-10-08T12:00:26.986+0000] {subprocess.py:93} INFO - 	confs: [default]
[2025-10-08T12:00:26.989+0000] {subprocess.py:93} INFO - 	0 artifacts copied, 11 already retrieved (0kB/117ms)
[2025-10-08T12:00:29.477+0000] {subprocess.py:93} INFO - 25/10/08 12:00:29 WARN NativeCodeLoader: Unable to load native-hadoop library for your platform... using builtin-java classes where applicable
[2025-10-08T12:00:36.814+0000] {subprocess.py:93} INFO - 25/10/08 12:00:36 INFO SparkContext: Running Spark version 3.5.1
[2025-10-08T12:00:36.817+0000] {subprocess.py:93} INFO - 25/10/08 12:00:36 INFO SparkContext: OS info Linux, 6.6.87.1-microsoft-standard-WSL2, amd64
[2025-10-08T12:00:36.825+0000] {subprocess.py:93} INFO - 25/10/08 12:00:36 INFO SparkContext: Java version 17.0.16
[2025-10-08T12:00:36.874+0000] {subprocess.py:93} INFO - 25/10/08 12:00:36 INFO ResourceUtils: ==============================================================
[2025-10-08T12:00:36.876+0000] {subprocess.py:93} INFO - 25/10/08 12:00:36 INFO ResourceUtils: No custom resources configured for spark.driver.
[2025-10-08T12:00:36.878+0000] {subprocess.py:93} INFO - 25/10/08 12:00:36 INFO ResourceUtils: ==============================================================
[2025-10-08T12:00:36.880+0000] {subprocess.py:93} INFO - 25/10/08 12:00:36 INFO SparkContext: Submitted application: RestaurantStreaming
[2025-10-08T12:00:36.939+0000] {subprocess.py:93} INFO - 25/10/08 12:00:36 INFO ResourceProfile: Default ResourceProfile created, executor resources: Map(cores -> name: cores, amount: 1, script: , vendor: , memory -> name: memory, amount: 1024, script: , vendor: , offHeap -> name: offHeap, amount: 0, script: , vendor: ), task resources: Map(cpus -> name: cpus, amount: 1.0)
[2025-10-08T12:00:36.961+0000] {subprocess.py:93} INFO - 25/10/08 12:00:36 INFO ResourceProfile: Limiting resource is cpu
[2025-10-08T12:00:36.963+0000] {subprocess.py:93} INFO - 25/10/08 12:00:36 INFO ResourceProfileManager: Added ResourceProfile id: 0
[2025-10-08T12:00:37.070+0000] {subprocess.py:93} INFO - 25/10/08 12:00:37 INFO SecurityManager: Changing view acls to: ***
[2025-10-08T12:00:37.072+0000] {subprocess.py:93} INFO - 25/10/08 12:00:37 INFO SecurityManager: Changing modify acls to: ***
[2025-10-08T12:00:37.073+0000] {subprocess.py:93} INFO - 25/10/08 12:00:37 INFO SecurityManager: Changing view acls groups to:
[2025-10-08T12:00:37.075+0000] {subprocess.py:93} INFO - 25/10/08 12:00:37 INFO SecurityManager: Changing modify acls groups to:
[2025-10-08T12:00:37.076+0000] {subprocess.py:93} INFO - 25/10/08 12:00:37 INFO SecurityManager: SecurityManager: authentication disabled; ui acls disabled; users with view permissions: ***; groups with view permissions: EMPTY; users with modify permissions: ***; groups with modify permissions: EMPTY
[2025-10-08T12:00:37.773+0000] {subprocess.py:93} INFO - 25/10/08 12:00:37 INFO Utils: Successfully started service 'sparkDriver' on port 41549.
[2025-10-08T12:00:37.963+0000] {subprocess.py:93} INFO - 25/10/08 12:00:37 INFO SparkEnv: Registering MapOutputTracker
[2025-10-08T12:00:38.241+0000] {subprocess.py:93} INFO - 25/10/08 12:00:38 INFO SparkEnv: Registering BlockManagerMaster
[2025-10-08T12:00:38.373+0000] {subprocess.py:93} INFO - 25/10/08 12:00:38 INFO BlockManagerMasterEndpoint: Using org.apache.spark.storage.DefaultTopologyMapper for getting topology information
[2025-10-08T12:00:38.379+0000] {subprocess.py:93} INFO - 25/10/08 12:00:38 INFO BlockManagerMasterEndpoint: BlockManagerMasterEndpoint up
[2025-10-08T12:00:38.424+0000] {subprocess.py:93} INFO - 25/10/08 12:00:38 INFO SparkEnv: Registering BlockManagerMasterHeartbeat
[2025-10-08T12:00:38.516+0000] {subprocess.py:93} INFO - 25/10/08 12:00:38 INFO DiskBlockManager: Created local directory at /tmp/blockmgr-79acec6f-0fb4-46dd-be96-270efdf9a13d
[2025-10-08T12:00:38.566+0000] {subprocess.py:93} INFO - 25/10/08 12:00:38 INFO MemoryStore: MemoryStore started with capacity 434.4 MiB
[2025-10-08T12:00:38.609+0000] {subprocess.py:93} INFO - 25/10/08 12:00:38 INFO SparkEnv: Registering OutputCommitCoordinator
[2025-10-08T12:00:39.031+0000] {subprocess.py:93} INFO - 25/10/08 12:00:39 INFO JettyUtils: Start Jetty 0.0.0.0:4040 for SparkUI
[2025-10-08T12:00:39.197+0000] {subprocess.py:93} INFO - 25/10/08 12:00:39 INFO Utils: Successfully started service 'SparkUI' on port 4040.
[2025-10-08T12:00:39.290+0000] {subprocess.py:93} INFO - 25/10/08 12:00:39 INFO SparkContext: Added JAR file:///home/***/.ivy2/jars/org.apache.spark_spark-sql-kafka-0-10_2.12-3.5.1.jar at spark://401042008de4:41549/jars/org.apache.spark_spark-sql-kafka-0-10_2.12-3.5.1.jar with timestamp 1759924836798
[2025-10-08T12:00:39.291+0000] {subprocess.py:93} INFO - 25/10/08 12:00:39 INFO SparkContext: Added JAR file:///home/***/.ivy2/jars/org.apache.spark_spark-token-provider-kafka-0-10_2.12-3.5.1.jar at spark://401042008de4:41549/jars/org.apache.spark_spark-token-provider-kafka-0-10_2.12-3.5.1.jar with timestamp 1759924836798
[2025-10-08T12:00:39.293+0000] {subprocess.py:93} INFO - 25/10/08 12:00:39 INFO SparkContext: Added JAR file:///home/***/.ivy2/jars/org.apache.kafka_kafka-clients-3.4.1.jar at spark://401042008de4:41549/jars/org.apache.kafka_kafka-clients-3.4.1.jar with timestamp 1759924836798
[2025-10-08T12:00:39.295+0000] {subprocess.py:93} INFO - 25/10/08 12:00:39 INFO SparkContext: Added JAR file:///home/***/.ivy2/jars/com.google.code.findbugs_jsr305-3.0.0.jar at spark://401042008de4:41549/jars/com.google.code.findbugs_jsr305-3.0.0.jar with timestamp 1759924836798
[2025-10-08T12:00:39.296+0000] {subprocess.py:93} INFO - 25/10/08 12:00:39 INFO SparkContext: Added JAR file:///home/***/.ivy2/jars/org.apache.commons_commons-pool2-2.11.1.jar at spark://401042008de4:41549/jars/org.apache.commons_commons-pool2-2.11.1.jar with timestamp 1759924836798
[2025-10-08T12:00:39.297+0000] {subprocess.py:93} INFO - 25/10/08 12:00:39 INFO SparkContext: Added JAR file:///home/***/.ivy2/jars/org.apache.hadoop_hadoop-client-runtime-3.3.4.jar at spark://401042008de4:41549/jars/org.apache.hadoop_hadoop-client-runtime-3.3.4.jar with timestamp 1759924836798
[2025-10-08T12:00:39.301+0000] {subprocess.py:93} INFO - 25/10/08 12:00:39 INFO SparkContext: Added JAR file:///home/***/.ivy2/jars/org.lz4_lz4-java-1.8.0.jar at spark://401042008de4:41549/jars/org.lz4_lz4-java-1.8.0.jar with timestamp 1759924836798
[2025-10-08T12:00:39.302+0000] {subprocess.py:93} INFO - 25/10/08 12:00:39 INFO SparkContext: Added JAR file:///home/***/.ivy2/jars/org.xerial.snappy_snappy-java-1.1.10.3.jar at spark://401042008de4:41549/jars/org.xerial.snappy_snappy-java-1.1.10.3.jar with timestamp 1759924836798
[2025-10-08T12:00:39.303+0000] {subprocess.py:93} INFO - 25/10/08 12:00:39 INFO SparkContext: Added JAR file:///home/***/.ivy2/jars/org.slf4j_slf4j-api-2.0.7.jar at spark://401042008de4:41549/jars/org.slf4j_slf4j-api-2.0.7.jar with timestamp 1759924836798
[2025-10-08T12:00:39.304+0000] {subprocess.py:93} INFO - 25/10/08 12:00:39 INFO SparkContext: Added JAR file:///home/***/.ivy2/jars/org.apache.hadoop_hadoop-client-api-3.3.4.jar at spark://401042008de4:41549/jars/org.apache.hadoop_hadoop-client-api-3.3.4.jar with timestamp 1759924836798
[2025-10-08T12:00:39.306+0000] {subprocess.py:93} INFO - 25/10/08 12:00:39 INFO SparkContext: Added JAR file:///home/***/.ivy2/jars/commons-logging_commons-logging-1.1.3.jar at spark://401042008de4:41549/jars/commons-logging_commons-logging-1.1.3.jar with timestamp 1759924836798
[2025-10-08T12:00:39.307+0000] {subprocess.py:93} INFO - 25/10/08 12:00:39 INFO SparkContext: Added file file:///home/***/.ivy2/jars/org.apache.spark_spark-sql-kafka-0-10_2.12-3.5.1.jar at file:///home/***/.ivy2/jars/org.apache.spark_spark-sql-kafka-0-10_2.12-3.5.1.jar with timestamp 1759924836798
[2025-10-08T12:00:39.310+0000] {subprocess.py:93} INFO - 25/10/08 12:00:39 INFO Utils: Copying /home/***/.ivy2/jars/org.apache.spark_spark-sql-kafka-0-10_2.12-3.5.1.jar to /tmp/spark-2da451ef-dcd7-4312-ace4-1dea7b399df8/userFiles-a7c92c9f-c0c0-4eb7-ba68-b6f29e816cfe/org.apache.spark_spark-sql-kafka-0-10_2.12-3.5.1.jar
[2025-10-08T12:00:39.347+0000] {subprocess.py:93} INFO - 25/10/08 12:00:39 INFO SparkContext: Added file file:///home/***/.ivy2/jars/org.apache.spark_spark-token-provider-kafka-0-10_2.12-3.5.1.jar at file:///home/***/.ivy2/jars/org.apache.spark_spark-token-provider-kafka-0-10_2.12-3.5.1.jar with timestamp 1759924836798
[2025-10-08T12:00:39.349+0000] {subprocess.py:93} INFO - 25/10/08 12:00:39 INFO Utils: Copying /home/***/.ivy2/jars/org.apache.spark_spark-token-provider-kafka-0-10_2.12-3.5.1.jar to /tmp/spark-2da451ef-dcd7-4312-ace4-1dea7b399df8/userFiles-a7c92c9f-c0c0-4eb7-ba68-b6f29e816cfe/org.apache.spark_spark-token-provider-kafka-0-10_2.12-3.5.1.jar
[2025-10-08T12:00:39.363+0000] {subprocess.py:93} INFO - 25/10/08 12:00:39 INFO SparkContext: Added file file:///home/***/.ivy2/jars/org.apache.kafka_kafka-clients-3.4.1.jar at file:///home/***/.ivy2/jars/org.apache.kafka_kafka-clients-3.4.1.jar with timestamp 1759924836798
[2025-10-08T12:00:39.364+0000] {subprocess.py:93} INFO - 25/10/08 12:00:39 INFO Utils: Copying /home/***/.ivy2/jars/org.apache.kafka_kafka-clients-3.4.1.jar to /tmp/spark-2da451ef-dcd7-4312-ace4-1dea7b399df8/userFiles-a7c92c9f-c0c0-4eb7-ba68-b6f29e816cfe/org.apache.kafka_kafka-clients-3.4.1.jar
[2025-10-08T12:00:39.467+0000] {subprocess.py:93} INFO - 25/10/08 12:00:39 INFO SparkContext: Added file file:///home/***/.ivy2/jars/com.google.code.findbugs_jsr305-3.0.0.jar at file:///home/***/.ivy2/jars/com.google.code.findbugs_jsr305-3.0.0.jar with timestamp 1759924836798
[2025-10-08T12:00:39.468+0000] {subprocess.py:93} INFO - 25/10/08 12:00:39 INFO Utils: Copying /home/***/.ivy2/jars/com.google.code.findbugs_jsr305-3.0.0.jar to /tmp/spark-2da451ef-dcd7-4312-ace4-1dea7b399df8/userFiles-a7c92c9f-c0c0-4eb7-ba68-b6f29e816cfe/com.google.code.findbugs_jsr305-3.0.0.jar
[2025-10-08T12:00:39.474+0000] {subprocess.py:93} INFO - 25/10/08 12:00:39 INFO SparkContext: Added file file:///home/***/.ivy2/jars/org.apache.commons_commons-pool2-2.11.1.jar at file:///home/***/.ivy2/jars/org.apache.commons_commons-pool2-2.11.1.jar with timestamp 1759924836798
[2025-10-08T12:00:39.476+0000] {subprocess.py:93} INFO - 25/10/08 12:00:39 INFO Utils: Copying /home/***/.ivy2/jars/org.apache.commons_commons-pool2-2.11.1.jar to /tmp/spark-2da451ef-dcd7-4312-ace4-1dea7b399df8/userFiles-a7c92c9f-c0c0-4eb7-ba68-b6f29e816cfe/org.apache.commons_commons-pool2-2.11.1.jar
[2025-10-08T12:00:39.485+0000] {subprocess.py:93} INFO - 25/10/08 12:00:39 INFO SparkContext: Added file file:///home/***/.ivy2/jars/org.apache.hadoop_hadoop-client-runtime-3.3.4.jar at file:///home/***/.ivy2/jars/org.apache.hadoop_hadoop-client-runtime-3.3.4.jar with timestamp 1759924836798
[2025-10-08T12:00:39.487+0000] {subprocess.py:93} INFO - 25/10/08 12:00:39 INFO Utils: Copying /home/***/.ivy2/jars/org.apache.hadoop_hadoop-client-runtime-3.3.4.jar to /tmp/spark-2da451ef-dcd7-4312-ace4-1dea7b399df8/userFiles-a7c92c9f-c0c0-4eb7-ba68-b6f29e816cfe/org.apache.hadoop_hadoop-client-runtime-3.3.4.jar
[2025-10-08T12:00:39.931+0000] {subprocess.py:93} INFO - 25/10/08 12:00:39 INFO SparkContext: Added file file:///home/***/.ivy2/jars/org.lz4_lz4-java-1.8.0.jar at file:///home/***/.ivy2/jars/org.lz4_lz4-java-1.8.0.jar with timestamp 1759924836798
[2025-10-08T12:00:39.932+0000] {subprocess.py:93} INFO - 25/10/08 12:00:39 INFO Utils: Copying /home/***/.ivy2/jars/org.lz4_lz4-java-1.8.0.jar to /tmp/spark-2da451ef-dcd7-4312-ace4-1dea7b399df8/userFiles-a7c92c9f-c0c0-4eb7-ba68-b6f29e816cfe/org.lz4_lz4-java-1.8.0.jar
[2025-10-08T12:00:39.949+0000] {subprocess.py:93} INFO - 25/10/08 12:00:39 INFO SparkContext: Added file file:///home/***/.ivy2/jars/org.xerial.snappy_snappy-java-1.1.10.3.jar at file:///home/***/.ivy2/jars/org.xerial.snappy_snappy-java-1.1.10.3.jar with timestamp 1759924836798
[2025-10-08T12:00:39.951+0000] {subprocess.py:93} INFO - 25/10/08 12:00:39 INFO Utils: Copying /home/***/.ivy2/jars/org.xerial.snappy_snappy-java-1.1.10.3.jar to /tmp/spark-2da451ef-dcd7-4312-ace4-1dea7b399df8/userFiles-a7c92c9f-c0c0-4eb7-ba68-b6f29e816cfe/org.xerial.snappy_snappy-java-1.1.10.3.jar
[2025-10-08T12:00:39.984+0000] {subprocess.py:93} INFO - 25/10/08 12:00:39 INFO SparkContext: Added file file:///home/***/.ivy2/jars/org.slf4j_slf4j-api-2.0.7.jar at file:///home/***/.ivy2/jars/org.slf4j_slf4j-api-2.0.7.jar with timestamp 1759924836798
[2025-10-08T12:00:39.985+0000] {subprocess.py:93} INFO - 25/10/08 12:00:39 INFO Utils: Copying /home/***/.ivy2/jars/org.slf4j_slf4j-api-2.0.7.jar to /tmp/spark-2da451ef-dcd7-4312-ace4-1dea7b399df8/userFiles-a7c92c9f-c0c0-4eb7-ba68-b6f29e816cfe/org.slf4j_slf4j-api-2.0.7.jar
[2025-10-08T12:00:39.991+0000] {subprocess.py:93} INFO - 25/10/08 12:00:39 INFO SparkContext: Added file file:///home/***/.ivy2/jars/org.apache.hadoop_hadoop-client-api-3.3.4.jar at file:///home/***/.ivy2/jars/org.apache.hadoop_hadoop-client-api-3.3.4.jar with timestamp 1759924836798
[2025-10-08T12:00:39.992+0000] {subprocess.py:93} INFO - 25/10/08 12:00:39 INFO Utils: Copying /home/***/.ivy2/jars/org.apache.hadoop_hadoop-client-api-3.3.4.jar to /tmp/spark-2da451ef-dcd7-4312-ace4-1dea7b399df8/userFiles-a7c92c9f-c0c0-4eb7-ba68-b6f29e816cfe/org.apache.hadoop_hadoop-client-api-3.3.4.jar
[2025-10-08T12:00:40.326+0000] {subprocess.py:93} INFO - 25/10/08 12:00:40 INFO SparkContext: Added file file:///home/***/.ivy2/jars/commons-logging_commons-logging-1.1.3.jar at file:///home/***/.ivy2/jars/commons-logging_commons-logging-1.1.3.jar with timestamp 1759924836798
[2025-10-08T12:00:40.328+0000] {subprocess.py:93} INFO - 25/10/08 12:00:40 INFO Utils: Copying /home/***/.ivy2/jars/commons-logging_commons-logging-1.1.3.jar to /tmp/spark-2da451ef-dcd7-4312-ace4-1dea7b399df8/userFiles-a7c92c9f-c0c0-4eb7-ba68-b6f29e816cfe/commons-logging_commons-logging-1.1.3.jar
[2025-10-08T12:00:40.598+0000] {subprocess.py:93} INFO - 25/10/08 12:00:40 INFO Executor: Starting executor ID driver on host 401042008de4
[2025-10-08T12:00:40.603+0000] {subprocess.py:93} INFO - 25/10/08 12:00:40 INFO Executor: OS info Linux, 6.6.87.1-microsoft-standard-WSL2, amd64
[2025-10-08T12:00:40.606+0000] {subprocess.py:93} INFO - 25/10/08 12:00:40 INFO Executor: Java version 17.0.16
[2025-10-08T12:00:40.627+0000] {subprocess.py:93} INFO - 25/10/08 12:00:40 INFO Executor: Starting executor with user classpath (userClassPathFirst = false): ''
[2025-10-08T12:00:40.638+0000] {subprocess.py:93} INFO - 25/10/08 12:00:40 INFO Executor: Created or updated repl class loader org.apache.spark.util.MutableURLClassLoader@4dbfcae4 for default.
[2025-10-08T12:00:40.665+0000] {subprocess.py:93} INFO - 25/10/08 12:00:40 INFO Executor: Fetching file:///home/***/.ivy2/jars/org.apache.spark_spark-sql-kafka-0-10_2.12-3.5.1.jar with timestamp 1759924836798
[2025-10-08T12:00:40.708+0000] {subprocess.py:93} INFO - 25/10/08 12:00:40 INFO Utils: /home/***/.ivy2/jars/org.apache.spark_spark-sql-kafka-0-10_2.12-3.5.1.jar has been previously copied to /tmp/spark-2da451ef-dcd7-4312-ace4-1dea7b399df8/userFiles-a7c92c9f-c0c0-4eb7-ba68-b6f29e816cfe/org.apache.spark_spark-sql-kafka-0-10_2.12-3.5.1.jar
[2025-10-08T12:00:40.717+0000] {subprocess.py:93} INFO - 25/10/08 12:00:40 INFO Executor: Fetching file:///home/***/.ivy2/jars/org.apache.hadoop_hadoop-client-runtime-3.3.4.jar with timestamp 1759924836798
[2025-10-08T12:00:40.756+0000] {subprocess.py:93} INFO - 25/10/08 12:00:40 INFO Utils: /home/***/.ivy2/jars/org.apache.hadoop_hadoop-client-runtime-3.3.4.jar has been previously copied to /tmp/spark-2da451ef-dcd7-4312-ace4-1dea7b399df8/userFiles-a7c92c9f-c0c0-4eb7-ba68-b6f29e816cfe/org.apache.hadoop_hadoop-client-runtime-3.3.4.jar
[2025-10-08T12:00:40.762+0000] {subprocess.py:93} INFO - 25/10/08 12:00:40 INFO Executor: Fetching file:///home/***/.ivy2/jars/org.apache.hadoop_hadoop-client-api-3.3.4.jar with timestamp 1759924836798
[2025-10-08T12:00:40.784+0000] {subprocess.py:93} INFO - 25/10/08 12:00:40 INFO Utils: /home/***/.ivy2/jars/org.apache.hadoop_hadoop-client-api-3.3.4.jar has been previously copied to /tmp/spark-2da451ef-dcd7-4312-ace4-1dea7b399df8/userFiles-a7c92c9f-c0c0-4eb7-ba68-b6f29e816cfe/org.apache.hadoop_hadoop-client-api-3.3.4.jar
[2025-10-08T12:00:40.790+0000] {subprocess.py:93} INFO - 25/10/08 12:00:40 INFO Executor: Fetching file:///home/***/.ivy2/jars/org.apache.spark_spark-token-provider-kafka-0-10_2.12-3.5.1.jar with timestamp 1759924836798
[2025-10-08T12:00:40.791+0000] {subprocess.py:93} INFO - 25/10/08 12:00:40 INFO Utils: /home/***/.ivy2/jars/org.apache.spark_spark-token-provider-kafka-0-10_2.12-3.5.1.jar has been previously copied to /tmp/spark-2da451ef-dcd7-4312-ace4-1dea7b399df8/userFiles-a7c92c9f-c0c0-4eb7-ba68-b6f29e816cfe/org.apache.spark_spark-token-provider-kafka-0-10_2.12-3.5.1.jar
[2025-10-08T12:00:40.797+0000] {subprocess.py:93} INFO - 25/10/08 12:00:40 INFO Executor: Fetching file:///home/***/.ivy2/jars/com.google.code.findbugs_jsr305-3.0.0.jar with timestamp 1759924836798
[2025-10-08T12:00:40.800+0000] {subprocess.py:93} INFO - 25/10/08 12:00:40 INFO Utils: /home/***/.ivy2/jars/com.google.code.findbugs_jsr305-3.0.0.jar has been previously copied to /tmp/spark-2da451ef-dcd7-4312-ace4-1dea7b399df8/userFiles-a7c92c9f-c0c0-4eb7-ba68-b6f29e816cfe/com.google.code.findbugs_jsr305-3.0.0.jar
[2025-10-08T12:00:40.805+0000] {subprocess.py:93} INFO - 25/10/08 12:00:40 INFO Executor: Fetching file:///home/***/.ivy2/jars/org.lz4_lz4-java-1.8.0.jar with timestamp 1759924836798
[2025-10-08T12:00:40.807+0000] {subprocess.py:93} INFO - 25/10/08 12:00:40 INFO Utils: /home/***/.ivy2/jars/org.lz4_lz4-java-1.8.0.jar has been previously copied to /tmp/spark-2da451ef-dcd7-4312-ace4-1dea7b399df8/userFiles-a7c92c9f-c0c0-4eb7-ba68-b6f29e816cfe/org.lz4_lz4-java-1.8.0.jar
[2025-10-08T12:00:40.823+0000] {subprocess.py:93} INFO - 25/10/08 12:00:40 INFO Executor: Fetching file:///home/***/.ivy2/jars/org.slf4j_slf4j-api-2.0.7.jar with timestamp 1759924836798
[2025-10-08T12:00:40.824+0000] {subprocess.py:93} INFO - 25/10/08 12:00:40 INFO Utils: /home/***/.ivy2/jars/org.slf4j_slf4j-api-2.0.7.jar has been previously copied to /tmp/spark-2da451ef-dcd7-4312-ace4-1dea7b399df8/userFiles-a7c92c9f-c0c0-4eb7-ba68-b6f29e816cfe/org.slf4j_slf4j-api-2.0.7.jar
[2025-10-08T12:00:40.830+0000] {subprocess.py:93} INFO - 25/10/08 12:00:40 INFO Executor: Fetching file:///home/***/.ivy2/jars/org.apache.commons_commons-pool2-2.11.1.jar with timestamp 1759924836798
[2025-10-08T12:00:40.832+0000] {subprocess.py:93} INFO - 25/10/08 12:00:40 INFO Utils: /home/***/.ivy2/jars/org.apache.commons_commons-pool2-2.11.1.jar has been previously copied to /tmp/spark-2da451ef-dcd7-4312-ace4-1dea7b399df8/userFiles-a7c92c9f-c0c0-4eb7-ba68-b6f29e816cfe/org.apache.commons_commons-pool2-2.11.1.jar
[2025-10-08T12:00:40.838+0000] {subprocess.py:93} INFO - 25/10/08 12:00:40 INFO Executor: Fetching file:///home/***/.ivy2/jars/commons-logging_commons-logging-1.1.3.jar with timestamp 1759924836798
[2025-10-08T12:00:40.840+0000] {subprocess.py:93} INFO - 25/10/08 12:00:40 INFO Utils: /home/***/.ivy2/jars/commons-logging_commons-logging-1.1.3.jar has been previously copied to /tmp/spark-2da451ef-dcd7-4312-ace4-1dea7b399df8/userFiles-a7c92c9f-c0c0-4eb7-ba68-b6f29e816cfe/commons-logging_commons-logging-1.1.3.jar
[2025-10-08T12:00:40.845+0000] {subprocess.py:93} INFO - 25/10/08 12:00:40 INFO Executor: Fetching file:///home/***/.ivy2/jars/org.xerial.snappy_snappy-java-1.1.10.3.jar with timestamp 1759924836798
[2025-10-08T12:00:40.849+0000] {subprocess.py:93} INFO - 25/10/08 12:00:40 INFO Utils: /home/***/.ivy2/jars/org.xerial.snappy_snappy-java-1.1.10.3.jar has been previously copied to /tmp/spark-2da451ef-dcd7-4312-ace4-1dea7b399df8/userFiles-a7c92c9f-c0c0-4eb7-ba68-b6f29e816cfe/org.xerial.snappy_snappy-java-1.1.10.3.jar
[2025-10-08T12:00:40.857+0000] {subprocess.py:93} INFO - 25/10/08 12:00:40 INFO Executor: Fetching file:///home/***/.ivy2/jars/org.apache.kafka_kafka-clients-3.4.1.jar with timestamp 1759924836798
[2025-10-08T12:00:40.864+0000] {subprocess.py:93} INFO - 25/10/08 12:00:40 INFO Utils: /home/***/.ivy2/jars/org.apache.kafka_kafka-clients-3.4.1.jar has been previously copied to /tmp/spark-2da451ef-dcd7-4312-ace4-1dea7b399df8/userFiles-a7c92c9f-c0c0-4eb7-ba68-b6f29e816cfe/org.apache.kafka_kafka-clients-3.4.1.jar
[2025-10-08T12:00:40.875+0000] {subprocess.py:93} INFO - 25/10/08 12:00:40 INFO Executor: Fetching spark://401042008de4:41549/jars/org.apache.kafka_kafka-clients-3.4.1.jar with timestamp 1759924836798
[2025-10-08T12:00:40.946+0000] {subprocess.py:93} INFO - 25/10/08 12:00:40 INFO TransportClientFactory: Successfully created connection to 401042008de4/172.21.0.11:41549 after 49 ms (0 ms spent in bootstraps)
[2025-10-08T12:00:40.961+0000] {subprocess.py:93} INFO - 25/10/08 12:00:40 INFO Utils: Fetching spark://401042008de4:41549/jars/org.apache.kafka_kafka-clients-3.4.1.jar to /tmp/spark-2da451ef-dcd7-4312-ace4-1dea7b399df8/userFiles-a7c92c9f-c0c0-4eb7-ba68-b6f29e816cfe/fetchFileTemp6934104578813381724.tmp
[2025-10-08T12:00:41.064+0000] {subprocess.py:93} INFO - 25/10/08 12:00:41 INFO Utils: /tmp/spark-2da451ef-dcd7-4312-ace4-1dea7b399df8/userFiles-a7c92c9f-c0c0-4eb7-ba68-b6f29e816cfe/fetchFileTemp6934104578813381724.tmp has been previously copied to /tmp/spark-2da451ef-dcd7-4312-ace4-1dea7b399df8/userFiles-a7c92c9f-c0c0-4eb7-ba68-b6f29e816cfe/org.apache.kafka_kafka-clients-3.4.1.jar
[2025-10-08T12:00:41.075+0000] {subprocess.py:93} INFO - 25/10/08 12:00:41 INFO Executor: Adding file:/tmp/spark-2da451ef-dcd7-4312-ace4-1dea7b399df8/userFiles-a7c92c9f-c0c0-4eb7-ba68-b6f29e816cfe/org.apache.kafka_kafka-clients-3.4.1.jar to class loader default
[2025-10-08T12:00:41.077+0000] {subprocess.py:93} INFO - 25/10/08 12:00:41 INFO Executor: Fetching spark://401042008de4:41549/jars/org.lz4_lz4-java-1.8.0.jar with timestamp 1759924836798
[2025-10-08T12:00:41.078+0000] {subprocess.py:93} INFO - 25/10/08 12:00:41 INFO Utils: Fetching spark://401042008de4:41549/jars/org.lz4_lz4-java-1.8.0.jar to /tmp/spark-2da451ef-dcd7-4312-ace4-1dea7b399df8/userFiles-a7c92c9f-c0c0-4eb7-ba68-b6f29e816cfe/fetchFileTemp10364879970573196478.tmp
[2025-10-08T12:00:41.085+0000] {subprocess.py:93} INFO - 25/10/08 12:00:41 INFO Utils: /tmp/spark-2da451ef-dcd7-4312-ace4-1dea7b399df8/userFiles-a7c92c9f-c0c0-4eb7-ba68-b6f29e816cfe/fetchFileTemp10364879970573196478.tmp has been previously copied to /tmp/spark-2da451ef-dcd7-4312-ace4-1dea7b399df8/userFiles-a7c92c9f-c0c0-4eb7-ba68-b6f29e816cfe/org.lz4_lz4-java-1.8.0.jar
[2025-10-08T12:00:41.096+0000] {subprocess.py:93} INFO - 25/10/08 12:00:41 INFO Executor: Adding file:/tmp/spark-2da451ef-dcd7-4312-ace4-1dea7b399df8/userFiles-a7c92c9f-c0c0-4eb7-ba68-b6f29e816cfe/org.lz4_lz4-java-1.8.0.jar to class loader default
[2025-10-08T12:00:41.098+0000] {subprocess.py:93} INFO - 25/10/08 12:00:41 INFO Executor: Fetching spark://401042008de4:41549/jars/com.google.code.findbugs_jsr305-3.0.0.jar with timestamp 1759924836798
[2025-10-08T12:00:41.099+0000] {subprocess.py:93} INFO - 25/10/08 12:00:41 INFO Utils: Fetching spark://401042008de4:41549/jars/com.google.code.findbugs_jsr305-3.0.0.jar to /tmp/spark-2da451ef-dcd7-4312-ace4-1dea7b399df8/userFiles-a7c92c9f-c0c0-4eb7-ba68-b6f29e816cfe/fetchFileTemp17512788819882220541.tmp
[2025-10-08T12:00:41.100+0000] {subprocess.py:93} INFO - 25/10/08 12:00:41 INFO Utils: /tmp/spark-2da451ef-dcd7-4312-ace4-1dea7b399df8/userFiles-a7c92c9f-c0c0-4eb7-ba68-b6f29e816cfe/fetchFileTemp17512788819882220541.tmp has been previously copied to /tmp/spark-2da451ef-dcd7-4312-ace4-1dea7b399df8/userFiles-a7c92c9f-c0c0-4eb7-ba68-b6f29e816cfe/com.google.code.findbugs_jsr305-3.0.0.jar
[2025-10-08T12:00:41.107+0000] {subprocess.py:93} INFO - 25/10/08 12:00:41 INFO Executor: Adding file:/tmp/spark-2da451ef-dcd7-4312-ace4-1dea7b399df8/userFiles-a7c92c9f-c0c0-4eb7-ba68-b6f29e816cfe/com.google.code.findbugs_jsr305-3.0.0.jar to class loader default
[2025-10-08T12:00:41.110+0000] {subprocess.py:93} INFO - 25/10/08 12:00:41 INFO Executor: Fetching spark://401042008de4:41549/jars/org.apache.hadoop_hadoop-client-runtime-3.3.4.jar with timestamp 1759924836798
[2025-10-08T12:00:41.112+0000] {subprocess.py:93} INFO - 25/10/08 12:00:41 INFO Utils: Fetching spark://401042008de4:41549/jars/org.apache.hadoop_hadoop-client-runtime-3.3.4.jar to /tmp/spark-2da451ef-dcd7-4312-ace4-1dea7b399df8/userFiles-a7c92c9f-c0c0-4eb7-ba68-b6f29e816cfe/fetchFileTemp5732045242044806260.tmp
[2025-10-08T12:00:41.379+0000] {subprocess.py:93} INFO - 25/10/08 12:00:41 INFO Utils: /tmp/spark-2da451ef-dcd7-4312-ace4-1dea7b399df8/userFiles-a7c92c9f-c0c0-4eb7-ba68-b6f29e816cfe/fetchFileTemp5732045242044806260.tmp has been previously copied to /tmp/spark-2da451ef-dcd7-4312-ace4-1dea7b399df8/userFiles-a7c92c9f-c0c0-4eb7-ba68-b6f29e816cfe/org.apache.hadoop_hadoop-client-runtime-3.3.4.jar
[2025-10-08T12:00:41.395+0000] {subprocess.py:93} INFO - 25/10/08 12:00:41 INFO Executor: Adding file:/tmp/spark-2da451ef-dcd7-4312-ace4-1dea7b399df8/userFiles-a7c92c9f-c0c0-4eb7-ba68-b6f29e816cfe/org.apache.hadoop_hadoop-client-runtime-3.3.4.jar to class loader default
[2025-10-08T12:00:41.396+0000] {subprocess.py:93} INFO - 25/10/08 12:00:41 INFO Executor: Fetching spark://401042008de4:41549/jars/org.apache.spark_spark-token-provider-kafka-0-10_2.12-3.5.1.jar with timestamp 1759924836798
[2025-10-08T12:00:41.398+0000] {subprocess.py:93} INFO - 25/10/08 12:00:41 INFO Utils: Fetching spark://401042008de4:41549/jars/org.apache.spark_spark-token-provider-kafka-0-10_2.12-3.5.1.jar to /tmp/spark-2da451ef-dcd7-4312-ace4-1dea7b399df8/userFiles-a7c92c9f-c0c0-4eb7-ba68-b6f29e816cfe/fetchFileTemp11123557785541771284.tmp
[2025-10-08T12:00:41.399+0000] {subprocess.py:93} INFO - 25/10/08 12:00:41 INFO Utils: /tmp/spark-2da451ef-dcd7-4312-ace4-1dea7b399df8/userFiles-a7c92c9f-c0c0-4eb7-ba68-b6f29e816cfe/fetchFileTemp11123557785541771284.tmp has been previously copied to /tmp/spark-2da451ef-dcd7-4312-ace4-1dea7b399df8/userFiles-a7c92c9f-c0c0-4eb7-ba68-b6f29e816cfe/org.apache.spark_spark-token-provider-kafka-0-10_2.12-3.5.1.jar
[2025-10-08T12:00:41.405+0000] {subprocess.py:93} INFO - 25/10/08 12:00:41 INFO Executor: Adding file:/tmp/spark-2da451ef-dcd7-4312-ace4-1dea7b399df8/userFiles-a7c92c9f-c0c0-4eb7-ba68-b6f29e816cfe/org.apache.spark_spark-token-provider-kafka-0-10_2.12-3.5.1.jar to class loader default
[2025-10-08T12:00:41.406+0000] {subprocess.py:93} INFO - 25/10/08 12:00:41 INFO Executor: Fetching spark://401042008de4:41549/jars/commons-logging_commons-logging-1.1.3.jar with timestamp 1759924836798
[2025-10-08T12:00:41.407+0000] {subprocess.py:93} INFO - 25/10/08 12:00:41 INFO Utils: Fetching spark://401042008de4:41549/jars/commons-logging_commons-logging-1.1.3.jar to /tmp/spark-2da451ef-dcd7-4312-ace4-1dea7b399df8/userFiles-a7c92c9f-c0c0-4eb7-ba68-b6f29e816cfe/fetchFileTemp14755921063135766466.tmp
[2025-10-08T12:00:41.409+0000] {subprocess.py:93} INFO - 25/10/08 12:00:41 INFO Utils: /tmp/spark-2da451ef-dcd7-4312-ace4-1dea7b399df8/userFiles-a7c92c9f-c0c0-4eb7-ba68-b6f29e816cfe/fetchFileTemp14755921063135766466.tmp has been previously copied to /tmp/spark-2da451ef-dcd7-4312-ace4-1dea7b399df8/userFiles-a7c92c9f-c0c0-4eb7-ba68-b6f29e816cfe/commons-logging_commons-logging-1.1.3.jar
[2025-10-08T12:00:41.416+0000] {subprocess.py:93} INFO - 25/10/08 12:00:41 INFO Executor: Adding file:/tmp/spark-2da451ef-dcd7-4312-ace4-1dea7b399df8/userFiles-a7c92c9f-c0c0-4eb7-ba68-b6f29e816cfe/commons-logging_commons-logging-1.1.3.jar to class loader default
[2025-10-08T12:00:41.417+0000] {subprocess.py:93} INFO - 25/10/08 12:00:41 INFO Executor: Fetching spark://401042008de4:41549/jars/org.xerial.snappy_snappy-java-1.1.10.3.jar with timestamp 1759924836798
[2025-10-08T12:00:41.418+0000] {subprocess.py:93} INFO - 25/10/08 12:00:41 INFO Utils: Fetching spark://401042008de4:41549/jars/org.xerial.snappy_snappy-java-1.1.10.3.jar to /tmp/spark-2da451ef-dcd7-4312-ace4-1dea7b399df8/userFiles-a7c92c9f-c0c0-4eb7-ba68-b6f29e816cfe/fetchFileTemp6638985084591971616.tmp
[2025-10-08T12:00:41.436+0000] {subprocess.py:93} INFO - 25/10/08 12:00:41 INFO Utils: /tmp/spark-2da451ef-dcd7-4312-ace4-1dea7b399df8/userFiles-a7c92c9f-c0c0-4eb7-ba68-b6f29e816cfe/fetchFileTemp6638985084591971616.tmp has been previously copied to /tmp/spark-2da451ef-dcd7-4312-ace4-1dea7b399df8/userFiles-a7c92c9f-c0c0-4eb7-ba68-b6f29e816cfe/org.xerial.snappy_snappy-java-1.1.10.3.jar
[2025-10-08T12:00:41.443+0000] {subprocess.py:93} INFO - 25/10/08 12:00:41 INFO Executor: Adding file:/tmp/spark-2da451ef-dcd7-4312-ace4-1dea7b399df8/userFiles-a7c92c9f-c0c0-4eb7-ba68-b6f29e816cfe/org.xerial.snappy_snappy-java-1.1.10.3.jar to class loader default
[2025-10-08T12:00:41.446+0000] {subprocess.py:93} INFO - 25/10/08 12:00:41 INFO Executor: Fetching spark://401042008de4:41549/jars/org.apache.commons_commons-pool2-2.11.1.jar with timestamp 1759924836798
[2025-10-08T12:00:41.446+0000] {subprocess.py:93} INFO - 25/10/08 12:00:41 INFO Utils: Fetching spark://401042008de4:41549/jars/org.apache.commons_commons-pool2-2.11.1.jar to /tmp/spark-2da451ef-dcd7-4312-ace4-1dea7b399df8/userFiles-a7c92c9f-c0c0-4eb7-ba68-b6f29e816cfe/fetchFileTemp3367040121770633898.tmp
[2025-10-08T12:00:41.449+0000] {subprocess.py:93} INFO - 25/10/08 12:00:41 INFO Utils: /tmp/spark-2da451ef-dcd7-4312-ace4-1dea7b399df8/userFiles-a7c92c9f-c0c0-4eb7-ba68-b6f29e816cfe/fetchFileTemp3367040121770633898.tmp has been previously copied to /tmp/spark-2da451ef-dcd7-4312-ace4-1dea7b399df8/userFiles-a7c92c9f-c0c0-4eb7-ba68-b6f29e816cfe/org.apache.commons_commons-pool2-2.11.1.jar
[2025-10-08T12:00:41.455+0000] {subprocess.py:93} INFO - 25/10/08 12:00:41 INFO Executor: Adding file:/tmp/spark-2da451ef-dcd7-4312-ace4-1dea7b399df8/userFiles-a7c92c9f-c0c0-4eb7-ba68-b6f29e816cfe/org.apache.commons_commons-pool2-2.11.1.jar to class loader default
[2025-10-08T12:00:41.457+0000] {subprocess.py:93} INFO - 25/10/08 12:00:41 INFO Executor: Fetching spark://401042008de4:41549/jars/org.slf4j_slf4j-api-2.0.7.jar with timestamp 1759924836798
[2025-10-08T12:00:41.458+0000] {subprocess.py:93} INFO - 25/10/08 12:00:41 INFO Utils: Fetching spark://401042008de4:41549/jars/org.slf4j_slf4j-api-2.0.7.jar to /tmp/spark-2da451ef-dcd7-4312-ace4-1dea7b399df8/userFiles-a7c92c9f-c0c0-4eb7-ba68-b6f29e816cfe/fetchFileTemp15722522941548731571.tmp
[2025-10-08T12:00:41.461+0000] {subprocess.py:93} INFO - 25/10/08 12:00:41 INFO Utils: /tmp/spark-2da451ef-dcd7-4312-ace4-1dea7b399df8/userFiles-a7c92c9f-c0c0-4eb7-ba68-b6f29e816cfe/fetchFileTemp15722522941548731571.tmp has been previously copied to /tmp/spark-2da451ef-dcd7-4312-ace4-1dea7b399df8/userFiles-a7c92c9f-c0c0-4eb7-ba68-b6f29e816cfe/org.slf4j_slf4j-api-2.0.7.jar
[2025-10-08T12:00:41.468+0000] {subprocess.py:93} INFO - 25/10/08 12:00:41 INFO Executor: Adding file:/tmp/spark-2da451ef-dcd7-4312-ace4-1dea7b399df8/userFiles-a7c92c9f-c0c0-4eb7-ba68-b6f29e816cfe/org.slf4j_slf4j-api-2.0.7.jar to class loader default
[2025-10-08T12:00:41.469+0000] {subprocess.py:93} INFO - 25/10/08 12:00:41 INFO Executor: Fetching spark://401042008de4:41549/jars/org.apache.spark_spark-sql-kafka-0-10_2.12-3.5.1.jar with timestamp 1759924836798
[2025-10-08T12:00:41.470+0000] {subprocess.py:93} INFO - 25/10/08 12:00:41 INFO Utils: Fetching spark://401042008de4:41549/jars/org.apache.spark_spark-sql-kafka-0-10_2.12-3.5.1.jar to /tmp/spark-2da451ef-dcd7-4312-ace4-1dea7b399df8/userFiles-a7c92c9f-c0c0-4eb7-ba68-b6f29e816cfe/fetchFileTemp12356090369845670196.tmp
[2025-10-08T12:00:41.476+0000] {subprocess.py:93} INFO - 25/10/08 12:00:41 INFO Utils: /tmp/spark-2da451ef-dcd7-4312-ace4-1dea7b399df8/userFiles-a7c92c9f-c0c0-4eb7-ba68-b6f29e816cfe/fetchFileTemp12356090369845670196.tmp has been previously copied to /tmp/spark-2da451ef-dcd7-4312-ace4-1dea7b399df8/userFiles-a7c92c9f-c0c0-4eb7-ba68-b6f29e816cfe/org.apache.spark_spark-sql-kafka-0-10_2.12-3.5.1.jar
[2025-10-08T12:00:41.482+0000] {subprocess.py:93} INFO - 25/10/08 12:00:41 INFO Executor: Adding file:/tmp/spark-2da451ef-dcd7-4312-ace4-1dea7b399df8/userFiles-a7c92c9f-c0c0-4eb7-ba68-b6f29e816cfe/org.apache.spark_spark-sql-kafka-0-10_2.12-3.5.1.jar to class loader default
[2025-10-08T12:00:41.483+0000] {subprocess.py:93} INFO - 25/10/08 12:00:41 INFO Executor: Fetching spark://401042008de4:41549/jars/org.apache.hadoop_hadoop-client-api-3.3.4.jar with timestamp 1759924836798
[2025-10-08T12:00:41.484+0000] {subprocess.py:93} INFO - 25/10/08 12:00:41 INFO Utils: Fetching spark://401042008de4:41549/jars/org.apache.hadoop_hadoop-client-api-3.3.4.jar to /tmp/spark-2da451ef-dcd7-4312-ace4-1dea7b399df8/userFiles-a7c92c9f-c0c0-4eb7-ba68-b6f29e816cfe/fetchFileTemp4489719578009315292.tmp
[2025-10-08T12:00:41.666+0000] {subprocess.py:93} INFO - 25/10/08 12:00:41 INFO Utils: /tmp/spark-2da451ef-dcd7-4312-ace4-1dea7b399df8/userFiles-a7c92c9f-c0c0-4eb7-ba68-b6f29e816cfe/fetchFileTemp4489719578009315292.tmp has been previously copied to /tmp/spark-2da451ef-dcd7-4312-ace4-1dea7b399df8/userFiles-a7c92c9f-c0c0-4eb7-ba68-b6f29e816cfe/org.apache.hadoop_hadoop-client-api-3.3.4.jar
[2025-10-08T12:00:41.681+0000] {subprocess.py:93} INFO - 25/10/08 12:00:41 INFO Executor: Adding file:/tmp/spark-2da451ef-dcd7-4312-ace4-1dea7b399df8/userFiles-a7c92c9f-c0c0-4eb7-ba68-b6f29e816cfe/org.apache.hadoop_hadoop-client-api-3.3.4.jar to class loader default
[2025-10-08T12:00:41.699+0000] {subprocess.py:93} INFO - 25/10/08 12:00:41 INFO Utils: Successfully started service 'org.apache.spark.network.netty.NettyBlockTransferService' on port 45891.
[2025-10-08T12:00:41.699+0000] {subprocess.py:93} INFO - 25/10/08 12:00:41 INFO NettyBlockTransferService: Server created on 401042008de4:45891
[2025-10-08T12:00:41.703+0000] {subprocess.py:93} INFO - 25/10/08 12:00:41 INFO BlockManager: Using org.apache.spark.storage.RandomBlockReplicationPolicy for block replication policy
[2025-10-08T12:00:41.728+0000] {subprocess.py:93} INFO - 25/10/08 12:00:41 INFO BlockManagerMaster: Registering BlockManager BlockManagerId(driver, 401042008de4, 45891, None)
[2025-10-08T12:00:41.733+0000] {subprocess.py:93} INFO - 25/10/08 12:00:41 INFO BlockManagerMasterEndpoint: Registering block manager 401042008de4:45891 with 434.4 MiB RAM, BlockManagerId(driver, 401042008de4, 45891, None)
[2025-10-08T12:00:41.737+0000] {subprocess.py:93} INFO - 25/10/08 12:00:41 INFO BlockManagerMaster: Registered BlockManager BlockManagerId(driver, 401042008de4, 45891, None)
[2025-10-08T12:00:41.739+0000] {subprocess.py:93} INFO - 25/10/08 12:00:41 INFO BlockManager: Initialized BlockManager: BlockManagerId(driver, 401042008de4, 45891, None)
[2025-10-08T12:00:42.389+0000] {subprocess.py:93} INFO - 25/10/08 12:00:42 INFO SharedState: Setting hive.metastore.warehouse.dir ('null') to the value of spark.sql.warehouse.dir.
[2025-10-08T12:00:42.392+0000] {subprocess.py:93} INFO - 25/10/08 12:00:42 INFO SharedState: Warehouse path is 'file:/tmp/***tmp1ei9f1i_/spark-warehouse'.
[2025-10-08T12:00:43.808+0000] {subprocess.py:93} INFO - Traceback (most recent call last):
[2025-10-08T12:00:43.809+0000] {subprocess.py:93} INFO -   File "/opt/***/dags/spark_streaming.py", line 34, in <module>
[2025-10-08T12:00:43.815+0000] {subprocess.py:93} INFO -     raw = spark.readStream.format("kafka").option(KAFKA_BOOTSTRAP) \
[2025-10-08T12:00:43.817+0000] {subprocess.py:93} INFO -           ^^^^^^^^^^^^^^^^^^^^^^^^^^^^^^^^^^^^^^^^^^^^^^^^^^^^^^^^
[2025-10-08T12:00:43.819+0000] {subprocess.py:93} INFO - TypeError: DataStreamReader.option() missing 1 required positional argument: 'value'
[2025-10-08T12:00:44.000+0000] {subprocess.py:93} INFO - 25/10/08 12:00:44 INFO SparkContext: Invoking stop() from shutdown hook
[2025-10-08T12:00:44.001+0000] {subprocess.py:93} INFO - 25/10/08 12:00:44 INFO SparkContext: SparkContext is stopping with exitCode 0.
[2025-10-08T12:00:44.019+0000] {subprocess.py:93} INFO - 25/10/08 12:00:44 INFO SparkUI: Stopped Spark web UI at http://401042008de4:4040
[2025-10-08T12:00:44.036+0000] {subprocess.py:93} INFO - 25/10/08 12:00:44 INFO MapOutputTrackerMasterEndpoint: MapOutputTrackerMasterEndpoint stopped!
[2025-10-08T12:00:44.056+0000] {subprocess.py:93} INFO - 25/10/08 12:00:44 INFO MemoryStore: MemoryStore cleared
[2025-10-08T12:00:44.057+0000] {subprocess.py:93} INFO - 25/10/08 12:00:44 INFO BlockManager: BlockManager stopped
[2025-10-08T12:00:44.065+0000] {subprocess.py:93} INFO - 25/10/08 12:00:44 INFO BlockManagerMaster: BlockManagerMaster stopped
[2025-10-08T12:00:44.069+0000] {subprocess.py:93} INFO - 25/10/08 12:00:44 INFO OutputCommitCoordinator$OutputCommitCoordinatorEndpoint: OutputCommitCoordinator stopped!
[2025-10-08T12:00:44.101+0000] {subprocess.py:93} INFO - 25/10/08 12:00:44 INFO SparkContext: Successfully stopped SparkContext
[2025-10-08T12:00:44.102+0000] {subprocess.py:93} INFO - 25/10/08 12:00:44 INFO ShutdownHookManager: Shutdown hook called
[2025-10-08T12:00:44.102+0000] {subprocess.py:93} INFO - 25/10/08 12:00:44 INFO ShutdownHookManager: Deleting directory /tmp/spark-2da451ef-dcd7-4312-ace4-1dea7b399df8/pyspark-7726b082-251e-46bc-8449-7251649aa22c
[2025-10-08T12:00:44.107+0000] {subprocess.py:93} INFO - 25/10/08 12:00:44 INFO ShutdownHookManager: Deleting directory /tmp/spark-fc177648-da78-4921-903a-a42f3d4975cd
[2025-10-08T12:00:44.112+0000] {subprocess.py:93} INFO - 25/10/08 12:00:44 INFO ShutdownHookManager: Deleting directory /tmp/spark-2da451ef-dcd7-4312-ace4-1dea7b399df8
[2025-10-08T12:00:44.174+0000] {subprocess.py:97} INFO - Command exited with return code 1
[2025-10-08T12:00:44.176+0000] {taskinstance.py:441} INFO - ::group::Post task execution logs
[2025-10-08T12:00:44.194+0000] {taskinstance.py:2905} ERROR - Task failed with exception
Traceback (most recent call last):
  File "/home/airflow/.local/lib/python3.12/site-packages/airflow/models/taskinstance.py", line 465, in _execute_task
    result = _execute_callable(context=context, **execute_callable_kwargs)
             ^^^^^^^^^^^^^^^^^^^^^^^^^^^^^^^^^^^^^^^^^^^^^^^^^^^^^^^^^^^^^
  File "/home/airflow/.local/lib/python3.12/site-packages/airflow/models/taskinstance.py", line 432, in _execute_callable
    return execute_callable(context=context, **execute_callable_kwargs)
           ^^^^^^^^^^^^^^^^^^^^^^^^^^^^^^^^^^^^^^^^^^^^^^^^^^^^^^^^^^^^
  File "/home/airflow/.local/lib/python3.12/site-packages/airflow/models/baseoperator.py", line 401, in wrapper
    return func(self, *args, **kwargs)
           ^^^^^^^^^^^^^^^^^^^^^^^^^^^
  File "/home/airflow/.local/lib/python3.12/site-packages/airflow/operators/bash.py", line 243, in execute
    raise AirflowException(
airflow.exceptions.AirflowException: Bash command failed. The command returned a non-zero exit code 1.
[2025-10-08T12:00:44.203+0000] {taskinstance.py:1206} INFO - Marking task as UP_FOR_RETRY. dag_id=restaurant_analytics, task_id=run_spark_stream, run_id=scheduled__2025-10-08T11:00:00+00:00, execution_date=20251008T110000, start_date=20251008T120007, end_date=20251008T120044
[2025-10-08T12:00:44.229+0000] {warnings.py:112} WARNING - /home/***/.local/lib/python3.12/site-packages/***/utils/email.py:154: RemovedInAirflow3Warning: Fetching SMTP credentials from configuration variables will be deprecated in a future release. Please set credentials using a connection instead.
  send_mime_email(e_from=mail_from, e_to=recipients, mime_msg=msg, conn_id=conn_id, dryrun=dryrun)

[2025-10-08T12:00:44.231+0000] {configuration.py:1053} WARNING - section/key [smtp/smtp_user] not found in config
[2025-10-08T12:00:44.232+0000] {email.py:271} INFO - Email alerting: attempt 1
[2025-10-08T12:00:44.243+0000] {configuration.py:1053} WARNING - section/key [smtp/smtp_user] not found in config
[2025-10-08T12:00:44.244+0000] {email.py:271} INFO - Email alerting: attempt 1
[2025-10-08T12:00:44.245+0000] {taskinstance.py:879} ERROR - Failed to send email to: ['quantruong1918@gmail.com']
Traceback (most recent call last):
  File "/home/airflow/.local/lib/python3.12/site-packages/airflow/models/taskinstance.py", line 2479, in _run_raw_task
    self._execute_task_with_callbacks(context, test_mode, session=session)
  File "/home/airflow/.local/lib/python3.12/site-packages/airflow/models/taskinstance.py", line 2676, in _execute_task_with_callbacks
    result = self._execute_task(context, task_orig)
             ^^^^^^^^^^^^^^^^^^^^^^^^^^^^^^^^^^^^^^
  File "/home/airflow/.local/lib/python3.12/site-packages/airflow/models/taskinstance.py", line 2701, in _execute_task
    return _execute_task(self, context, task_orig)
           ^^^^^^^^^^^^^^^^^^^^^^^^^^^^^^^^^^^^^^^
  File "/home/airflow/.local/lib/python3.12/site-packages/airflow/models/taskinstance.py", line 465, in _execute_task
    result = _execute_callable(context=context, **execute_callable_kwargs)
             ^^^^^^^^^^^^^^^^^^^^^^^^^^^^^^^^^^^^^^^^^^^^^^^^^^^^^^^^^^^^^
  File "/home/airflow/.local/lib/python3.12/site-packages/airflow/models/taskinstance.py", line 432, in _execute_callable
    return execute_callable(context=context, **execute_callable_kwargs)
           ^^^^^^^^^^^^^^^^^^^^^^^^^^^^^^^^^^^^^^^^^^^^^^^^^^^^^^^^^^^^
  File "/home/airflow/.local/lib/python3.12/site-packages/airflow/models/baseoperator.py", line 401, in wrapper
    return func(self, *args, **kwargs)
           ^^^^^^^^^^^^^^^^^^^^^^^^^^^
  File "/home/airflow/.local/lib/python3.12/site-packages/airflow/operators/bash.py", line 243, in execute
    raise AirflowException(
airflow.exceptions.AirflowException: Bash command failed. The command returned a non-zero exit code 1.

During handling of the above exception, another exception occurred:

Traceback (most recent call last):
  File "/home/airflow/.local/lib/python3.12/site-packages/airflow/models/taskinstance.py", line 1063, in _email_alert
    send_email(task.email, subject, html_content)
  File "/home/airflow/.local/lib/python3.12/site-packages/airflow/utils/email.py", line 80, in send_email
    return backend(
           ^^^^^^^^
  File "/home/airflow/.local/lib/python3.12/site-packages/airflow/utils/email.py", line 154, in send_email_smtp
    send_mime_email(e_from=mail_from, e_to=recipients, mime_msg=msg, conn_id=conn_id, dryrun=dryrun)
  File "/home/airflow/.local/lib/python3.12/site-packages/airflow/utils/email.py", line 273, in send_mime_email
    smtp_conn = _get_smtp_connection(smtp_host, smtp_port, smtp_timeout, smtp_ssl)
                ^^^^^^^^^^^^^^^^^^^^^^^^^^^^^^^^^^^^^^^^^^^^^^^^^^^^^^^^^^^^^^^^^^
  File "/home/airflow/.local/lib/python3.12/site-packages/airflow/utils/email.py", line 317, in _get_smtp_connection
    return smtplib.SMTP(host=host, port=port, timeout=timeout)
           ^^^^^^^^^^^^^^^^^^^^^^^^^^^^^^^^^^^^^^^^^^^^^^^^^^^
  File "/usr/local/lib/python3.12/smtplib.py", line 255, in __init__
    (code, msg) = self.connect(host, port)
                  ^^^^^^^^^^^^^^^^^^^^^^^^
  File "/usr/local/lib/python3.12/smtplib.py", line 341, in connect
    self.sock = self._get_socket(host, port, self.timeout)
                ^^^^^^^^^^^^^^^^^^^^^^^^^^^^^^^^^^^^^^^^^^
  File "/usr/local/lib/python3.12/smtplib.py", line 312, in _get_socket
    return socket.create_connection((host, port), timeout,
           ^^^^^^^^^^^^^^^^^^^^^^^^^^^^^^^^^^^^^^^^^^^^^^^
  File "/usr/local/lib/python3.12/socket.py", line 853, in create_connection
    raise exceptions[0]
  File "/usr/local/lib/python3.12/socket.py", line 838, in create_connection
    sock.connect(sa)
ConnectionRefusedError: [Errno 111] Connection refused

During handling of the above exception, another exception occurred:

Traceback (most recent call last):
  File "/home/airflow/.local/lib/python3.12/site-packages/airflow/models/taskinstance.py", line 877, in _handle_failure
    task_instance.email_alert(error, failure_context["task"])
  File "/home/airflow/.local/lib/python3.12/site-packages/airflow/models/taskinstance.py", line 3163, in email_alert
    _email_alert(task_instance=self, exception=exception, task=task)
  File "/home/airflow/.local/lib/python3.12/site-packages/airflow/models/taskinstance.py", line 1065, in _email_alert
    send_email(task.email, subject, html_content_err)
  File "/home/airflow/.local/lib/python3.12/site-packages/airflow/utils/email.py", line 80, in send_email
    return backend(
           ^^^^^^^^
  File "/home/airflow/.local/lib/python3.12/site-packages/airflow/utils/email.py", line 154, in send_email_smtp
    send_mime_email(e_from=mail_from, e_to=recipients, mime_msg=msg, conn_id=conn_id, dryrun=dryrun)
  File "/home/airflow/.local/lib/python3.12/site-packages/airflow/utils/email.py", line 273, in send_mime_email
    smtp_conn = _get_smtp_connection(smtp_host, smtp_port, smtp_timeout, smtp_ssl)
                ^^^^^^^^^^^^^^^^^^^^^^^^^^^^^^^^^^^^^^^^^^^^^^^^^^^^^^^^^^^^^^^^^^
  File "/home/airflow/.local/lib/python3.12/site-packages/airflow/utils/email.py", line 317, in _get_smtp_connection
    return smtplib.SMTP(host=host, port=port, timeout=timeout)
           ^^^^^^^^^^^^^^^^^^^^^^^^^^^^^^^^^^^^^^^^^^^^^^^^^^^
  File "/usr/local/lib/python3.12/smtplib.py", line 255, in __init__
    (code, msg) = self.connect(host, port)
                  ^^^^^^^^^^^^^^^^^^^^^^^^
  File "/usr/local/lib/python3.12/smtplib.py", line 341, in connect
    self.sock = self._get_socket(host, port, self.timeout)
                ^^^^^^^^^^^^^^^^^^^^^^^^^^^^^^^^^^^^^^^^^^
  File "/usr/local/lib/python3.12/smtplib.py", line 312, in _get_socket
    return socket.create_connection((host, port), timeout,
           ^^^^^^^^^^^^^^^^^^^^^^^^^^^^^^^^^^^^^^^^^^^^^^^
  File "/usr/local/lib/python3.12/socket.py", line 853, in create_connection
    raise exceptions[0]
  File "/usr/local/lib/python3.12/socket.py", line 838, in create_connection
    sock.connect(sa)
ConnectionRefusedError: [Errno 111] Connection refused
[2025-10-08T12:00:44.270+0000] {standard_task_runner.py:110} ERROR - Failed to execute job 189 for task run_spark_stream (Bash command failed. The command returned a non-zero exit code 1.; 3906)
[2025-10-08T12:00:44.285+0000] {local_task_job_runner.py:243} INFO - Task exited with return code 1
[2025-10-08T12:00:44.320+0000] {taskinstance.py:3503} INFO - 0 downstream tasks scheduled from follow-on schedule check
[2025-10-08T12:00:44.322+0000] {local_task_job_runner.py:222} INFO - ::endgroup::
