[2025-10-08T05:33:52.448+0000] {local_task_job_runner.py:120} INFO - ::group::Pre task execution logs
[2025-10-08T05:33:52.522+0000] {taskinstance.py:2076} INFO - Dependencies all met for dep_context=non-requeueable deps ti=<TaskInstance: restaurant_analytics.run_spark_stream manual__2025-10-08T05:28:21.843987+00:00 [queued]>
[2025-10-08T05:33:52.552+0000] {taskinstance.py:2076} INFO - Dependencies all met for dep_context=requeueable deps ti=<TaskInstance: restaurant_analytics.run_spark_stream manual__2025-10-08T05:28:21.843987+00:00 [queued]>
[2025-10-08T05:33:52.554+0000] {taskinstance.py:2306} INFO - Starting attempt 2 of 2
[2025-10-08T05:33:52.604+0000] {taskinstance.py:2330} INFO - Executing <Task(BashOperator): run_spark_stream> on 2025-10-08 05:28:21.843987+00:00
[2025-10-08T05:33:52.627+0000] {warnings.py:112} WARNING - /home/***/.local/lib/python3.12/site-packages/***/task/task_runner/standard_task_runner.py:62: DeprecationWarning: This process (pid=590) is multi-threaded, use of fork() may lead to deadlocks in the child.
  pid = os.fork()

[2025-10-08T05:33:52.634+0000] {standard_task_runner.py:64} INFO - Started process 601 to run task
[2025-10-08T05:33:52.637+0000] {standard_task_runner.py:90} INFO - Running: ['***', 'tasks', 'run', 'restaurant_analytics', 'run_spark_stream', 'manual__2025-10-08T05:28:21.843987+00:00', '--job-id', '139', '--raw', '--subdir', 'DAGS_FOLDER/restaurant_dag.py', '--cfg-path', '/tmp/tmpzfor358y']
[2025-10-08T05:33:52.643+0000] {standard_task_runner.py:91} INFO - Job 139: Subtask run_spark_stream
[2025-10-08T05:33:52.801+0000] {task_command.py:426} INFO - Running <TaskInstance: restaurant_analytics.run_spark_stream manual__2025-10-08T05:28:21.843987+00:00 [running]> on host c34aac175a74
[2025-10-08T05:33:52.983+0000] {taskinstance.py:2648} INFO - Exporting env vars: AIRFLOW_CTX_DAG_EMAIL='quantruong1918@gmail.com' AIRFLOW_CTX_DAG_OWNER='***' AIRFLOW_CTX_DAG_ID='restaurant_analytics' AIRFLOW_CTX_TASK_ID='run_spark_stream' AIRFLOW_CTX_EXECUTION_DATE='2025-10-08T05:28:21.843987+00:00' AIRFLOW_CTX_TRY_NUMBER='2' AIRFLOW_CTX_DAG_RUN_ID='manual__2025-10-08T05:28:21.843987+00:00'
[2025-10-08T05:33:52.990+0000] {taskinstance.py:430} INFO - ::endgroup::
[2025-10-08T05:33:52.993+0000] {subprocess.py:63} INFO - Tmp dir root location: /tmp
[2025-10-08T05:33:52.995+0000] {subprocess.py:75} INFO - Running command: ['/usr/bin/bash', '-c', '/opt/spark/bin/spark-submit --master local[*] /opt/***/dags/spark_streaming.py']
[2025-10-08T05:33:53.023+0000] {subprocess.py:86} INFO - Output:
[2025-10-08T05:34:02.319+0000] {subprocess.py:93} INFO - Traceback (most recent call last):
[2025-10-08T05:34:02.321+0000] {subprocess.py:93} INFO -   File "/opt/***/dags/spark_streaming.py", line 5, in <module>
[2025-10-08T05:34:02.335+0000] {subprocess.py:93} INFO -     from pyspark.ml import PipelineModel
[2025-10-08T05:34:02.340+0000] {subprocess.py:93} INFO -   File "/opt/spark/python/lib/pyspark.zip/pyspark/ml/__init__.py", line 22, in <module>
[2025-10-08T05:34:02.354+0000] {subprocess.py:93} INFO -   File "/opt/spark/python/lib/pyspark.zip/pyspark/ml/base.py", line 40, in <module>
[2025-10-08T05:34:02.358+0000] {subprocess.py:93} INFO -   File "/opt/spark/python/lib/pyspark.zip/pyspark/ml/param/__init__.py", line 32, in <module>
[2025-10-08T05:34:02.366+0000] {subprocess.py:93} INFO - ModuleNotFoundError: No module named 'numpy'
[2025-10-08T05:34:02.493+0000] {subprocess.py:93} INFO - 25/10/08 05:34:02 INFO ShutdownHookManager: Shutdown hook called
[2025-10-08T05:34:02.509+0000] {subprocess.py:93} INFO - 25/10/08 05:34:02 INFO ShutdownHookManager: Deleting directory /tmp/spark-00a7bdd0-e57f-44fa-bbaa-b3ce08929dd6
[2025-10-08T05:34:02.598+0000] {subprocess.py:97} INFO - Command exited with return code 1
[2025-10-08T05:34:02.599+0000] {taskinstance.py:441} INFO - ::group::Post task execution logs
[2025-10-08T05:34:02.623+0000] {taskinstance.py:2905} ERROR - Task failed with exception
Traceback (most recent call last):
  File "/home/airflow/.local/lib/python3.12/site-packages/airflow/models/taskinstance.py", line 465, in _execute_task
    result = _execute_callable(context=context, **execute_callable_kwargs)
             ^^^^^^^^^^^^^^^^^^^^^^^^^^^^^^^^^^^^^^^^^^^^^^^^^^^^^^^^^^^^^
  File "/home/airflow/.local/lib/python3.12/site-packages/airflow/models/taskinstance.py", line 432, in _execute_callable
    return execute_callable(context=context, **execute_callable_kwargs)
           ^^^^^^^^^^^^^^^^^^^^^^^^^^^^^^^^^^^^^^^^^^^^^^^^^^^^^^^^^^^^
  File "/home/airflow/.local/lib/python3.12/site-packages/airflow/models/baseoperator.py", line 401, in wrapper
    return func(self, *args, **kwargs)
           ^^^^^^^^^^^^^^^^^^^^^^^^^^^
  File "/home/airflow/.local/lib/python3.12/site-packages/airflow/operators/bash.py", line 243, in execute
    raise AirflowException(
airflow.exceptions.AirflowException: Bash command failed. The command returned a non-zero exit code 1.
[2025-10-08T05:34:02.633+0000] {taskinstance.py:1206} INFO - Marking task as FAILED. dag_id=restaurant_analytics, task_id=run_spark_stream, run_id=manual__2025-10-08T05:28:21.843987+00:00, execution_date=20251008T052821, start_date=20251008T053352, end_date=20251008T053402
[2025-10-08T05:34:02.681+0000] {standard_task_runner.py:110} ERROR - Failed to execute job 139 for task run_spark_stream (Bash command failed. The command returned a non-zero exit code 1.; 601)
[2025-10-08T05:34:02.732+0000] {local_task_job_runner.py:243} INFO - Task exited with return code 1
[2025-10-08T05:34:02.781+0000] {taskinstance.py:3503} INFO - 0 downstream tasks scheduled from follow-on schedule check
[2025-10-08T05:34:02.784+0000] {local_task_job_runner.py:222} INFO - ::endgroup::
