[2025-10-08T05:17:28.810+0000] {local_task_job_runner.py:120} INFO - ::group::Pre task execution logs
[2025-10-08T05:17:28.873+0000] {taskinstance.py:2076} INFO - Dependencies all met for dep_context=non-requeueable deps ti=<TaskInstance: restaurant_analytics.retrain_model scheduled__2025-10-08T04:00:00+00:00 [queued]>
[2025-10-08T05:17:28.894+0000] {taskinstance.py:2076} INFO - Dependencies all met for dep_context=requeueable deps ti=<TaskInstance: restaurant_analytics.retrain_model scheduled__2025-10-08T04:00:00+00:00 [queued]>
[2025-10-08T05:17:28.896+0000] {taskinstance.py:2306} INFO - Starting attempt 2 of 2
[2025-10-08T05:17:28.937+0000] {taskinstance.py:2330} INFO - Executing <Task(BashOperator): retrain_model> on 2025-10-08 04:00:00+00:00
[2025-10-08T05:17:28.961+0000] {warnings.py:112} WARNING - /home/***/.local/lib/python3.12/site-packages/***/task/task_runner/standard_task_runner.py:62: DeprecationWarning: This process (pid=148) is multi-threaded, use of fork() may lead to deadlocks in the child.
  pid = os.fork()

[2025-10-08T05:17:28.964+0000] {standard_task_runner.py:64} INFO - Started process 152 to run task
[2025-10-08T05:17:28.963+0000] {standard_task_runner.py:90} INFO - Running: ['***', 'tasks', 'run', 'restaurant_analytics', 'retrain_model', 'scheduled__2025-10-08T04:00:00+00:00', '--job-id', '136', '--raw', '--subdir', 'DAGS_FOLDER/restaurant_dag.py', '--cfg-path', '/tmp/tmpxkxvdotd']
[2025-10-08T05:17:28.969+0000] {standard_task_runner.py:91} INFO - Job 136: Subtask retrain_model
[2025-10-08T05:17:29.164+0000] {task_command.py:426} INFO - Running <TaskInstance: restaurant_analytics.retrain_model scheduled__2025-10-08T04:00:00+00:00 [running]> on host c34aac175a74
[2025-10-08T05:17:29.662+0000] {taskinstance.py:2648} INFO - Exporting env vars: AIRFLOW_CTX_DAG_EMAIL='quantruong1918@gmail.com' AIRFLOW_CTX_DAG_OWNER='***' AIRFLOW_CTX_DAG_ID='restaurant_analytics' AIRFLOW_CTX_TASK_ID='retrain_model' AIRFLOW_CTX_EXECUTION_DATE='2025-10-08T04:00:00+00:00' AIRFLOW_CTX_TRY_NUMBER='2' AIRFLOW_CTX_DAG_RUN_ID='scheduled__2025-10-08T04:00:00+00:00'
[2025-10-08T05:17:29.681+0000] {taskinstance.py:430} INFO - ::endgroup::
[2025-10-08T05:17:29.690+0000] {subprocess.py:63} INFO - Tmp dir root location: /tmp
[2025-10-08T05:17:29.706+0000] {subprocess.py:75} INFO - Running command: ['/usr/bin/bash', '-c', '/opt/spark/bin/spark-submit --master local[*] /opt/***/dags/train_lr.py']
[2025-10-08T05:17:29.819+0000] {subprocess.py:86} INFO - Output:
[2025-10-08T05:17:45.821+0000] {subprocess.py:93} INFO - Traceback (most recent call last):
[2025-10-08T05:17:45.831+0000] {subprocess.py:93} INFO -   File "/opt/***/dags/train_lr.py", line 2, in <module>
[2025-10-08T05:17:45.838+0000] {subprocess.py:93} INFO -     from pyspark.ml.feature import VectorAssembler
[2025-10-08T05:17:45.840+0000] {subprocess.py:93} INFO -   File "/opt/spark/python/lib/pyspark.zip/pyspark/ml/__init__.py", line 22, in <module>
[2025-10-08T05:17:45.841+0000] {subprocess.py:93} INFO -   File "/opt/spark/python/lib/pyspark.zip/pyspark/ml/base.py", line 40, in <module>
[2025-10-08T05:17:45.842+0000] {subprocess.py:93} INFO -   File "/opt/spark/python/lib/pyspark.zip/pyspark/ml/param/__init__.py", line 32, in <module>
[2025-10-08T05:17:45.844+0000] {subprocess.py:93} INFO - ModuleNotFoundError: No module named 'numpy'
[2025-10-08T05:17:46.024+0000] {subprocess.py:93} INFO - 25/10/08 05:17:46 INFO ShutdownHookManager: Shutdown hook called
[2025-10-08T05:17:46.038+0000] {subprocess.py:93} INFO - 25/10/08 05:17:46 INFO ShutdownHookManager: Deleting directory /tmp/spark-409a4f8c-ca80-41c8-b7d6-cfd6ae7cb223
[2025-10-08T05:17:46.151+0000] {subprocess.py:97} INFO - Command exited with return code 1
[2025-10-08T05:17:46.157+0000] {taskinstance.py:441} INFO - ::group::Post task execution logs
[2025-10-08T05:17:46.219+0000] {taskinstance.py:2905} ERROR - Task failed with exception
Traceback (most recent call last):
  File "/home/airflow/.local/lib/python3.12/site-packages/airflow/models/taskinstance.py", line 465, in _execute_task
    result = _execute_callable(context=context, **execute_callable_kwargs)
             ^^^^^^^^^^^^^^^^^^^^^^^^^^^^^^^^^^^^^^^^^^^^^^^^^^^^^^^^^^^^^
  File "/home/airflow/.local/lib/python3.12/site-packages/airflow/models/taskinstance.py", line 432, in _execute_callable
    return execute_callable(context=context, **execute_callable_kwargs)
           ^^^^^^^^^^^^^^^^^^^^^^^^^^^^^^^^^^^^^^^^^^^^^^^^^^^^^^^^^^^^
  File "/home/airflow/.local/lib/python3.12/site-packages/airflow/models/baseoperator.py", line 401, in wrapper
    return func(self, *args, **kwargs)
           ^^^^^^^^^^^^^^^^^^^^^^^^^^^
  File "/home/airflow/.local/lib/python3.12/site-packages/airflow/operators/bash.py", line 243, in execute
    raise AirflowException(
airflow.exceptions.AirflowException: Bash command failed. The command returned a non-zero exit code 1.
[2025-10-08T05:17:46.242+0000] {taskinstance.py:1206} INFO - Marking task as FAILED. dag_id=restaurant_analytics, task_id=retrain_model, run_id=scheduled__2025-10-08T04:00:00+00:00, execution_date=20251008T040000, start_date=20251008T051728, end_date=20251008T051746
[2025-10-08T05:17:46.292+0000] {standard_task_runner.py:110} ERROR - Failed to execute job 136 for task retrain_model (Bash command failed. The command returned a non-zero exit code 1.; 152)
[2025-10-08T05:17:46.329+0000] {local_task_job_runner.py:243} INFO - Task exited with return code 1
[2025-10-08T05:17:46.375+0000] {taskinstance.py:3503} INFO - 0 downstream tasks scheduled from follow-on schedule check
[2025-10-08T05:17:46.381+0000] {local_task_job_runner.py:222} INFO - ::endgroup::
