[2025-10-08T06:22:54.463+0000] {local_task_job_runner.py:120} INFO - ::group::Pre task execution logs
[2025-10-08T06:22:54.505+0000] {taskinstance.py:2076} INFO - Dependencies all met for dep_context=non-requeueable deps ti=<TaskInstance: restaurant_analytics.retrain_model manual__2025-10-08T06:17:26.806174+00:00 [queued]>
[2025-10-08T06:22:54.518+0000] {taskinstance.py:2076} INFO - Dependencies all met for dep_context=requeueable deps ti=<TaskInstance: restaurant_analytics.retrain_model manual__2025-10-08T06:17:26.806174+00:00 [queued]>
[2025-10-08T06:22:54.528+0000] {taskinstance.py:2306} INFO - Starting attempt 2 of 2
[2025-10-08T06:22:54.555+0000] {taskinstance.py:2330} INFO - Executing <Task(BashOperator): retrain_model> on 2025-10-08 06:17:26.806174+00:00
[2025-10-08T06:22:54.572+0000] {warnings.py:112} WARNING - /home/***/.local/lib/python3.12/site-packages/***/task/task_runner/standard_task_runner.py:62: DeprecationWarning: This process (pid=1152) is multi-threaded, use of fork() may lead to deadlocks in the child.
  pid = os.fork()

[2025-10-08T06:22:54.576+0000] {standard_task_runner.py:64} INFO - Started process 1156 to run task
[2025-10-08T06:22:54.575+0000] {standard_task_runner.py:90} INFO - Running: ['***', 'tasks', 'run', 'restaurant_analytics', 'retrain_model', 'manual__2025-10-08T06:17:26.806174+00:00', '--job-id', '154', '--raw', '--subdir', 'DAGS_FOLDER/restaurant_dag.py', '--cfg-path', '/tmp/tmpc9oz534v']
[2025-10-08T06:22:54.580+0000] {standard_task_runner.py:91} INFO - Job 154: Subtask retrain_model
[2025-10-08T06:22:54.681+0000] {task_command.py:426} INFO - Running <TaskInstance: restaurant_analytics.retrain_model manual__2025-10-08T06:17:26.806174+00:00 [running]> on host c34aac175a74
[2025-10-08T06:22:54.832+0000] {taskinstance.py:2648} INFO - Exporting env vars: AIRFLOW_CTX_DAG_EMAIL='quantruong1918@gmail.com' AIRFLOW_CTX_DAG_OWNER='***' AIRFLOW_CTX_DAG_ID='restaurant_analytics' AIRFLOW_CTX_TASK_ID='retrain_model' AIRFLOW_CTX_EXECUTION_DATE='2025-10-08T06:17:26.806174+00:00' AIRFLOW_CTX_TRY_NUMBER='2' AIRFLOW_CTX_DAG_RUN_ID='manual__2025-10-08T06:17:26.806174+00:00'
[2025-10-08T06:22:54.838+0000] {taskinstance.py:430} INFO - ::endgroup::
[2025-10-08T06:22:54.841+0000] {subprocess.py:63} INFO - Tmp dir root location: /tmp
[2025-10-08T06:22:54.844+0000] {subprocess.py:75} INFO - Running command: ['/usr/bin/bash', '-c', '/opt/spark/bin/spark-submit --master local[*] /opt/***/dags/train_lr.py']
[2025-10-08T06:22:54.866+0000] {subprocess.py:86} INFO - Output:
[2025-10-08T06:23:00.970+0000] {subprocess.py:93} INFO - Traceback (most recent call last):
[2025-10-08T06:23:00.971+0000] {subprocess.py:93} INFO -   File "/opt/***/dags/train_lr.py", line 2, in <module>
[2025-10-08T06:23:00.973+0000] {subprocess.py:93} INFO -     from pyspark.ml.feature import VectorAssembler
[2025-10-08T06:23:00.974+0000] {subprocess.py:93} INFO -   File "/opt/spark/python/lib/pyspark.zip/pyspark/ml/__init__.py", line 22, in <module>
[2025-10-08T06:23:00.975+0000] {subprocess.py:93} INFO -   File "/opt/spark/python/lib/pyspark.zip/pyspark/ml/base.py", line 40, in <module>
[2025-10-08T06:23:00.976+0000] {subprocess.py:93} INFO -   File "/opt/spark/python/lib/pyspark.zip/pyspark/ml/param/__init__.py", line 32, in <module>
[2025-10-08T06:23:00.977+0000] {subprocess.py:93} INFO - ModuleNotFoundError: No module named 'numpy'
[2025-10-08T06:23:01.041+0000] {subprocess.py:93} INFO - 25/10/08 06:23:01 INFO ShutdownHookManager: Shutdown hook called
[2025-10-08T06:23:01.048+0000] {subprocess.py:93} INFO - 25/10/08 06:23:01 INFO ShutdownHookManager: Deleting directory /tmp/spark-9e186115-0bbc-4570-93de-edb3ce4083c5
[2025-10-08T06:23:01.112+0000] {subprocess.py:97} INFO - Command exited with return code 1
[2025-10-08T06:23:01.114+0000] {taskinstance.py:441} INFO - ::group::Post task execution logs
[2025-10-08T06:23:01.136+0000] {taskinstance.py:2905} ERROR - Task failed with exception
Traceback (most recent call last):
  File "/home/airflow/.local/lib/python3.12/site-packages/airflow/models/taskinstance.py", line 465, in _execute_task
    result = _execute_callable(context=context, **execute_callable_kwargs)
             ^^^^^^^^^^^^^^^^^^^^^^^^^^^^^^^^^^^^^^^^^^^^^^^^^^^^^^^^^^^^^
  File "/home/airflow/.local/lib/python3.12/site-packages/airflow/models/taskinstance.py", line 432, in _execute_callable
    return execute_callable(context=context, **execute_callable_kwargs)
           ^^^^^^^^^^^^^^^^^^^^^^^^^^^^^^^^^^^^^^^^^^^^^^^^^^^^^^^^^^^^
  File "/home/airflow/.local/lib/python3.12/site-packages/airflow/models/baseoperator.py", line 401, in wrapper
    return func(self, *args, **kwargs)
           ^^^^^^^^^^^^^^^^^^^^^^^^^^^
  File "/home/airflow/.local/lib/python3.12/site-packages/airflow/operators/bash.py", line 243, in execute
    raise AirflowException(
airflow.exceptions.AirflowException: Bash command failed. The command returned a non-zero exit code 1.
[2025-10-08T06:23:01.147+0000] {taskinstance.py:1206} INFO - Marking task as FAILED. dag_id=restaurant_analytics, task_id=retrain_model, run_id=manual__2025-10-08T06:17:26.806174+00:00, execution_date=20251008T061726, start_date=20251008T062254, end_date=20251008T062301
[2025-10-08T06:23:01.188+0000] {standard_task_runner.py:110} ERROR - Failed to execute job 154 for task retrain_model (Bash command failed. The command returned a non-zero exit code 1.; 1156)
[2025-10-08T06:23:01.228+0000] {local_task_job_runner.py:243} INFO - Task exited with return code 1
[2025-10-08T06:23:01.262+0000] {taskinstance.py:3503} INFO - 0 downstream tasks scheduled from follow-on schedule check
[2025-10-08T06:23:01.266+0000] {local_task_job_runner.py:222} INFO - ::endgroup::
