[2025-10-09T02:05:27.129+0000] {local_task_job_runner.py:120} INFO - ::group::Pre task execution logs
[2025-10-09T02:05:27.169+0000] {taskinstance.py:2076} INFO - Dependencies all met for dep_context=non-requeueable deps ti=<TaskInstance: restaurant_analytics.run_spark_stream scheduled__2025-10-09T01:00:00+00:00 [queued]>
[2025-10-09T02:05:27.180+0000] {taskinstance.py:2076} INFO - Dependencies all met for dep_context=requeueable deps ti=<TaskInstance: restaurant_analytics.run_spark_stream scheduled__2025-10-09T01:00:00+00:00 [queued]>
[2025-10-09T02:05:27.190+0000] {taskinstance.py:2306} INFO - Starting attempt 2 of 2
[2025-10-09T02:05:27.211+0000] {taskinstance.py:2330} INFO - Executing <Task(BashOperator): run_spark_stream> on 2025-10-09 01:00:00+00:00
[2025-10-09T02:05:27.222+0000] {warnings.py:112} WARNING - /home/***/.local/lib/python3.12/site-packages/***/task/task_runner/standard_task_runner.py:62: DeprecationWarning: This process (pid=1070) is multi-threaded, use of fork() may lead to deadlocks in the child.
  pid = os.fork()

[2025-10-09T02:05:27.225+0000] {standard_task_runner.py:64} INFO - Started process 1072 to run task
[2025-10-09T02:05:27.225+0000] {standard_task_runner.py:90} INFO - Running: ['***', 'tasks', 'run', 'restaurant_analytics', 'run_spark_stream', 'scheduled__2025-10-09T01:00:00+00:00', '--job-id', '237', '--raw', '--subdir', 'DAGS_FOLDER/restaurant_dag.py', '--cfg-path', '/tmp/tmp0sqks46b']
[2025-10-09T02:05:27.230+0000] {standard_task_runner.py:91} INFO - Job 237: Subtask run_spark_stream
[2025-10-09T02:05:27.418+0000] {task_command.py:426} INFO - Running <TaskInstance: restaurant_analytics.run_spark_stream scheduled__2025-10-09T01:00:00+00:00 [running]> on host 01b28d042a8a
[2025-10-09T02:05:27.608+0000] {taskinstance.py:2648} INFO - Exporting env vars: AIRFLOW_CTX_DAG_EMAIL='quantruong1918@gmail.com' AIRFLOW_CTX_DAG_OWNER='***' AIRFLOW_CTX_DAG_ID='restaurant_analytics' AIRFLOW_CTX_TASK_ID='run_spark_stream' AIRFLOW_CTX_EXECUTION_DATE='2025-10-09T01:00:00+00:00' AIRFLOW_CTX_TRY_NUMBER='2' AIRFLOW_CTX_DAG_RUN_ID='scheduled__2025-10-09T01:00:00+00:00'
[2025-10-09T02:05:27.612+0000] {taskinstance.py:430} INFO - ::endgroup::
[2025-10-09T02:05:27.615+0000] {subprocess.py:63} INFO - Tmp dir root location: /tmp
[2025-10-09T02:05:27.618+0000] {subprocess.py:75} INFO - Running command: ['/usr/bin/bash', '-c', 'export PYSPARK_PYTHON=/usr/local/bin/python && export PYSPARK_DRIVER_PYTHON=/usr/local/bin/python && /opt/spark/bin/spark-submit --master local[*] --packages org.apache.spark:spark-sql-kafka-0-10_2.12:3.5.1 /opt/***/dags/spark_streaming.py']
[2025-10-09T02:05:27.648+0000] {subprocess.py:86} INFO - Output:
[2025-10-09T02:05:30.184+0000] {subprocess.py:93} INFO - :: loading settings :: url = jar:file:/opt/spark/jars/ivy-2.5.1.jar!/org/apache/ivy/core/settings/ivysettings.xml
[2025-10-09T02:05:30.312+0000] {subprocess.py:93} INFO - Ivy Default Cache set to: /home/***/.ivy2/cache
[2025-10-09T02:05:30.313+0000] {subprocess.py:93} INFO - The jars for the packages stored in: /home/***/.ivy2/jars
[2025-10-09T02:05:30.322+0000] {subprocess.py:93} INFO - org.apache.spark#spark-sql-kafka-0-10_2.12 added as a dependency
[2025-10-09T02:05:30.324+0000] {subprocess.py:93} INFO - :: resolving dependencies :: org.apache.spark#spark-submit-parent-4d4f89e0-9fc3-49f2-bcd6-564a2beab93c;1.0
[2025-10-09T02:05:30.324+0000] {subprocess.py:93} INFO - 	confs: [default]
[2025-10-09T02:05:30.597+0000] {subprocess.py:93} INFO - 	found org.apache.spark#spark-sql-kafka-0-10_2.12;3.5.1 in central
[2025-10-09T02:05:30.716+0000] {subprocess.py:93} INFO - 	found org.apache.spark#spark-token-provider-kafka-0-10_2.12;3.5.1 in central
[2025-10-09T02:05:30.796+0000] {subprocess.py:93} INFO - 	found org.apache.kafka#kafka-clients;3.4.1 in central
[2025-10-09T02:05:30.879+0000] {subprocess.py:93} INFO - 	found org.lz4#lz4-java;1.8.0 in central
[2025-10-09T02:05:30.951+0000] {subprocess.py:93} INFO - 	found org.xerial.snappy#snappy-java;1.1.10.3 in central
[2025-10-09T02:05:31.011+0000] {subprocess.py:93} INFO - 	found org.slf4j#slf4j-api;2.0.7 in central
[2025-10-09T02:05:31.093+0000] {subprocess.py:93} INFO - 	found org.apache.hadoop#hadoop-client-runtime;3.3.4 in central
[2025-10-09T02:05:31.226+0000] {subprocess.py:93} INFO - 	found org.apache.hadoop#hadoop-client-api;3.3.4 in central
[2025-10-09T02:05:31.319+0000] {subprocess.py:93} INFO - 	found commons-logging#commons-logging;1.1.3 in central
[2025-10-09T02:05:31.366+0000] {subprocess.py:93} INFO - 	found com.google.code.findbugs#jsr305;3.0.0 in central
[2025-10-09T02:05:31.409+0000] {subprocess.py:93} INFO - 	found org.apache.commons#commons-pool2;2.11.1 in central
[2025-10-09T02:05:31.504+0000] {subprocess.py:93} INFO - :: resolution report :: resolve 1125ms :: artifacts dl 56ms
[2025-10-09T02:05:31.507+0000] {subprocess.py:93} INFO - 	:: modules in use:
[2025-10-09T02:05:31.510+0000] {subprocess.py:93} INFO - 	com.google.code.findbugs#jsr305;3.0.0 from central in [default]
[2025-10-09T02:05:31.516+0000] {subprocess.py:93} INFO - 	commons-logging#commons-logging;1.1.3 from central in [default]
[2025-10-09T02:05:31.518+0000] {subprocess.py:93} INFO - 	org.apache.commons#commons-pool2;2.11.1 from central in [default]
[2025-10-09T02:05:31.523+0000] {subprocess.py:93} INFO - 	org.apache.hadoop#hadoop-client-api;3.3.4 from central in [default]
[2025-10-09T02:05:31.527+0000] {subprocess.py:93} INFO - 	org.apache.hadoop#hadoop-client-runtime;3.3.4 from central in [default]
[2025-10-09T02:05:31.532+0000] {subprocess.py:93} INFO - 	org.apache.kafka#kafka-clients;3.4.1 from central in [default]
[2025-10-09T02:05:31.534+0000] {subprocess.py:93} INFO - 	org.apache.spark#spark-sql-kafka-0-10_2.12;3.5.1 from central in [default]
[2025-10-09T02:05:31.536+0000] {subprocess.py:93} INFO - 	org.apache.spark#spark-token-provider-kafka-0-10_2.12;3.5.1 from central in [default]
[2025-10-09T02:05:31.538+0000] {subprocess.py:93} INFO - 	org.lz4#lz4-java;1.8.0 from central in [default]
[2025-10-09T02:05:31.539+0000] {subprocess.py:93} INFO - 	org.slf4j#slf4j-api;2.0.7 from central in [default]
[2025-10-09T02:05:31.541+0000] {subprocess.py:93} INFO - 	org.xerial.snappy#snappy-java;1.1.10.3 from central in [default]
[2025-10-09T02:05:31.543+0000] {subprocess.py:93} INFO - 	---------------------------------------------------------------------
[2025-10-09T02:05:31.547+0000] {subprocess.py:93} INFO - 	|                  |            modules            ||   artifacts   |
[2025-10-09T02:05:31.549+0000] {subprocess.py:93} INFO - 	|       conf       | number| search|dwnlded|evicted|| number|dwnlded|
[2025-10-09T02:05:31.550+0000] {subprocess.py:93} INFO - 	---------------------------------------------------------------------
[2025-10-09T02:05:31.552+0000] {subprocess.py:93} INFO - 	|      default     |   11  |   0   |   0   |   0   ||   11  |   0   |
[2025-10-09T02:05:31.555+0000] {subprocess.py:93} INFO - 	---------------------------------------------------------------------
[2025-10-09T02:05:31.557+0000] {subprocess.py:93} INFO - :: retrieving :: org.apache.spark#spark-submit-parent-4d4f89e0-9fc3-49f2-bcd6-564a2beab93c
[2025-10-09T02:05:31.559+0000] {subprocess.py:93} INFO - 	confs: [default]
[2025-10-09T02:05:31.587+0000] {subprocess.py:93} INFO - 	0 artifacts copied, 11 already retrieved (0kB/34ms)
[2025-10-09T02:05:32.349+0000] {subprocess.py:93} INFO - 25/10/09 02:05:32 WARN NativeCodeLoader: Unable to load native-hadoop library for your platform... using builtin-java classes where applicable
[2025-10-09T02:05:37.359+0000] {subprocess.py:93} INFO - 25/10/09 02:05:37 INFO SparkContext: Running Spark version 3.5.1
[2025-10-09T02:05:37.362+0000] {subprocess.py:93} INFO - 25/10/09 02:05:37 INFO SparkContext: OS info Linux, 6.6.87.1-microsoft-standard-WSL2, amd64
[2025-10-09T02:05:37.367+0000] {subprocess.py:93} INFO - 25/10/09 02:05:37 INFO SparkContext: Java version 17.0.16
[2025-10-09T02:05:37.412+0000] {subprocess.py:93} INFO - 25/10/09 02:05:37 INFO ResourceUtils: ==============================================================
[2025-10-09T02:05:37.413+0000] {subprocess.py:93} INFO - 25/10/09 02:05:37 INFO ResourceUtils: No custom resources configured for spark.driver.
[2025-10-09T02:05:37.414+0000] {subprocess.py:93} INFO - 25/10/09 02:05:37 INFO ResourceUtils: ==============================================================
[2025-10-09T02:05:37.415+0000] {subprocess.py:93} INFO - 25/10/09 02:05:37 INFO SparkContext: Submitted application: RestaurantStreaming
[2025-10-09T02:05:37.456+0000] {subprocess.py:93} INFO - 25/10/09 02:05:37 INFO ResourceProfile: Default ResourceProfile created, executor resources: Map(cores -> name: cores, amount: 1, script: , vendor: , memory -> name: memory, amount: 1024, script: , vendor: , offHeap -> name: offHeap, amount: 0, script: , vendor: ), task resources: Map(cpus -> name: cpus, amount: 1.0)
[2025-10-09T02:05:37.470+0000] {subprocess.py:93} INFO - 25/10/09 02:05:37 INFO ResourceProfile: Limiting resource is cpu
[2025-10-09T02:05:37.475+0000] {subprocess.py:93} INFO - 25/10/09 02:05:37 INFO ResourceProfileManager: Added ResourceProfile id: 0
[2025-10-09T02:05:37.566+0000] {subprocess.py:93} INFO - 25/10/09 02:05:37 INFO SecurityManager: Changing view acls to: ***
[2025-10-09T02:05:37.567+0000] {subprocess.py:93} INFO - 25/10/09 02:05:37 INFO SecurityManager: Changing modify acls to: ***
[2025-10-09T02:05:37.568+0000] {subprocess.py:93} INFO - 25/10/09 02:05:37 INFO SecurityManager: Changing view acls groups to:
[2025-10-09T02:05:37.569+0000] {subprocess.py:93} INFO - 25/10/09 02:05:37 INFO SecurityManager: Changing modify acls groups to:
[2025-10-09T02:05:37.571+0000] {subprocess.py:93} INFO - 25/10/09 02:05:37 INFO SecurityManager: SecurityManager: authentication disabled; ui acls disabled; users with view permissions: ***; groups with view permissions: EMPTY; users with modify permissions: ***; groups with modify permissions: EMPTY
[2025-10-09T02:05:38.034+0000] {subprocess.py:93} INFO - 25/10/09 02:05:38 INFO Utils: Successfully started service 'sparkDriver' on port 37409.
[2025-10-09T02:05:38.092+0000] {subprocess.py:93} INFO - 25/10/09 02:05:38 INFO SparkEnv: Registering MapOutputTracker
[2025-10-09T02:05:38.173+0000] {subprocess.py:93} INFO - 25/10/09 02:05:38 INFO SparkEnv: Registering BlockManagerMaster
[2025-10-09T02:05:38.226+0000] {subprocess.py:93} INFO - 25/10/09 02:05:38 INFO BlockManagerMasterEndpoint: Using org.apache.spark.storage.DefaultTopologyMapper for getting topology information
[2025-10-09T02:05:38.228+0000] {subprocess.py:93} INFO - 25/10/09 02:05:38 INFO BlockManagerMasterEndpoint: BlockManagerMasterEndpoint up
[2025-10-09T02:05:38.247+0000] {subprocess.py:93} INFO - 25/10/09 02:05:38 INFO SparkEnv: Registering BlockManagerMasterHeartbeat
[2025-10-09T02:05:38.288+0000] {subprocess.py:93} INFO - 25/10/09 02:05:38 INFO DiskBlockManager: Created local directory at /tmp/blockmgr-f4325232-7b21-4940-96d0-33060f44bd4b
[2025-10-09T02:05:38.310+0000] {subprocess.py:93} INFO - 25/10/09 02:05:38 INFO MemoryStore: MemoryStore started with capacity 434.4 MiB
[2025-10-09T02:05:38.339+0000] {subprocess.py:93} INFO - 25/10/09 02:05:38 INFO SparkEnv: Registering OutputCommitCoordinator
[2025-10-09T02:05:38.565+0000] {subprocess.py:93} INFO - 25/10/09 02:05:38 INFO JettyUtils: Start Jetty 0.0.0.0:4040 for SparkUI
[2025-10-09T02:05:38.672+0000] {subprocess.py:93} INFO - 25/10/09 02:05:38 INFO Utils: Successfully started service 'SparkUI' on port 4040.
[2025-10-09T02:05:38.770+0000] {subprocess.py:93} INFO - 25/10/09 02:05:38 INFO SparkContext: Added JAR file:///home/***/.ivy2/jars/org.apache.spark_spark-sql-kafka-0-10_2.12-3.5.1.jar at spark://01b28d042a8a:37409/jars/org.apache.spark_spark-sql-kafka-0-10_2.12-3.5.1.jar with timestamp 1759975537344
[2025-10-09T02:05:38.771+0000] {subprocess.py:93} INFO - 25/10/09 02:05:38 INFO SparkContext: Added JAR file:///home/***/.ivy2/jars/org.apache.spark_spark-token-provider-kafka-0-10_2.12-3.5.1.jar at spark://01b28d042a8a:37409/jars/org.apache.spark_spark-token-provider-kafka-0-10_2.12-3.5.1.jar with timestamp 1759975537344
[2025-10-09T02:05:38.773+0000] {subprocess.py:93} INFO - 25/10/09 02:05:38 INFO SparkContext: Added JAR file:///home/***/.ivy2/jars/org.apache.kafka_kafka-clients-3.4.1.jar at spark://01b28d042a8a:37409/jars/org.apache.kafka_kafka-clients-3.4.1.jar with timestamp 1759975537344
[2025-10-09T02:05:38.774+0000] {subprocess.py:93} INFO - 25/10/09 02:05:38 INFO SparkContext: Added JAR file:///home/***/.ivy2/jars/com.google.code.findbugs_jsr305-3.0.0.jar at spark://01b28d042a8a:37409/jars/com.google.code.findbugs_jsr305-3.0.0.jar with timestamp 1759975537344
[2025-10-09T02:05:38.775+0000] {subprocess.py:93} INFO - 25/10/09 02:05:38 INFO SparkContext: Added JAR file:///home/***/.ivy2/jars/org.apache.commons_commons-pool2-2.11.1.jar at spark://01b28d042a8a:37409/jars/org.apache.commons_commons-pool2-2.11.1.jar with timestamp 1759975537344
[2025-10-09T02:05:38.776+0000] {subprocess.py:93} INFO - 25/10/09 02:05:38 INFO SparkContext: Added JAR file:///home/***/.ivy2/jars/org.apache.hadoop_hadoop-client-runtime-3.3.4.jar at spark://01b28d042a8a:37409/jars/org.apache.hadoop_hadoop-client-runtime-3.3.4.jar with timestamp 1759975537344
[2025-10-09T02:05:38.777+0000] {subprocess.py:93} INFO - 25/10/09 02:05:38 INFO SparkContext: Added JAR file:///home/***/.ivy2/jars/org.lz4_lz4-java-1.8.0.jar at spark://01b28d042a8a:37409/jars/org.lz4_lz4-java-1.8.0.jar with timestamp 1759975537344
[2025-10-09T02:05:38.778+0000] {subprocess.py:93} INFO - 25/10/09 02:05:38 INFO SparkContext: Added JAR file:///home/***/.ivy2/jars/org.xerial.snappy_snappy-java-1.1.10.3.jar at spark://01b28d042a8a:37409/jars/org.xerial.snappy_snappy-java-1.1.10.3.jar with timestamp 1759975537344
[2025-10-09T02:05:38.779+0000] {subprocess.py:93} INFO - 25/10/09 02:05:38 INFO SparkContext: Added JAR file:///home/***/.ivy2/jars/org.slf4j_slf4j-api-2.0.7.jar at spark://01b28d042a8a:37409/jars/org.slf4j_slf4j-api-2.0.7.jar with timestamp 1759975537344
[2025-10-09T02:05:38.780+0000] {subprocess.py:93} INFO - 25/10/09 02:05:38 INFO SparkContext: Added JAR file:///home/***/.ivy2/jars/org.apache.hadoop_hadoop-client-api-3.3.4.jar at spark://01b28d042a8a:37409/jars/org.apache.hadoop_hadoop-client-api-3.3.4.jar with timestamp 1759975537344
[2025-10-09T02:05:38.781+0000] {subprocess.py:93} INFO - 25/10/09 02:05:38 INFO SparkContext: Added JAR file:///home/***/.ivy2/jars/commons-logging_commons-logging-1.1.3.jar at spark://01b28d042a8a:37409/jars/commons-logging_commons-logging-1.1.3.jar with timestamp 1759975537344
[2025-10-09T02:05:38.782+0000] {subprocess.py:93} INFO - 25/10/09 02:05:38 INFO SparkContext: Added file file:///home/***/.ivy2/jars/org.apache.spark_spark-sql-kafka-0-10_2.12-3.5.1.jar at file:///home/***/.ivy2/jars/org.apache.spark_spark-sql-kafka-0-10_2.12-3.5.1.jar with timestamp 1759975537344
[2025-10-09T02:05:38.784+0000] {subprocess.py:93} INFO - 25/10/09 02:05:38 INFO Utils: Copying /home/***/.ivy2/jars/org.apache.spark_spark-sql-kafka-0-10_2.12-3.5.1.jar to /tmp/spark-3fc8766d-f049-4027-b967-62d221070d54/userFiles-5e62053d-afae-4986-a02f-d948241a68a3/org.apache.spark_spark-sql-kafka-0-10_2.12-3.5.1.jar
[2025-10-09T02:05:38.803+0000] {subprocess.py:93} INFO - 25/10/09 02:05:38 INFO SparkContext: Added file file:///home/***/.ivy2/jars/org.apache.spark_spark-token-provider-kafka-0-10_2.12-3.5.1.jar at file:///home/***/.ivy2/jars/org.apache.spark_spark-token-provider-kafka-0-10_2.12-3.5.1.jar with timestamp 1759975537344
[2025-10-09T02:05:38.804+0000] {subprocess.py:93} INFO - 25/10/09 02:05:38 INFO Utils: Copying /home/***/.ivy2/jars/org.apache.spark_spark-token-provider-kafka-0-10_2.12-3.5.1.jar to /tmp/spark-3fc8766d-f049-4027-b967-62d221070d54/userFiles-5e62053d-afae-4986-a02f-d948241a68a3/org.apache.spark_spark-token-provider-kafka-0-10_2.12-3.5.1.jar
[2025-10-09T02:05:38.820+0000] {subprocess.py:93} INFO - 25/10/09 02:05:38 INFO SparkContext: Added file file:///home/***/.ivy2/jars/org.apache.kafka_kafka-clients-3.4.1.jar at file:///home/***/.ivy2/jars/org.apache.kafka_kafka-clients-3.4.1.jar with timestamp 1759975537344
[2025-10-09T02:05:38.821+0000] {subprocess.py:93} INFO - 25/10/09 02:05:38 INFO Utils: Copying /home/***/.ivy2/jars/org.apache.kafka_kafka-clients-3.4.1.jar to /tmp/spark-3fc8766d-f049-4027-b967-62d221070d54/userFiles-5e62053d-afae-4986-a02f-d948241a68a3/org.apache.kafka_kafka-clients-3.4.1.jar
[2025-10-09T02:05:38.835+0000] {subprocess.py:93} INFO - 25/10/09 02:05:38 INFO SparkContext: Added file file:///home/***/.ivy2/jars/com.google.code.findbugs_jsr305-3.0.0.jar at file:///home/***/.ivy2/jars/com.google.code.findbugs_jsr305-3.0.0.jar with timestamp 1759975537344
[2025-10-09T02:05:38.836+0000] {subprocess.py:93} INFO - 25/10/09 02:05:38 INFO Utils: Copying /home/***/.ivy2/jars/com.google.code.findbugs_jsr305-3.0.0.jar to /tmp/spark-3fc8766d-f049-4027-b967-62d221070d54/userFiles-5e62053d-afae-4986-a02f-d948241a68a3/com.google.code.findbugs_jsr305-3.0.0.jar
[2025-10-09T02:05:38.843+0000] {subprocess.py:93} INFO - 25/10/09 02:05:38 INFO SparkContext: Added file file:///home/***/.ivy2/jars/org.apache.commons_commons-pool2-2.11.1.jar at file:///home/***/.ivy2/jars/org.apache.commons_commons-pool2-2.11.1.jar with timestamp 1759975537344
[2025-10-09T02:05:38.844+0000] {subprocess.py:93} INFO - 25/10/09 02:05:38 INFO Utils: Copying /home/***/.ivy2/jars/org.apache.commons_commons-pool2-2.11.1.jar to /tmp/spark-3fc8766d-f049-4027-b967-62d221070d54/userFiles-5e62053d-afae-4986-a02f-d948241a68a3/org.apache.commons_commons-pool2-2.11.1.jar
[2025-10-09T02:05:38.849+0000] {subprocess.py:93} INFO - 25/10/09 02:05:38 INFO SparkContext: Added file file:///home/***/.ivy2/jars/org.apache.hadoop_hadoop-client-runtime-3.3.4.jar at file:///home/***/.ivy2/jars/org.apache.hadoop_hadoop-client-runtime-3.3.4.jar with timestamp 1759975537344
[2025-10-09T02:05:38.850+0000] {subprocess.py:93} INFO - 25/10/09 02:05:38 INFO Utils: Copying /home/***/.ivy2/jars/org.apache.hadoop_hadoop-client-runtime-3.3.4.jar to /tmp/spark-3fc8766d-f049-4027-b967-62d221070d54/userFiles-5e62053d-afae-4986-a02f-d948241a68a3/org.apache.hadoop_hadoop-client-runtime-3.3.4.jar
[2025-10-09T02:05:38.917+0000] {subprocess.py:93} INFO - 25/10/09 02:05:38 INFO SparkContext: Added file file:///home/***/.ivy2/jars/org.lz4_lz4-java-1.8.0.jar at file:///home/***/.ivy2/jars/org.lz4_lz4-java-1.8.0.jar with timestamp 1759975537344
[2025-10-09T02:05:38.918+0000] {subprocess.py:93} INFO - 25/10/09 02:05:38 INFO Utils: Copying /home/***/.ivy2/jars/org.lz4_lz4-java-1.8.0.jar to /tmp/spark-3fc8766d-f049-4027-b967-62d221070d54/userFiles-5e62053d-afae-4986-a02f-d948241a68a3/org.lz4_lz4-java-1.8.0.jar
[2025-10-09T02:05:38.925+0000] {subprocess.py:93} INFO - 25/10/09 02:05:38 INFO SparkContext: Added file file:///home/***/.ivy2/jars/org.xerial.snappy_snappy-java-1.1.10.3.jar at file:///home/***/.ivy2/jars/org.xerial.snappy_snappy-java-1.1.10.3.jar with timestamp 1759975537344
[2025-10-09T02:05:38.926+0000] {subprocess.py:93} INFO - 25/10/09 02:05:38 INFO Utils: Copying /home/***/.ivy2/jars/org.xerial.snappy_snappy-java-1.1.10.3.jar to /tmp/spark-3fc8766d-f049-4027-b967-62d221070d54/userFiles-5e62053d-afae-4986-a02f-d948241a68a3/org.xerial.snappy_snappy-java-1.1.10.3.jar
[2025-10-09T02:05:38.938+0000] {subprocess.py:93} INFO - 25/10/09 02:05:38 INFO SparkContext: Added file file:///home/***/.ivy2/jars/org.slf4j_slf4j-api-2.0.7.jar at file:///home/***/.ivy2/jars/org.slf4j_slf4j-api-2.0.7.jar with timestamp 1759975537344
[2025-10-09T02:05:38.939+0000] {subprocess.py:93} INFO - 25/10/09 02:05:38 INFO Utils: Copying /home/***/.ivy2/jars/org.slf4j_slf4j-api-2.0.7.jar to /tmp/spark-3fc8766d-f049-4027-b967-62d221070d54/userFiles-5e62053d-afae-4986-a02f-d948241a68a3/org.slf4j_slf4j-api-2.0.7.jar
[2025-10-09T02:05:38.945+0000] {subprocess.py:93} INFO - 25/10/09 02:05:38 INFO SparkContext: Added file file:///home/***/.ivy2/jars/org.apache.hadoop_hadoop-client-api-3.3.4.jar at file:///home/***/.ivy2/jars/org.apache.hadoop_hadoop-client-api-3.3.4.jar with timestamp 1759975537344
[2025-10-09T02:05:38.946+0000] {subprocess.py:93} INFO - 25/10/09 02:05:38 INFO Utils: Copying /home/***/.ivy2/jars/org.apache.hadoop_hadoop-client-api-3.3.4.jar to /tmp/spark-3fc8766d-f049-4027-b967-62d221070d54/userFiles-5e62053d-afae-4986-a02f-d948241a68a3/org.apache.hadoop_hadoop-client-api-3.3.4.jar
[2025-10-09T02:05:38.991+0000] {subprocess.py:93} INFO - 25/10/09 02:05:38 INFO SparkContext: Added file file:///home/***/.ivy2/jars/commons-logging_commons-logging-1.1.3.jar at file:///home/***/.ivy2/jars/commons-logging_commons-logging-1.1.3.jar with timestamp 1759975537344
[2025-10-09T02:05:38.992+0000] {subprocess.py:93} INFO - 25/10/09 02:05:38 INFO Utils: Copying /home/***/.ivy2/jars/commons-logging_commons-logging-1.1.3.jar to /tmp/spark-3fc8766d-f049-4027-b967-62d221070d54/userFiles-5e62053d-afae-4986-a02f-d948241a68a3/commons-logging_commons-logging-1.1.3.jar
[2025-10-09T02:05:39.117+0000] {subprocess.py:93} INFO - 25/10/09 02:05:39 INFO Executor: Starting executor ID driver on host 01b28d042a8a
[2025-10-09T02:05:39.118+0000] {subprocess.py:93} INFO - 25/10/09 02:05:39 INFO Executor: OS info Linux, 6.6.87.1-microsoft-standard-WSL2, amd64
[2025-10-09T02:05:39.119+0000] {subprocess.py:93} INFO - 25/10/09 02:05:39 INFO Executor: Java version 17.0.16
[2025-10-09T02:05:39.134+0000] {subprocess.py:93} INFO - 25/10/09 02:05:39 INFO Executor: Starting executor with user classpath (userClassPathFirst = false): ''
[2025-10-09T02:05:39.135+0000] {subprocess.py:93} INFO - 25/10/09 02:05:39 INFO Executor: Created or updated repl class loader org.apache.spark.util.MutableURLClassLoader@266e8f1c for default.
[2025-10-09T02:05:39.158+0000] {subprocess.py:93} INFO - 25/10/09 02:05:39 INFO Executor: Fetching file:///home/***/.ivy2/jars/org.apache.spark_spark-sql-kafka-0-10_2.12-3.5.1.jar with timestamp 1759975537344
[2025-10-09T02:05:39.207+0000] {subprocess.py:93} INFO - 25/10/09 02:05:39 INFO Utils: /home/***/.ivy2/jars/org.apache.spark_spark-sql-kafka-0-10_2.12-3.5.1.jar has been previously copied to /tmp/spark-3fc8766d-f049-4027-b967-62d221070d54/userFiles-5e62053d-afae-4986-a02f-d948241a68a3/org.apache.spark_spark-sql-kafka-0-10_2.12-3.5.1.jar
[2025-10-09T02:05:39.216+0000] {subprocess.py:93} INFO - 25/10/09 02:05:39 INFO Executor: Fetching file:///home/***/.ivy2/jars/org.apache.hadoop_hadoop-client-runtime-3.3.4.jar with timestamp 1759975537344
[2025-10-09T02:05:39.270+0000] {subprocess.py:93} INFO - 25/10/09 02:05:39 INFO Utils: /home/***/.ivy2/jars/org.apache.hadoop_hadoop-client-runtime-3.3.4.jar has been previously copied to /tmp/spark-3fc8766d-f049-4027-b967-62d221070d54/userFiles-5e62053d-afae-4986-a02f-d948241a68a3/org.apache.hadoop_hadoop-client-runtime-3.3.4.jar
[2025-10-09T02:05:39.276+0000] {subprocess.py:93} INFO - 25/10/09 02:05:39 INFO Executor: Fetching file:///home/***/.ivy2/jars/org.apache.hadoop_hadoop-client-api-3.3.4.jar with timestamp 1759975537344
[2025-10-09T02:05:39.310+0000] {subprocess.py:93} INFO - 25/10/09 02:05:39 INFO Utils: /home/***/.ivy2/jars/org.apache.hadoop_hadoop-client-api-3.3.4.jar has been previously copied to /tmp/spark-3fc8766d-f049-4027-b967-62d221070d54/userFiles-5e62053d-afae-4986-a02f-d948241a68a3/org.apache.hadoop_hadoop-client-api-3.3.4.jar
[2025-10-09T02:05:39.318+0000] {subprocess.py:93} INFO - 25/10/09 02:05:39 INFO Executor: Fetching file:///home/***/.ivy2/jars/org.apache.spark_spark-token-provider-kafka-0-10_2.12-3.5.1.jar with timestamp 1759975537344
[2025-10-09T02:05:39.319+0000] {subprocess.py:93} INFO - 25/10/09 02:05:39 INFO Utils: /home/***/.ivy2/jars/org.apache.spark_spark-token-provider-kafka-0-10_2.12-3.5.1.jar has been previously copied to /tmp/spark-3fc8766d-f049-4027-b967-62d221070d54/userFiles-5e62053d-afae-4986-a02f-d948241a68a3/org.apache.spark_spark-token-provider-kafka-0-10_2.12-3.5.1.jar
[2025-10-09T02:05:39.329+0000] {subprocess.py:93} INFO - 25/10/09 02:05:39 INFO Executor: Fetching file:///home/***/.ivy2/jars/com.google.code.findbugs_jsr305-3.0.0.jar with timestamp 1759975537344
[2025-10-09T02:05:39.333+0000] {subprocess.py:93} INFO - 25/10/09 02:05:39 INFO Utils: /home/***/.ivy2/jars/com.google.code.findbugs_jsr305-3.0.0.jar has been previously copied to /tmp/spark-3fc8766d-f049-4027-b967-62d221070d54/userFiles-5e62053d-afae-4986-a02f-d948241a68a3/com.google.code.findbugs_jsr305-3.0.0.jar
[2025-10-09T02:05:39.339+0000] {subprocess.py:93} INFO - 25/10/09 02:05:39 INFO Executor: Fetching file:///home/***/.ivy2/jars/org.lz4_lz4-java-1.8.0.jar with timestamp 1759975537344
[2025-10-09T02:05:39.342+0000] {subprocess.py:93} INFO - 25/10/09 02:05:39 INFO Utils: /home/***/.ivy2/jars/org.lz4_lz4-java-1.8.0.jar has been previously copied to /tmp/spark-3fc8766d-f049-4027-b967-62d221070d54/userFiles-5e62053d-afae-4986-a02f-d948241a68a3/org.lz4_lz4-java-1.8.0.jar
[2025-10-09T02:05:39.350+0000] {subprocess.py:93} INFO - 25/10/09 02:05:39 INFO Executor: Fetching file:///home/***/.ivy2/jars/org.slf4j_slf4j-api-2.0.7.jar with timestamp 1759975537344
[2025-10-09T02:05:39.353+0000] {subprocess.py:93} INFO - 25/10/09 02:05:39 INFO Utils: /home/***/.ivy2/jars/org.slf4j_slf4j-api-2.0.7.jar has been previously copied to /tmp/spark-3fc8766d-f049-4027-b967-62d221070d54/userFiles-5e62053d-afae-4986-a02f-d948241a68a3/org.slf4j_slf4j-api-2.0.7.jar
[2025-10-09T02:05:39.364+0000] {subprocess.py:93} INFO - 25/10/09 02:05:39 INFO Executor: Fetching file:///home/***/.ivy2/jars/org.apache.commons_commons-pool2-2.11.1.jar with timestamp 1759975537344
[2025-10-09T02:05:39.365+0000] {subprocess.py:93} INFO - 25/10/09 02:05:39 INFO Utils: /home/***/.ivy2/jars/org.apache.commons_commons-pool2-2.11.1.jar has been previously copied to /tmp/spark-3fc8766d-f049-4027-b967-62d221070d54/userFiles-5e62053d-afae-4986-a02f-d948241a68a3/org.apache.commons_commons-pool2-2.11.1.jar
[2025-10-09T02:05:39.375+0000] {subprocess.py:93} INFO - 25/10/09 02:05:39 INFO Executor: Fetching file:///home/***/.ivy2/jars/commons-logging_commons-logging-1.1.3.jar with timestamp 1759975537344
[2025-10-09T02:05:39.376+0000] {subprocess.py:93} INFO - 25/10/09 02:05:39 INFO Utils: /home/***/.ivy2/jars/commons-logging_commons-logging-1.1.3.jar has been previously copied to /tmp/spark-3fc8766d-f049-4027-b967-62d221070d54/userFiles-5e62053d-afae-4986-a02f-d948241a68a3/commons-logging_commons-logging-1.1.3.jar
[2025-10-09T02:05:39.386+0000] {subprocess.py:93} INFO - 25/10/09 02:05:39 INFO Executor: Fetching file:///home/***/.ivy2/jars/org.xerial.snappy_snappy-java-1.1.10.3.jar with timestamp 1759975537344
[2025-10-09T02:05:39.392+0000] {subprocess.py:93} INFO - 25/10/09 02:05:39 INFO Utils: /home/***/.ivy2/jars/org.xerial.snappy_snappy-java-1.1.10.3.jar has been previously copied to /tmp/spark-3fc8766d-f049-4027-b967-62d221070d54/userFiles-5e62053d-afae-4986-a02f-d948241a68a3/org.xerial.snappy_snappy-java-1.1.10.3.jar
[2025-10-09T02:05:39.399+0000] {subprocess.py:93} INFO - 25/10/09 02:05:39 INFO Executor: Fetching file:///home/***/.ivy2/jars/org.apache.kafka_kafka-clients-3.4.1.jar with timestamp 1759975537344
[2025-10-09T02:05:39.409+0000] {subprocess.py:93} INFO - 25/10/09 02:05:39 INFO Utils: /home/***/.ivy2/jars/org.apache.kafka_kafka-clients-3.4.1.jar has been previously copied to /tmp/spark-3fc8766d-f049-4027-b967-62d221070d54/userFiles-5e62053d-afae-4986-a02f-d948241a68a3/org.apache.kafka_kafka-clients-3.4.1.jar
[2025-10-09T02:05:39.421+0000] {subprocess.py:93} INFO - 25/10/09 02:05:39 INFO Executor: Fetching spark://01b28d042a8a:37409/jars/org.lz4_lz4-java-1.8.0.jar with timestamp 1759975537344
[2025-10-09T02:05:39.507+0000] {subprocess.py:93} INFO - 25/10/09 02:05:39 INFO TransportClientFactory: Successfully created connection to 01b28d042a8a/172.21.0.4:37409 after 64 ms (0 ms spent in bootstraps)
[2025-10-09T02:05:39.523+0000] {subprocess.py:93} INFO - 25/10/09 02:05:39 INFO Utils: Fetching spark://01b28d042a8a:37409/jars/org.lz4_lz4-java-1.8.0.jar to /tmp/spark-3fc8766d-f049-4027-b967-62d221070d54/userFiles-5e62053d-afae-4986-a02f-d948241a68a3/fetchFileTemp18334623661551570597.tmp
[2025-10-09T02:05:39.577+0000] {subprocess.py:93} INFO - 25/10/09 02:05:39 INFO Utils: /tmp/spark-3fc8766d-f049-4027-b967-62d221070d54/userFiles-5e62053d-afae-4986-a02f-d948241a68a3/fetchFileTemp18334623661551570597.tmp has been previously copied to /tmp/spark-3fc8766d-f049-4027-b967-62d221070d54/userFiles-5e62053d-afae-4986-a02f-d948241a68a3/org.lz4_lz4-java-1.8.0.jar
[2025-10-09T02:05:39.585+0000] {subprocess.py:93} INFO - 25/10/09 02:05:39 INFO Executor: Adding file:/tmp/spark-3fc8766d-f049-4027-b967-62d221070d54/userFiles-5e62053d-afae-4986-a02f-d948241a68a3/org.lz4_lz4-java-1.8.0.jar to class loader default
[2025-10-09T02:05:39.591+0000] {subprocess.py:93} INFO - 25/10/09 02:05:39 INFO Executor: Fetching spark://01b28d042a8a:37409/jars/org.slf4j_slf4j-api-2.0.7.jar with timestamp 1759975537344
[2025-10-09T02:05:39.592+0000] {subprocess.py:93} INFO - 25/10/09 02:05:39 INFO Utils: Fetching spark://01b28d042a8a:37409/jars/org.slf4j_slf4j-api-2.0.7.jar to /tmp/spark-3fc8766d-f049-4027-b967-62d221070d54/userFiles-5e62053d-afae-4986-a02f-d948241a68a3/fetchFileTemp10933903430025721329.tmp
[2025-10-09T02:05:39.593+0000] {subprocess.py:93} INFO - 25/10/09 02:05:39 INFO Utils: /tmp/spark-3fc8766d-f049-4027-b967-62d221070d54/userFiles-5e62053d-afae-4986-a02f-d948241a68a3/fetchFileTemp10933903430025721329.tmp has been previously copied to /tmp/spark-3fc8766d-f049-4027-b967-62d221070d54/userFiles-5e62053d-afae-4986-a02f-d948241a68a3/org.slf4j_slf4j-api-2.0.7.jar
[2025-10-09T02:05:39.597+0000] {subprocess.py:93} INFO - 25/10/09 02:05:39 INFO Executor: Adding file:/tmp/spark-3fc8766d-f049-4027-b967-62d221070d54/userFiles-5e62053d-afae-4986-a02f-d948241a68a3/org.slf4j_slf4j-api-2.0.7.jar to class loader default
[2025-10-09T02:05:39.598+0000] {subprocess.py:93} INFO - 25/10/09 02:05:39 INFO Executor: Fetching spark://01b28d042a8a:37409/jars/org.xerial.snappy_snappy-java-1.1.10.3.jar with timestamp 1759975537344
[2025-10-09T02:05:39.600+0000] {subprocess.py:93} INFO - 25/10/09 02:05:39 INFO Utils: Fetching spark://01b28d042a8a:37409/jars/org.xerial.snappy_snappy-java-1.1.10.3.jar to /tmp/spark-3fc8766d-f049-4027-b967-62d221070d54/userFiles-5e62053d-afae-4986-a02f-d948241a68a3/fetchFileTemp17912890975364448446.tmp
[2025-10-09T02:05:39.697+0000] {subprocess.py:93} INFO - 25/10/09 02:05:39 INFO Utils: /tmp/spark-3fc8766d-f049-4027-b967-62d221070d54/userFiles-5e62053d-afae-4986-a02f-d948241a68a3/fetchFileTemp17912890975364448446.tmp has been previously copied to /tmp/spark-3fc8766d-f049-4027-b967-62d221070d54/userFiles-5e62053d-afae-4986-a02f-d948241a68a3/org.xerial.snappy_snappy-java-1.1.10.3.jar
[2025-10-09T02:05:39.736+0000] {subprocess.py:93} INFO - 25/10/09 02:05:39 INFO Executor: Adding file:/tmp/spark-3fc8766d-f049-4027-b967-62d221070d54/userFiles-5e62053d-afae-4986-a02f-d948241a68a3/org.xerial.snappy_snappy-java-1.1.10.3.jar to class loader default
[2025-10-09T02:05:39.763+0000] {subprocess.py:93} INFO - 25/10/09 02:05:39 INFO Executor: Fetching spark://01b28d042a8a:37409/jars/org.apache.commons_commons-pool2-2.11.1.jar with timestamp 1759975537344
[2025-10-09T02:05:39.795+0000] {subprocess.py:93} INFO - 25/10/09 02:05:39 INFO Utils: Fetching spark://01b28d042a8a:37409/jars/org.apache.commons_commons-pool2-2.11.1.jar to /tmp/spark-3fc8766d-f049-4027-b967-62d221070d54/userFiles-5e62053d-afae-4986-a02f-d948241a68a3/fetchFileTemp14729052246624349671.tmp
[2025-10-09T02:05:39.827+0000] {subprocess.py:93} INFO - 25/10/09 02:05:39 INFO Utils: /tmp/spark-3fc8766d-f049-4027-b967-62d221070d54/userFiles-5e62053d-afae-4986-a02f-d948241a68a3/fetchFileTemp14729052246624349671.tmp has been previously copied to /tmp/spark-3fc8766d-f049-4027-b967-62d221070d54/userFiles-5e62053d-afae-4986-a02f-d948241a68a3/org.apache.commons_commons-pool2-2.11.1.jar
[2025-10-09T02:05:39.843+0000] {subprocess.py:93} INFO - 25/10/09 02:05:39 INFO Executor: Adding file:/tmp/spark-3fc8766d-f049-4027-b967-62d221070d54/userFiles-5e62053d-afae-4986-a02f-d948241a68a3/org.apache.commons_commons-pool2-2.11.1.jar to class loader default
[2025-10-09T02:05:39.892+0000] {subprocess.py:93} INFO - 25/10/09 02:05:39 INFO Executor: Fetching spark://01b28d042a8a:37409/jars/org.apache.spark_spark-sql-kafka-0-10_2.12-3.5.1.jar with timestamp 1759975537344
[2025-10-09T02:05:39.918+0000] {subprocess.py:93} INFO - 25/10/09 02:05:39 INFO Utils: Fetching spark://01b28d042a8a:37409/jars/org.apache.spark_spark-sql-kafka-0-10_2.12-3.5.1.jar to /tmp/spark-3fc8766d-f049-4027-b967-62d221070d54/userFiles-5e62053d-afae-4986-a02f-d948241a68a3/fetchFileTemp11857881974648806446.tmp
[2025-10-09T02:05:39.935+0000] {subprocess.py:93} INFO - 25/10/09 02:05:39 INFO Utils: /tmp/spark-3fc8766d-f049-4027-b967-62d221070d54/userFiles-5e62053d-afae-4986-a02f-d948241a68a3/fetchFileTemp11857881974648806446.tmp has been previously copied to /tmp/spark-3fc8766d-f049-4027-b967-62d221070d54/userFiles-5e62053d-afae-4986-a02f-d948241a68a3/org.apache.spark_spark-sql-kafka-0-10_2.12-3.5.1.jar
[2025-10-09T02:05:39.963+0000] {subprocess.py:93} INFO - 25/10/09 02:05:39 INFO Executor: Adding file:/tmp/spark-3fc8766d-f049-4027-b967-62d221070d54/userFiles-5e62053d-afae-4986-a02f-d948241a68a3/org.apache.spark_spark-sql-kafka-0-10_2.12-3.5.1.jar to class loader default
[2025-10-09T02:05:39.980+0000] {subprocess.py:93} INFO - 25/10/09 02:05:39 INFO Executor: Fetching spark://01b28d042a8a:37409/jars/commons-logging_commons-logging-1.1.3.jar with timestamp 1759975537344
[2025-10-09T02:05:39.995+0000] {subprocess.py:93} INFO - 25/10/09 02:05:39 INFO Utils: Fetching spark://01b28d042a8a:37409/jars/commons-logging_commons-logging-1.1.3.jar to /tmp/spark-3fc8766d-f049-4027-b967-62d221070d54/userFiles-5e62053d-afae-4986-a02f-d948241a68a3/fetchFileTemp6864831495848029797.tmp
[2025-10-09T02:05:40.046+0000] {subprocess.py:93} INFO - 25/10/09 02:05:39 INFO Utils: /tmp/spark-3fc8766d-f049-4027-b967-62d221070d54/userFiles-5e62053d-afae-4986-a02f-d948241a68a3/fetchFileTemp6864831495848029797.tmp has been previously copied to /tmp/spark-3fc8766d-f049-4027-b967-62d221070d54/userFiles-5e62053d-afae-4986-a02f-d948241a68a3/commons-logging_commons-logging-1.1.3.jar
[2025-10-09T02:05:40.084+0000] {subprocess.py:93} INFO - 25/10/09 02:05:39 INFO Executor: Adding file:/tmp/spark-3fc8766d-f049-4027-b967-62d221070d54/userFiles-5e62053d-afae-4986-a02f-d948241a68a3/commons-logging_commons-logging-1.1.3.jar to class loader default
[2025-10-09T02:05:40.118+0000] {subprocess.py:93} INFO - 25/10/09 02:05:39 INFO Executor: Fetching spark://01b28d042a8a:37409/jars/org.apache.spark_spark-token-provider-kafka-0-10_2.12-3.5.1.jar with timestamp 1759975537344
[2025-10-09T02:05:40.121+0000] {subprocess.py:93} INFO - 25/10/09 02:05:39 INFO Utils: Fetching spark://01b28d042a8a:37409/jars/org.apache.spark_spark-token-provider-kafka-0-10_2.12-3.5.1.jar to /tmp/spark-3fc8766d-f049-4027-b967-62d221070d54/userFiles-5e62053d-afae-4986-a02f-d948241a68a3/fetchFileTemp6438394841447323136.tmp
[2025-10-09T02:05:40.122+0000] {subprocess.py:93} INFO - 25/10/09 02:05:39 INFO Utils: /tmp/spark-3fc8766d-f049-4027-b967-62d221070d54/userFiles-5e62053d-afae-4986-a02f-d948241a68a3/fetchFileTemp6438394841447323136.tmp has been previously copied to /tmp/spark-3fc8766d-f049-4027-b967-62d221070d54/userFiles-5e62053d-afae-4986-a02f-d948241a68a3/org.apache.spark_spark-token-provider-kafka-0-10_2.12-3.5.1.jar
[2025-10-09T02:05:40.123+0000] {subprocess.py:93} INFO - 25/10/09 02:05:39 INFO Executor: Adding file:/tmp/spark-3fc8766d-f049-4027-b967-62d221070d54/userFiles-5e62053d-afae-4986-a02f-d948241a68a3/org.apache.spark_spark-token-provider-kafka-0-10_2.12-3.5.1.jar to class loader default
[2025-10-09T02:05:40.124+0000] {subprocess.py:93} INFO - 25/10/09 02:05:39 INFO Executor: Fetching spark://01b28d042a8a:37409/jars/org.apache.kafka_kafka-clients-3.4.1.jar with timestamp 1759975537344
[2025-10-09T02:05:40.124+0000] {subprocess.py:93} INFO - 25/10/09 02:05:39 INFO Utils: Fetching spark://01b28d042a8a:37409/jars/org.apache.kafka_kafka-clients-3.4.1.jar to /tmp/spark-3fc8766d-f049-4027-b967-62d221070d54/userFiles-5e62053d-afae-4986-a02f-d948241a68a3/fetchFileTemp2778813942845449067.tmp
[2025-10-09T02:05:40.126+0000] {subprocess.py:93} INFO - 25/10/09 02:05:40 INFO Utils: /tmp/spark-3fc8766d-f049-4027-b967-62d221070d54/userFiles-5e62053d-afae-4986-a02f-d948241a68a3/fetchFileTemp2778813942845449067.tmp has been previously copied to /tmp/spark-3fc8766d-f049-4027-b967-62d221070d54/userFiles-5e62053d-afae-4986-a02f-d948241a68a3/org.apache.kafka_kafka-clients-3.4.1.jar
[2025-10-09T02:05:40.127+0000] {subprocess.py:93} INFO - 25/10/09 02:05:40 INFO Executor: Adding file:/tmp/spark-3fc8766d-f049-4027-b967-62d221070d54/userFiles-5e62053d-afae-4986-a02f-d948241a68a3/org.apache.kafka_kafka-clients-3.4.1.jar to class loader default
[2025-10-09T02:05:40.131+0000] {subprocess.py:93} INFO - 25/10/09 02:05:40 INFO Executor: Fetching spark://01b28d042a8a:37409/jars/org.apache.hadoop_hadoop-client-runtime-3.3.4.jar with timestamp 1759975537344
[2025-10-09T02:05:40.132+0000] {subprocess.py:93} INFO - 25/10/09 02:05:40 INFO Utils: Fetching spark://01b28d042a8a:37409/jars/org.apache.hadoop_hadoop-client-runtime-3.3.4.jar to /tmp/spark-3fc8766d-f049-4027-b967-62d221070d54/userFiles-5e62053d-afae-4986-a02f-d948241a68a3/fetchFileTemp13219974118066187993.tmp
[2025-10-09T02:05:40.593+0000] {subprocess.py:93} INFO - 25/10/09 02:05:40 INFO Utils: /tmp/spark-3fc8766d-f049-4027-b967-62d221070d54/userFiles-5e62053d-afae-4986-a02f-d948241a68a3/fetchFileTemp13219974118066187993.tmp has been previously copied to /tmp/spark-3fc8766d-f049-4027-b967-62d221070d54/userFiles-5e62053d-afae-4986-a02f-d948241a68a3/org.apache.hadoop_hadoop-client-runtime-3.3.4.jar
[2025-10-09T02:05:40.637+0000] {subprocess.py:93} INFO - 25/10/09 02:05:40 INFO Executor: Adding file:/tmp/spark-3fc8766d-f049-4027-b967-62d221070d54/userFiles-5e62053d-afae-4986-a02f-d948241a68a3/org.apache.hadoop_hadoop-client-runtime-3.3.4.jar to class loader default
[2025-10-09T02:05:40.642+0000] {subprocess.py:93} INFO - 25/10/09 02:05:40 INFO Executor: Fetching spark://01b28d042a8a:37409/jars/org.apache.hadoop_hadoop-client-api-3.3.4.jar with timestamp 1759975537344
[2025-10-09T02:05:40.645+0000] {subprocess.py:93} INFO - 25/10/09 02:05:40 INFO Utils: Fetching spark://01b28d042a8a:37409/jars/org.apache.hadoop_hadoop-client-api-3.3.4.jar to /tmp/spark-3fc8766d-f049-4027-b967-62d221070d54/userFiles-5e62053d-afae-4986-a02f-d948241a68a3/fetchFileTemp8327227059450727195.tmp
[2025-10-09T02:05:40.971+0000] {subprocess.py:93} INFO - 25/10/09 02:05:40 INFO Utils: /tmp/spark-3fc8766d-f049-4027-b967-62d221070d54/userFiles-5e62053d-afae-4986-a02f-d948241a68a3/fetchFileTemp8327227059450727195.tmp has been previously copied to /tmp/spark-3fc8766d-f049-4027-b967-62d221070d54/userFiles-5e62053d-afae-4986-a02f-d948241a68a3/org.apache.hadoop_hadoop-client-api-3.3.4.jar
[2025-10-09T02:05:41.020+0000] {subprocess.py:93} INFO - 25/10/09 02:05:41 INFO Executor: Adding file:/tmp/spark-3fc8766d-f049-4027-b967-62d221070d54/userFiles-5e62053d-afae-4986-a02f-d948241a68a3/org.apache.hadoop_hadoop-client-api-3.3.4.jar to class loader default
[2025-10-09T02:05:41.026+0000] {subprocess.py:93} INFO - 25/10/09 02:05:41 INFO Executor: Fetching spark://01b28d042a8a:37409/jars/com.google.code.findbugs_jsr305-3.0.0.jar with timestamp 1759975537344
[2025-10-09T02:05:41.027+0000] {subprocess.py:93} INFO - 25/10/09 02:05:41 INFO Utils: Fetching spark://01b28d042a8a:37409/jars/com.google.code.findbugs_jsr305-3.0.0.jar to /tmp/spark-3fc8766d-f049-4027-b967-62d221070d54/userFiles-5e62053d-afae-4986-a02f-d948241a68a3/fetchFileTemp5389060515434822466.tmp
[2025-10-09T02:05:41.036+0000] {subprocess.py:93} INFO - 25/10/09 02:05:41 INFO Utils: /tmp/spark-3fc8766d-f049-4027-b967-62d221070d54/userFiles-5e62053d-afae-4986-a02f-d948241a68a3/fetchFileTemp5389060515434822466.tmp has been previously copied to /tmp/spark-3fc8766d-f049-4027-b967-62d221070d54/userFiles-5e62053d-afae-4986-a02f-d948241a68a3/com.google.code.findbugs_jsr305-3.0.0.jar
[2025-10-09T02:05:41.052+0000] {subprocess.py:93} INFO - 25/10/09 02:05:41 INFO Executor: Adding file:/tmp/spark-3fc8766d-f049-4027-b967-62d221070d54/userFiles-5e62053d-afae-4986-a02f-d948241a68a3/com.google.code.findbugs_jsr305-3.0.0.jar to class loader default
[2025-10-09T02:05:41.077+0000] {subprocess.py:93} INFO - 25/10/09 02:05:41 INFO Utils: Successfully started service 'org.apache.spark.network.netty.NettyBlockTransferService' on port 46365.
[2025-10-09T02:05:41.078+0000] {subprocess.py:93} INFO - 25/10/09 02:05:41 INFO NettyBlockTransferService: Server created on 01b28d042a8a:46365
[2025-10-09T02:05:41.084+0000] {subprocess.py:93} INFO - 25/10/09 02:05:41 INFO BlockManager: Using org.apache.spark.storage.RandomBlockReplicationPolicy for block replication policy
[2025-10-09T02:05:41.112+0000] {subprocess.py:93} INFO - 25/10/09 02:05:41 INFO BlockManagerMaster: Registering BlockManager BlockManagerId(driver, 01b28d042a8a, 46365, None)
[2025-10-09T02:05:41.124+0000] {subprocess.py:93} INFO - 25/10/09 02:05:41 INFO BlockManagerMasterEndpoint: Registering block manager 01b28d042a8a:46365 with 434.4 MiB RAM, BlockManagerId(driver, 01b28d042a8a, 46365, None)
[2025-10-09T02:05:41.139+0000] {subprocess.py:93} INFO - 25/10/09 02:05:41 INFO BlockManagerMaster: Registered BlockManager BlockManagerId(driver, 01b28d042a8a, 46365, None)
[2025-10-09T02:05:41.144+0000] {subprocess.py:93} INFO - 25/10/09 02:05:41 INFO BlockManager: Initialized BlockManager: BlockManagerId(driver, 01b28d042a8a, 46365, None)
[2025-10-09T02:05:42.209+0000] {subprocess.py:93} INFO - 25/10/09 02:05:42 INFO SharedState: Setting hive.metastore.warehouse.dir ('null') to the value of spark.sql.warehouse.dir.
[2025-10-09T02:05:42.214+0000] {subprocess.py:93} INFO - 25/10/09 02:05:42 INFO SharedState: Warehouse path is 'file:/tmp/***tmpopl4x93n/spark-warehouse'.
[2025-10-09T02:05:43.663+0000] {subprocess.py:93} INFO - Traceback (most recent call last):
[2025-10-09T02:05:43.664+0000] {subprocess.py:93} INFO -   File "/opt/***/dags/spark_streaming.py", line 34, in <module>
[2025-10-09T02:05:43.666+0000] {subprocess.py:93} INFO -     raw = spark.readStream.format("kafka").option(KAFKA_BOOTSTRAP) \
[2025-10-09T02:05:43.667+0000] {subprocess.py:93} INFO -           ^^^^^^^^^^^^^^^^^^^^^^^^^^^^^^^^^^^^^^^^^^^^^^^^^^^^^^^^
[2025-10-09T02:05:43.668+0000] {subprocess.py:93} INFO - TypeError: DataStreamReader.option() missing 1 required positional argument: 'value'
[2025-10-09T02:05:43.852+0000] {subprocess.py:93} INFO - 25/10/09 02:05:43 INFO SparkContext: Invoking stop() from shutdown hook
[2025-10-09T02:05:43.855+0000] {subprocess.py:93} INFO - 25/10/09 02:05:43 INFO SparkContext: SparkContext is stopping with exitCode 0.
[2025-10-09T02:05:43.870+0000] {subprocess.py:93} INFO - 25/10/09 02:05:43 INFO SparkUI: Stopped Spark web UI at http://01b28d042a8a:4040
[2025-10-09T02:05:43.890+0000] {subprocess.py:93} INFO - 25/10/09 02:05:43 INFO MapOutputTrackerMasterEndpoint: MapOutputTrackerMasterEndpoint stopped!
[2025-10-09T02:05:43.921+0000] {subprocess.py:93} INFO - 25/10/09 02:05:43 INFO MemoryStore: MemoryStore cleared
[2025-10-09T02:05:43.922+0000] {subprocess.py:93} INFO - 25/10/09 02:05:43 INFO BlockManager: BlockManager stopped
[2025-10-09T02:05:43.931+0000] {subprocess.py:93} INFO - 25/10/09 02:05:43 INFO BlockManagerMaster: BlockManagerMaster stopped
[2025-10-09T02:05:43.936+0000] {subprocess.py:93} INFO - 25/10/09 02:05:43 INFO OutputCommitCoordinator$OutputCommitCoordinatorEndpoint: OutputCommitCoordinator stopped!
[2025-10-09T02:05:43.965+0000] {subprocess.py:93} INFO - 25/10/09 02:05:43 INFO SparkContext: Successfully stopped SparkContext
[2025-10-09T02:05:43.966+0000] {subprocess.py:93} INFO - 25/10/09 02:05:43 INFO ShutdownHookManager: Shutdown hook called
[2025-10-09T02:05:43.966+0000] {subprocess.py:93} INFO - 25/10/09 02:05:43 INFO ShutdownHookManager: Deleting directory /tmp/spark-3fc8766d-f049-4027-b967-62d221070d54/pyspark-ac561b73-6f3d-45a6-ae1f-0250e199a778
[2025-10-09T02:05:43.973+0000] {subprocess.py:93} INFO - 25/10/09 02:05:43 INFO ShutdownHookManager: Deleting directory /tmp/spark-3fc8766d-f049-4027-b967-62d221070d54
[2025-10-09T02:05:43.980+0000] {subprocess.py:93} INFO - 25/10/09 02:05:43 INFO ShutdownHookManager: Deleting directory /tmp/spark-30871205-ed5c-4816-8be2-0126250e9456
[2025-10-09T02:05:44.074+0000] {subprocess.py:97} INFO - Command exited with return code 1
[2025-10-09T02:05:44.076+0000] {taskinstance.py:441} INFO - ::group::Post task execution logs
[2025-10-09T02:05:44.099+0000] {taskinstance.py:2905} ERROR - Task failed with exception
Traceback (most recent call last):
  File "/home/airflow/.local/lib/python3.12/site-packages/airflow/models/taskinstance.py", line 465, in _execute_task
    result = _execute_callable(context=context, **execute_callable_kwargs)
             ^^^^^^^^^^^^^^^^^^^^^^^^^^^^^^^^^^^^^^^^^^^^^^^^^^^^^^^^^^^^^
  File "/home/airflow/.local/lib/python3.12/site-packages/airflow/models/taskinstance.py", line 432, in _execute_callable
    return execute_callable(context=context, **execute_callable_kwargs)
           ^^^^^^^^^^^^^^^^^^^^^^^^^^^^^^^^^^^^^^^^^^^^^^^^^^^^^^^^^^^^
  File "/home/airflow/.local/lib/python3.12/site-packages/airflow/models/baseoperator.py", line 401, in wrapper
    return func(self, *args, **kwargs)
           ^^^^^^^^^^^^^^^^^^^^^^^^^^^
  File "/home/airflow/.local/lib/python3.12/site-packages/airflow/operators/bash.py", line 243, in execute
    raise AirflowException(
airflow.exceptions.AirflowException: Bash command failed. The command returned a non-zero exit code 1.
[2025-10-09T02:05:44.107+0000] {taskinstance.py:1206} INFO - Marking task as FAILED. dag_id=restaurant_analytics, task_id=run_spark_stream, run_id=scheduled__2025-10-09T01:00:00+00:00, execution_date=20251009T010000, start_date=20251009T020527, end_date=20251009T020544
[2025-10-09T02:05:44.132+0000] {standard_task_runner.py:110} ERROR - Failed to execute job 237 for task run_spark_stream (Bash command failed. The command returned a non-zero exit code 1.; 1072)
[2025-10-09T02:05:44.170+0000] {local_task_job_runner.py:243} INFO - Task exited with return code 1
[2025-10-09T02:05:44.206+0000] {taskinstance.py:3503} INFO - 0 downstream tasks scheduled from follow-on schedule check
[2025-10-09T02:05:44.212+0000] {local_task_job_runner.py:222} INFO - ::endgroup::
