[2025-10-09T02:00:02.936+0000] {local_task_job_runner.py:120} INFO - ::group::Pre task execution logs
[2025-10-09T02:00:03.005+0000] {taskinstance.py:2076} INFO - Dependencies all met for dep_context=non-requeueable deps ti=<TaskInstance: restaurant_analytics.run_spark_stream scheduled__2025-10-09T01:00:00+00:00 [queued]>
[2025-10-09T02:00:03.020+0000] {taskinstance.py:2076} INFO - Dependencies all met for dep_context=requeueable deps ti=<TaskInstance: restaurant_analytics.run_spark_stream scheduled__2025-10-09T01:00:00+00:00 [queued]>
[2025-10-09T02:00:03.021+0000] {taskinstance.py:2306} INFO - Starting attempt 1 of 2
[2025-10-09T02:00:03.053+0000] {taskinstance.py:2330} INFO - Executing <Task(BashOperator): run_spark_stream> on 2025-10-09 01:00:00+00:00
[2025-10-09T02:00:03.074+0000] {warnings.py:112} WARNING - /home/***/.local/lib/python3.12/site-packages/***/task/task_runner/standard_task_runner.py:62: DeprecationWarning: This process (pid=454) is multi-threaded, use of fork() may lead to deadlocks in the child.
  pid = os.fork()

[2025-10-09T02:00:03.078+0000] {standard_task_runner.py:64} INFO - Started process 456 to run task
[2025-10-09T02:00:03.079+0000] {standard_task_runner.py:90} INFO - Running: ['***', 'tasks', 'run', 'restaurant_analytics', 'run_spark_stream', 'scheduled__2025-10-09T01:00:00+00:00', '--job-id', '236', '--raw', '--subdir', 'DAGS_FOLDER/restaurant_dag.py', '--cfg-path', '/tmp/tmp9s4da9wn']
[2025-10-09T02:00:03.086+0000] {standard_task_runner.py:91} INFO - Job 236: Subtask run_spark_stream
[2025-10-09T02:00:03.217+0000] {task_command.py:426} INFO - Running <TaskInstance: restaurant_analytics.run_spark_stream scheduled__2025-10-09T01:00:00+00:00 [running]> on host 01b28d042a8a
[2025-10-09T02:00:03.367+0000] {taskinstance.py:2648} INFO - Exporting env vars: AIRFLOW_CTX_DAG_EMAIL='quantruong1918@gmail.com' AIRFLOW_CTX_DAG_OWNER='***' AIRFLOW_CTX_DAG_ID='restaurant_analytics' AIRFLOW_CTX_TASK_ID='run_spark_stream' AIRFLOW_CTX_EXECUTION_DATE='2025-10-09T01:00:00+00:00' AIRFLOW_CTX_TRY_NUMBER='1' AIRFLOW_CTX_DAG_RUN_ID='scheduled__2025-10-09T01:00:00+00:00'
[2025-10-09T02:00:03.370+0000] {taskinstance.py:430} INFO - ::endgroup::
[2025-10-09T02:00:03.372+0000] {subprocess.py:63} INFO - Tmp dir root location: /tmp
[2025-10-09T02:00:03.374+0000] {subprocess.py:75} INFO - Running command: ['/usr/bin/bash', '-c', 'export PYSPARK_PYTHON=/usr/local/bin/python && export PYSPARK_DRIVER_PYTHON=/usr/local/bin/python && /opt/spark/bin/spark-submit --master local[*] --packages org.apache.spark:spark-sql-kafka-0-10_2.12:3.5.1 /opt/***/dags/spark_streaming.py']
[2025-10-09T02:00:03.393+0000] {subprocess.py:86} INFO - Output:
[2025-10-09T02:00:06.431+0000] {subprocess.py:93} INFO - :: loading settings :: url = jar:file:/opt/spark/jars/ivy-2.5.1.jar!/org/apache/ivy/core/settings/ivysettings.xml
[2025-10-09T02:00:06.695+0000] {subprocess.py:93} INFO - Ivy Default Cache set to: /home/***/.ivy2/cache
[2025-10-09T02:00:06.701+0000] {subprocess.py:93} INFO - The jars for the packages stored in: /home/***/.ivy2/jars
[2025-10-09T02:00:06.712+0000] {subprocess.py:93} INFO - org.apache.spark#spark-sql-kafka-0-10_2.12 added as a dependency
[2025-10-09T02:00:06.716+0000] {subprocess.py:93} INFO - :: resolving dependencies :: org.apache.spark#spark-submit-parent-0553ac45-7923-4cfe-9702-342f265bc0d3;1.0
[2025-10-09T02:00:06.717+0000] {subprocess.py:93} INFO - 	confs: [default]
[2025-10-09T02:00:07.565+0000] {subprocess.py:93} INFO - 	found org.apache.spark#spark-sql-kafka-0-10_2.12;3.5.1 in central
[2025-10-09T02:00:07.730+0000] {subprocess.py:93} INFO - 	found org.apache.spark#spark-token-provider-kafka-0-10_2.12;3.5.1 in central
[2025-10-09T02:00:07.805+0000] {subprocess.py:93} INFO - 	found org.apache.kafka#kafka-clients;3.4.1 in central
[2025-10-09T02:00:07.897+0000] {subprocess.py:93} INFO - 	found org.lz4#lz4-java;1.8.0 in central
[2025-10-09T02:00:07.957+0000] {subprocess.py:93} INFO - 	found org.xerial.snappy#snappy-java;1.1.10.3 in central
[2025-10-09T02:00:08.010+0000] {subprocess.py:93} INFO - 	found org.slf4j#slf4j-api;2.0.7 in central
[2025-10-09T02:00:08.136+0000] {subprocess.py:93} INFO - 	found org.apache.hadoop#hadoop-client-runtime;3.3.4 in central
[2025-10-09T02:00:08.259+0000] {subprocess.py:93} INFO - 	found org.apache.hadoop#hadoop-client-api;3.3.4 in central
[2025-10-09T02:00:08.385+0000] {subprocess.py:93} INFO - 	found commons-logging#commons-logging;1.1.3 in central
[2025-10-09T02:00:08.440+0000] {subprocess.py:93} INFO - 	found com.google.code.findbugs#jsr305;3.0.0 in central
[2025-10-09T02:00:08.497+0000] {subprocess.py:93} INFO - 	found org.apache.commons#commons-pool2;2.11.1 in central
[2025-10-09T02:00:08.621+0000] {subprocess.py:93} INFO - :: resolution report :: resolve 1831ms :: artifacts dl 75ms
[2025-10-09T02:00:08.624+0000] {subprocess.py:93} INFO - 	:: modules in use:
[2025-10-09T02:00:08.626+0000] {subprocess.py:93} INFO - 	com.google.code.findbugs#jsr305;3.0.0 from central in [default]
[2025-10-09T02:00:08.629+0000] {subprocess.py:93} INFO - 	commons-logging#commons-logging;1.1.3 from central in [default]
[2025-10-09T02:00:08.631+0000] {subprocess.py:93} INFO - 	org.apache.commons#commons-pool2;2.11.1 from central in [default]
[2025-10-09T02:00:08.632+0000] {subprocess.py:93} INFO - 	org.apache.hadoop#hadoop-client-api;3.3.4 from central in [default]
[2025-10-09T02:00:08.634+0000] {subprocess.py:93} INFO - 	org.apache.hadoop#hadoop-client-runtime;3.3.4 from central in [default]
[2025-10-09T02:00:08.635+0000] {subprocess.py:93} INFO - 	org.apache.kafka#kafka-clients;3.4.1 from central in [default]
[2025-10-09T02:00:08.636+0000] {subprocess.py:93} INFO - 	org.apache.spark#spark-sql-kafka-0-10_2.12;3.5.1 from central in [default]
[2025-10-09T02:00:08.637+0000] {subprocess.py:93} INFO - 	org.apache.spark#spark-token-provider-kafka-0-10_2.12;3.5.1 from central in [default]
[2025-10-09T02:00:08.638+0000] {subprocess.py:93} INFO - 	org.lz4#lz4-java;1.8.0 from central in [default]
[2025-10-09T02:00:08.640+0000] {subprocess.py:93} INFO - 	org.slf4j#slf4j-api;2.0.7 from central in [default]
[2025-10-09T02:00:08.641+0000] {subprocess.py:93} INFO - 	org.xerial.snappy#snappy-java;1.1.10.3 from central in [default]
[2025-10-09T02:00:08.642+0000] {subprocess.py:93} INFO - 	---------------------------------------------------------------------
[2025-10-09T02:00:08.644+0000] {subprocess.py:93} INFO - 	|                  |            modules            ||   artifacts   |
[2025-10-09T02:00:08.645+0000] {subprocess.py:93} INFO - 	|       conf       | number| search|dwnlded|evicted|| number|dwnlded|
[2025-10-09T02:00:08.646+0000] {subprocess.py:93} INFO - 	---------------------------------------------------------------------
[2025-10-09T02:00:08.647+0000] {subprocess.py:93} INFO - 	|      default     |   11  |   0   |   0   |   0   ||   11  |   0   |
[2025-10-09T02:00:08.648+0000] {subprocess.py:93} INFO - 	---------------------------------------------------------------------
[2025-10-09T02:00:08.649+0000] {subprocess.py:93} INFO - :: retrieving :: org.apache.spark#spark-submit-parent-0553ac45-7923-4cfe-9702-342f265bc0d3
[2025-10-09T02:00:08.650+0000] {subprocess.py:93} INFO - 	confs: [default]
[2025-10-09T02:00:08.672+0000] {subprocess.py:93} INFO - 	0 artifacts copied, 11 already retrieved (0kB/23ms)
[2025-10-09T02:00:09.270+0000] {subprocess.py:93} INFO - 25/10/09 02:00:09 WARN NativeCodeLoader: Unable to load native-hadoop library for your platform... using builtin-java classes where applicable
[2025-10-09T02:00:15.892+0000] {subprocess.py:93} INFO - 25/10/09 02:00:15 INFO SparkContext: Running Spark version 3.5.1
[2025-10-09T02:00:15.894+0000] {subprocess.py:93} INFO - 25/10/09 02:00:15 INFO SparkContext: OS info Linux, 6.6.87.1-microsoft-standard-WSL2, amd64
[2025-10-09T02:00:15.896+0000] {subprocess.py:93} INFO - 25/10/09 02:00:15 INFO SparkContext: Java version 17.0.16
[2025-10-09T02:00:15.952+0000] {subprocess.py:93} INFO - 25/10/09 02:00:15 INFO ResourceUtils: ==============================================================
[2025-10-09T02:00:15.954+0000] {subprocess.py:93} INFO - 25/10/09 02:00:15 INFO ResourceUtils: No custom resources configured for spark.driver.
[2025-10-09T02:00:15.957+0000] {subprocess.py:93} INFO - 25/10/09 02:00:15 INFO ResourceUtils: ==============================================================
[2025-10-09T02:00:15.958+0000] {subprocess.py:93} INFO - 25/10/09 02:00:15 INFO SparkContext: Submitted application: RestaurantStreaming
[2025-10-09T02:00:16.029+0000] {subprocess.py:93} INFO - 25/10/09 02:00:16 INFO ResourceProfile: Default ResourceProfile created, executor resources: Map(cores -> name: cores, amount: 1, script: , vendor: , memory -> name: memory, amount: 1024, script: , vendor: , offHeap -> name: offHeap, amount: 0, script: , vendor: ), task resources: Map(cpus -> name: cpus, amount: 1.0)
[2025-10-09T02:00:16.071+0000] {subprocess.py:93} INFO - 25/10/09 02:00:16 INFO ResourceProfile: Limiting resource is cpu
[2025-10-09T02:00:16.074+0000] {subprocess.py:93} INFO - 25/10/09 02:00:16 INFO ResourceProfileManager: Added ResourceProfile id: 0
[2025-10-09T02:00:16.243+0000] {subprocess.py:93} INFO - 25/10/09 02:00:16 INFO SecurityManager: Changing view acls to: ***
[2025-10-09T02:00:16.251+0000] {subprocess.py:93} INFO - 25/10/09 02:00:16 INFO SecurityManager: Changing modify acls to: ***
[2025-10-09T02:00:16.255+0000] {subprocess.py:93} INFO - 25/10/09 02:00:16 INFO SecurityManager: Changing view acls groups to:
[2025-10-09T02:00:16.257+0000] {subprocess.py:93} INFO - 25/10/09 02:00:16 INFO SecurityManager: Changing modify acls groups to:
[2025-10-09T02:00:16.258+0000] {subprocess.py:93} INFO - 25/10/09 02:00:16 INFO SecurityManager: SecurityManager: authentication disabled; ui acls disabled; users with view permissions: ***; groups with view permissions: EMPTY; users with modify permissions: ***; groups with modify permissions: EMPTY
[2025-10-09T02:00:16.973+0000] {subprocess.py:93} INFO - 25/10/09 02:00:16 INFO Utils: Successfully started service 'sparkDriver' on port 33865.
[2025-10-09T02:00:17.084+0000] {subprocess.py:93} INFO - 25/10/09 02:00:17 INFO SparkEnv: Registering MapOutputTracker
[2025-10-09T02:00:17.175+0000] {subprocess.py:93} INFO - 25/10/09 02:00:17 INFO SparkEnv: Registering BlockManagerMaster
[2025-10-09T02:00:17.213+0000] {subprocess.py:93} INFO - 25/10/09 02:00:17 INFO BlockManagerMasterEndpoint: Using org.apache.spark.storage.DefaultTopologyMapper for getting topology information
[2025-10-09T02:00:17.214+0000] {subprocess.py:93} INFO - 25/10/09 02:00:17 INFO BlockManagerMasterEndpoint: BlockManagerMasterEndpoint up
[2025-10-09T02:00:17.222+0000] {subprocess.py:93} INFO - 25/10/09 02:00:17 INFO SparkEnv: Registering BlockManagerMasterHeartbeat
[2025-10-09T02:00:17.277+0000] {subprocess.py:93} INFO - 25/10/09 02:00:17 INFO DiskBlockManager: Created local directory at /tmp/blockmgr-4076f2ea-ddab-4a5d-be8f-cd9a17e9bebb
[2025-10-09T02:00:17.308+0000] {subprocess.py:93} INFO - 25/10/09 02:00:17 INFO MemoryStore: MemoryStore started with capacity 434.4 MiB
[2025-10-09T02:00:17.343+0000] {subprocess.py:93} INFO - 25/10/09 02:00:17 INFO SparkEnv: Registering OutputCommitCoordinator
[2025-10-09T02:00:17.680+0000] {subprocess.py:93} INFO - 25/10/09 02:00:17 INFO JettyUtils: Start Jetty 0.0.0.0:4040 for SparkUI
[2025-10-09T02:00:17.864+0000] {subprocess.py:93} INFO - 25/10/09 02:00:17 INFO Utils: Successfully started service 'SparkUI' on port 4040.
[2025-10-09T02:00:17.959+0000] {subprocess.py:93} INFO - 25/10/09 02:00:17 INFO SparkContext: Added JAR file:///home/***/.ivy2/jars/org.apache.spark_spark-sql-kafka-0-10_2.12-3.5.1.jar at spark://01b28d042a8a:33865/jars/org.apache.spark_spark-sql-kafka-0-10_2.12-3.5.1.jar with timestamp 1759975215874
[2025-10-09T02:00:17.961+0000] {subprocess.py:93} INFO - 25/10/09 02:00:17 INFO SparkContext: Added JAR file:///home/***/.ivy2/jars/org.apache.spark_spark-token-provider-kafka-0-10_2.12-3.5.1.jar at spark://01b28d042a8a:33865/jars/org.apache.spark_spark-token-provider-kafka-0-10_2.12-3.5.1.jar with timestamp 1759975215874
[2025-10-09T02:00:17.966+0000] {subprocess.py:93} INFO - 25/10/09 02:00:17 INFO SparkContext: Added JAR file:///home/***/.ivy2/jars/org.apache.kafka_kafka-clients-3.4.1.jar at spark://01b28d042a8a:33865/jars/org.apache.kafka_kafka-clients-3.4.1.jar with timestamp 1759975215874
[2025-10-09T02:00:17.969+0000] {subprocess.py:93} INFO - 25/10/09 02:00:17 INFO SparkContext: Added JAR file:///home/***/.ivy2/jars/com.google.code.findbugs_jsr305-3.0.0.jar at spark://01b28d042a8a:33865/jars/com.google.code.findbugs_jsr305-3.0.0.jar with timestamp 1759975215874
[2025-10-09T02:00:17.970+0000] {subprocess.py:93} INFO - 25/10/09 02:00:17 INFO SparkContext: Added JAR file:///home/***/.ivy2/jars/org.apache.commons_commons-pool2-2.11.1.jar at spark://01b28d042a8a:33865/jars/org.apache.commons_commons-pool2-2.11.1.jar with timestamp 1759975215874
[2025-10-09T02:00:17.972+0000] {subprocess.py:93} INFO - 25/10/09 02:00:17 INFO SparkContext: Added JAR file:///home/***/.ivy2/jars/org.apache.hadoop_hadoop-client-runtime-3.3.4.jar at spark://01b28d042a8a:33865/jars/org.apache.hadoop_hadoop-client-runtime-3.3.4.jar with timestamp 1759975215874
[2025-10-09T02:00:17.974+0000] {subprocess.py:93} INFO - 25/10/09 02:00:17 INFO SparkContext: Added JAR file:///home/***/.ivy2/jars/org.lz4_lz4-java-1.8.0.jar at spark://01b28d042a8a:33865/jars/org.lz4_lz4-java-1.8.0.jar with timestamp 1759975215874
[2025-10-09T02:00:17.975+0000] {subprocess.py:93} INFO - 25/10/09 02:00:17 INFO SparkContext: Added JAR file:///home/***/.ivy2/jars/org.xerial.snappy_snappy-java-1.1.10.3.jar at spark://01b28d042a8a:33865/jars/org.xerial.snappy_snappy-java-1.1.10.3.jar with timestamp 1759975215874
[2025-10-09T02:00:17.976+0000] {subprocess.py:93} INFO - 25/10/09 02:00:17 INFO SparkContext: Added JAR file:///home/***/.ivy2/jars/org.slf4j_slf4j-api-2.0.7.jar at spark://01b28d042a8a:33865/jars/org.slf4j_slf4j-api-2.0.7.jar with timestamp 1759975215874
[2025-10-09T02:00:17.977+0000] {subprocess.py:93} INFO - 25/10/09 02:00:17 INFO SparkContext: Added JAR file:///home/***/.ivy2/jars/org.apache.hadoop_hadoop-client-api-3.3.4.jar at spark://01b28d042a8a:33865/jars/org.apache.hadoop_hadoop-client-api-3.3.4.jar with timestamp 1759975215874
[2025-10-09T02:00:17.979+0000] {subprocess.py:93} INFO - 25/10/09 02:00:17 INFO SparkContext: Added JAR file:///home/***/.ivy2/jars/commons-logging_commons-logging-1.1.3.jar at spark://01b28d042a8a:33865/jars/commons-logging_commons-logging-1.1.3.jar with timestamp 1759975215874
[2025-10-09T02:00:17.980+0000] {subprocess.py:93} INFO - 25/10/09 02:00:17 INFO SparkContext: Added file file:///home/***/.ivy2/jars/org.apache.spark_spark-sql-kafka-0-10_2.12-3.5.1.jar at file:///home/***/.ivy2/jars/org.apache.spark_spark-sql-kafka-0-10_2.12-3.5.1.jar with timestamp 1759975215874
[2025-10-09T02:00:17.982+0000] {subprocess.py:93} INFO - 25/10/09 02:00:17 INFO Utils: Copying /home/***/.ivy2/jars/org.apache.spark_spark-sql-kafka-0-10_2.12-3.5.1.jar to /tmp/spark-33cfa0b2-7fb8-4210-926c-f1091b687970/userFiles-f55c6383-effb-447e-8fab-3122ffe98ad6/org.apache.spark_spark-sql-kafka-0-10_2.12-3.5.1.jar
[2025-10-09T02:00:18.015+0000] {subprocess.py:93} INFO - 25/10/09 02:00:18 INFO SparkContext: Added file file:///home/***/.ivy2/jars/org.apache.spark_spark-token-provider-kafka-0-10_2.12-3.5.1.jar at file:///home/***/.ivy2/jars/org.apache.spark_spark-token-provider-kafka-0-10_2.12-3.5.1.jar with timestamp 1759975215874
[2025-10-09T02:00:18.021+0000] {subprocess.py:93} INFO - 25/10/09 02:00:18 INFO Utils: Copying /home/***/.ivy2/jars/org.apache.spark_spark-token-provider-kafka-0-10_2.12-3.5.1.jar to /tmp/spark-33cfa0b2-7fb8-4210-926c-f1091b687970/userFiles-f55c6383-effb-447e-8fab-3122ffe98ad6/org.apache.spark_spark-token-provider-kafka-0-10_2.12-3.5.1.jar
[2025-10-09T02:00:18.026+0000] {subprocess.py:93} INFO - 25/10/09 02:00:18 INFO SparkContext: Added file file:///home/***/.ivy2/jars/org.apache.kafka_kafka-clients-3.4.1.jar at file:///home/***/.ivy2/jars/org.apache.kafka_kafka-clients-3.4.1.jar with timestamp 1759975215874
[2025-10-09T02:00:18.037+0000] {subprocess.py:93} INFO - 25/10/09 02:00:18 INFO Utils: Copying /home/***/.ivy2/jars/org.apache.kafka_kafka-clients-3.4.1.jar to /tmp/spark-33cfa0b2-7fb8-4210-926c-f1091b687970/userFiles-f55c6383-effb-447e-8fab-3122ffe98ad6/org.apache.kafka_kafka-clients-3.4.1.jar
[2025-10-09T02:00:18.121+0000] {subprocess.py:93} INFO - 25/10/09 02:00:18 INFO SparkContext: Added file file:///home/***/.ivy2/jars/com.google.code.findbugs_jsr305-3.0.0.jar at file:///home/***/.ivy2/jars/com.google.code.findbugs_jsr305-3.0.0.jar with timestamp 1759975215874
[2025-10-09T02:00:18.122+0000] {subprocess.py:93} INFO - 25/10/09 02:00:18 INFO Utils: Copying /home/***/.ivy2/jars/com.google.code.findbugs_jsr305-3.0.0.jar to /tmp/spark-33cfa0b2-7fb8-4210-926c-f1091b687970/userFiles-f55c6383-effb-447e-8fab-3122ffe98ad6/com.google.code.findbugs_jsr305-3.0.0.jar
[2025-10-09T02:00:18.129+0000] {subprocess.py:93} INFO - 25/10/09 02:00:18 INFO SparkContext: Added file file:///home/***/.ivy2/jars/org.apache.commons_commons-pool2-2.11.1.jar at file:///home/***/.ivy2/jars/org.apache.commons_commons-pool2-2.11.1.jar with timestamp 1759975215874
[2025-10-09T02:00:18.131+0000] {subprocess.py:93} INFO - 25/10/09 02:00:18 INFO Utils: Copying /home/***/.ivy2/jars/org.apache.commons_commons-pool2-2.11.1.jar to /tmp/spark-33cfa0b2-7fb8-4210-926c-f1091b687970/userFiles-f55c6383-effb-447e-8fab-3122ffe98ad6/org.apache.commons_commons-pool2-2.11.1.jar
[2025-10-09T02:00:18.139+0000] {subprocess.py:93} INFO - 25/10/09 02:00:18 INFO SparkContext: Added file file:///home/***/.ivy2/jars/org.apache.hadoop_hadoop-client-runtime-3.3.4.jar at file:///home/***/.ivy2/jars/org.apache.hadoop_hadoop-client-runtime-3.3.4.jar with timestamp 1759975215874
[2025-10-09T02:00:18.141+0000] {subprocess.py:93} INFO - 25/10/09 02:00:18 INFO Utils: Copying /home/***/.ivy2/jars/org.apache.hadoop_hadoop-client-runtime-3.3.4.jar to /tmp/spark-33cfa0b2-7fb8-4210-926c-f1091b687970/userFiles-f55c6383-effb-447e-8fab-3122ffe98ad6/org.apache.hadoop_hadoop-client-runtime-3.3.4.jar
[2025-10-09T02:00:18.364+0000] {subprocess.py:93} INFO - 25/10/09 02:00:18 INFO SparkContext: Added file file:///home/***/.ivy2/jars/org.lz4_lz4-java-1.8.0.jar at file:///home/***/.ivy2/jars/org.lz4_lz4-java-1.8.0.jar with timestamp 1759975215874
[2025-10-09T02:00:18.369+0000] {subprocess.py:93} INFO - 25/10/09 02:00:18 INFO Utils: Copying /home/***/.ivy2/jars/org.lz4_lz4-java-1.8.0.jar to /tmp/spark-33cfa0b2-7fb8-4210-926c-f1091b687970/userFiles-f55c6383-effb-447e-8fab-3122ffe98ad6/org.lz4_lz4-java-1.8.0.jar
[2025-10-09T02:00:18.381+0000] {subprocess.py:93} INFO - 25/10/09 02:00:18 INFO SparkContext: Added file file:///home/***/.ivy2/jars/org.xerial.snappy_snappy-java-1.1.10.3.jar at file:///home/***/.ivy2/jars/org.xerial.snappy_snappy-java-1.1.10.3.jar with timestamp 1759975215874
[2025-10-09T02:00:18.382+0000] {subprocess.py:93} INFO - 25/10/09 02:00:18 INFO Utils: Copying /home/***/.ivy2/jars/org.xerial.snappy_snappy-java-1.1.10.3.jar to /tmp/spark-33cfa0b2-7fb8-4210-926c-f1091b687970/userFiles-f55c6383-effb-447e-8fab-3122ffe98ad6/org.xerial.snappy_snappy-java-1.1.10.3.jar
[2025-10-09T02:00:18.407+0000] {subprocess.py:93} INFO - 25/10/09 02:00:18 INFO SparkContext: Added file file:///home/***/.ivy2/jars/org.slf4j_slf4j-api-2.0.7.jar at file:///home/***/.ivy2/jars/org.slf4j_slf4j-api-2.0.7.jar with timestamp 1759975215874
[2025-10-09T02:00:18.408+0000] {subprocess.py:93} INFO - 25/10/09 02:00:18 INFO Utils: Copying /home/***/.ivy2/jars/org.slf4j_slf4j-api-2.0.7.jar to /tmp/spark-33cfa0b2-7fb8-4210-926c-f1091b687970/userFiles-f55c6383-effb-447e-8fab-3122ffe98ad6/org.slf4j_slf4j-api-2.0.7.jar
[2025-10-09T02:00:18.422+0000] {subprocess.py:93} INFO - 25/10/09 02:00:18 INFO SparkContext: Added file file:///home/***/.ivy2/jars/org.apache.hadoop_hadoop-client-api-3.3.4.jar at file:///home/***/.ivy2/jars/org.apache.hadoop_hadoop-client-api-3.3.4.jar with timestamp 1759975215874
[2025-10-09T02:00:18.423+0000] {subprocess.py:93} INFO - 25/10/09 02:00:18 INFO Utils: Copying /home/***/.ivy2/jars/org.apache.hadoop_hadoop-client-api-3.3.4.jar to /tmp/spark-33cfa0b2-7fb8-4210-926c-f1091b687970/userFiles-f55c6383-effb-447e-8fab-3122ffe98ad6/org.apache.hadoop_hadoop-client-api-3.3.4.jar
[2025-10-09T02:00:18.689+0000] {subprocess.py:93} INFO - 25/10/09 02:00:18 INFO SparkContext: Added file file:///home/***/.ivy2/jars/commons-logging_commons-logging-1.1.3.jar at file:///home/***/.ivy2/jars/commons-logging_commons-logging-1.1.3.jar with timestamp 1759975215874
[2025-10-09T02:00:18.690+0000] {subprocess.py:93} INFO - 25/10/09 02:00:18 INFO Utils: Copying /home/***/.ivy2/jars/commons-logging_commons-logging-1.1.3.jar to /tmp/spark-33cfa0b2-7fb8-4210-926c-f1091b687970/userFiles-f55c6383-effb-447e-8fab-3122ffe98ad6/commons-logging_commons-logging-1.1.3.jar
[2025-10-09T02:00:19.032+0000] {subprocess.py:93} INFO - 25/10/09 02:00:19 INFO Executor: Starting executor ID driver on host 01b28d042a8a
[2025-10-09T02:00:19.035+0000] {subprocess.py:93} INFO - 25/10/09 02:00:19 INFO Executor: OS info Linux, 6.6.87.1-microsoft-standard-WSL2, amd64
[2025-10-09T02:00:19.037+0000] {subprocess.py:93} INFO - 25/10/09 02:00:19 INFO Executor: Java version 17.0.16
[2025-10-09T02:00:19.063+0000] {subprocess.py:93} INFO - 25/10/09 02:00:19 INFO Executor: Starting executor with user classpath (userClassPathFirst = false): ''
[2025-10-09T02:00:19.068+0000] {subprocess.py:93} INFO - 25/10/09 02:00:19 INFO Executor: Created or updated repl class loader org.apache.spark.util.MutableURLClassLoader@c7b036a for default.
[2025-10-09T02:00:19.120+0000] {subprocess.py:93} INFO - 25/10/09 02:00:19 INFO Executor: Fetching file:///home/***/.ivy2/jars/org.apache.spark_spark-sql-kafka-0-10_2.12-3.5.1.jar with timestamp 1759975215874
[2025-10-09T02:00:19.188+0000] {subprocess.py:93} INFO - 25/10/09 02:00:19 INFO Utils: /home/***/.ivy2/jars/org.apache.spark_spark-sql-kafka-0-10_2.12-3.5.1.jar has been previously copied to /tmp/spark-33cfa0b2-7fb8-4210-926c-f1091b687970/userFiles-f55c6383-effb-447e-8fab-3122ffe98ad6/org.apache.spark_spark-sql-kafka-0-10_2.12-3.5.1.jar
[2025-10-09T02:00:19.212+0000] {subprocess.py:93} INFO - 25/10/09 02:00:19 INFO Executor: Fetching file:///home/***/.ivy2/jars/org.apache.hadoop_hadoop-client-runtime-3.3.4.jar with timestamp 1759975215874
[2025-10-09T02:00:19.300+0000] {subprocess.py:93} INFO - 25/10/09 02:00:19 INFO Utils: /home/***/.ivy2/jars/org.apache.hadoop_hadoop-client-runtime-3.3.4.jar has been previously copied to /tmp/spark-33cfa0b2-7fb8-4210-926c-f1091b687970/userFiles-f55c6383-effb-447e-8fab-3122ffe98ad6/org.apache.hadoop_hadoop-client-runtime-3.3.4.jar
[2025-10-09T02:00:19.306+0000] {subprocess.py:93} INFO - 25/10/09 02:00:19 INFO Executor: Fetching file:///home/***/.ivy2/jars/org.apache.hadoop_hadoop-client-api-3.3.4.jar with timestamp 1759975215874
[2025-10-09T02:00:19.346+0000] {subprocess.py:93} INFO - 25/10/09 02:00:19 INFO Utils: /home/***/.ivy2/jars/org.apache.hadoop_hadoop-client-api-3.3.4.jar has been previously copied to /tmp/spark-33cfa0b2-7fb8-4210-926c-f1091b687970/userFiles-f55c6383-effb-447e-8fab-3122ffe98ad6/org.apache.hadoop_hadoop-client-api-3.3.4.jar
[2025-10-09T02:00:19.360+0000] {subprocess.py:93} INFO - 25/10/09 02:00:19 INFO Executor: Fetching file:///home/***/.ivy2/jars/org.apache.spark_spark-token-provider-kafka-0-10_2.12-3.5.1.jar with timestamp 1759975215874
[2025-10-09T02:00:19.362+0000] {subprocess.py:93} INFO - 25/10/09 02:00:19 INFO Utils: /home/***/.ivy2/jars/org.apache.spark_spark-token-provider-kafka-0-10_2.12-3.5.1.jar has been previously copied to /tmp/spark-33cfa0b2-7fb8-4210-926c-f1091b687970/userFiles-f55c6383-effb-447e-8fab-3122ffe98ad6/org.apache.spark_spark-token-provider-kafka-0-10_2.12-3.5.1.jar
[2025-10-09T02:00:19.370+0000] {subprocess.py:93} INFO - 25/10/09 02:00:19 INFO Executor: Fetching file:///home/***/.ivy2/jars/com.google.code.findbugs_jsr305-3.0.0.jar with timestamp 1759975215874
[2025-10-09T02:00:19.371+0000] {subprocess.py:93} INFO - 25/10/09 02:00:19 INFO Utils: /home/***/.ivy2/jars/com.google.code.findbugs_jsr305-3.0.0.jar has been previously copied to /tmp/spark-33cfa0b2-7fb8-4210-926c-f1091b687970/userFiles-f55c6383-effb-447e-8fab-3122ffe98ad6/com.google.code.findbugs_jsr305-3.0.0.jar
[2025-10-09T02:00:19.378+0000] {subprocess.py:93} INFO - 25/10/09 02:00:19 INFO Executor: Fetching file:///home/***/.ivy2/jars/org.lz4_lz4-java-1.8.0.jar with timestamp 1759975215874
[2025-10-09T02:00:19.380+0000] {subprocess.py:93} INFO - 25/10/09 02:00:19 INFO Utils: /home/***/.ivy2/jars/org.lz4_lz4-java-1.8.0.jar has been previously copied to /tmp/spark-33cfa0b2-7fb8-4210-926c-f1091b687970/userFiles-f55c6383-effb-447e-8fab-3122ffe98ad6/org.lz4_lz4-java-1.8.0.jar
[2025-10-09T02:00:19.393+0000] {subprocess.py:93} INFO - 25/10/09 02:00:19 INFO Executor: Fetching file:///home/***/.ivy2/jars/org.slf4j_slf4j-api-2.0.7.jar with timestamp 1759975215874
[2025-10-09T02:00:19.394+0000] {subprocess.py:93} INFO - 25/10/09 02:00:19 INFO Utils: /home/***/.ivy2/jars/org.slf4j_slf4j-api-2.0.7.jar has been previously copied to /tmp/spark-33cfa0b2-7fb8-4210-926c-f1091b687970/userFiles-f55c6383-effb-447e-8fab-3122ffe98ad6/org.slf4j_slf4j-api-2.0.7.jar
[2025-10-09T02:00:19.408+0000] {subprocess.py:93} INFO - 25/10/09 02:00:19 INFO Executor: Fetching file:///home/***/.ivy2/jars/org.apache.commons_commons-pool2-2.11.1.jar with timestamp 1759975215874
[2025-10-09T02:00:19.410+0000] {subprocess.py:93} INFO - 25/10/09 02:00:19 INFO Utils: /home/***/.ivy2/jars/org.apache.commons_commons-pool2-2.11.1.jar has been previously copied to /tmp/spark-33cfa0b2-7fb8-4210-926c-f1091b687970/userFiles-f55c6383-effb-447e-8fab-3122ffe98ad6/org.apache.commons_commons-pool2-2.11.1.jar
[2025-10-09T02:00:19.418+0000] {subprocess.py:93} INFO - 25/10/09 02:00:19 INFO Executor: Fetching file:///home/***/.ivy2/jars/commons-logging_commons-logging-1.1.3.jar with timestamp 1759975215874
[2025-10-09T02:00:19.420+0000] {subprocess.py:93} INFO - 25/10/09 02:00:19 INFO Utils: /home/***/.ivy2/jars/commons-logging_commons-logging-1.1.3.jar has been previously copied to /tmp/spark-33cfa0b2-7fb8-4210-926c-f1091b687970/userFiles-f55c6383-effb-447e-8fab-3122ffe98ad6/commons-logging_commons-logging-1.1.3.jar
[2025-10-09T02:00:19.433+0000] {subprocess.py:93} INFO - 25/10/09 02:00:19 INFO Executor: Fetching file:///home/***/.ivy2/jars/org.xerial.snappy_snappy-java-1.1.10.3.jar with timestamp 1759975215874
[2025-10-09T02:00:19.438+0000] {subprocess.py:93} INFO - 25/10/09 02:00:19 INFO Utils: /home/***/.ivy2/jars/org.xerial.snappy_snappy-java-1.1.10.3.jar has been previously copied to /tmp/spark-33cfa0b2-7fb8-4210-926c-f1091b687970/userFiles-f55c6383-effb-447e-8fab-3122ffe98ad6/org.xerial.snappy_snappy-java-1.1.10.3.jar
[2025-10-09T02:00:19.447+0000] {subprocess.py:93} INFO - 25/10/09 02:00:19 INFO Executor: Fetching file:///home/***/.ivy2/jars/org.apache.kafka_kafka-clients-3.4.1.jar with timestamp 1759975215874
[2025-10-09T02:00:19.455+0000] {subprocess.py:93} INFO - 25/10/09 02:00:19 INFO Utils: /home/***/.ivy2/jars/org.apache.kafka_kafka-clients-3.4.1.jar has been previously copied to /tmp/spark-33cfa0b2-7fb8-4210-926c-f1091b687970/userFiles-f55c6383-effb-447e-8fab-3122ffe98ad6/org.apache.kafka_kafka-clients-3.4.1.jar
[2025-10-09T02:00:19.469+0000] {subprocess.py:93} INFO - 25/10/09 02:00:19 INFO Executor: Fetching spark://01b28d042a8a:33865/jars/org.apache.hadoop_hadoop-client-runtime-3.3.4.jar with timestamp 1759975215874
[2025-10-09T02:00:19.595+0000] {subprocess.py:93} INFO - 25/10/09 02:00:19 INFO TransportClientFactory: Successfully created connection to 01b28d042a8a/172.21.0.4:33865 after 86 ms (0 ms spent in bootstraps)
[2025-10-09T02:00:19.687+0000] {subprocess.py:93} INFO - 25/10/09 02:00:19 INFO Utils: Fetching spark://01b28d042a8a:33865/jars/org.apache.hadoop_hadoop-client-runtime-3.3.4.jar to /tmp/spark-33cfa0b2-7fb8-4210-926c-f1091b687970/userFiles-f55c6383-effb-447e-8fab-3122ffe98ad6/fetchFileTemp10059558535539491873.tmp
[2025-10-09T02:00:20.083+0000] {subprocess.py:93} INFO - 25/10/09 02:00:20 INFO Utils: /tmp/spark-33cfa0b2-7fb8-4210-926c-f1091b687970/userFiles-f55c6383-effb-447e-8fab-3122ffe98ad6/fetchFileTemp10059558535539491873.tmp has been previously copied to /tmp/spark-33cfa0b2-7fb8-4210-926c-f1091b687970/userFiles-f55c6383-effb-447e-8fab-3122ffe98ad6/org.apache.hadoop_hadoop-client-runtime-3.3.4.jar
[2025-10-09T02:00:20.100+0000] {subprocess.py:93} INFO - 25/10/09 02:00:20 INFO Executor: Adding file:/tmp/spark-33cfa0b2-7fb8-4210-926c-f1091b687970/userFiles-f55c6383-effb-447e-8fab-3122ffe98ad6/org.apache.hadoop_hadoop-client-runtime-3.3.4.jar to class loader default
[2025-10-09T02:00:20.101+0000] {subprocess.py:93} INFO - 25/10/09 02:00:20 INFO Executor: Fetching spark://01b28d042a8a:33865/jars/org.apache.commons_commons-pool2-2.11.1.jar with timestamp 1759975215874
[2025-10-09T02:00:20.103+0000] {subprocess.py:93} INFO - 25/10/09 02:00:20 INFO Utils: Fetching spark://01b28d042a8a:33865/jars/org.apache.commons_commons-pool2-2.11.1.jar to /tmp/spark-33cfa0b2-7fb8-4210-926c-f1091b687970/userFiles-f55c6383-effb-447e-8fab-3122ffe98ad6/fetchFileTemp1196139092992675461.tmp
[2025-10-09T02:00:20.107+0000] {subprocess.py:93} INFO - 25/10/09 02:00:20 INFO Utils: /tmp/spark-33cfa0b2-7fb8-4210-926c-f1091b687970/userFiles-f55c6383-effb-447e-8fab-3122ffe98ad6/fetchFileTemp1196139092992675461.tmp has been previously copied to /tmp/spark-33cfa0b2-7fb8-4210-926c-f1091b687970/userFiles-f55c6383-effb-447e-8fab-3122ffe98ad6/org.apache.commons_commons-pool2-2.11.1.jar
[2025-10-09T02:00:20.115+0000] {subprocess.py:93} INFO - 25/10/09 02:00:20 INFO Executor: Adding file:/tmp/spark-33cfa0b2-7fb8-4210-926c-f1091b687970/userFiles-f55c6383-effb-447e-8fab-3122ffe98ad6/org.apache.commons_commons-pool2-2.11.1.jar to class loader default
[2025-10-09T02:00:20.117+0000] {subprocess.py:93} INFO - 25/10/09 02:00:20 INFO Executor: Fetching spark://01b28d042a8a:33865/jars/commons-logging_commons-logging-1.1.3.jar with timestamp 1759975215874
[2025-10-09T02:00:20.118+0000] {subprocess.py:93} INFO - 25/10/09 02:00:20 INFO Utils: Fetching spark://01b28d042a8a:33865/jars/commons-logging_commons-logging-1.1.3.jar to /tmp/spark-33cfa0b2-7fb8-4210-926c-f1091b687970/userFiles-f55c6383-effb-447e-8fab-3122ffe98ad6/fetchFileTemp9561573560117716009.tmp
[2025-10-09T02:00:20.121+0000] {subprocess.py:93} INFO - 25/10/09 02:00:20 INFO Utils: /tmp/spark-33cfa0b2-7fb8-4210-926c-f1091b687970/userFiles-f55c6383-effb-447e-8fab-3122ffe98ad6/fetchFileTemp9561573560117716009.tmp has been previously copied to /tmp/spark-33cfa0b2-7fb8-4210-926c-f1091b687970/userFiles-f55c6383-effb-447e-8fab-3122ffe98ad6/commons-logging_commons-logging-1.1.3.jar
[2025-10-09T02:00:20.127+0000] {subprocess.py:93} INFO - 25/10/09 02:00:20 INFO Executor: Adding file:/tmp/spark-33cfa0b2-7fb8-4210-926c-f1091b687970/userFiles-f55c6383-effb-447e-8fab-3122ffe98ad6/commons-logging_commons-logging-1.1.3.jar to class loader default
[2025-10-09T02:00:20.130+0000] {subprocess.py:93} INFO - 25/10/09 02:00:20 INFO Executor: Fetching spark://01b28d042a8a:33865/jars/org.slf4j_slf4j-api-2.0.7.jar with timestamp 1759975215874
[2025-10-09T02:00:20.131+0000] {subprocess.py:93} INFO - 25/10/09 02:00:20 INFO Utils: Fetching spark://01b28d042a8a:33865/jars/org.slf4j_slf4j-api-2.0.7.jar to /tmp/spark-33cfa0b2-7fb8-4210-926c-f1091b687970/userFiles-f55c6383-effb-447e-8fab-3122ffe98ad6/fetchFileTemp11617456229880382883.tmp
[2025-10-09T02:00:20.133+0000] {subprocess.py:93} INFO - 25/10/09 02:00:20 INFO Utils: /tmp/spark-33cfa0b2-7fb8-4210-926c-f1091b687970/userFiles-f55c6383-effb-447e-8fab-3122ffe98ad6/fetchFileTemp11617456229880382883.tmp has been previously copied to /tmp/spark-33cfa0b2-7fb8-4210-926c-f1091b687970/userFiles-f55c6383-effb-447e-8fab-3122ffe98ad6/org.slf4j_slf4j-api-2.0.7.jar
[2025-10-09T02:00:20.139+0000] {subprocess.py:93} INFO - 25/10/09 02:00:20 INFO Executor: Adding file:/tmp/spark-33cfa0b2-7fb8-4210-926c-f1091b687970/userFiles-f55c6383-effb-447e-8fab-3122ffe98ad6/org.slf4j_slf4j-api-2.0.7.jar to class loader default
[2025-10-09T02:00:20.140+0000] {subprocess.py:93} INFO - 25/10/09 02:00:20 INFO Executor: Fetching spark://01b28d042a8a:33865/jars/org.xerial.snappy_snappy-java-1.1.10.3.jar with timestamp 1759975215874
[2025-10-09T02:00:20.141+0000] {subprocess.py:93} INFO - 25/10/09 02:00:20 INFO Utils: Fetching spark://01b28d042a8a:33865/jars/org.xerial.snappy_snappy-java-1.1.10.3.jar to /tmp/spark-33cfa0b2-7fb8-4210-926c-f1091b687970/userFiles-f55c6383-effb-447e-8fab-3122ffe98ad6/fetchFileTemp1385701147034482299.tmp
[2025-10-09T02:00:20.160+0000] {subprocess.py:93} INFO - 25/10/09 02:00:20 INFO Utils: /tmp/spark-33cfa0b2-7fb8-4210-926c-f1091b687970/userFiles-f55c6383-effb-447e-8fab-3122ffe98ad6/fetchFileTemp1385701147034482299.tmp has been previously copied to /tmp/spark-33cfa0b2-7fb8-4210-926c-f1091b687970/userFiles-f55c6383-effb-447e-8fab-3122ffe98ad6/org.xerial.snappy_snappy-java-1.1.10.3.jar
[2025-10-09T02:00:20.168+0000] {subprocess.py:93} INFO - 25/10/09 02:00:20 INFO Executor: Adding file:/tmp/spark-33cfa0b2-7fb8-4210-926c-f1091b687970/userFiles-f55c6383-effb-447e-8fab-3122ffe98ad6/org.xerial.snappy_snappy-java-1.1.10.3.jar to class loader default
[2025-10-09T02:00:20.170+0000] {subprocess.py:93} INFO - 25/10/09 02:00:20 INFO Executor: Fetching spark://01b28d042a8a:33865/jars/org.apache.kafka_kafka-clients-3.4.1.jar with timestamp 1759975215874
[2025-10-09T02:00:20.173+0000] {subprocess.py:93} INFO - 25/10/09 02:00:20 INFO Utils: Fetching spark://01b28d042a8a:33865/jars/org.apache.kafka_kafka-clients-3.4.1.jar to /tmp/spark-33cfa0b2-7fb8-4210-926c-f1091b687970/userFiles-f55c6383-effb-447e-8fab-3122ffe98ad6/fetchFileTemp6776760334831272182.tmp
[2025-10-09T02:00:20.206+0000] {subprocess.py:93} INFO - 25/10/09 02:00:20 INFO Utils: /tmp/spark-33cfa0b2-7fb8-4210-926c-f1091b687970/userFiles-f55c6383-effb-447e-8fab-3122ffe98ad6/fetchFileTemp6776760334831272182.tmp has been previously copied to /tmp/spark-33cfa0b2-7fb8-4210-926c-f1091b687970/userFiles-f55c6383-effb-447e-8fab-3122ffe98ad6/org.apache.kafka_kafka-clients-3.4.1.jar
[2025-10-09T02:00:20.215+0000] {subprocess.py:93} INFO - 25/10/09 02:00:20 INFO Executor: Adding file:/tmp/spark-33cfa0b2-7fb8-4210-926c-f1091b687970/userFiles-f55c6383-effb-447e-8fab-3122ffe98ad6/org.apache.kafka_kafka-clients-3.4.1.jar to class loader default
[2025-10-09T02:00:20.216+0000] {subprocess.py:93} INFO - 25/10/09 02:00:20 INFO Executor: Fetching spark://01b28d042a8a:33865/jars/org.apache.spark_spark-token-provider-kafka-0-10_2.12-3.5.1.jar with timestamp 1759975215874
[2025-10-09T02:00:20.218+0000] {subprocess.py:93} INFO - 25/10/09 02:00:20 INFO Utils: Fetching spark://01b28d042a8a:33865/jars/org.apache.spark_spark-token-provider-kafka-0-10_2.12-3.5.1.jar to /tmp/spark-33cfa0b2-7fb8-4210-926c-f1091b687970/userFiles-f55c6383-effb-447e-8fab-3122ffe98ad6/fetchFileTemp14777866122498504088.tmp
[2025-10-09T02:00:20.219+0000] {subprocess.py:93} INFO - 25/10/09 02:00:20 INFO Utils: /tmp/spark-33cfa0b2-7fb8-4210-926c-f1091b687970/userFiles-f55c6383-effb-447e-8fab-3122ffe98ad6/fetchFileTemp14777866122498504088.tmp has been previously copied to /tmp/spark-33cfa0b2-7fb8-4210-926c-f1091b687970/userFiles-f55c6383-effb-447e-8fab-3122ffe98ad6/org.apache.spark_spark-token-provider-kafka-0-10_2.12-3.5.1.jar
[2025-10-09T02:00:20.225+0000] {subprocess.py:93} INFO - 25/10/09 02:00:20 INFO Executor: Adding file:/tmp/spark-33cfa0b2-7fb8-4210-926c-f1091b687970/userFiles-f55c6383-effb-447e-8fab-3122ffe98ad6/org.apache.spark_spark-token-provider-kafka-0-10_2.12-3.5.1.jar to class loader default
[2025-10-09T02:00:20.226+0000] {subprocess.py:93} INFO - 25/10/09 02:00:20 INFO Executor: Fetching spark://01b28d042a8a:33865/jars/org.lz4_lz4-java-1.8.0.jar with timestamp 1759975215874
[2025-10-09T02:00:20.228+0000] {subprocess.py:93} INFO - 25/10/09 02:00:20 INFO Utils: Fetching spark://01b28d042a8a:33865/jars/org.lz4_lz4-java-1.8.0.jar to /tmp/spark-33cfa0b2-7fb8-4210-926c-f1091b687970/userFiles-f55c6383-effb-447e-8fab-3122ffe98ad6/fetchFileTemp3002104077974506214.tmp
[2025-10-09T02:00:20.235+0000] {subprocess.py:93} INFO - 25/10/09 02:00:20 INFO Utils: /tmp/spark-33cfa0b2-7fb8-4210-926c-f1091b687970/userFiles-f55c6383-effb-447e-8fab-3122ffe98ad6/fetchFileTemp3002104077974506214.tmp has been previously copied to /tmp/spark-33cfa0b2-7fb8-4210-926c-f1091b687970/userFiles-f55c6383-effb-447e-8fab-3122ffe98ad6/org.lz4_lz4-java-1.8.0.jar
[2025-10-09T02:00:20.241+0000] {subprocess.py:93} INFO - 25/10/09 02:00:20 INFO Executor: Adding file:/tmp/spark-33cfa0b2-7fb8-4210-926c-f1091b687970/userFiles-f55c6383-effb-447e-8fab-3122ffe98ad6/org.lz4_lz4-java-1.8.0.jar to class loader default
[2025-10-09T02:00:20.243+0000] {subprocess.py:93} INFO - 25/10/09 02:00:20 INFO Executor: Fetching spark://01b28d042a8a:33865/jars/org.apache.spark_spark-sql-kafka-0-10_2.12-3.5.1.jar with timestamp 1759975215874
[2025-10-09T02:00:20.244+0000] {subprocess.py:93} INFO - 25/10/09 02:00:20 INFO Utils: Fetching spark://01b28d042a8a:33865/jars/org.apache.spark_spark-sql-kafka-0-10_2.12-3.5.1.jar to /tmp/spark-33cfa0b2-7fb8-4210-926c-f1091b687970/userFiles-f55c6383-effb-447e-8fab-3122ffe98ad6/fetchFileTemp15473501937567215934.tmp
[2025-10-09T02:00:20.249+0000] {subprocess.py:93} INFO - 25/10/09 02:00:20 INFO Utils: /tmp/spark-33cfa0b2-7fb8-4210-926c-f1091b687970/userFiles-f55c6383-effb-447e-8fab-3122ffe98ad6/fetchFileTemp15473501937567215934.tmp has been previously copied to /tmp/spark-33cfa0b2-7fb8-4210-926c-f1091b687970/userFiles-f55c6383-effb-447e-8fab-3122ffe98ad6/org.apache.spark_spark-sql-kafka-0-10_2.12-3.5.1.jar
[2025-10-09T02:00:20.256+0000] {subprocess.py:93} INFO - 25/10/09 02:00:20 INFO Executor: Adding file:/tmp/spark-33cfa0b2-7fb8-4210-926c-f1091b687970/userFiles-f55c6383-effb-447e-8fab-3122ffe98ad6/org.apache.spark_spark-sql-kafka-0-10_2.12-3.5.1.jar to class loader default
[2025-10-09T02:00:20.258+0000] {subprocess.py:93} INFO - 25/10/09 02:00:20 INFO Executor: Fetching spark://01b28d042a8a:33865/jars/org.apache.hadoop_hadoop-client-api-3.3.4.jar with timestamp 1759975215874
[2025-10-09T02:00:20.262+0000] {subprocess.py:93} INFO - 25/10/09 02:00:20 INFO Utils: Fetching spark://01b28d042a8a:33865/jars/org.apache.hadoop_hadoop-client-api-3.3.4.jar to /tmp/spark-33cfa0b2-7fb8-4210-926c-f1091b687970/userFiles-f55c6383-effb-447e-8fab-3122ffe98ad6/fetchFileTemp9200169947231079640.tmp
[2025-10-09T02:00:20.454+0000] {subprocess.py:93} INFO - 25/10/09 02:00:20 INFO Utils: /tmp/spark-33cfa0b2-7fb8-4210-926c-f1091b687970/userFiles-f55c6383-effb-447e-8fab-3122ffe98ad6/fetchFileTemp9200169947231079640.tmp has been previously copied to /tmp/spark-33cfa0b2-7fb8-4210-926c-f1091b687970/userFiles-f55c6383-effb-447e-8fab-3122ffe98ad6/org.apache.hadoop_hadoop-client-api-3.3.4.jar
[2025-10-09T02:00:20.467+0000] {subprocess.py:93} INFO - 25/10/09 02:00:20 INFO Executor: Adding file:/tmp/spark-33cfa0b2-7fb8-4210-926c-f1091b687970/userFiles-f55c6383-effb-447e-8fab-3122ffe98ad6/org.apache.hadoop_hadoop-client-api-3.3.4.jar to class loader default
[2025-10-09T02:00:20.468+0000] {subprocess.py:93} INFO - 25/10/09 02:00:20 INFO Executor: Fetching spark://01b28d042a8a:33865/jars/com.google.code.findbugs_jsr305-3.0.0.jar with timestamp 1759975215874
[2025-10-09T02:00:20.469+0000] {subprocess.py:93} INFO - 25/10/09 02:00:20 INFO Utils: Fetching spark://01b28d042a8a:33865/jars/com.google.code.findbugs_jsr305-3.0.0.jar to /tmp/spark-33cfa0b2-7fb8-4210-926c-f1091b687970/userFiles-f55c6383-effb-447e-8fab-3122ffe98ad6/fetchFileTemp12181769686199124015.tmp
[2025-10-09T02:00:20.471+0000] {subprocess.py:93} INFO - 25/10/09 02:00:20 INFO Utils: /tmp/spark-33cfa0b2-7fb8-4210-926c-f1091b687970/userFiles-f55c6383-effb-447e-8fab-3122ffe98ad6/fetchFileTemp12181769686199124015.tmp has been previously copied to /tmp/spark-33cfa0b2-7fb8-4210-926c-f1091b687970/userFiles-f55c6383-effb-447e-8fab-3122ffe98ad6/com.google.code.findbugs_jsr305-3.0.0.jar
[2025-10-09T02:00:20.478+0000] {subprocess.py:93} INFO - 25/10/09 02:00:20 INFO Executor: Adding file:/tmp/spark-33cfa0b2-7fb8-4210-926c-f1091b687970/userFiles-f55c6383-effb-447e-8fab-3122ffe98ad6/com.google.code.findbugs_jsr305-3.0.0.jar to class loader default
[2025-10-09T02:00:20.496+0000] {subprocess.py:93} INFO - 25/10/09 02:00:20 INFO Utils: Successfully started service 'org.apache.spark.network.netty.NettyBlockTransferService' on port 44371.
[2025-10-09T02:00:20.498+0000] {subprocess.py:93} INFO - 25/10/09 02:00:20 INFO NettyBlockTransferService: Server created on 01b28d042a8a:44371
[2025-10-09T02:00:20.501+0000] {subprocess.py:93} INFO - 25/10/09 02:00:20 INFO BlockManager: Using org.apache.spark.storage.RandomBlockReplicationPolicy for block replication policy
[2025-10-09T02:00:20.518+0000] {subprocess.py:93} INFO - 25/10/09 02:00:20 INFO BlockManagerMaster: Registering BlockManager BlockManagerId(driver, 01b28d042a8a, 44371, None)
[2025-10-09T02:00:20.526+0000] {subprocess.py:93} INFO - 25/10/09 02:00:20 INFO BlockManagerMasterEndpoint: Registering block manager 01b28d042a8a:44371 with 434.4 MiB RAM, BlockManagerId(driver, 01b28d042a8a, 44371, None)
[2025-10-09T02:00:20.533+0000] {subprocess.py:93} INFO - 25/10/09 02:00:20 INFO BlockManagerMaster: Registered BlockManager BlockManagerId(driver, 01b28d042a8a, 44371, None)
[2025-10-09T02:00:20.536+0000] {subprocess.py:93} INFO - 25/10/09 02:00:20 INFO BlockManager: Initialized BlockManager: BlockManagerId(driver, 01b28d042a8a, 44371, None)
[2025-10-09T02:00:21.808+0000] {subprocess.py:93} INFO - 25/10/09 02:00:21 INFO SharedState: Setting hive.metastore.warehouse.dir ('null') to the value of spark.sql.warehouse.dir.
[2025-10-09T02:00:21.812+0000] {subprocess.py:93} INFO - 25/10/09 02:00:21 INFO SharedState: Warehouse path is 'file:/tmp/***tmp8m9zmrve/spark-warehouse'.
[2025-10-09T02:00:23.022+0000] {subprocess.py:93} INFO - Traceback (most recent call last):
[2025-10-09T02:00:23.023+0000] {subprocess.py:93} INFO -   File "/opt/***/dags/spark_streaming.py", line 34, in <module>
[2025-10-09T02:00:23.027+0000] {subprocess.py:93} INFO -     raw = spark.readStream.format("kafka").option(KAFKA_BOOTSTRAP) \
[2025-10-09T02:00:23.028+0000] {subprocess.py:93} INFO -           ^^^^^^^^^^^^^^^^^^^^^^^^^^^^^^^^^^^^^^^^^^^^^^^^^^^^^^^^
[2025-10-09T02:00:23.029+0000] {subprocess.py:93} INFO - TypeError: DataStreamReader.option() missing 1 required positional argument: 'value'
[2025-10-09T02:00:23.183+0000] {subprocess.py:93} INFO - 25/10/09 02:00:23 INFO SparkContext: Invoking stop() from shutdown hook
[2025-10-09T02:00:23.184+0000] {subprocess.py:93} INFO - 25/10/09 02:00:23 INFO SparkContext: SparkContext is stopping with exitCode 0.
[2025-10-09T02:00:23.202+0000] {subprocess.py:93} INFO - 25/10/09 02:00:23 INFO SparkUI: Stopped Spark web UI at http://01b28d042a8a:4040
[2025-10-09T02:00:23.218+0000] {subprocess.py:93} INFO - 25/10/09 02:00:23 INFO MapOutputTrackerMasterEndpoint: MapOutputTrackerMasterEndpoint stopped!
[2025-10-09T02:00:23.245+0000] {subprocess.py:93} INFO - 25/10/09 02:00:23 INFO MemoryStore: MemoryStore cleared
[2025-10-09T02:00:23.246+0000] {subprocess.py:93} INFO - 25/10/09 02:00:23 INFO BlockManager: BlockManager stopped
[2025-10-09T02:00:23.254+0000] {subprocess.py:93} INFO - 25/10/09 02:00:23 INFO BlockManagerMaster: BlockManagerMaster stopped
[2025-10-09T02:00:23.258+0000] {subprocess.py:93} INFO - 25/10/09 02:00:23 INFO OutputCommitCoordinator$OutputCommitCoordinatorEndpoint: OutputCommitCoordinator stopped!
[2025-10-09T02:00:23.288+0000] {subprocess.py:93} INFO - 25/10/09 02:00:23 INFO SparkContext: Successfully stopped SparkContext
[2025-10-09T02:00:23.289+0000] {subprocess.py:93} INFO - 25/10/09 02:00:23 INFO ShutdownHookManager: Shutdown hook called
[2025-10-09T02:00:23.289+0000] {subprocess.py:93} INFO - 25/10/09 02:00:23 INFO ShutdownHookManager: Deleting directory /tmp/spark-33cfa0b2-7fb8-4210-926c-f1091b687970
[2025-10-09T02:00:23.295+0000] {subprocess.py:93} INFO - 25/10/09 02:00:23 INFO ShutdownHookManager: Deleting directory /tmp/spark-33cfa0b2-7fb8-4210-926c-f1091b687970/pyspark-abbfe950-85bd-4699-ba04-09d6e68bcc7f
[2025-10-09T02:00:23.299+0000] {subprocess.py:93} INFO - 25/10/09 02:00:23 INFO ShutdownHookManager: Deleting directory /tmp/spark-76603eb1-374c-4a52-8fdc-ecc4beee0804
[2025-10-09T02:00:23.366+0000] {subprocess.py:97} INFO - Command exited with return code 1
[2025-10-09T02:00:23.367+0000] {taskinstance.py:441} INFO - ::group::Post task execution logs
[2025-10-09T02:00:23.386+0000] {taskinstance.py:2905} ERROR - Task failed with exception
Traceback (most recent call last):
  File "/home/airflow/.local/lib/python3.12/site-packages/airflow/models/taskinstance.py", line 465, in _execute_task
    result = _execute_callable(context=context, **execute_callable_kwargs)
             ^^^^^^^^^^^^^^^^^^^^^^^^^^^^^^^^^^^^^^^^^^^^^^^^^^^^^^^^^^^^^
  File "/home/airflow/.local/lib/python3.12/site-packages/airflow/models/taskinstance.py", line 432, in _execute_callable
    return execute_callable(context=context, **execute_callable_kwargs)
           ^^^^^^^^^^^^^^^^^^^^^^^^^^^^^^^^^^^^^^^^^^^^^^^^^^^^^^^^^^^^
  File "/home/airflow/.local/lib/python3.12/site-packages/airflow/models/baseoperator.py", line 401, in wrapper
    return func(self, *args, **kwargs)
           ^^^^^^^^^^^^^^^^^^^^^^^^^^^
  File "/home/airflow/.local/lib/python3.12/site-packages/airflow/operators/bash.py", line 243, in execute
    raise AirflowException(
airflow.exceptions.AirflowException: Bash command failed. The command returned a non-zero exit code 1.
[2025-10-09T02:00:23.397+0000] {taskinstance.py:1206} INFO - Marking task as UP_FOR_RETRY. dag_id=restaurant_analytics, task_id=run_spark_stream, run_id=scheduled__2025-10-09T01:00:00+00:00, execution_date=20251009T010000, start_date=20251009T020003, end_date=20251009T020023
[2025-10-09T02:00:23.425+0000] {warnings.py:112} WARNING - /home/***/.local/lib/python3.12/site-packages/***/utils/email.py:154: RemovedInAirflow3Warning: Fetching SMTP credentials from configuration variables will be deprecated in a future release. Please set credentials using a connection instead.
  send_mime_email(e_from=mail_from, e_to=recipients, mime_msg=msg, conn_id=conn_id, dryrun=dryrun)

[2025-10-09T02:00:23.426+0000] {configuration.py:1053} WARNING - section/key [smtp/smtp_user] not found in config
[2025-10-09T02:00:23.427+0000] {email.py:271} INFO - Email alerting: attempt 1
[2025-10-09T02:00:23.437+0000] {configuration.py:1053} WARNING - section/key [smtp/smtp_user] not found in config
[2025-10-09T02:00:23.438+0000] {email.py:271} INFO - Email alerting: attempt 1
[2025-10-09T02:00:23.439+0000] {taskinstance.py:879} ERROR - Failed to send email to: ['quantruong1918@gmail.com']
Traceback (most recent call last):
  File "/home/airflow/.local/lib/python3.12/site-packages/airflow/models/taskinstance.py", line 2479, in _run_raw_task
    self._execute_task_with_callbacks(context, test_mode, session=session)
  File "/home/airflow/.local/lib/python3.12/site-packages/airflow/models/taskinstance.py", line 2676, in _execute_task_with_callbacks
    result = self._execute_task(context, task_orig)
             ^^^^^^^^^^^^^^^^^^^^^^^^^^^^^^^^^^^^^^
  File "/home/airflow/.local/lib/python3.12/site-packages/airflow/models/taskinstance.py", line 2701, in _execute_task
    return _execute_task(self, context, task_orig)
           ^^^^^^^^^^^^^^^^^^^^^^^^^^^^^^^^^^^^^^^
  File "/home/airflow/.local/lib/python3.12/site-packages/airflow/models/taskinstance.py", line 465, in _execute_task
    result = _execute_callable(context=context, **execute_callable_kwargs)
             ^^^^^^^^^^^^^^^^^^^^^^^^^^^^^^^^^^^^^^^^^^^^^^^^^^^^^^^^^^^^^
  File "/home/airflow/.local/lib/python3.12/site-packages/airflow/models/taskinstance.py", line 432, in _execute_callable
    return execute_callable(context=context, **execute_callable_kwargs)
           ^^^^^^^^^^^^^^^^^^^^^^^^^^^^^^^^^^^^^^^^^^^^^^^^^^^^^^^^^^^^
  File "/home/airflow/.local/lib/python3.12/site-packages/airflow/models/baseoperator.py", line 401, in wrapper
    return func(self, *args, **kwargs)
           ^^^^^^^^^^^^^^^^^^^^^^^^^^^
  File "/home/airflow/.local/lib/python3.12/site-packages/airflow/operators/bash.py", line 243, in execute
    raise AirflowException(
airflow.exceptions.AirflowException: Bash command failed. The command returned a non-zero exit code 1.

During handling of the above exception, another exception occurred:

Traceback (most recent call last):
  File "/home/airflow/.local/lib/python3.12/site-packages/airflow/models/taskinstance.py", line 1063, in _email_alert
    send_email(task.email, subject, html_content)
  File "/home/airflow/.local/lib/python3.12/site-packages/airflow/utils/email.py", line 80, in send_email
    return backend(
           ^^^^^^^^
  File "/home/airflow/.local/lib/python3.12/site-packages/airflow/utils/email.py", line 154, in send_email_smtp
    send_mime_email(e_from=mail_from, e_to=recipients, mime_msg=msg, conn_id=conn_id, dryrun=dryrun)
  File "/home/airflow/.local/lib/python3.12/site-packages/airflow/utils/email.py", line 273, in send_mime_email
    smtp_conn = _get_smtp_connection(smtp_host, smtp_port, smtp_timeout, smtp_ssl)
                ^^^^^^^^^^^^^^^^^^^^^^^^^^^^^^^^^^^^^^^^^^^^^^^^^^^^^^^^^^^^^^^^^^
  File "/home/airflow/.local/lib/python3.12/site-packages/airflow/utils/email.py", line 317, in _get_smtp_connection
    return smtplib.SMTP(host=host, port=port, timeout=timeout)
           ^^^^^^^^^^^^^^^^^^^^^^^^^^^^^^^^^^^^^^^^^^^^^^^^^^^
  File "/usr/local/lib/python3.12/smtplib.py", line 255, in __init__
    (code, msg) = self.connect(host, port)
                  ^^^^^^^^^^^^^^^^^^^^^^^^
  File "/usr/local/lib/python3.12/smtplib.py", line 341, in connect
    self.sock = self._get_socket(host, port, self.timeout)
                ^^^^^^^^^^^^^^^^^^^^^^^^^^^^^^^^^^^^^^^^^^
  File "/usr/local/lib/python3.12/smtplib.py", line 312, in _get_socket
    return socket.create_connection((host, port), timeout,
           ^^^^^^^^^^^^^^^^^^^^^^^^^^^^^^^^^^^^^^^^^^^^^^^
  File "/usr/local/lib/python3.12/socket.py", line 853, in create_connection
    raise exceptions[0]
  File "/usr/local/lib/python3.12/socket.py", line 838, in create_connection
    sock.connect(sa)
ConnectionRefusedError: [Errno 111] Connection refused

During handling of the above exception, another exception occurred:

Traceback (most recent call last):
  File "/home/airflow/.local/lib/python3.12/site-packages/airflow/models/taskinstance.py", line 877, in _handle_failure
    task_instance.email_alert(error, failure_context["task"])
  File "/home/airflow/.local/lib/python3.12/site-packages/airflow/models/taskinstance.py", line 3163, in email_alert
    _email_alert(task_instance=self, exception=exception, task=task)
  File "/home/airflow/.local/lib/python3.12/site-packages/airflow/models/taskinstance.py", line 1065, in _email_alert
    send_email(task.email, subject, html_content_err)
  File "/home/airflow/.local/lib/python3.12/site-packages/airflow/utils/email.py", line 80, in send_email
    return backend(
           ^^^^^^^^
  File "/home/airflow/.local/lib/python3.12/site-packages/airflow/utils/email.py", line 154, in send_email_smtp
    send_mime_email(e_from=mail_from, e_to=recipients, mime_msg=msg, conn_id=conn_id, dryrun=dryrun)
  File "/home/airflow/.local/lib/python3.12/site-packages/airflow/utils/email.py", line 273, in send_mime_email
    smtp_conn = _get_smtp_connection(smtp_host, smtp_port, smtp_timeout, smtp_ssl)
                ^^^^^^^^^^^^^^^^^^^^^^^^^^^^^^^^^^^^^^^^^^^^^^^^^^^^^^^^^^^^^^^^^^
  File "/home/airflow/.local/lib/python3.12/site-packages/airflow/utils/email.py", line 317, in _get_smtp_connection
    return smtplib.SMTP(host=host, port=port, timeout=timeout)
           ^^^^^^^^^^^^^^^^^^^^^^^^^^^^^^^^^^^^^^^^^^^^^^^^^^^
  File "/usr/local/lib/python3.12/smtplib.py", line 255, in __init__
    (code, msg) = self.connect(host, port)
                  ^^^^^^^^^^^^^^^^^^^^^^^^
  File "/usr/local/lib/python3.12/smtplib.py", line 341, in connect
    self.sock = self._get_socket(host, port, self.timeout)
                ^^^^^^^^^^^^^^^^^^^^^^^^^^^^^^^^^^^^^^^^^^
  File "/usr/local/lib/python3.12/smtplib.py", line 312, in _get_socket
    return socket.create_connection((host, port), timeout,
           ^^^^^^^^^^^^^^^^^^^^^^^^^^^^^^^^^^^^^^^^^^^^^^^
  File "/usr/local/lib/python3.12/socket.py", line 853, in create_connection
    raise exceptions[0]
  File "/usr/local/lib/python3.12/socket.py", line 838, in create_connection
    sock.connect(sa)
ConnectionRefusedError: [Errno 111] Connection refused
[2025-10-09T02:00:23.465+0000] {standard_task_runner.py:110} ERROR - Failed to execute job 236 for task run_spark_stream (Bash command failed. The command returned a non-zero exit code 1.; 456)
[2025-10-09T02:00:23.492+0000] {local_task_job_runner.py:243} INFO - Task exited with return code 1
[2025-10-09T02:00:23.529+0000] {taskinstance.py:3503} INFO - 0 downstream tasks scheduled from follow-on schedule check
[2025-10-09T02:00:23.532+0000] {local_task_job_runner.py:222} INFO - ::endgroup::
